1531144646 INTERNAL *** MONITORD_STARTED ***
1530786831 INTERNAL *** DAGMAN_STARTED 773.0 ***
1530786835 create_dir_wrangling_0_local SUBMIT 774.0 local - 1
1530786840 create_dir_wrangling_0_local EXECUTE 774.0 local - 1
1530786840 create_dir_wrangling_0_local JOB_TERMINATED 774.0 local - 1
1530786840 create_dir_wrangling_0_local JOB_SUCCESS 0 local - 1
1530786840 create_dir_wrangling_0_local POST_SCRIPT_STARTED 774.0 local - 1
1530786846 create_dir_wrangling_0_local POST_SCRIPT_TERMINATED 774.0 local - 1
1530786846 create_dir_wrangling_0_local POST_SCRIPT_SUCCESS 0 local - 1
1530786851 svn0_ID0000000 SUBMIT 775.0 condorpool - 2
1530786861 svn0_ID0000000 EXECUTE 775.0 condorpool - 2
1530786881 svn0_ID0000000 SHADOW_EXCEPTION 775.0 condorpool - 2
1530786881 svn0_ID0000000 JOB_HELD 775.0 condorpool - 2
1530786881 svn0_ID0000000 JOB_HELD_REASON 775.0 condorpool - 2
1530789141 svn0_ID0000000 JOB_ABORTED 775.0 condorpool - 2
1530789141 svn0_ID0000000 POST_SCRIPT_STARTED 775.0 condorpool - 2
1530789146 svn0_ID0000000 POST_SCRIPT_TERMINATED 775.0 condorpool - 2
1530789146 svn0_ID0000000 POST_SCRIPT_FAILURE 1 condorpool - 2
1530789151 svn0_ID0000000 SUBMIT 814.0 condorpool - 3
1530789156 svn0_ID0000000 EXECUTE 814.0 condorpool - 3
1530789156 svn0_ID0000000 SHADOW_EXCEPTION 814.0 condorpool - 3
1530789156 svn0_ID0000000 JOB_HELD 814.0 condorpool - 3
1530789156 svn0_ID0000000 JOB_HELD_REASON 814.0 condorpool - 3
1530789320 INTERNAL *** DAGMAN_FINISHED 3 ***
1531144645 INTERNAL *** DAGMAN_STARTED 773.0 ***
1531144648 INTERNAL *** MONITORD_FINISHED 0 ***
1531144690 INTERNAL *** MONITORD_STARTED ***
1531144944 INTERNAL *** DAGMAN_FINISHED 1 ***
1531144946 INTERNAL *** MONITORD_FINISHED 0 ***
