000 (715.000.000) 07/02 20:03:01 Job submitted from host: <127.0.0.1:22062?addrs=127.0.0.1-22062>
    DAG Node: create_dir_wrangling_0_local
    pool:local
...
001 (715.000.000) 07/02 20:03:01 Job executing on host: <127.0.0.1:7522?addrs=127.0.0.1-7522>
...
005 (715.000.000) 07/02 20:03:03 Job terminated.
	(1) Normal termination (return value 0)
		Usr 0 00:00:00, Sys 0 00:00:00  -  Run Remote Usage
		Usr 0 00:00:00, Sys 0 00:00:00  -  Run Local Usage
		Usr 0 00:00:00, Sys 0 00:00:00  -  Total Remote Usage
		Usr 0 00:00:00, Sys 0 00:00:00  -  Total Local Usage
	0  -  Run Bytes Sent By Job
	0  -  Run Bytes Received By Job
	0  -  Total Bytes Sent By Job
	0  -  Total Bytes Received By Job
...
000 (716.000.000) 07/02 20:03:16 Job submitted from host: <127.0.0.1:22062?addrs=127.0.0.1-22062>
    DAG Node: svn0_ID0000000
    pool:condorpool
...
001 (716.000.000) 07/02 20:03:17 Job executing on host: <127.0.0.1:26863?addrs=127.0.0.1-26863>
...
006 (716.000.000) 07/02 20:03:19 Image size of job updated: 2
	0  -  MemoryUsage of job (MB)
	0  -  ResidentSetSize of job (KB)
...
005 (716.000.000) 07/02 20:03:19 Job terminated.
	(1) Normal termination (return value 0)
		Usr 0 00:00:00, Sys 0 00:00:00  -  Run Remote Usage
		Usr 0 00:00:00, Sys 0 00:00:00  -  Run Local Usage
		Usr 0 00:00:00, Sys 0 00:00:00  -  Total Remote Usage
		Usr 0 00:00:00, Sys 0 00:00:00  -  Total Local Usage
	463340  -  Run Bytes Sent By Job
	10854752  -  Run Bytes Received By Job
	463340  -  Total Bytes Sent By Job
	10854752  -  Total Bytes Received By Job
	Partitionable Resources :    Usage  Request Allocated
	   Cpus                 :                 1         1
	   Disk (KB)            :    46711    12500   6353091
	   Memory (MB)          :        0        1       982
...
000 (717.000.000) 07/02 20:03:32 Job submitted from host: <127.0.0.1:22062?addrs=127.0.0.1-22062>
    DAG Node: filter1_ID0000002
    pool:condorpool
...
000 (718.000.000) 07/02 20:03:32 Job submitted from host: <127.0.0.1:22062?addrs=127.0.0.1-22062>
    DAG Node: stage_out_local_local_0_0
    pool:local
...
001 (717.000.000) 07/02 20:03:32 Job executing on host: <127.0.0.1:26863?addrs=127.0.0.1-26863>
...
001 (718.000.000) 07/02 20:03:32 Job executing on host: <127.0.0.1:43868?addrs=127.0.0.1-43868>
...
000 (719.000.000) 07/02 20:03:32 Job submitted from host: <127.0.0.1:22062?addrs=127.0.0.1-22062>
    DAG Node: filter1_ID0000001
    pool:condorpool
...
006 (717.000.000) 07/02 20:03:33 Image size of job updated: 18356
	0  -  MemoryUsage of job (MB)
	0  -  ResidentSetSize of job (KB)
...
005 (717.000.000) 07/02 20:03:33 Job terminated.
	(1) Normal termination (return value 0)
		Usr 0 00:00:00, Sys 0 00:00:00  -  Run Remote Usage
		Usr 0 00:00:00, Sys 0 00:00:00  -  Run Local Usage
		Usr 0 00:00:00, Sys 0 00:00:00  -  Total Remote Usage
		Usr 0 00:00:00, Sys 0 00:00:00  -  Total Local Usage
	119733  -  Run Bytes Sent By Job
	11012849  -  Run Bytes Received By Job
	119733  -  Total Bytes Sent By Job
	11012849  -  Total Bytes Received By Job
	Partitionable Resources :    Usage  Request Allocated
	   Cpus                 :                 1         1
	   Disk (KB)            :    45601    12500   6353091
	   Memory (MB)          :        0        1       982
...
001 (719.000.000) 07/02 20:03:34 Job executing on host: <127.0.0.1:26863?addrs=127.0.0.1-26863>
...
006 (719.000.000) 07/02 20:03:34 Image size of job updated: 2
	0  -  MemoryUsage of job (MB)
	0  -  ResidentSetSize of job (KB)
...
005 (719.000.000) 07/02 20:03:35 Job terminated.
	(1) Normal termination (return value 0)
		Usr 0 00:00:00, Sys 0 00:00:00  -  Run Remote Usage
		Usr 0 00:00:00, Sys 0 00:00:00  -  Run Local Usage
		Usr 0 00:00:00, Sys 0 00:00:00  -  Total Remote Usage
		Usr 0 00:00:00, Sys 0 00:00:00  -  Total Local Usage
	168251  -  Run Bytes Sent By Job
	11154213  -  Run Bytes Received By Job
	168251  -  Total Bytes Sent By Job
	11154213  -  Total Bytes Received By Job
	Partitionable Resources :    Usage  Request Allocated
	   Cpus                 :                 1         1
	   Disk (KB)            :    45786    12500   6353091
	   Memory (MB)          :        0        1       982
...
005 (718.000.000) 07/02 20:03:36 Job terminated.
	(1) Normal termination (return value 0)
		Usr 0 00:00:00, Sys 0 00:00:00  -  Run Remote Usage
		Usr 0 00:00:00, Sys 0 00:00:00  -  Run Local Usage
		Usr 0 00:00:00, Sys 0 00:00:00  -  Total Remote Usage
		Usr 0 00:00:00, Sys 0 00:00:00  -  Total Local Usage
	0  -  Run Bytes Sent By Job
	0  -  Run Bytes Received By Job
	0  -  Total Bytes Sent By Job
	0  -  Total Bytes Received By Job
...
000 (720.000.000) 07/02 20:03:47 Job submitted from host: <127.0.0.1:22062?addrs=127.0.0.1-22062>
    DAG Node: separate2_ID0000004
    pool:condorpool
...
000 (721.000.000) 07/02 20:03:47 Job submitted from host: <127.0.0.1:22062?addrs=127.0.0.1-22062>
    DAG Node: separate2_ID0000003
    pool:condorpool
...
001 (720.000.000) 07/02 20:03:47 Job executing on host: <127.0.0.1:26863?addrs=127.0.0.1-26863>
...
000 (722.000.000) 07/02 20:03:47 Job submitted from host: <127.0.0.1:22062?addrs=127.0.0.1-22062>
    DAG Node: register_local_0_0
    pool:local
...
001 (722.000.000) 07/02 20:03:47 Job executing on host: <127.0.0.1:34341?addrs=127.0.0.1-34341>
...
005 (722.000.000) 07/02 20:03:48 Job terminated.
	(1) Normal termination (return value 0)
		Usr 0 00:00:00, Sys 0 00:00:00  -  Run Remote Usage
		Usr 0 00:00:00, Sys 0 00:00:00  -  Run Local Usage
		Usr 0 00:00:00, Sys 0 00:00:00  -  Total Remote Usage
		Usr 0 00:00:00, Sys 0 00:00:00  -  Total Local Usage
	0  -  Run Bytes Sent By Job
	0  -  Run Bytes Received By Job
	0  -  Total Bytes Sent By Job
	0  -  Total Bytes Received By Job
...
006 (720.000.000) 07/02 20:03:48 Image size of job updated: 135808
	0  -  MemoryUsage of job (MB)
	0  -  ResidentSetSize of job (KB)
...
005 (720.000.000) 07/02 20:03:48 Job terminated.
	(1) Normal termination (return value 0)
		Usr 0 00:00:00, Sys 0 00:00:00  -  Run Remote Usage
		Usr 0 00:00:00, Sys 0 00:00:00  -  Run Local Usage
		Usr 0 00:00:00, Sys 0 00:00:00  -  Total Remote Usage
		Usr 0 00:00:00, Sys 0 00:00:00  -  Total Local Usage
	128118  -  Run Bytes Sent By Job
	10968849  -  Run Bytes Received By Job
	128118  -  Total Bytes Sent By Job
	10968849  -  Total Bytes Received By Job
	Partitionable Resources :    Usage  Request Allocated
	   Cpus                 :                 1         1
	   Disk (KB)            :    45566    12500   6353091
	   Memory (MB)          :        0        1       982
...
001 (721.000.000) 07/02 20:03:49 Job executing on host: <127.0.0.1:26863?addrs=127.0.0.1-26863>
...
006 (721.000.000) 07/02 20:03:50 Image size of job updated: 2
	0  -  MemoryUsage of job (MB)
	0  -  ResidentSetSize of job (KB)
...
005 (721.000.000) 07/02 20:03:50 Job terminated.
	(1) Normal termination (return value 0)
		Usr 0 00:00:00, Sys 0 00:00:00  -  Run Remote Usage
		Usr 0 00:00:00, Sys 0 00:00:00  -  Run Local Usage
		Usr 0 00:00:00, Sys 0 00:00:00  -  Total Remote Usage
		Usr 0 00:00:00, Sys 0 00:00:00  -  Total Local Usage
	181343  -  Run Bytes Sent By Job
	11017377  -  Run Bytes Received By Job
	181343  -  Total Bytes Sent By Job
	11017377  -  Total Bytes Received By Job
	Partitionable Resources :    Usage  Request Allocated
	   Cpus                 :                 1         1
	   Disk (KB)            :    45665    12500   6353091
	   Memory (MB)          :        0        1       982
...
000 (723.000.000) 07/02 20:04:02 Job submitted from host: <127.0.0.1:22062?addrs=127.0.0.1-22062>
    DAG Node: separate3_ID0000005
    pool:condorpool
...
000 (724.000.000) 07/02 20:04:02 Job submitted from host: <127.0.0.1:22062?addrs=127.0.0.1-22062>
    DAG Node: separate3_ID0000006
    pool:condorpool
...
001 (723.000.000) 07/02 20:04:03 Job executing on host: <127.0.0.1:26863?addrs=127.0.0.1-26863>
...
006 (723.000.000) 07/02 20:04:03 Image size of job updated: 2
	0  -  MemoryUsage of job (MB)
	0  -  ResidentSetSize of job (KB)
...
005 (723.000.000) 07/02 20:04:03 Job terminated.
	(1) Normal termination (return value 0)
		Usr 0 00:00:00, Sys 0 00:00:00  -  Run Remote Usage
		Usr 0 00:00:00, Sys 0 00:00:00  -  Run Local Usage
		Usr 0 00:00:00, Sys 0 00:00:00  -  Total Remote Usage
		Usr 0 00:00:00, Sys 0 00:00:00  -  Total Local Usage
	198537  -  Run Bytes Sent By Job
	11030392  -  Run Bytes Received By Job
	198537  -  Total Bytes Sent By Job
	11030392  -  Total Bytes Received By Job
	Partitionable Resources :    Usage  Request Allocated
	   Cpus                 :                 1         1
	   Disk (KB)            :    45695    12500   6353091
	   Memory (MB)          :        0        1       982
...
001 (724.000.000) 07/02 20:04:05 Job executing on host: <127.0.0.1:26863?addrs=127.0.0.1-26863>
...
006 (724.000.000) 07/02 20:04:05 Image size of job updated: 2
	0  -  MemoryUsage of job (MB)
	0  -  ResidentSetSize of job (KB)
...
005 (724.000.000) 07/02 20:04:05 Job terminated.
	(1) Normal termination (return value 0)
		Usr 0 00:00:00, Sys 0 00:00:00  -  Run Remote Usage
		Usr 0 00:00:00, Sys 0 00:00:00  -  Run Local Usage
		Usr 0 00:00:00, Sys 0 00:00:00  -  Total Remote Usage
		Usr 0 00:00:00, Sys 0 00:00:00  -  Total Local Usage
	139185  -  Run Bytes Sent By Job
	10977160  -  Run Bytes Received By Job
	139185  -  Total Bytes Sent By Job
	10977160  -  Total Bytes Received By Job
	Partitionable Resources :    Usage  Request Allocated
	   Cpus                 :                 1         1
	   Disk (KB)            :    45585    12500   6353091
	   Memory (MB)          :        0        1       982
...
000 (725.000.000) 07/02 20:04:18 Job submitted from host: <127.0.0.1:22062?addrs=127.0.0.1-22062>
    DAG Node: filter4_ID0000007
    pool:condorpool
...
000 (726.000.000) 07/02 20:04:18 Job submitted from host: <127.0.0.1:22062?addrs=127.0.0.1-22062>
    DAG Node: filter4_ID0000008
    pool:condorpool
...
001 (725.000.000) 07/02 20:04:18 Job executing on host: <127.0.0.1:26863?addrs=127.0.0.1-26863>
...
006 (725.000.000) 07/02 20:04:19 Image size of job updated: 2
	0  -  MemoryUsage of job (MB)
	0  -  ResidentSetSize of job (KB)
...
005 (725.000.000) 07/02 20:04:19 Job terminated.
	(1) Normal termination (return value 0)
		Usr 0 00:00:00, Sys 0 00:00:00  -  Run Remote Usage
		Usr 0 00:00:00, Sys 0 00:00:00  -  Run Local Usage
		Usr 0 00:00:00, Sys 0 00:00:00  -  Total Remote Usage
		Usr 0 00:00:00, Sys 0 00:00:00  -  Total Local Usage
	32238  -  Run Bytes Sent By Job
	11047445  -  Run Bytes Received By Job
	32238  -  Total Bytes Sent By Job
	11047445  -  Total Bytes Received By Job
	Partitionable Resources :    Usage  Request Allocated
	   Cpus                 :                 1         1
	   Disk (KB)            :    45549    12500   6353091
	   Memory (MB)          :        0        1       982
...
001 (726.000.000) 07/02 20:04:20 Job executing on host: <127.0.0.1:26863?addrs=127.0.0.1-26863>
...
006 (726.000.000) 07/02 20:04:21 Image size of job updated: 2
	0  -  MemoryUsage of job (MB)
	0  -  ResidentSetSize of job (KB)
...
005 (726.000.000) 07/02 20:04:21 Job terminated.
	(1) Normal termination (return value 0)
		Usr 0 00:00:00, Sys 0 00:00:00  -  Run Remote Usage
		Usr 0 00:00:00, Sys 0 00:00:00  -  Run Local Usage
		Usr 0 00:00:00, Sys 0 00:00:00  -  Total Remote Usage
		Usr 0 00:00:00, Sys 0 00:00:00  -  Total Local Usage
	24044  -  Run Bytes Sent By Job
	10988165  -  Run Bytes Received By Job
	24044  -  Total Bytes Sent By Job
	10988165  -  Total Bytes Received By Job
	Partitionable Resources :    Usage  Request Allocated
	   Cpus                 :                 1         1
	   Disk (KB)            :    45483    12500   6353091
	   Memory (MB)          :        0        1       982
...
000 (727.000.000) 07/02 20:04:33 Job submitted from host: <127.0.0.1:22062?addrs=127.0.0.1-22062>
    DAG Node: filter5_ID0000009
    pool:condorpool
...
000 (728.000.000) 07/02 20:04:33 Job submitted from host: <127.0.0.1:22062?addrs=127.0.0.1-22062>
    DAG Node: filter5_ID0000010
    pool:condorpool
...
001 (727.000.000) 07/02 20:04:33 Job executing on host: <127.0.0.1:26863?addrs=127.0.0.1-26863>
...
006 (727.000.000) 07/02 20:04:34 Image size of job updated: 2
	0  -  MemoryUsage of job (MB)
	0  -  ResidentSetSize of job (KB)
...
005 (727.000.000) 07/02 20:04:34 Job terminated.
	(1) Normal termination (return value 0)
		Usr 0 00:00:00, Sys 0 00:00:00  -  Run Remote Usage
		Usr 0 00:00:00, Sys 0 00:00:00  -  Run Local Usage
		Usr 0 00:00:00, Sys 0 00:00:00  -  Total Remote Usage
		Usr 0 00:00:00, Sys 0 00:00:00  -  Total Local Usage
	8138  -  Run Bytes Sent By Job
	10881385  -  Run Bytes Received By Job
	8138  -  Total Bytes Sent By Job
	10881385  -  Total Bytes Received By Job
	Partitionable Resources :    Usage  Request Allocated
	   Cpus                 :                 1         1
	   Disk (KB)            :    45363    12500   6353091
	   Memory (MB)          :        0        1       982
...
001 (728.000.000) 07/02 20:04:35 Job executing on host: <127.0.0.1:26863?addrs=127.0.0.1-26863>
...
006 (728.000.000) 07/02 20:04:36 Image size of job updated: 2
	0  -  MemoryUsage of job (MB)
	0  -  ResidentSetSize of job (KB)
...
005 (728.000.000) 07/02 20:04:36 Job terminated.
	(1) Normal termination (return value 0)
		Usr 0 00:00:00, Sys 0 00:00:00  -  Run Remote Usage
		Usr 0 00:00:00, Sys 0 00:00:00  -  Run Local Usage
		Usr 0 00:00:00, Sys 0 00:00:00  -  Total Remote Usage
		Usr 0 00:00:00, Sys 0 00:00:00  -  Total Local Usage
	7425  -  Run Bytes Sent By Job
	10873184  -  Run Bytes Received By Job
	7425  -  Total Bytes Sent By Job
	10873184  -  Total Bytes Received By Job
	Partitionable Resources :    Usage  Request Allocated
	   Cpus                 :                 1         1
	   Disk (KB)            :    45355    12500   6353091
	   Memory (MB)          :        0        1       982
...
000 (729.000.000) 07/02 20:04:48 Job submitted from host: <127.0.0.1:22062?addrs=127.0.0.1-22062>
    DAG Node: union6_ID0000011
    pool:condorpool
...
001 (729.000.000) 07/02 20:04:49 Job executing on host: <127.0.0.1:26863?addrs=127.0.0.1-26863>
...
006 (729.000.000) 07/02 20:04:49 Image size of job updated: 2
	0  -  MemoryUsage of job (MB)
	0  -  ResidentSetSize of job (KB)
...
005 (729.000.000) 07/02 20:04:49 Job terminated.
	(1) Normal termination (return value 0)
		Usr 0 00:00:00, Sys 0 00:00:00  -  Run Remote Usage
		Usr 0 00:00:00, Sys 0 00:00:00  -  Run Local Usage
		Usr 0 00:00:00, Sys 0 00:00:00  -  Total Remote Usage
		Usr 0 00:00:00, Sys 0 00:00:00  -  Total Local Usage
	9708  -  Run Bytes Sent By Job
	10859124  -  Run Bytes Received By Job
	9708  -  Total Bytes Sent By Job
	10859124  -  Total Bytes Received By Job
	Partitionable Resources :    Usage  Request Allocated
	   Cpus                 :                 1         1
	   Disk (KB)            :    45343    12500   6353091
	   Memory (MB)          :        0        1       982
...
000 (730.000.000) 07/02 20:05:03 Job submitted from host: <127.0.0.1:22062?addrs=127.0.0.1-22062>
    DAG Node: stage_out_local_local_6_0
    pool:local
...
000 (731.000.000) 07/02 20:05:03 Job submitted from host: <127.0.0.1:22062?addrs=127.0.0.1-22062>
    DAG Node: mutate_ID0000012
    pool:condorpool
...
001 (730.000.000) 07/02 20:05:03 Job executing on host: <127.0.0.1:60342?addrs=127.0.0.1-60342>
...
001 (731.000.000) 07/02 20:05:03 Job executing on host: <127.0.0.1:26863?addrs=127.0.0.1-26863>
...
006 (731.000.000) 07/02 20:05:04 Image size of job updated: 2
	0  -  MemoryUsage of job (MB)
	0  -  ResidentSetSize of job (KB)
...
005 (731.000.000) 07/02 20:05:04 Job terminated.
	(1) Normal termination (return value 0)
		Usr 0 00:00:00, Sys 0 00:00:00  -  Run Remote Usage
		Usr 0 00:00:00, Sys 0 00:00:00  -  Run Local Usage
		Usr 0 00:00:00, Sys 0 00:00:00  -  Total Remote Usage
		Usr 0 00:00:00, Sys 0 00:00:00  -  Total Local Usage
	10484  -  Run Bytes Sent By Job
	10858964  -  Run Bytes Received By Job
	10484  -  Total Bytes Sent By Job
	10858964  -  Total Bytes Received By Job
	Partitionable Resources :    Usage  Request Allocated
	   Cpus                 :                 1         1
	   Disk (KB)            :    45344    12500   6353091
	   Memory (MB)          :        0        1       982
...
005 (730.000.000) 07/02 20:05:05 Job terminated.
	(1) Normal termination (return value 0)
		Usr 0 00:00:00, Sys 0 00:00:00  -  Run Remote Usage
		Usr 0 00:00:00, Sys 0 00:00:00  -  Run Local Usage
		Usr 0 00:00:00, Sys 0 00:00:00  -  Total Remote Usage
		Usr 0 00:00:00, Sys 0 00:00:00  -  Total Local Usage
	0  -  Run Bytes Sent By Job
	0  -  Run Bytes Received By Job
	0  -  Total Bytes Sent By Job
	0  -  Total Bytes Received By Job
...
000 (732.000.000) 07/02 20:05:18 Job submitted from host: <127.0.0.1:22062?addrs=127.0.0.1-22062>
    DAG Node: stage_out_local_local_7_0
    pool:local
...
001 (732.000.000) 07/02 20:05:18 Job executing on host: <127.0.0.1:63460?addrs=127.0.0.1-63460>
...
005 (732.000.000) 07/02 20:05:20 Job terminated.
	(1) Normal termination (return value 0)
		Usr 0 00:00:00, Sys 0 00:00:00  -  Run Remote Usage
		Usr 0 00:00:00, Sys 0 00:00:00  -  Run Local Usage
		Usr 0 00:00:00, Sys 0 00:00:00  -  Total Remote Usage
		Usr 0 00:00:00, Sys 0 00:00:00  -  Total Local Usage
	0  -  Run Bytes Sent By Job
	0  -  Run Bytes Received By Job
	0  -  Total Bytes Sent By Job
	0  -  Total Bytes Received By Job
...
000 (733.000.000) 07/02 20:05:33 Job submitted from host: <127.0.0.1:22062?addrs=127.0.0.1-22062>
    DAG Node: cleanup_wrangling_0_local
    pool:local
...
001 (733.000.000) 07/02 20:05:33 Job executing on host: <127.0.0.1:10250?addrs=127.0.0.1-10250>
...
005 (733.000.000) 07/02 20:05:36 Job terminated.
	(1) Normal termination (return value 0)
		Usr 0 00:00:00, Sys 0 00:00:00  -  Run Remote Usage
		Usr 0 00:00:00, Sys 0 00:00:00  -  Run Local Usage
		Usr 0 00:00:00, Sys 0 00:00:00  -  Total Remote Usage
		Usr 0 00:00:00, Sys 0 00:00:00  -  Total Local Usage
	0  -  Run Bytes Sent By Job
	0  -  Run Bytes Received By Job
	0  -  Total Bytes Sent By Job
	0  -  Total Bytes Received By Job
...
