07/02/18 20:02:57 ******************************************************
07/02/18 20:02:57 ** condor_scheduniv_exec.714.0 (CONDOR_DAGMAN) STARTING UP
07/02/18 20:02:57 ** /usr/bin/condor_dagman
07/02/18 20:02:57 ** SubsystemInfo: name=DAGMAN type=DAGMAN(10) class=DAEMON(1)
07/02/18 20:02:57 ** Configuration: subsystem:DAGMAN local:<NONE> class:DAEMON
07/02/18 20:02:57 ** $CondorVersion: 8.4.2 Feb 22 2016 BuildID: Debian-8.4.2~dfsg.1-1build1 Debian-8.4.2~dfsg.1-1build1 $
07/02/18 20:02:57 ** $CondorPlatform: X86_64-Ubuntu_ $
07/02/18 20:02:57 ** PID = 18537
07/02/18 20:02:57 ** Log last touched time unavailable (No such file or directory)
07/02/18 20:02:57 ******************************************************
07/02/18 20:02:57 Using config source: /etc/condor/condor_config
07/02/18 20:02:57 Using local config sources: 
07/02/18 20:02:57    /etc/condor/config.d/00debconf
07/02/18 20:02:57    /etc/condor/condor_config.local
07/02/18 20:02:57 config Macros = 69, Sorted = 69, StringBytes = 2035, TablesBytes = 2540
07/02/18 20:02:57 CLASSAD_CACHING is ENABLED
07/02/18 20:02:57 Daemon Log is logging: D_ALWAYS D_ERROR
07/02/18 20:02:57 DaemonCore: No command port requested.
07/02/18 20:02:57 DAGMAN_USE_STRICT setting: 1
07/02/18 20:02:57 DAGMAN_VERBOSITY setting: 3
07/02/18 20:02:57 DAGMAN_DEBUG_CACHE_SIZE setting: 5242880
07/02/18 20:02:57 DAGMAN_DEBUG_CACHE_ENABLE setting: False
07/02/18 20:02:57 DAGMAN_SUBMIT_DELAY setting: 0
07/02/18 20:02:57 DAGMAN_MAX_SUBMIT_ATTEMPTS setting: 6
07/02/18 20:02:57 DAGMAN_STARTUP_CYCLE_DETECT setting: False
07/02/18 20:02:57 DAGMAN_MAX_SUBMITS_PER_INTERVAL setting: 5
07/02/18 20:02:57 DAGMAN_USER_LOG_SCAN_INTERVAL setting: 5
07/02/18 20:02:57 DAGMAN_DEFAULT_PRIORITY setting: 0
07/02/18 20:02:57 DAGMAN_SUPPRESS_NOTIFICATION setting: True
07/02/18 20:02:57 allow_events (DAGMAN_ALLOW_EVENTS) setting: 114
07/02/18 20:02:57 DAGMAN_RETRY_SUBMIT_FIRST setting: True
07/02/18 20:02:57 DAGMAN_RETRY_NODE_FIRST setting: False
07/02/18 20:02:57 DAGMAN_MAX_JOBS_IDLE setting: 1000
07/02/18 20:02:57 DAGMAN_MAX_JOBS_SUBMITTED setting: 0
07/02/18 20:02:57 DAGMAN_MAX_PRE_SCRIPTS setting: 20
07/02/18 20:02:57 DAGMAN_MAX_POST_SCRIPTS setting: 20
07/02/18 20:02:57 DAGMAN_ALLOW_LOG_ERROR setting: False
07/02/18 20:02:57 DAGMAN_MUNGE_NODE_NAMES setting: True
07/02/18 20:02:57 DAGMAN_PROHIBIT_MULTI_JOBS setting: False
07/02/18 20:02:57 DAGMAN_SUBMIT_DEPTH_FIRST setting: False
07/02/18 20:02:57 DAGMAN_ALWAYS_RUN_POST setting: True
07/02/18 20:02:57 DAGMAN_ABORT_DUPLICATES setting: True
07/02/18 20:02:57 DAGMAN_ABORT_ON_SCARY_SUBMIT setting: True
07/02/18 20:02:57 DAGMAN_PENDING_REPORT_INTERVAL setting: 600
07/02/18 20:02:57 DAGMAN_AUTO_RESCUE setting: True
07/02/18 20:02:57 DAGMAN_MAX_RESCUE_NUM setting: 100
07/02/18 20:02:57 DAGMAN_WRITE_PARTIAL_RESCUE setting: True
07/02/18 20:02:57 DAGMAN_DEFAULT_NODE_LOG setting: @(DAG_DIR)/@(DAG_FILE).nodes.log
07/02/18 20:02:57 DAGMAN_GENERATE_SUBDAG_SUBMITS setting: True
07/02/18 20:02:57 DAGMAN_MAX_JOB_HOLDS setting: 100
07/02/18 20:02:57 DAGMAN_HOLD_CLAIM_TIME setting: 20
07/02/18 20:02:57 ALL_DEBUG setting: 
07/02/18 20:02:57 DAGMAN_DEBUG setting: 
07/02/18 20:02:57 DAGMAN_SUPPRESS_JOB_LOGS setting: False
07/02/18 20:02:57 argv[0] == "condor_scheduniv_exec.714.0"
07/02/18 20:02:57 argv[1] == "-Lockfile"
07/02/18 20:02:57 argv[2] == "wrangling-0.dag.lock"
07/02/18 20:02:57 argv[3] == "-AutoRescue"
07/02/18 20:02:57 argv[4] == "1"
07/02/18 20:02:57 argv[5] == "-DoRescueFrom"
07/02/18 20:02:57 argv[6] == "0"
07/02/18 20:02:57 argv[7] == "-Dag"
07/02/18 20:02:57 argv[8] == "wrangling-0.dag"
07/02/18 20:02:57 argv[9] == "-MaxPost"
07/02/18 20:02:57 argv[10] == "20"
07/02/18 20:02:57 argv[11] == "-Suppress_notification"
07/02/18 20:02:57 argv[12] == "-CsdVersion"
07/02/18 20:02:57 argv[13] == "$CondorVersion: 8.4.2 Feb 22 2016 BuildID: Debian-8.4.2~dfsg.1-1build1 Debian-8.4.2~dfsg.1-1build1 $"
07/02/18 20:02:57 argv[14] == "-Dagman"
07/02/18 20:02:57 argv[15] == "/usr/bin/condor_dagman"
07/02/18 20:02:57 Warning: failed to get attribute DAGNodeName
07/02/18 20:02:57 Default node log file is: </home/qh/wranglingWF/submit/qh/pegasus/wrangling/run0001/./wrangling-0.dag.nodes.log>
07/02/18 20:02:57 DAG Lockfile will be written to wrangling-0.dag.lock
07/02/18 20:02:57 DAG Input file is wrangling-0.dag
07/02/18 20:02:57 Parsing 1 dagfiles
07/02/18 20:02:57 Parsing wrangling-0.dag ...
07/02/18 20:02:57 Warning: category registration has no throttle value set
07/02/18 20:02:57 Warning: category stagein has no assigned nodes, so the throttle setting (10) will have no effect
07/02/18 20:02:57 Warning: category cleanup has no assigned nodes, so the throttle setting (4) will have no effect
07/02/18 20:02:57 Dag contains 19 total jobs
07/02/18 20:02:57 Sleeping for 3 seconds to ensure ProcessId uniqueness
07/02/18 20:03:00 Bootstrapping...
07/02/18 20:03:00 Number of pre-completed nodes: 0
07/02/18 20:03:00 MultiLogFiles: truncating log file /home/qh/wranglingWF/submit/qh/pegasus/wrangling/run0001/./wrangling-0.dag.nodes.log
07/02/18 20:03:00 DAG status: 0 (DAG_STATUS_OK)
07/02/18 20:03:00 Of 19 nodes total:
07/02/18 20:03:00  Done     Pre   Queued    Post   Ready   Un-Ready   Failed
07/02/18 20:03:00   ===     ===      ===     ===     ===        ===      ===
07/02/18 20:03:00     0       0        0       0       1         18        0
07/02/18 20:03:00 0 job proc(s) currently held
07/02/18 20:03:00 Registering condor_event_timer...
07/02/18 20:03:01 Submitting Condor Node create_dir_wrangling_0_local job(s)...
07/02/18 20:03:01 Adding a DAGMan workflow log /home/qh/wranglingWF/submit/qh/pegasus/wrangling/run0001/./wrangling-0.dag.nodes.log
07/02/18 20:03:01 Masking the events recorded in the DAGMAN workflow log
07/02/18 20:03:01 Mask for workflow log is 0,1,2,4,5,7,9,10,11,12,13,16,17,24,27
07/02/18 20:03:01 submitting: /usr/bin/condor_submit -a dag_node_name' '=' 'create_dir_wrangling_0_local -a +DAGManJobId' '=' '714 -a DAGManJobId' '=' '714 -a submit_event_notes' '=' 'DAG' 'Node:' 'create_dir_wrangling_0_local -a dagman_log' '=' '/home/qh/wranglingWF/submit/qh/pegasus/wrangling/run0001/./wrangling-0.dag.nodes.log -a +DAGManNodesMask' '=' '"0,1,2,4,5,7,9,10,11,12,13,16,17,24,27" -a +DAGNodeRetry' '=' '0 -a DAG_STATUS' '=' '0 -a FAILED_COUNT' '=' '0 -a +DAGParentNodeNames' '=' '"" -a +KeepClaimIdle' '=' '20 -a notification' '=' 'never 00/00/create_dir_wrangling_0_local.sub
07/02/18 20:03:01 From submit: Submitting job(s).
07/02/18 20:03:01 From submit: 1 job(s) submitted to cluster 715.
07/02/18 20:03:01 	assigned Condor ID (715.0.0)
07/02/18 20:03:01 Just submitted 1 job this cycle...
07/02/18 20:03:01 Currently monitoring 1 Condor log file(s)
07/02/18 20:03:01 Reassigning the id of job create_dir_wrangling_0_local from (715.0.0) to (715.0.0)
07/02/18 20:03:01 Event: ULOG_SUBMIT for Condor Node create_dir_wrangling_0_local (715.0.0)
07/02/18 20:03:01 Number of idle job procs: 1
07/02/18 20:03:01 DAG status: 0 (DAG_STATUS_OK)
07/02/18 20:03:01 Of 19 nodes total:
07/02/18 20:03:01  Done     Pre   Queued    Post   Ready   Un-Ready   Failed
07/02/18 20:03:01   ===     ===      ===     ===     ===        ===      ===
07/02/18 20:03:01     0       0        1       0       0         18        0
07/02/18 20:03:01 0 job proc(s) currently held
07/02/18 20:03:06 Currently monitoring 1 Condor log file(s)
07/02/18 20:03:06 Event: ULOG_EXECUTE for Condor Node create_dir_wrangling_0_local (715.0.0)
07/02/18 20:03:06 Number of idle job procs: 0
07/02/18 20:03:06 Event: ULOG_JOB_TERMINATED for Condor Node create_dir_wrangling_0_local (715.0.0)
07/02/18 20:03:06 Number of idle job procs: 0
07/02/18 20:03:06 Node create_dir_wrangling_0_local job proc (715.0.0) completed successfully.
07/02/18 20:03:06 Node create_dir_wrangling_0_local job completed
07/02/18 20:03:06 Running POST script of Node create_dir_wrangling_0_local...
07/02/18 20:03:06 Warning: mysin has length 0 (ignore if produced by DAGMan; see gittrac #4987, #5031)
07/02/18 20:03:06 DAG status: 0 (DAG_STATUS_OK)
07/02/18 20:03:06 Of 19 nodes total:
07/02/18 20:03:06  Done     Pre   Queued    Post   Ready   Un-Ready   Failed
07/02/18 20:03:06   ===     ===      ===     ===     ===        ===      ===
07/02/18 20:03:06     0       0        0       1       0         18        0
07/02/18 20:03:06 0 job proc(s) currently held
07/02/18 20:03:06 Initializing user log writer for /home/qh/wranglingWF/submit/qh/pegasus/wrangling/run0001/./wrangling-0.dag.nodes.log, (715.0.0)
07/02/18 20:03:11 Currently monitoring 1 Condor log file(s)
07/02/18 20:03:11 Event: ULOG_POST_SCRIPT_TERMINATED for Condor Node create_dir_wrangling_0_local (715.0.0)
07/02/18 20:03:11 POST Script of Node create_dir_wrangling_0_local completed successfully.
07/02/18 20:03:11 DAG status: 0 (DAG_STATUS_OK)
07/02/18 20:03:11 Of 19 nodes total:
07/02/18 20:03:11  Done     Pre   Queued    Post   Ready   Un-Ready   Failed
07/02/18 20:03:11   ===     ===      ===     ===     ===        ===      ===
07/02/18 20:03:11     1       0        0       0       1         17        0
07/02/18 20:03:11 0 job proc(s) currently held
07/02/18 20:03:16 Submitting Condor Node svn0_ID0000000 job(s)...
07/02/18 20:03:16 Adding a DAGMan workflow log /home/qh/wranglingWF/submit/qh/pegasus/wrangling/run0001/./wrangling-0.dag.nodes.log
07/02/18 20:03:16 Masking the events recorded in the DAGMAN workflow log
07/02/18 20:03:16 Mask for workflow log is 0,1,2,4,5,7,9,10,11,12,13,16,17,24,27
07/02/18 20:03:16 submitting: /usr/bin/condor_submit -a dag_node_name' '=' 'svn0_ID0000000 -a +DAGManJobId' '=' '714 -a DAGManJobId' '=' '714 -a submit_event_notes' '=' 'DAG' 'Node:' 'svn0_ID0000000 -a dagman_log' '=' '/home/qh/wranglingWF/submit/qh/pegasus/wrangling/run0001/./wrangling-0.dag.nodes.log -a +DAGManNodesMask' '=' '"0,1,2,4,5,7,9,10,11,12,13,16,17,24,27" -a +DAGNodeRetry' '=' '0 -a DAG_STATUS' '=' '0 -a FAILED_COUNT' '=' '0 -a +DAGParentNodeNames' '=' '"create_dir_wrangling_0_local" -a +KeepClaimIdle' '=' '20 -a notification' '=' 'never 00/00/svn0_ID0000000.sub
07/02/18 20:03:16 From submit: Submitting job(s).
07/02/18 20:03:16 From submit: 1 job(s) submitted to cluster 716.
07/02/18 20:03:16 	assigned Condor ID (716.0.0)
07/02/18 20:03:16 Just submitted 1 job this cycle...
07/02/18 20:03:16 Currently monitoring 1 Condor log file(s)
07/02/18 20:03:16 Reassigning the id of job svn0_ID0000000 from (716.0.0) to (716.0.0)
07/02/18 20:03:16 Event: ULOG_SUBMIT for Condor Node svn0_ID0000000 (716.0.0)
07/02/18 20:03:16 Number of idle job procs: 1
07/02/18 20:03:16 DAG status: 0 (DAG_STATUS_OK)
07/02/18 20:03:16 Of 19 nodes total:
07/02/18 20:03:16  Done     Pre   Queued    Post   Ready   Un-Ready   Failed
07/02/18 20:03:16   ===     ===      ===     ===     ===        ===      ===
07/02/18 20:03:16     1       0        1       0       0         17        0
07/02/18 20:03:16 0 job proc(s) currently held
07/02/18 20:03:21 Currently monitoring 1 Condor log file(s)
07/02/18 20:03:21 Event: ULOG_EXECUTE for Condor Node svn0_ID0000000 (716.0.0)
07/02/18 20:03:21 Number of idle job procs: 0
07/02/18 20:03:21 Event: ULOG_JOB_TERMINATED for Condor Node svn0_ID0000000 (716.0.0)
07/02/18 20:03:21 Number of idle job procs: 0
07/02/18 20:03:21 Node svn0_ID0000000 job proc (716.0.0) completed successfully.
07/02/18 20:03:21 Node svn0_ID0000000 job completed
07/02/18 20:03:21 Running POST script of Node svn0_ID0000000...
07/02/18 20:03:21 Warning: mysin has length 0 (ignore if produced by DAGMan; see gittrac #4987, #5031)
07/02/18 20:03:21 DAG status: 0 (DAG_STATUS_OK)
07/02/18 20:03:21 Of 19 nodes total:
07/02/18 20:03:21  Done     Pre   Queued    Post   Ready   Un-Ready   Failed
07/02/18 20:03:21   ===     ===      ===     ===     ===        ===      ===
07/02/18 20:03:21     1       0        0       1       0         17        0
07/02/18 20:03:21 0 job proc(s) currently held
07/02/18 20:03:21 Initializing user log writer for /home/qh/wranglingWF/submit/qh/pegasus/wrangling/run0001/./wrangling-0.dag.nodes.log, (716.0.0)
07/02/18 20:03:26 Currently monitoring 1 Condor log file(s)
07/02/18 20:03:26 Event: ULOG_POST_SCRIPT_TERMINATED for Condor Node svn0_ID0000000 (716.0.0)
07/02/18 20:03:26 POST Script of Node svn0_ID0000000 completed successfully.
07/02/18 20:03:26 DAG status: 0 (DAG_STATUS_OK)
07/02/18 20:03:26 Of 19 nodes total:
07/02/18 20:03:26  Done     Pre   Queued    Post   Ready   Un-Ready   Failed
07/02/18 20:03:26   ===     ===      ===     ===     ===        ===      ===
07/02/18 20:03:26     2       0        0       0       3         14        0
07/02/18 20:03:26 0 job proc(s) currently held
07/02/18 20:03:32 Submitting Condor Node filter1_ID0000002 job(s)...
07/02/18 20:03:32 Adding a DAGMan workflow log /home/qh/wranglingWF/submit/qh/pegasus/wrangling/run0001/./wrangling-0.dag.nodes.log
07/02/18 20:03:32 Masking the events recorded in the DAGMAN workflow log
07/02/18 20:03:32 Mask for workflow log is 0,1,2,4,5,7,9,10,11,12,13,16,17,24,27
07/02/18 20:03:32 submitting: /usr/bin/condor_submit -a dag_node_name' '=' 'filter1_ID0000002 -a +DAGManJobId' '=' '714 -a DAGManJobId' '=' '714 -a submit_event_notes' '=' 'DAG' 'Node:' 'filter1_ID0000002 -a dagman_log' '=' '/home/qh/wranglingWF/submit/qh/pegasus/wrangling/run0001/./wrangling-0.dag.nodes.log -a +DAGManNodesMask' '=' '"0,1,2,4,5,7,9,10,11,12,13,16,17,24,27" -a +DAGNodeRetry' '=' '0 -a DAG_STATUS' '=' '0 -a FAILED_COUNT' '=' '0 -a +DAGParentNodeNames' '=' '"svn0_ID0000000" -a +KeepClaimIdle' '=' '20 -a notification' '=' 'never 00/00/filter1_ID0000002.sub
07/02/18 20:03:32 From submit: Submitting job(s).
07/02/18 20:03:32 From submit: 1 job(s) submitted to cluster 717.
07/02/18 20:03:32 	assigned Condor ID (717.0.0)
07/02/18 20:03:32 Submitting Condor Node stage_out_local_local_0_0 job(s)...
07/02/18 20:03:32 Adding a DAGMan workflow log /home/qh/wranglingWF/submit/qh/pegasus/wrangling/run0001/./wrangling-0.dag.nodes.log
07/02/18 20:03:32 Masking the events recorded in the DAGMAN workflow log
07/02/18 20:03:32 Mask for workflow log is 0,1,2,4,5,7,9,10,11,12,13,16,17,24,27
07/02/18 20:03:32 submitting: /usr/bin/condor_submit -a dag_node_name' '=' 'stage_out_local_local_0_0 -a +DAGManJobId' '=' '714 -a DAGManJobId' '=' '714 -a submit_event_notes' '=' 'DAG' 'Node:' 'stage_out_local_local_0_0 -a dagman_log' '=' '/home/qh/wranglingWF/submit/qh/pegasus/wrangling/run0001/./wrangling-0.dag.nodes.log -a +DAGManNodesMask' '=' '"0,1,2,4,5,7,9,10,11,12,13,16,17,24,27" -a +DAGNodeRetry' '=' '0 -a DAG_STATUS' '=' '0 -a FAILED_COUNT' '=' '0 -a +DAGParentNodeNames' '=' '"svn0_ID0000000" -a +KeepClaimIdle' '=' '20 -a notification' '=' 'never 00/00/stage_out_local_local_0_0.sub
07/02/18 20:03:32 From submit: Submitting job(s).
07/02/18 20:03:32 From submit: 1 job(s) submitted to cluster 718.
07/02/18 20:03:32 	assigned Condor ID (718.0.0)
07/02/18 20:03:32 Submitting Condor Node filter1_ID0000001 job(s)...
07/02/18 20:03:32 Adding a DAGMan workflow log /home/qh/wranglingWF/submit/qh/pegasus/wrangling/run0001/./wrangling-0.dag.nodes.log
07/02/18 20:03:32 Masking the events recorded in the DAGMAN workflow log
07/02/18 20:03:32 Mask for workflow log is 0,1,2,4,5,7,9,10,11,12,13,16,17,24,27
07/02/18 20:03:32 submitting: /usr/bin/condor_submit -a dag_node_name' '=' 'filter1_ID0000001 -a +DAGManJobId' '=' '714 -a DAGManJobId' '=' '714 -a submit_event_notes' '=' 'DAG' 'Node:' 'filter1_ID0000001 -a dagman_log' '=' '/home/qh/wranglingWF/submit/qh/pegasus/wrangling/run0001/./wrangling-0.dag.nodes.log -a +DAGManNodesMask' '=' '"0,1,2,4,5,7,9,10,11,12,13,16,17,24,27" -a +DAGNodeRetry' '=' '0 -a DAG_STATUS' '=' '0 -a FAILED_COUNT' '=' '0 -a +DAGParentNodeNames' '=' '"svn0_ID0000000" -a +KeepClaimIdle' '=' '20 -a notification' '=' 'never 00/00/filter1_ID0000001.sub
07/02/18 20:03:32 From submit: Submitting job(s).
07/02/18 20:03:32 From submit: 1 job(s) submitted to cluster 719.
07/02/18 20:03:32 	assigned Condor ID (719.0.0)
07/02/18 20:03:32 Just submitted 3 jobs this cycle...
07/02/18 20:03:32 Currently monitoring 1 Condor log file(s)
07/02/18 20:03:32 Reassigning the id of job filter1_ID0000002 from (717.0.0) to (717.0.0)
07/02/18 20:03:32 Event: ULOG_SUBMIT for Condor Node filter1_ID0000002 (717.0.0)
07/02/18 20:03:32 Number of idle job procs: 1
07/02/18 20:03:32 Reassigning the id of job stage_out_local_local_0_0 from (718.0.0) to (718.0.0)
07/02/18 20:03:32 Event: ULOG_SUBMIT for Condor Node stage_out_local_local_0_0 (718.0.0)
07/02/18 20:03:32 Number of idle job procs: 2
07/02/18 20:03:32 Event: ULOG_EXECUTE for Condor Node filter1_ID0000002 (717.0.0)
07/02/18 20:03:32 Number of idle job procs: 1
07/02/18 20:03:32 Reassigning the id of job filter1_ID0000001 from (719.0.0) to (719.0.0)
07/02/18 20:03:32 Event: ULOG_SUBMIT for Condor Node filter1_ID0000001 (719.0.0)
07/02/18 20:03:32 Number of idle job procs: 2
07/02/18 20:03:32 Event: ULOG_EXECUTE for Condor Node stage_out_local_local_0_0 (718.0.0)
07/02/18 20:03:32 Number of idle job procs: 1
07/02/18 20:03:32 DAG status: 0 (DAG_STATUS_OK)
07/02/18 20:03:32 Of 19 nodes total:
07/02/18 20:03:32  Done     Pre   Queued    Post   Ready   Un-Ready   Failed
07/02/18 20:03:32   ===     ===      ===     ===     ===        ===      ===
07/02/18 20:03:32     2       0        3       0       0         14        0
07/02/18 20:03:32 0 job proc(s) currently held
07/02/18 20:03:37 Currently monitoring 1 Condor log file(s)
07/02/18 20:03:37 Event: ULOG_JOB_TERMINATED for Condor Node filter1_ID0000002 (717.0.0)
07/02/18 20:03:37 Number of idle job procs: 1
07/02/18 20:03:37 Node filter1_ID0000002 job proc (717.0.0) completed successfully.
07/02/18 20:03:37 Node filter1_ID0000002 job completed
07/02/18 20:03:37 Running POST script of Node filter1_ID0000002...
07/02/18 20:03:37 Warning: mysin has length 0 (ignore if produced by DAGMan; see gittrac #4987, #5031)
07/02/18 20:03:37 Event: ULOG_EXECUTE for Condor Node filter1_ID0000001 (719.0.0)
07/02/18 20:03:37 Number of idle job procs: 0
07/02/18 20:03:37 Event: ULOG_JOB_TERMINATED for Condor Node filter1_ID0000001 (719.0.0)
07/02/18 20:03:37 Number of idle job procs: 0
07/02/18 20:03:37 Node filter1_ID0000001 job proc (719.0.0) completed successfully.
07/02/18 20:03:37 Node filter1_ID0000001 job completed
07/02/18 20:03:37 Running POST script of Node filter1_ID0000001...
07/02/18 20:03:37 Warning: mysin has length 0 (ignore if produced by DAGMan; see gittrac #4987, #5031)
07/02/18 20:03:37 Event: ULOG_JOB_TERMINATED for Condor Node stage_out_local_local_0_0 (718.0.0)
07/02/18 20:03:37 Number of idle job procs: 0
07/02/18 20:03:37 Node stage_out_local_local_0_0 job proc (718.0.0) completed successfully.
07/02/18 20:03:37 Node stage_out_local_local_0_0 job completed
07/02/18 20:03:37 Running POST script of Node stage_out_local_local_0_0...
07/02/18 20:03:37 Warning: mysin has length 0 (ignore if produced by DAGMan; see gittrac #4987, #5031)
07/02/18 20:03:37 DAG status: 0 (DAG_STATUS_OK)
07/02/18 20:03:37 Of 19 nodes total:
07/02/18 20:03:37  Done     Pre   Queued    Post   Ready   Un-Ready   Failed
07/02/18 20:03:37   ===     ===      ===     ===     ===        ===      ===
07/02/18 20:03:37     2       0        0       3       0         14        0
07/02/18 20:03:37 0 job proc(s) currently held
07/02/18 20:03:37 Initializing user log writer for /home/qh/wranglingWF/submit/qh/pegasus/wrangling/run0001/./wrangling-0.dag.nodes.log, (717.0.0)
07/02/18 20:03:37 Initializing user log writer for /home/qh/wranglingWF/submit/qh/pegasus/wrangling/run0001/./wrangling-0.dag.nodes.log, (719.0.0)
07/02/18 20:03:37 Initializing user log writer for /home/qh/wranglingWF/submit/qh/pegasus/wrangling/run0001/./wrangling-0.dag.nodes.log, (718.0.0)
07/02/18 20:03:42 Currently monitoring 1 Condor log file(s)
07/02/18 20:03:42 Event: ULOG_POST_SCRIPT_TERMINATED for Condor Node filter1_ID0000002 (717.0.0)
07/02/18 20:03:42 POST Script of Node filter1_ID0000002 completed successfully.
07/02/18 20:03:42 Event: ULOG_POST_SCRIPT_TERMINATED for Condor Node filter1_ID0000001 (719.0.0)
07/02/18 20:03:42 POST Script of Node filter1_ID0000001 completed successfully.
07/02/18 20:03:42 Event: ULOG_POST_SCRIPT_TERMINATED for Condor Node stage_out_local_local_0_0 (718.0.0)
07/02/18 20:03:42 POST Script of Node stage_out_local_local_0_0 completed successfully.
07/02/18 20:03:42 DAG status: 0 (DAG_STATUS_OK)
07/02/18 20:03:42 Of 19 nodes total:
07/02/18 20:03:42  Done     Pre   Queued    Post   Ready   Un-Ready   Failed
07/02/18 20:03:42   ===     ===      ===     ===     ===        ===      ===
07/02/18 20:03:42     5       0        0       0       3         11        0
07/02/18 20:03:42 0 job proc(s) currently held
07/02/18 20:03:47 Submitting Condor Node separate2_ID0000004 job(s)...
07/02/18 20:03:47 Adding a DAGMan workflow log /home/qh/wranglingWF/submit/qh/pegasus/wrangling/run0001/./wrangling-0.dag.nodes.log
07/02/18 20:03:47 Masking the events recorded in the DAGMAN workflow log
07/02/18 20:03:47 Mask for workflow log is 0,1,2,4,5,7,9,10,11,12,13,16,17,24,27
07/02/18 20:03:47 submitting: /usr/bin/condor_submit -a dag_node_name' '=' 'separate2_ID0000004 -a +DAGManJobId' '=' '714 -a DAGManJobId' '=' '714 -a submit_event_notes' '=' 'DAG' 'Node:' 'separate2_ID0000004 -a dagman_log' '=' '/home/qh/wranglingWF/submit/qh/pegasus/wrangling/run0001/./wrangling-0.dag.nodes.log -a +DAGManNodesMask' '=' '"0,1,2,4,5,7,9,10,11,12,13,16,17,24,27" -a +DAGNodeRetry' '=' '0 -a DAG_STATUS' '=' '0 -a FAILED_COUNT' '=' '0 -a +DAGParentNodeNames' '=' '"filter1_ID0000002" -a +KeepClaimIdle' '=' '20 -a notification' '=' 'never 00/00/separate2_ID0000004.sub
07/02/18 20:03:47 From submit: Submitting job(s).
07/02/18 20:03:47 From submit: 1 job(s) submitted to cluster 720.
07/02/18 20:03:47 	assigned Condor ID (720.0.0)
07/02/18 20:03:47 Submitting Condor Node separate2_ID0000003 job(s)...
07/02/18 20:03:47 Adding a DAGMan workflow log /home/qh/wranglingWF/submit/qh/pegasus/wrangling/run0001/./wrangling-0.dag.nodes.log
07/02/18 20:03:47 Masking the events recorded in the DAGMAN workflow log
07/02/18 20:03:47 Mask for workflow log is 0,1,2,4,5,7,9,10,11,12,13,16,17,24,27
07/02/18 20:03:47 submitting: /usr/bin/condor_submit -a dag_node_name' '=' 'separate2_ID0000003 -a +DAGManJobId' '=' '714 -a DAGManJobId' '=' '714 -a submit_event_notes' '=' 'DAG' 'Node:' 'separate2_ID0000003 -a dagman_log' '=' '/home/qh/wranglingWF/submit/qh/pegasus/wrangling/run0001/./wrangling-0.dag.nodes.log -a +DAGManNodesMask' '=' '"0,1,2,4,5,7,9,10,11,12,13,16,17,24,27" -a +DAGNodeRetry' '=' '0 -a DAG_STATUS' '=' '0 -a FAILED_COUNT' '=' '0 -a +DAGParentNodeNames' '=' '"filter1_ID0000001" -a +KeepClaimIdle' '=' '20 -a notification' '=' 'never 00/00/separate2_ID0000003.sub
07/02/18 20:03:47 From submit: Submitting job(s).
07/02/18 20:03:47 From submit: 1 job(s) submitted to cluster 721.
07/02/18 20:03:47 	assigned Condor ID (721.0.0)
07/02/18 20:03:47 Submitting Condor Node register_local_0_0 job(s)...
07/02/18 20:03:47 Adding a DAGMan workflow log /home/qh/wranglingWF/submit/qh/pegasus/wrangling/run0001/./wrangling-0.dag.nodes.log
07/02/18 20:03:47 Masking the events recorded in the DAGMAN workflow log
07/02/18 20:03:47 Mask for workflow log is 0,1,2,4,5,7,9,10,11,12,13,16,17,24,27
07/02/18 20:03:47 submitting: /usr/bin/condor_submit -a dag_node_name' '=' 'register_local_0_0 -a +DAGManJobId' '=' '714 -a DAGManJobId' '=' '714 -a submit_event_notes' '=' 'DAG' 'Node:' 'register_local_0_0 -a dagman_log' '=' '/home/qh/wranglingWF/submit/qh/pegasus/wrangling/run0001/./wrangling-0.dag.nodes.log -a +DAGManNodesMask' '=' '"0,1,2,4,5,7,9,10,11,12,13,16,17,24,27" -a +DAGNodeRetry' '=' '0 -a DAG_STATUS' '=' '0 -a FAILED_COUNT' '=' '0 -a +DAGParentNodeNames' '=' '"stage_out_local_local_0_0" -a notification' '=' 'never 00/00/register_local_0_0.sub
07/02/18 20:03:47 From submit: Submitting job(s).
07/02/18 20:03:47 From submit: 1 job(s) submitted to cluster 722.
07/02/18 20:03:47 	assigned Condor ID (722.0.0)
07/02/18 20:03:47 Just submitted 3 jobs this cycle...
07/02/18 20:03:47 Currently monitoring 1 Condor log file(s)
07/02/18 20:03:47 Reassigning the id of job separate2_ID0000004 from (720.0.0) to (720.0.0)
07/02/18 20:03:47 Event: ULOG_SUBMIT for Condor Node separate2_ID0000004 (720.0.0)
07/02/18 20:03:47 Number of idle job procs: 1
07/02/18 20:03:47 Reassigning the id of job separate2_ID0000003 from (721.0.0) to (721.0.0)
07/02/18 20:03:47 Event: ULOG_SUBMIT for Condor Node separate2_ID0000003 (721.0.0)
07/02/18 20:03:47 Number of idle job procs: 2
07/02/18 20:03:47 Event: ULOG_EXECUTE for Condor Node separate2_ID0000004 (720.0.0)
07/02/18 20:03:47 Number of idle job procs: 1
07/02/18 20:03:47 Reassigning the id of job register_local_0_0 from (722.0.0) to (722.0.0)
07/02/18 20:03:47 Event: ULOG_SUBMIT for Condor Node register_local_0_0 (722.0.0)
07/02/18 20:03:47 Number of idle job procs: 2
07/02/18 20:03:47 DAG status: 0 (DAG_STATUS_OK)
07/02/18 20:03:47 Of 19 nodes total:
07/02/18 20:03:47  Done     Pre   Queued    Post   Ready   Un-Ready   Failed
07/02/18 20:03:47   ===     ===      ===     ===     ===        ===      ===
07/02/18 20:03:47     5       0        3       0       0         11        0
07/02/18 20:03:47 0 job proc(s) currently held
07/02/18 20:03:52 Currently monitoring 1 Condor log file(s)
07/02/18 20:03:52 Event: ULOG_EXECUTE for Condor Node register_local_0_0 (722.0.0)
07/02/18 20:03:52 Number of idle job procs: 1
07/02/18 20:03:52 Event: ULOG_JOB_TERMINATED for Condor Node register_local_0_0 (722.0.0)
07/02/18 20:03:52 Number of idle job procs: 1
07/02/18 20:03:52 Node register_local_0_0 job proc (722.0.0) completed successfully.
07/02/18 20:03:52 Node register_local_0_0 job completed
07/02/18 20:03:52 Running POST script of Node register_local_0_0...
07/02/18 20:03:52 Warning: mysin has length 0 (ignore if produced by DAGMan; see gittrac #4987, #5031)
07/02/18 20:03:52 Event: ULOG_JOB_TERMINATED for Condor Node separate2_ID0000004 (720.0.0)
07/02/18 20:03:52 Number of idle job procs: 1
07/02/18 20:03:52 Node separate2_ID0000004 job proc (720.0.0) completed successfully.
07/02/18 20:03:52 Node separate2_ID0000004 job completed
07/02/18 20:03:52 Running POST script of Node separate2_ID0000004...
07/02/18 20:03:52 Warning: mysin has length 0 (ignore if produced by DAGMan; see gittrac #4987, #5031)
07/02/18 20:03:52 Event: ULOG_EXECUTE for Condor Node separate2_ID0000003 (721.0.0)
07/02/18 20:03:52 Number of idle job procs: 0
07/02/18 20:03:52 Event: ULOG_JOB_TERMINATED for Condor Node separate2_ID0000003 (721.0.0)
07/02/18 20:03:52 Number of idle job procs: 0
07/02/18 20:03:52 Node separate2_ID0000003 job proc (721.0.0) completed successfully.
07/02/18 20:03:52 Node separate2_ID0000003 job completed
07/02/18 20:03:52 Running POST script of Node separate2_ID0000003...
07/02/18 20:03:52 Warning: mysin has length 0 (ignore if produced by DAGMan; see gittrac #4987, #5031)
07/02/18 20:03:52 DAG status: 0 (DAG_STATUS_OK)
07/02/18 20:03:52 Of 19 nodes total:
07/02/18 20:03:52  Done     Pre   Queued    Post   Ready   Un-Ready   Failed
07/02/18 20:03:52   ===     ===      ===     ===     ===        ===      ===
07/02/18 20:03:52     5       0        0       3       0         11        0
07/02/18 20:03:52 0 job proc(s) currently held
07/02/18 20:03:52 Initializing user log writer for /home/qh/wranglingWF/submit/qh/pegasus/wrangling/run0001/./wrangling-0.dag.nodes.log, (722.0.0)
07/02/18 20:03:52 Initializing user log writer for /home/qh/wranglingWF/submit/qh/pegasus/wrangling/run0001/./wrangling-0.dag.nodes.log, (721.0.0)
07/02/18 20:03:52 Initializing user log writer for /home/qh/wranglingWF/submit/qh/pegasus/wrangling/run0001/./wrangling-0.dag.nodes.log, (720.0.0)
07/02/18 20:03:57 Currently monitoring 1 Condor log file(s)
07/02/18 20:03:57 Event: ULOG_POST_SCRIPT_TERMINATED for Condor Node register_local_0_0 (722.0.0)
07/02/18 20:03:57 POST Script of Node register_local_0_0 completed successfully.
07/02/18 20:03:57 Event: ULOG_POST_SCRIPT_TERMINATED for Condor Node separate2_ID0000003 (721.0.0)
07/02/18 20:03:57 POST Script of Node separate2_ID0000003 completed successfully.
07/02/18 20:03:57 Event: ULOG_POST_SCRIPT_TERMINATED for Condor Node separate2_ID0000004 (720.0.0)
07/02/18 20:03:57 POST Script of Node separate2_ID0000004 completed successfully.
07/02/18 20:03:57 DAG status: 0 (DAG_STATUS_OK)
07/02/18 20:03:57 Of 19 nodes total:
07/02/18 20:03:57  Done     Pre   Queued    Post   Ready   Un-Ready   Failed
07/02/18 20:03:57   ===     ===      ===     ===     ===        ===      ===
07/02/18 20:03:57     8       0        0       0       2          9        0
07/02/18 20:03:57 0 job proc(s) currently held
07/02/18 20:04:02 Submitting Condor Node separate3_ID0000005 job(s)...
07/02/18 20:04:02 Adding a DAGMan workflow log /home/qh/wranglingWF/submit/qh/pegasus/wrangling/run0001/./wrangling-0.dag.nodes.log
07/02/18 20:04:02 Masking the events recorded in the DAGMAN workflow log
07/02/18 20:04:02 Mask for workflow log is 0,1,2,4,5,7,9,10,11,12,13,16,17,24,27
07/02/18 20:04:02 submitting: /usr/bin/condor_submit -a dag_node_name' '=' 'separate3_ID0000005 -a +DAGManJobId' '=' '714 -a DAGManJobId' '=' '714 -a submit_event_notes' '=' 'DAG' 'Node:' 'separate3_ID0000005 -a dagman_log' '=' '/home/qh/wranglingWF/submit/qh/pegasus/wrangling/run0001/./wrangling-0.dag.nodes.log -a +DAGManNodesMask' '=' '"0,1,2,4,5,7,9,10,11,12,13,16,17,24,27" -a +DAGNodeRetry' '=' '0 -a DAG_STATUS' '=' '0 -a FAILED_COUNT' '=' '0 -a +DAGParentNodeNames' '=' '"separate2_ID0000003" -a +KeepClaimIdle' '=' '20 -a notification' '=' 'never 00/00/separate3_ID0000005.sub
07/02/18 20:04:02 From submit: Submitting job(s).
07/02/18 20:04:02 From submit: 1 job(s) submitted to cluster 723.
07/02/18 20:04:02 	assigned Condor ID (723.0.0)
07/02/18 20:04:02 Submitting Condor Node separate3_ID0000006 job(s)...
07/02/18 20:04:02 Adding a DAGMan workflow log /home/qh/wranglingWF/submit/qh/pegasus/wrangling/run0001/./wrangling-0.dag.nodes.log
07/02/18 20:04:02 Masking the events recorded in the DAGMAN workflow log
07/02/18 20:04:02 Mask for workflow log is 0,1,2,4,5,7,9,10,11,12,13,16,17,24,27
07/02/18 20:04:02 submitting: /usr/bin/condor_submit -a dag_node_name' '=' 'separate3_ID0000006 -a +DAGManJobId' '=' '714 -a DAGManJobId' '=' '714 -a submit_event_notes' '=' 'DAG' 'Node:' 'separate3_ID0000006 -a dagman_log' '=' '/home/qh/wranglingWF/submit/qh/pegasus/wrangling/run0001/./wrangling-0.dag.nodes.log -a +DAGManNodesMask' '=' '"0,1,2,4,5,7,9,10,11,12,13,16,17,24,27" -a +DAGNodeRetry' '=' '0 -a DAG_STATUS' '=' '0 -a FAILED_COUNT' '=' '0 -a +DAGParentNodeNames' '=' '"separate2_ID0000004" -a +KeepClaimIdle' '=' '20 -a notification' '=' 'never 00/00/separate3_ID0000006.sub
07/02/18 20:04:02 From submit: Submitting job(s).
07/02/18 20:04:02 From submit: 1 job(s) submitted to cluster 724.
07/02/18 20:04:03 	assigned Condor ID (724.0.0)
07/02/18 20:04:03 Just submitted 2 jobs this cycle...
07/02/18 20:04:03 Currently monitoring 1 Condor log file(s)
07/02/18 20:04:03 Reassigning the id of job separate3_ID0000005 from (723.0.0) to (723.0.0)
07/02/18 20:04:03 Event: ULOG_SUBMIT for Condor Node separate3_ID0000005 (723.0.0)
07/02/18 20:04:03 Number of idle job procs: 1
07/02/18 20:04:03 Reassigning the id of job separate3_ID0000006 from (724.0.0) to (724.0.0)
07/02/18 20:04:03 Event: ULOG_SUBMIT for Condor Node separate3_ID0000006 (724.0.0)
07/02/18 20:04:03 Number of idle job procs: 2
07/02/18 20:04:03 DAG status: 0 (DAG_STATUS_OK)
07/02/18 20:04:03 Of 19 nodes total:
07/02/18 20:04:03  Done     Pre   Queued    Post   Ready   Un-Ready   Failed
07/02/18 20:04:03   ===     ===      ===     ===     ===        ===      ===
07/02/18 20:04:03     8       0        2       0       0          9        0
07/02/18 20:04:03 0 job proc(s) currently held
07/02/18 20:04:08 Currently monitoring 1 Condor log file(s)
07/02/18 20:04:08 Event: ULOG_EXECUTE for Condor Node separate3_ID0000005 (723.0.0)
07/02/18 20:04:08 Number of idle job procs: 1
07/02/18 20:04:08 Event: ULOG_JOB_TERMINATED for Condor Node separate3_ID0000005 (723.0.0)
07/02/18 20:04:08 Number of idle job procs: 1
07/02/18 20:04:08 Node separate3_ID0000005 job proc (723.0.0) completed successfully.
07/02/18 20:04:08 Node separate3_ID0000005 job completed
07/02/18 20:04:08 Running POST script of Node separate3_ID0000005...
07/02/18 20:04:08 Warning: mysin has length 0 (ignore if produced by DAGMan; see gittrac #4987, #5031)
07/02/18 20:04:08 Event: ULOG_EXECUTE for Condor Node separate3_ID0000006 (724.0.0)
07/02/18 20:04:08 Number of idle job procs: 0
07/02/18 20:04:08 Event: ULOG_JOB_TERMINATED for Condor Node separate3_ID0000006 (724.0.0)
07/02/18 20:04:08 Number of idle job procs: 0
07/02/18 20:04:08 Node separate3_ID0000006 job proc (724.0.0) completed successfully.
07/02/18 20:04:08 Node separate3_ID0000006 job completed
07/02/18 20:04:08 Running POST script of Node separate3_ID0000006...
07/02/18 20:04:08 Warning: mysin has length 0 (ignore if produced by DAGMan; see gittrac #4987, #5031)
07/02/18 20:04:08 DAG status: 0 (DAG_STATUS_OK)
07/02/18 20:04:08 Of 19 nodes total:
07/02/18 20:04:08  Done     Pre   Queued    Post   Ready   Un-Ready   Failed
07/02/18 20:04:08   ===     ===      ===     ===     ===        ===      ===
07/02/18 20:04:08     8       0        0       2       0          9        0
07/02/18 20:04:08 0 job proc(s) currently held
07/02/18 20:04:08 Initializing user log writer for /home/qh/wranglingWF/submit/qh/pegasus/wrangling/run0001/./wrangling-0.dag.nodes.log, (723.0.0)
07/02/18 20:04:08 Initializing user log writer for /home/qh/wranglingWF/submit/qh/pegasus/wrangling/run0001/./wrangling-0.dag.nodes.log, (724.0.0)
07/02/18 20:04:13 Currently monitoring 1 Condor log file(s)
07/02/18 20:04:13 Event: ULOG_POST_SCRIPT_TERMINATED for Condor Node separate3_ID0000005 (723.0.0)
07/02/18 20:04:13 POST Script of Node separate3_ID0000005 completed successfully.
07/02/18 20:04:13 Event: ULOG_POST_SCRIPT_TERMINATED for Condor Node separate3_ID0000006 (724.0.0)
07/02/18 20:04:13 POST Script of Node separate3_ID0000006 completed successfully.
07/02/18 20:04:13 DAG status: 0 (DAG_STATUS_OK)
07/02/18 20:04:13 Of 19 nodes total:
07/02/18 20:04:13  Done     Pre   Queued    Post   Ready   Un-Ready   Failed
07/02/18 20:04:13   ===     ===      ===     ===     ===        ===      ===
07/02/18 20:04:13    10       0        0       0       2          7        0
07/02/18 20:04:13 0 job proc(s) currently held
07/02/18 20:04:18 Submitting Condor Node filter4_ID0000007 job(s)...
07/02/18 20:04:18 Adding a DAGMan workflow log /home/qh/wranglingWF/submit/qh/pegasus/wrangling/run0001/./wrangling-0.dag.nodes.log
07/02/18 20:04:18 Masking the events recorded in the DAGMAN workflow log
07/02/18 20:04:18 Mask for workflow log is 0,1,2,4,5,7,9,10,11,12,13,16,17,24,27
07/02/18 20:04:18 submitting: /usr/bin/condor_submit -a dag_node_name' '=' 'filter4_ID0000007 -a +DAGManJobId' '=' '714 -a DAGManJobId' '=' '714 -a submit_event_notes' '=' 'DAG' 'Node:' 'filter4_ID0000007 -a dagman_log' '=' '/home/qh/wranglingWF/submit/qh/pegasus/wrangling/run0001/./wrangling-0.dag.nodes.log -a +DAGManNodesMask' '=' '"0,1,2,4,5,7,9,10,11,12,13,16,17,24,27" -a +DAGNodeRetry' '=' '0 -a DAG_STATUS' '=' '0 -a FAILED_COUNT' '=' '0 -a +DAGParentNodeNames' '=' '"separate3_ID0000005" -a +KeepClaimIdle' '=' '20 -a notification' '=' 'never 00/00/filter4_ID0000007.sub
07/02/18 20:04:18 From submit: Submitting job(s).
07/02/18 20:04:18 From submit: 1 job(s) submitted to cluster 725.
07/02/18 20:04:18 	assigned Condor ID (725.0.0)
07/02/18 20:04:18 Submitting Condor Node filter4_ID0000008 job(s)...
07/02/18 20:04:18 Adding a DAGMan workflow log /home/qh/wranglingWF/submit/qh/pegasus/wrangling/run0001/./wrangling-0.dag.nodes.log
07/02/18 20:04:18 Masking the events recorded in the DAGMAN workflow log
07/02/18 20:04:18 Mask for workflow log is 0,1,2,4,5,7,9,10,11,12,13,16,17,24,27
07/02/18 20:04:18 submitting: /usr/bin/condor_submit -a dag_node_name' '=' 'filter4_ID0000008 -a +DAGManJobId' '=' '714 -a DAGManJobId' '=' '714 -a submit_event_notes' '=' 'DAG' 'Node:' 'filter4_ID0000008 -a dagman_log' '=' '/home/qh/wranglingWF/submit/qh/pegasus/wrangling/run0001/./wrangling-0.dag.nodes.log -a +DAGManNodesMask' '=' '"0,1,2,4,5,7,9,10,11,12,13,16,17,24,27" -a +DAGNodeRetry' '=' '0 -a DAG_STATUS' '=' '0 -a FAILED_COUNT' '=' '0 -a +DAGParentNodeNames' '=' '"separate3_ID0000006" -a +KeepClaimIdle' '=' '20 -a notification' '=' 'never 00/00/filter4_ID0000008.sub
07/02/18 20:04:18 From submit: Submitting job(s).
07/02/18 20:04:18 From submit: 1 job(s) submitted to cluster 726.
07/02/18 20:04:18 	assigned Condor ID (726.0.0)
07/02/18 20:04:18 Just submitted 2 jobs this cycle...
07/02/18 20:04:18 Currently monitoring 1 Condor log file(s)
07/02/18 20:04:18 Reassigning the id of job filter4_ID0000007 from (725.0.0) to (725.0.0)
07/02/18 20:04:18 Event: ULOG_SUBMIT for Condor Node filter4_ID0000007 (725.0.0)
07/02/18 20:04:18 Number of idle job procs: 1
07/02/18 20:04:18 Reassigning the id of job filter4_ID0000008 from (726.0.0) to (726.0.0)
07/02/18 20:04:18 Event: ULOG_SUBMIT for Condor Node filter4_ID0000008 (726.0.0)
07/02/18 20:04:18 Number of idle job procs: 2
07/02/18 20:04:18 DAG status: 0 (DAG_STATUS_OK)
07/02/18 20:04:18 Of 19 nodes total:
07/02/18 20:04:18  Done     Pre   Queued    Post   Ready   Un-Ready   Failed
07/02/18 20:04:18   ===     ===      ===     ===     ===        ===      ===
07/02/18 20:04:18    10       0        2       0       0          7        0
07/02/18 20:04:18 0 job proc(s) currently held
07/02/18 20:04:23 Currently monitoring 1 Condor log file(s)
07/02/18 20:04:23 Event: ULOG_EXECUTE for Condor Node filter4_ID0000007 (725.0.0)
07/02/18 20:04:23 Number of idle job procs: 1
07/02/18 20:04:23 Event: ULOG_JOB_TERMINATED for Condor Node filter4_ID0000007 (725.0.0)
07/02/18 20:04:23 Number of idle job procs: 1
07/02/18 20:04:23 Node filter4_ID0000007 job proc (725.0.0) completed successfully.
07/02/18 20:04:23 Node filter4_ID0000007 job completed
07/02/18 20:04:23 Running POST script of Node filter4_ID0000007...
07/02/18 20:04:23 Warning: mysin has length 0 (ignore if produced by DAGMan; see gittrac #4987, #5031)
07/02/18 20:04:23 Event: ULOG_EXECUTE for Condor Node filter4_ID0000008 (726.0.0)
07/02/18 20:04:23 Number of idle job procs: 0
07/02/18 20:04:23 Event: ULOG_JOB_TERMINATED for Condor Node filter4_ID0000008 (726.0.0)
07/02/18 20:04:23 Number of idle job procs: 0
07/02/18 20:04:23 Node filter4_ID0000008 job proc (726.0.0) completed successfully.
07/02/18 20:04:23 Node filter4_ID0000008 job completed
07/02/18 20:04:23 Running POST script of Node filter4_ID0000008...
07/02/18 20:04:23 Warning: mysin has length 0 (ignore if produced by DAGMan; see gittrac #4987, #5031)
07/02/18 20:04:23 DAG status: 0 (DAG_STATUS_OK)
07/02/18 20:04:23 Of 19 nodes total:
07/02/18 20:04:23  Done     Pre   Queued    Post   Ready   Un-Ready   Failed
07/02/18 20:04:23   ===     ===      ===     ===     ===        ===      ===
07/02/18 20:04:23    10       0        0       2       0          7        0
07/02/18 20:04:23 0 job proc(s) currently held
07/02/18 20:04:23 Initializing user log writer for /home/qh/wranglingWF/submit/qh/pegasus/wrangling/run0001/./wrangling-0.dag.nodes.log, (725.0.0)
07/02/18 20:04:23 Initializing user log writer for /home/qh/wranglingWF/submit/qh/pegasus/wrangling/run0001/./wrangling-0.dag.nodes.log, (726.0.0)
07/02/18 20:04:28 Currently monitoring 1 Condor log file(s)
07/02/18 20:04:28 Event: ULOG_POST_SCRIPT_TERMINATED for Condor Node filter4_ID0000007 (725.0.0)
07/02/18 20:04:28 POST Script of Node filter4_ID0000007 completed successfully.
07/02/18 20:04:28 Event: ULOG_POST_SCRIPT_TERMINATED for Condor Node filter4_ID0000008 (726.0.0)
07/02/18 20:04:28 POST Script of Node filter4_ID0000008 completed successfully.
07/02/18 20:04:28 DAG status: 0 (DAG_STATUS_OK)
07/02/18 20:04:28 Of 19 nodes total:
07/02/18 20:04:28  Done     Pre   Queued    Post   Ready   Un-Ready   Failed
07/02/18 20:04:28   ===     ===      ===     ===     ===        ===      ===
07/02/18 20:04:28    12       0        0       0       2          5        0
07/02/18 20:04:28 0 job proc(s) currently held
07/02/18 20:04:33 Submitting Condor Node filter5_ID0000009 job(s)...
07/02/18 20:04:33 Adding a DAGMan workflow log /home/qh/wranglingWF/submit/qh/pegasus/wrangling/run0001/./wrangling-0.dag.nodes.log
07/02/18 20:04:33 Masking the events recorded in the DAGMAN workflow log
07/02/18 20:04:33 Mask for workflow log is 0,1,2,4,5,7,9,10,11,12,13,16,17,24,27
07/02/18 20:04:33 submitting: /usr/bin/condor_submit -a dag_node_name' '=' 'filter5_ID0000009 -a +DAGManJobId' '=' '714 -a DAGManJobId' '=' '714 -a submit_event_notes' '=' 'DAG' 'Node:' 'filter5_ID0000009 -a dagman_log' '=' '/home/qh/wranglingWF/submit/qh/pegasus/wrangling/run0001/./wrangling-0.dag.nodes.log -a +DAGManNodesMask' '=' '"0,1,2,4,5,7,9,10,11,12,13,16,17,24,27" -a +DAGNodeRetry' '=' '0 -a DAG_STATUS' '=' '0 -a FAILED_COUNT' '=' '0 -a +DAGParentNodeNames' '=' '"filter4_ID0000007" -a +KeepClaimIdle' '=' '20 -a notification' '=' 'never 00/00/filter5_ID0000009.sub
07/02/18 20:04:33 From submit: Submitting job(s).
07/02/18 20:04:33 From submit: 1 job(s) submitted to cluster 727.
07/02/18 20:04:33 	assigned Condor ID (727.0.0)
07/02/18 20:04:33 Submitting Condor Node filter5_ID0000010 job(s)...
07/02/18 20:04:33 Adding a DAGMan workflow log /home/qh/wranglingWF/submit/qh/pegasus/wrangling/run0001/./wrangling-0.dag.nodes.log
07/02/18 20:04:33 Masking the events recorded in the DAGMAN workflow log
07/02/18 20:04:33 Mask for workflow log is 0,1,2,4,5,7,9,10,11,12,13,16,17,24,27
07/02/18 20:04:33 submitting: /usr/bin/condor_submit -a dag_node_name' '=' 'filter5_ID0000010 -a +DAGManJobId' '=' '714 -a DAGManJobId' '=' '714 -a submit_event_notes' '=' 'DAG' 'Node:' 'filter5_ID0000010 -a dagman_log' '=' '/home/qh/wranglingWF/submit/qh/pegasus/wrangling/run0001/./wrangling-0.dag.nodes.log -a +DAGManNodesMask' '=' '"0,1,2,4,5,7,9,10,11,12,13,16,17,24,27" -a +DAGNodeRetry' '=' '0 -a DAG_STATUS' '=' '0 -a FAILED_COUNT' '=' '0 -a +DAGParentNodeNames' '=' '"filter4_ID0000008" -a +KeepClaimIdle' '=' '20 -a notification' '=' 'never 00/00/filter5_ID0000010.sub
07/02/18 20:04:33 From submit: Submitting job(s).
07/02/18 20:04:33 From submit: 1 job(s) submitted to cluster 728.
07/02/18 20:04:33 	assigned Condor ID (728.0.0)
07/02/18 20:04:33 Just submitted 2 jobs this cycle...
07/02/18 20:04:33 Currently monitoring 1 Condor log file(s)
07/02/18 20:04:33 Reassigning the id of job filter5_ID0000009 from (727.0.0) to (727.0.0)
07/02/18 20:04:33 Event: ULOG_SUBMIT for Condor Node filter5_ID0000009 (727.0.0)
07/02/18 20:04:33 Number of idle job procs: 1
07/02/18 20:04:33 Reassigning the id of job filter5_ID0000010 from (728.0.0) to (728.0.0)
07/02/18 20:04:33 Event: ULOG_SUBMIT for Condor Node filter5_ID0000010 (728.0.0)
07/02/18 20:04:33 Number of idle job procs: 2
07/02/18 20:04:33 DAG status: 0 (DAG_STATUS_OK)
07/02/18 20:04:33 Of 19 nodes total:
07/02/18 20:04:33  Done     Pre   Queued    Post   Ready   Un-Ready   Failed
07/02/18 20:04:33   ===     ===      ===     ===     ===        ===      ===
07/02/18 20:04:33    12       0        2       0       0          5        0
07/02/18 20:04:33 0 job proc(s) currently held
07/02/18 20:04:38 Currently monitoring 1 Condor log file(s)
07/02/18 20:04:38 Event: ULOG_EXECUTE for Condor Node filter5_ID0000009 (727.0.0)
07/02/18 20:04:38 Number of idle job procs: 1
07/02/18 20:04:38 Event: ULOG_JOB_TERMINATED for Condor Node filter5_ID0000009 (727.0.0)
07/02/18 20:04:38 Number of idle job procs: 1
07/02/18 20:04:38 Node filter5_ID0000009 job proc (727.0.0) completed successfully.
07/02/18 20:04:38 Node filter5_ID0000009 job completed
07/02/18 20:04:38 Running POST script of Node filter5_ID0000009...
07/02/18 20:04:38 Warning: mysin has length 0 (ignore if produced by DAGMan; see gittrac #4987, #5031)
07/02/18 20:04:38 Event: ULOG_EXECUTE for Condor Node filter5_ID0000010 (728.0.0)
07/02/18 20:04:38 Number of idle job procs: 0
07/02/18 20:04:38 Event: ULOG_JOB_TERMINATED for Condor Node filter5_ID0000010 (728.0.0)
07/02/18 20:04:38 Number of idle job procs: 0
07/02/18 20:04:38 Node filter5_ID0000010 job proc (728.0.0) completed successfully.
07/02/18 20:04:38 Node filter5_ID0000010 job completed
07/02/18 20:04:38 Running POST script of Node filter5_ID0000010...
07/02/18 20:04:38 Warning: mysin has length 0 (ignore if produced by DAGMan; see gittrac #4987, #5031)
07/02/18 20:04:38 DAG status: 0 (DAG_STATUS_OK)
07/02/18 20:04:38 Of 19 nodes total:
07/02/18 20:04:38  Done     Pre   Queued    Post   Ready   Un-Ready   Failed
07/02/18 20:04:38   ===     ===      ===     ===     ===        ===      ===
07/02/18 20:04:38    12       0        0       2       0          5        0
07/02/18 20:04:38 0 job proc(s) currently held
07/02/18 20:04:38 Initializing user log writer for /home/qh/wranglingWF/submit/qh/pegasus/wrangling/run0001/./wrangling-0.dag.nodes.log, (727.0.0)
07/02/18 20:04:38 Initializing user log writer for /home/qh/wranglingWF/submit/qh/pegasus/wrangling/run0001/./wrangling-0.dag.nodes.log, (728.0.0)
07/02/18 20:04:43 Currently monitoring 1 Condor log file(s)
07/02/18 20:04:43 Event: ULOG_POST_SCRIPT_TERMINATED for Condor Node filter5_ID0000009 (727.0.0)
07/02/18 20:04:43 POST Script of Node filter5_ID0000009 completed successfully.
07/02/18 20:04:43 Event: ULOG_POST_SCRIPT_TERMINATED for Condor Node filter5_ID0000010 (728.0.0)
07/02/18 20:04:43 POST Script of Node filter5_ID0000010 completed successfully.
07/02/18 20:04:43 DAG status: 0 (DAG_STATUS_OK)
07/02/18 20:04:43 Of 19 nodes total:
07/02/18 20:04:43  Done     Pre   Queued    Post   Ready   Un-Ready   Failed
07/02/18 20:04:43   ===     ===      ===     ===     ===        ===      ===
07/02/18 20:04:43    14       0        0       0       1          4        0
07/02/18 20:04:43 0 job proc(s) currently held
07/02/18 20:04:48 Submitting Condor Node union6_ID0000011 job(s)...
07/02/18 20:04:48 Adding a DAGMan workflow log /home/qh/wranglingWF/submit/qh/pegasus/wrangling/run0001/./wrangling-0.dag.nodes.log
07/02/18 20:04:48 Masking the events recorded in the DAGMAN workflow log
07/02/18 20:04:48 Mask for workflow log is 0,1,2,4,5,7,9,10,11,12,13,16,17,24,27
07/02/18 20:04:48 submitting: /usr/bin/condor_submit -a dag_node_name' '=' 'union6_ID0000011 -a +DAGManJobId' '=' '714 -a DAGManJobId' '=' '714 -a submit_event_notes' '=' 'DAG' 'Node:' 'union6_ID0000011 -a dagman_log' '=' '/home/qh/wranglingWF/submit/qh/pegasus/wrangling/run0001/./wrangling-0.dag.nodes.log -a +DAGManNodesMask' '=' '"0,1,2,4,5,7,9,10,11,12,13,16,17,24,27" -a +DAGNodeRetry' '=' '0 -a DAG_STATUS' '=' '0 -a FAILED_COUNT' '=' '0 -a +DAGParentNodeNames' '=' '"filter5_ID0000010,filter5_ID0000009" -a +KeepClaimIdle' '=' '20 -a notification' '=' 'never 00/00/union6_ID0000011.sub
07/02/18 20:04:48 From submit: Submitting job(s).
07/02/18 20:04:48 From submit: 1 job(s) submitted to cluster 729.
07/02/18 20:04:48 	assigned Condor ID (729.0.0)
07/02/18 20:04:48 Just submitted 1 job this cycle...
07/02/18 20:04:48 Currently monitoring 1 Condor log file(s)
07/02/18 20:04:48 Reassigning the id of job union6_ID0000011 from (729.0.0) to (729.0.0)
07/02/18 20:04:48 Event: ULOG_SUBMIT for Condor Node union6_ID0000011 (729.0.0)
07/02/18 20:04:48 Number of idle job procs: 1
07/02/18 20:04:48 DAG status: 0 (DAG_STATUS_OK)
07/02/18 20:04:48 Of 19 nodes total:
07/02/18 20:04:48  Done     Pre   Queued    Post   Ready   Un-Ready   Failed
07/02/18 20:04:48   ===     ===      ===     ===     ===        ===      ===
07/02/18 20:04:48    14       0        1       0       0          4        0
07/02/18 20:04:48 0 job proc(s) currently held
07/02/18 20:04:53 Currently monitoring 1 Condor log file(s)
07/02/18 20:04:53 Event: ULOG_EXECUTE for Condor Node union6_ID0000011 (729.0.0)
07/02/18 20:04:53 Number of idle job procs: 0
07/02/18 20:04:53 Event: ULOG_JOB_TERMINATED for Condor Node union6_ID0000011 (729.0.0)
07/02/18 20:04:53 Number of idle job procs: 0
07/02/18 20:04:53 Node union6_ID0000011 job proc (729.0.0) completed successfully.
07/02/18 20:04:53 Node union6_ID0000011 job completed
07/02/18 20:04:53 Running POST script of Node union6_ID0000011...
07/02/18 20:04:53 Warning: mysin has length 0 (ignore if produced by DAGMan; see gittrac #4987, #5031)
07/02/18 20:04:53 DAG status: 0 (DAG_STATUS_OK)
07/02/18 20:04:53 Of 19 nodes total:
07/02/18 20:04:53  Done     Pre   Queued    Post   Ready   Un-Ready   Failed
07/02/18 20:04:53   ===     ===      ===     ===     ===        ===      ===
07/02/18 20:04:53    14       0        0       1       0          4        0
07/02/18 20:04:53 0 job proc(s) currently held
07/02/18 20:04:54 Initializing user log writer for /home/qh/wranglingWF/submit/qh/pegasus/wrangling/run0001/./wrangling-0.dag.nodes.log, (729.0.0)
07/02/18 20:04:58 Currently monitoring 1 Condor log file(s)
07/02/18 20:04:58 Event: ULOG_POST_SCRIPT_TERMINATED for Condor Node union6_ID0000011 (729.0.0)
07/02/18 20:04:58 POST Script of Node union6_ID0000011 completed successfully.
07/02/18 20:04:58 DAG status: 0 (DAG_STATUS_OK)
07/02/18 20:04:58 Of 19 nodes total:
07/02/18 20:04:58  Done     Pre   Queued    Post   Ready   Un-Ready   Failed
07/02/18 20:04:58   ===     ===      ===     ===     ===        ===      ===
07/02/18 20:04:58    15       0        0       0       2          2        0
07/02/18 20:04:58 0 job proc(s) currently held
07/02/18 20:05:03 Submitting Condor Node stage_out_local_local_6_0 job(s)...
07/02/18 20:05:03 Adding a DAGMan workflow log /home/qh/wranglingWF/submit/qh/pegasus/wrangling/run0001/./wrangling-0.dag.nodes.log
07/02/18 20:05:03 Masking the events recorded in the DAGMAN workflow log
07/02/18 20:05:03 Mask for workflow log is 0,1,2,4,5,7,9,10,11,12,13,16,17,24,27
07/02/18 20:05:03 submitting: /usr/bin/condor_submit -a dag_node_name' '=' 'stage_out_local_local_6_0 -a +DAGManJobId' '=' '714 -a DAGManJobId' '=' '714 -a submit_event_notes' '=' 'DAG' 'Node:' 'stage_out_local_local_6_0 -a dagman_log' '=' '/home/qh/wranglingWF/submit/qh/pegasus/wrangling/run0001/./wrangling-0.dag.nodes.log -a +DAGManNodesMask' '=' '"0,1,2,4,5,7,9,10,11,12,13,16,17,24,27" -a +DAGNodeRetry' '=' '0 -a DAG_STATUS' '=' '0 -a FAILED_COUNT' '=' '0 -a +DAGParentNodeNames' '=' '"union6_ID0000011" -a +KeepClaimIdle' '=' '20 -a notification' '=' 'never 00/00/stage_out_local_local_6_0.sub
07/02/18 20:05:03 From submit: Submitting job(s).
07/02/18 20:05:03 From submit: 1 job(s) submitted to cluster 730.
07/02/18 20:05:03 	assigned Condor ID (730.0.0)
07/02/18 20:05:03 Submitting Condor Node mutate_ID0000012 job(s)...
07/02/18 20:05:03 Adding a DAGMan workflow log /home/qh/wranglingWF/submit/qh/pegasus/wrangling/run0001/./wrangling-0.dag.nodes.log
07/02/18 20:05:03 Masking the events recorded in the DAGMAN workflow log
07/02/18 20:05:03 Mask for workflow log is 0,1,2,4,5,7,9,10,11,12,13,16,17,24,27
07/02/18 20:05:03 submitting: /usr/bin/condor_submit -a dag_node_name' '=' 'mutate_ID0000012 -a +DAGManJobId' '=' '714 -a DAGManJobId' '=' '714 -a submit_event_notes' '=' 'DAG' 'Node:' 'mutate_ID0000012 -a dagman_log' '=' '/home/qh/wranglingWF/submit/qh/pegasus/wrangling/run0001/./wrangling-0.dag.nodes.log -a +DAGManNodesMask' '=' '"0,1,2,4,5,7,9,10,11,12,13,16,17,24,27" -a +DAGNodeRetry' '=' '0 -a DAG_STATUS' '=' '0 -a FAILED_COUNT' '=' '0 -a +DAGParentNodeNames' '=' '"union6_ID0000011" -a +KeepClaimIdle' '=' '20 -a notification' '=' 'never 00/00/mutate_ID0000012.sub
07/02/18 20:05:03 From submit: Submitting job(s).
07/02/18 20:05:03 From submit: 1 job(s) submitted to cluster 731.
07/02/18 20:05:03 	assigned Condor ID (731.0.0)
07/02/18 20:05:03 Just submitted 2 jobs this cycle...
07/02/18 20:05:03 Currently monitoring 1 Condor log file(s)
07/02/18 20:05:03 Reassigning the id of job stage_out_local_local_6_0 from (730.0.0) to (730.0.0)
07/02/18 20:05:03 Event: ULOG_SUBMIT for Condor Node stage_out_local_local_6_0 (730.0.0)
07/02/18 20:05:03 Number of idle job procs: 1
07/02/18 20:05:03 Reassigning the id of job mutate_ID0000012 from (731.0.0) to (731.0.0)
07/02/18 20:05:03 Event: ULOG_SUBMIT for Condor Node mutate_ID0000012 (731.0.0)
07/02/18 20:05:03 Number of idle job procs: 2
07/02/18 20:05:03 DAG status: 0 (DAG_STATUS_OK)
07/02/18 20:05:03 Of 19 nodes total:
07/02/18 20:05:03  Done     Pre   Queued    Post   Ready   Un-Ready   Failed
07/02/18 20:05:03   ===     ===      ===     ===     ===        ===      ===
07/02/18 20:05:03    15       0        2       0       0          2        0
07/02/18 20:05:03 0 job proc(s) currently held
07/02/18 20:05:08 Currently monitoring 1 Condor log file(s)
07/02/18 20:05:08 Event: ULOG_EXECUTE for Condor Node stage_out_local_local_6_0 (730.0.0)
07/02/18 20:05:08 Number of idle job procs: 1
07/02/18 20:05:08 Event: ULOG_EXECUTE for Condor Node mutate_ID0000012 (731.0.0)
07/02/18 20:05:08 Number of idle job procs: 0
07/02/18 20:05:08 Event: ULOG_JOB_TERMINATED for Condor Node mutate_ID0000012 (731.0.0)
07/02/18 20:05:08 Number of idle job procs: 0
07/02/18 20:05:08 Node mutate_ID0000012 job proc (731.0.0) completed successfully.
07/02/18 20:05:08 Node mutate_ID0000012 job completed
07/02/18 20:05:08 Running POST script of Node mutate_ID0000012...
07/02/18 20:05:08 Warning: mysin has length 0 (ignore if produced by DAGMan; see gittrac #4987, #5031)
07/02/18 20:05:08 Event: ULOG_JOB_TERMINATED for Condor Node stage_out_local_local_6_0 (730.0.0)
07/02/18 20:05:08 Number of idle job procs: 0
07/02/18 20:05:08 Node stage_out_local_local_6_0 job proc (730.0.0) completed successfully.
07/02/18 20:05:08 Node stage_out_local_local_6_0 job completed
07/02/18 20:05:08 Running POST script of Node stage_out_local_local_6_0...
07/02/18 20:05:08 Warning: mysin has length 0 (ignore if produced by DAGMan; see gittrac #4987, #5031)
07/02/18 20:05:08 DAG status: 0 (DAG_STATUS_OK)
07/02/18 20:05:08 Of 19 nodes total:
07/02/18 20:05:08  Done     Pre   Queued    Post   Ready   Un-Ready   Failed
07/02/18 20:05:08   ===     ===      ===     ===     ===        ===      ===
07/02/18 20:05:08    15       0        0       2       0          2        0
07/02/18 20:05:08 0 job proc(s) currently held
07/02/18 20:05:08 Initializing user log writer for /home/qh/wranglingWF/submit/qh/pegasus/wrangling/run0001/./wrangling-0.dag.nodes.log, (731.0.0)
07/02/18 20:05:08 Initializing user log writer for /home/qh/wranglingWF/submit/qh/pegasus/wrangling/run0001/./wrangling-0.dag.nodes.log, (730.0.0)
07/02/18 20:05:13 Currently monitoring 1 Condor log file(s)
07/02/18 20:05:13 Event: ULOG_POST_SCRIPT_TERMINATED for Condor Node mutate_ID0000012 (731.0.0)
07/02/18 20:05:13 POST Script of Node mutate_ID0000012 completed successfully.
07/02/18 20:05:13 Event: ULOG_POST_SCRIPT_TERMINATED for Condor Node stage_out_local_local_6_0 (730.0.0)
07/02/18 20:05:13 POST Script of Node stage_out_local_local_6_0 completed successfully.
07/02/18 20:05:13 DAG status: 0 (DAG_STATUS_OK)
07/02/18 20:05:13 Of 19 nodes total:
07/02/18 20:05:13  Done     Pre   Queued    Post   Ready   Un-Ready   Failed
07/02/18 20:05:13   ===     ===      ===     ===     ===        ===      ===
07/02/18 20:05:13    17       0        0       0       1          1        0
07/02/18 20:05:13 0 job proc(s) currently held
07/02/18 20:05:18 Submitting Condor Node stage_out_local_local_7_0 job(s)...
07/02/18 20:05:18 Adding a DAGMan workflow log /home/qh/wranglingWF/submit/qh/pegasus/wrangling/run0001/./wrangling-0.dag.nodes.log
07/02/18 20:05:18 Masking the events recorded in the DAGMAN workflow log
07/02/18 20:05:18 Mask for workflow log is 0,1,2,4,5,7,9,10,11,12,13,16,17,24,27
07/02/18 20:05:18 submitting: /usr/bin/condor_submit -a dag_node_name' '=' 'stage_out_local_local_7_0 -a +DAGManJobId' '=' '714 -a DAGManJobId' '=' '714 -a submit_event_notes' '=' 'DAG' 'Node:' 'stage_out_local_local_7_0 -a dagman_log' '=' '/home/qh/wranglingWF/submit/qh/pegasus/wrangling/run0001/./wrangling-0.dag.nodes.log -a +DAGManNodesMask' '=' '"0,1,2,4,5,7,9,10,11,12,13,16,17,24,27" -a +DAGNodeRetry' '=' '0 -a DAG_STATUS' '=' '0 -a FAILED_COUNT' '=' '0 -a +DAGParentNodeNames' '=' '"mutate_ID0000012" -a +KeepClaimIdle' '=' '20 -a notification' '=' 'never 00/00/stage_out_local_local_7_0.sub
07/02/18 20:05:18 From submit: Submitting job(s).
07/02/18 20:05:18 From submit: 1 job(s) submitted to cluster 732.
07/02/18 20:05:18 	assigned Condor ID (732.0.0)
07/02/18 20:05:18 Just submitted 1 job this cycle...
07/02/18 20:05:18 Currently monitoring 1 Condor log file(s)
07/02/18 20:05:18 Reassigning the id of job stage_out_local_local_7_0 from (732.0.0) to (732.0.0)
07/02/18 20:05:18 Event: ULOG_SUBMIT for Condor Node stage_out_local_local_7_0 (732.0.0)
07/02/18 20:05:18 Number of idle job procs: 1
07/02/18 20:05:18 DAG status: 0 (DAG_STATUS_OK)
07/02/18 20:05:18 Of 19 nodes total:
07/02/18 20:05:18  Done     Pre   Queued    Post   Ready   Un-Ready   Failed
07/02/18 20:05:18   ===     ===      ===     ===     ===        ===      ===
07/02/18 20:05:18    17       0        1       0       0          1        0
07/02/18 20:05:18 0 job proc(s) currently held
07/02/18 20:05:23 Currently monitoring 1 Condor log file(s)
07/02/18 20:05:23 Event: ULOG_EXECUTE for Condor Node stage_out_local_local_7_0 (732.0.0)
07/02/18 20:05:23 Number of idle job procs: 0
07/02/18 20:05:23 Event: ULOG_JOB_TERMINATED for Condor Node stage_out_local_local_7_0 (732.0.0)
07/02/18 20:05:23 Number of idle job procs: 0
07/02/18 20:05:23 Node stage_out_local_local_7_0 job proc (732.0.0) completed successfully.
07/02/18 20:05:23 Node stage_out_local_local_7_0 job completed
07/02/18 20:05:23 Running POST script of Node stage_out_local_local_7_0...
07/02/18 20:05:23 Warning: mysin has length 0 (ignore if produced by DAGMan; see gittrac #4987, #5031)
07/02/18 20:05:23 DAG status: 0 (DAG_STATUS_OK)
07/02/18 20:05:23 Of 19 nodes total:
07/02/18 20:05:23  Done     Pre   Queued    Post   Ready   Un-Ready   Failed
07/02/18 20:05:23   ===     ===      ===     ===     ===        ===      ===
07/02/18 20:05:23    17       0        0       1       0          1        0
07/02/18 20:05:23 0 job proc(s) currently held
07/02/18 20:05:23 Initializing user log writer for /home/qh/wranglingWF/submit/qh/pegasus/wrangling/run0001/./wrangling-0.dag.nodes.log, (732.0.0)
07/02/18 20:05:28 Currently monitoring 1 Condor log file(s)
07/02/18 20:05:28 Event: ULOG_POST_SCRIPT_TERMINATED for Condor Node stage_out_local_local_7_0 (732.0.0)
07/02/18 20:05:28 POST Script of Node stage_out_local_local_7_0 completed successfully.
07/02/18 20:05:28 DAG status: 0 (DAG_STATUS_OK)
07/02/18 20:05:28 Of 19 nodes total:
07/02/18 20:05:28  Done     Pre   Queued    Post   Ready   Un-Ready   Failed
07/02/18 20:05:28   ===     ===      ===     ===     ===        ===      ===
07/02/18 20:05:28    18       0        0       0       1          0        0
07/02/18 20:05:28 0 job proc(s) currently held
07/02/18 20:05:33 Submitting Condor Node cleanup_wrangling_0_local job(s)...
07/02/18 20:05:33 Adding a DAGMan workflow log /home/qh/wranglingWF/submit/qh/pegasus/wrangling/run0001/./wrangling-0.dag.nodes.log
07/02/18 20:05:33 Masking the events recorded in the DAGMAN workflow log
07/02/18 20:05:33 Mask for workflow log is 0,1,2,4,5,7,9,10,11,12,13,16,17,24,27
07/02/18 20:05:33 submitting: /usr/bin/condor_submit -a dag_node_name' '=' 'cleanup_wrangling_0_local -a +DAGManJobId' '=' '714 -a DAGManJobId' '=' '714 -a submit_event_notes' '=' 'DAG' 'Node:' 'cleanup_wrangling_0_local -a dagman_log' '=' '/home/qh/wranglingWF/submit/qh/pegasus/wrangling/run0001/./wrangling-0.dag.nodes.log -a +DAGManNodesMask' '=' '"0,1,2,4,5,7,9,10,11,12,13,16,17,24,27" -a +DAGNodeRetry' '=' '0 -a DAG_STATUS' '=' '0 -a FAILED_COUNT' '=' '0 -a +DAGParentNodeNames' '=' '"stage_out_local_local_0_0,stage_out_local_local_6_0,stage_out_local_local_7_0" -a notification' '=' 'never 00/00/cleanup_wrangling_0_local.sub
07/02/18 20:05:33 From submit: Submitting job(s).
07/02/18 20:05:33 From submit: 1 job(s) submitted to cluster 733.
07/02/18 20:05:33 	assigned Condor ID (733.0.0)
07/02/18 20:05:33 Just submitted 1 job this cycle...
07/02/18 20:05:33 Currently monitoring 1 Condor log file(s)
07/02/18 20:05:33 Reassigning the id of job cleanup_wrangling_0_local from (733.0.0) to (733.0.0)
07/02/18 20:05:33 Event: ULOG_SUBMIT for Condor Node cleanup_wrangling_0_local (733.0.0)
07/02/18 20:05:33 Number of idle job procs: 1
07/02/18 20:05:33 DAG status: 0 (DAG_STATUS_OK)
07/02/18 20:05:33 Of 19 nodes total:
07/02/18 20:05:33  Done     Pre   Queued    Post   Ready   Un-Ready   Failed
07/02/18 20:05:33   ===     ===      ===     ===     ===        ===      ===
07/02/18 20:05:33    18       0        1       0       0          0        0
07/02/18 20:05:33 0 job proc(s) currently held
07/02/18 20:05:38 Currently monitoring 1 Condor log file(s)
07/02/18 20:05:38 Event: ULOG_EXECUTE for Condor Node cleanup_wrangling_0_local (733.0.0)
07/02/18 20:05:38 Number of idle job procs: 0
07/02/18 20:05:38 Event: ULOG_JOB_TERMINATED for Condor Node cleanup_wrangling_0_local (733.0.0)
07/02/18 20:05:38 Number of idle job procs: 0
07/02/18 20:05:38 Node cleanup_wrangling_0_local job proc (733.0.0) completed successfully.
07/02/18 20:05:38 Node cleanup_wrangling_0_local job completed
07/02/18 20:05:38 DAG status: 0 (DAG_STATUS_OK)
07/02/18 20:05:38 Of 19 nodes total:
07/02/18 20:05:38  Done     Pre   Queued    Post   Ready   Un-Ready   Failed
07/02/18 20:05:38   ===     ===      ===     ===     ===        ===      ===
07/02/18 20:05:38    19       0        0       0       0          0        0
07/02/18 20:05:38 0 job proc(s) currently held
07/02/18 20:05:38 All jobs Completed!
07/02/18 20:05:38 Note: 0 total job deferrals because of -MaxJobs limit (0)
07/02/18 20:05:38 Note: 0 total job deferrals because of -MaxIdle limit (1000)
07/02/18 20:05:38 Note: 0 total job deferrals because of node category throttles
07/02/18 20:05:38 Note: 0 total PRE script deferrals because of -MaxPre limit (20) or DEFER
07/02/18 20:05:38 Note: 0 total POST script deferrals because of -MaxPost limit (20) or DEFER
07/02/18 20:05:38 DAG status: 0 (DAG_STATUS_OK)
07/02/18 20:05:38 Of 19 nodes total:
07/02/18 20:05:38  Done     Pre   Queued    Post   Ready   Un-Ready   Failed
07/02/18 20:05:38   ===     ===      ===     ===     ===        ===      ===
07/02/18 20:05:38    19       0        0       0       0          0        0
07/02/18 20:05:38 0 job proc(s) currently held
07/02/18 20:05:38 Wrote metrics file wrangling-0.dag.metrics.
07/02/18 20:05:38 Reporting metrics to Pegasus metrics server(s); output is in wrangling-0.dag.metrics.out.
07/02/18 20:05:38 Running command </usr/lib/condor/libexec/condor_dagman_metrics_reporter -f wrangling-0.dag.metrics -t 100>
07/02/18 20:05:38 Warning: mysin has length 0 (ignore if produced by DAGMan; see gittrac #4987, #5031)
07/02/18 20:05:38 **** condor_scheduniv_exec.714.0 (condor_DAGMAN) pid 18537 EXITING WITH STATUS 0
