1530556762 INTERNAL *** MONITORD_STARTED ***
1530556761 INTERNAL *** DAGMAN_STARTED 696.0 ***
1530556765 create_dir_wrangling_0_local SUBMIT 697.0 local - 1
1530556770 create_dir_wrangling_0_local EXECUTE 697.0 local - 1
1530556770 create_dir_wrangling_0_local JOB_TERMINATED 697.0 local - 1
1530556770 create_dir_wrangling_0_local JOB_SUCCESS 0 local - 1
1530556770 create_dir_wrangling_0_local POST_SCRIPT_STARTED 697.0 local - 1
1530556775 create_dir_wrangling_0_local POST_SCRIPT_TERMINATED 697.0 local - 1
1530556775 create_dir_wrangling_0_local POST_SCRIPT_SUCCESS 0 local - 1
1530556781 svn_ID0000000 SUBMIT 698.0 condorpool - 2
1530556786 svn_ID0000000 EXECUTE 698.0 condorpool - 2
1530556786 svn_ID0000000 JOB_TERMINATED 698.0 condorpool - 2
1530556786 svn_ID0000000 JOB_SUCCESS 0 condorpool - 2
1530556786 svn_ID0000000 POST_SCRIPT_STARTED 698.0 condorpool - 2
1530556791 svn_ID0000000 POST_SCRIPT_TERMINATED 698.0 condorpool - 2
1530556791 svn_ID0000000 POST_SCRIPT_SUCCESS 0 condorpool - 2
1530556796 deselect_ID0000001 SUBMIT 699.0 condorpool - 3
1530556796 stage_out_local_local_0_0 SUBMIT 700.0 local - 4
1530556801 stage_out_local_local_0_0 EXECUTE 700.0 local - 4
1530556801 deselect_ID0000001 EXECUTE 699.0 condorpool - 3
1530556801 deselect_ID0000001 JOB_TERMINATED 699.0 condorpool - 3
1530556801 deselect_ID0000001 JOB_SUCCESS 0 condorpool - 3
1530556801 deselect_ID0000001 POST_SCRIPT_STARTED 699.0 condorpool - 3
1530556801 stage_out_local_local_0_0 JOB_TERMINATED 700.0 local - 4
1530556801 stage_out_local_local_0_0 JOB_SUCCESS 0 local - 4
1530556801 stage_out_local_local_0_0 POST_SCRIPT_STARTED 700.0 local - 4
1530556806 deselect_ID0000001 POST_SCRIPT_TERMINATED 699.0 condorpool - 3
1530556806 deselect_ID0000001 POST_SCRIPT_SUCCESS 0 condorpool - 3
1530556806 stage_out_local_local_0_0 POST_SCRIPT_TERMINATED 700.0 local - 4
1530556806 stage_out_local_local_0_0 POST_SCRIPT_SUCCESS 0 local - 4
1530556811 filterin_ID0000002 SUBMIT 701.0 condorpool - 5
1530556811 register_local_0_0 SUBMIT 702.0 local - 6
1530556816 register_local_0_0 EXECUTE 702.0 local - 6
1530556816 filterin_ID0000002 EXECUTE 701.0 condorpool - 5
1530556816 register_local_0_0 JOB_TERMINATED 702.0 local - 6
1530556816 register_local_0_0 JOB_SUCCESS 0 local - 6
1530556816 register_local_0_0 POST_SCRIPT_STARTED 702.0 local - 6
1530556816 filterin_ID0000002 JOB_TERMINATED 701.0 condorpool - 5
1530556816 filterin_ID0000002 JOB_SUCCESS 0 condorpool - 5
1530556816 filterin_ID0000002 POST_SCRIPT_STARTED 701.0 condorpool - 5
1530556821 register_local_0_0 POST_SCRIPT_TERMINATED 702.0 local - 6
1530556821 register_local_0_0 POST_SCRIPT_SUCCESS 0 local - 6
1530556821 filterin_ID0000002 POST_SCRIPT_TERMINATED 701.0 condorpool - 5
1530556821 filterin_ID0000002 POST_SCRIPT_SUCCESS 0 condorpool - 5
1530556826 separate2_ID0000003 SUBMIT 703.0 condorpool - 7
1530556832 separate2_ID0000003 EXECUTE 703.0 condorpool - 7
1530556832 separate2_ID0000003 JOB_TERMINATED 703.0 condorpool - 7
1530556832 separate2_ID0000003 JOB_SUCCESS 0 condorpool - 7
1530556832 separate2_ID0000003 POST_SCRIPT_STARTED 703.0 condorpool - 7
1530556837 separate2_ID0000003 POST_SCRIPT_TERMINATED 703.0 condorpool - 7
1530556837 separate2_ID0000003 POST_SCRIPT_SUCCESS 0 condorpool - 7
1530556842 separate3_ID0000004 SUBMIT 704.0 condorpool - 8
1530556847 separate3_ID0000004 EXECUTE 704.0 condorpool - 8
1530556847 separate3_ID0000004 JOB_TERMINATED 704.0 condorpool - 8
1530556847 separate3_ID0000004 JOB_SUCCESS 0 condorpool - 8
1530556847 separate3_ID0000004 POST_SCRIPT_STARTED 704.0 condorpool - 8
1530556852 separate3_ID0000004 POST_SCRIPT_TERMINATED 704.0 condorpool - 8
1530556852 separate3_ID0000004 POST_SCRIPT_SUCCESS 0 condorpool - 8
1530556857 defilter_ID0000005 SUBMIT 705.0 condorpool - 9
1530556862 defilter_ID0000005 EXECUTE 705.0 condorpool - 9
1530556862 defilter_ID0000005 JOB_TERMINATED 705.0 condorpool - 9
1530556862 defilter_ID0000005 JOB_SUCCESS 0 condorpool - 9
1530556862 defilter_ID0000005 POST_SCRIPT_STARTED 705.0 condorpool - 9
1530556867 defilter_ID0000005 POST_SCRIPT_TERMINATED 705.0 condorpool - 9
1530556867 defilter_ID0000005 POST_SCRIPT_SUCCESS 0 condorpool - 9
1530556872 summarise_ID0000006 SUBMIT 706.0 condorpool - 10
1530556877 summarise_ID0000006 EXECUTE 706.0 condorpool - 10
1530556877 summarise_ID0000006 JOB_TERMINATED 706.0 condorpool - 10
1530556877 summarise_ID0000006 JOB_SUCCESS 0 condorpool - 10
1530556877 summarise_ID0000006 POST_SCRIPT_STARTED 706.0 condorpool - 10
1530556882 summarise_ID0000006 POST_SCRIPT_TERMINATED 706.0 condorpool - 10
1530556882 summarise_ID0000006 POST_SCRIPT_SUCCESS 0 condorpool - 10
1530556888 filteris_ID0000007 SUBMIT 707.0 condorpool - 11
1530556893 filteris_ID0000007 EXECUTE 707.0 condorpool - 11
1530556893 filteris_ID0000007 JOB_TERMINATED 707.0 condorpool - 11
1530556893 filteris_ID0000007 JOB_SUCCESS 0 condorpool - 11
1530556893 filteris_ID0000007 POST_SCRIPT_STARTED 707.0 condorpool - 11
1530556898 filteris_ID0000007 POST_SCRIPT_TERMINATED 707.0 condorpool - 11
1530556898 filteris_ID0000007 POST_SCRIPT_SUCCESS 0 condorpool - 11
1530556903 unite1_ID0000008 SUBMIT 708.0 condorpool - 12
1530556908 unite1_ID0000008 EXECUTE 708.0 condorpool - 12
1530556908 unite1_ID0000008 JOB_TERMINATED 708.0 condorpool - 12
1530556908 unite1_ID0000008 JOB_SUCCESS 0 condorpool - 12
1530556908 unite1_ID0000008 POST_SCRIPT_STARTED 708.0 condorpool - 12
1530556913 unite1_ID0000008 POST_SCRIPT_TERMINATED 708.0 condorpool - 12
1530556913 unite1_ID0000008 POST_SCRIPT_SUCCESS 0 condorpool - 12
1530556918 unite2_ID0000009 SUBMIT 709.0 condorpool - 13
1530556923 unite2_ID0000009 EXECUTE 709.0 condorpool - 13
1530556923 unite2_ID0000009 JOB_TERMINATED 709.0 condorpool - 13
1530556923 unite2_ID0000009 JOB_SUCCESS 0 condorpool - 13
1530556923 unite2_ID0000009 POST_SCRIPT_STARTED 709.0 condorpool - 13
1530556928 unite2_ID0000009 POST_SCRIPT_TERMINATED 709.0 condorpool - 13
1530556928 unite2_ID0000009 POST_SCRIPT_SUCCESS 0 condorpool - 13
1530556933 line_ID0000010 SUBMIT 710.0 condorpool - 14
1530556933 stage_out_local_local_9_0 SUBMIT 711.0 local - 15
1530556938 stage_out_local_local_9_0 EXECUTE 711.0 local - 15
1530556938 line_ID0000010 EXECUTE 710.0 condorpool - 14
1530556938 line_ID0000010 JOB_TERMINATED 710.0 condorpool - 14
1530556938 line_ID0000010 JOB_SUCCESS 0 condorpool - 14
1530556938 line_ID0000010 POST_SCRIPT_STARTED 710.0 condorpool - 14
1530556938 stage_out_local_local_9_0 JOB_TERMINATED 711.0 local - 15
1530556938 stage_out_local_local_9_0 JOB_SUCCESS 0 local - 15
1530556938 stage_out_local_local_9_0 POST_SCRIPT_STARTED 711.0 local - 15
1530556943 line_ID0000010 POST_SCRIPT_TERMINATED 710.0 condorpool - 14
1530556943 line_ID0000010 POST_SCRIPT_SUCCESS 0 condorpool - 14
1530556943 stage_out_local_local_9_0 POST_SCRIPT_TERMINATED 711.0 local - 15
1530556943 stage_out_local_local_9_0 POST_SCRIPT_SUCCESS 0 local - 15
1530556948 stage_out_local_local_10_0 SUBMIT 712.0 local - 16
1530556953 stage_out_local_local_10_0 EXECUTE 712.0 local - 16
1530556953 stage_out_local_local_10_0 JOB_TERMINATED 712.0 local - 16
1530556953 stage_out_local_local_10_0 JOB_SUCCESS 0 local - 16
1530556953 stage_out_local_local_10_0 POST_SCRIPT_STARTED 712.0 local - 16
1530556958 stage_out_local_local_10_0 POST_SCRIPT_TERMINATED 712.0 local - 16
1530556958 stage_out_local_local_10_0 POST_SCRIPT_SUCCESS 0 local - 16
1530556964 cleanup_wrangling_0_local SUBMIT 713.0 local - 17
1530556969 cleanup_wrangling_0_local EXECUTE 713.0 local - 17
1530556969 cleanup_wrangling_0_local JOB_TERMINATED 713.0 local - 17
1530556969 cleanup_wrangling_0_local JOB_SUCCESS 0 local - 17
1530556969 INTERNAL *** DAGMAN_FINISHED 0 ***
1530556970 INTERNAL *** MONITORD_FINISHED 0 ***
