000 (697.000.000) 07/02 19:39:25 Job submitted from host: <127.0.0.1:22062?addrs=127.0.0.1-22062>
    DAG Node: create_dir_wrangling_0_local
    pool:local
...
001 (697.000.000) 07/02 19:39:25 Job executing on host: <127.0.0.1:13376?addrs=127.0.0.1-13376>
...
005 (697.000.000) 07/02 19:39:27 Job terminated.
	(1) Normal termination (return value 0)
		Usr 0 00:00:00, Sys 0 00:00:00  -  Run Remote Usage
		Usr 0 00:00:00, Sys 0 00:00:00  -  Run Local Usage
		Usr 0 00:00:00, Sys 0 00:00:00  -  Total Remote Usage
		Usr 0 00:00:00, Sys 0 00:00:00  -  Total Local Usage
	0  -  Run Bytes Sent By Job
	0  -  Run Bytes Received By Job
	0  -  Total Bytes Sent By Job
	0  -  Total Bytes Received By Job
...
016 (697.000.000) 07/02 19:39:30 POST Script terminated.
	(1) Normal termination (return value 0)
    DAG Node: create_dir_wrangling_0_local
...
000 (698.000.000) 07/02 19:39:41 Job submitted from host: <127.0.0.1:22062?addrs=127.0.0.1-22062>
    DAG Node: svn_ID0000000
    pool:condorpool
...
001 (698.000.000) 07/02 19:39:41 Job executing on host: <127.0.0.1:26863?addrs=127.0.0.1-26863>
...
005 (698.000.000) 07/02 19:39:44 Job terminated.
	(1) Normal termination (return value 0)
		Usr 0 00:00:00, Sys 0 00:00:00  -  Run Remote Usage
		Usr 0 00:00:00, Sys 0 00:00:00  -  Run Local Usage
		Usr 0 00:00:00, Sys 0 00:00:00  -  Total Remote Usage
		Usr 0 00:00:00, Sys 0 00:00:00  -  Total Local Usage
	304622  -  Run Bytes Sent By Job
	10854727  -  Run Bytes Received By Job
	304622  -  Total Bytes Sent By Job
	10854727  -  Total Bytes Received By Job
	Partitionable Resources :    Usage  Request Allocated
	   Cpus                 :                 1         1
	   Disk (KB)            :    46555    12500   6353167
	   Memory (MB)          :        0        1       982
...
016 (698.000.000) 07/02 19:39:46 POST Script terminated.
	(1) Normal termination (return value 0)
    DAG Node: svn_ID0000000
...
000 (699.000.000) 07/02 19:39:56 Job submitted from host: <127.0.0.1:22062?addrs=127.0.0.1-22062>
    DAG Node: deselect_ID0000001
    pool:condorpool
...
000 (700.000.000) 07/02 19:39:56 Job submitted from host: <127.0.0.1:22062?addrs=127.0.0.1-22062>
    DAG Node: stage_out_local_local_0_0
    pool:local
...
001 (700.000.000) 07/02 19:39:56 Job executing on host: <127.0.0.1:36451?addrs=127.0.0.1-36451>
...
001 (699.000.000) 07/02 19:39:56 Job executing on host: <127.0.0.1:26863?addrs=127.0.0.1-26863>
...
005 (699.000.000) 07/02 19:39:57 Job terminated.
	(1) Normal termination (return value 0)
		Usr 0 00:00:00, Sys 0 00:00:00  -  Run Remote Usage
		Usr 0 00:00:00, Sys 0 00:00:00  -  Run Local Usage
		Usr 0 00:00:00, Sys 0 00:00:00  -  Total Remote Usage
		Usr 0 00:00:00, Sys 0 00:00:00  -  Total Local Usage
	289319  -  Run Bytes Sent By Job
	11154217  -  Run Bytes Received By Job
	289319  -  Total Bytes Sent By Job
	11154217  -  Total Bytes Received By Job
	Partitionable Resources :    Usage  Request Allocated
	   Cpus                 :                 1         1
	   Disk (KB)            :    45904    12500   6353167
	   Memory (MB)          :        0        1       982
...
005 (700.000.000) 07/02 19:39:58 Job terminated.
	(1) Normal termination (return value 0)
		Usr 0 00:00:00, Sys 0 00:00:00  -  Run Remote Usage
		Usr 0 00:00:00, Sys 0 00:00:00  -  Run Local Usage
		Usr 0 00:00:00, Sys 0 00:00:00  -  Total Remote Usage
		Usr 0 00:00:00, Sys 0 00:00:00  -  Total Local Usage
	0  -  Run Bytes Sent By Job
	0  -  Run Bytes Received By Job
	0  -  Total Bytes Sent By Job
	0  -  Total Bytes Received By Job
...
016 (699.000.000) 07/02 19:40:01 POST Script terminated.
	(1) Normal termination (return value 0)
    DAG Node: deselect_ID0000001
...
016 (700.000.000) 07/02 19:40:01 POST Script terminated.
	(1) Normal termination (return value 0)
    DAG Node: stage_out_local_local_0_0
...
000 (701.000.000) 07/02 19:40:11 Job submitted from host: <127.0.0.1:22062?addrs=127.0.0.1-22062>
    DAG Node: filterin_ID0000002
    pool:condorpool
...
000 (702.000.000) 07/02 19:40:11 Job submitted from host: <127.0.0.1:22062?addrs=127.0.0.1-22062>
    DAG Node: register_local_0_0
    pool:local
...
001 (702.000.000) 07/02 19:40:11 Job executing on host: <127.0.0.1:58661?addrs=127.0.0.1-58661>
...
001 (701.000.000) 07/02 19:40:11 Job executing on host: <127.0.0.1:26863?addrs=127.0.0.1-26863>
...
005 (702.000.000) 07/02 19:40:12 Job terminated.
	(1) Normal termination (return value 0)
		Usr 0 00:00:00, Sys 0 00:00:00  -  Run Remote Usage
		Usr 0 00:00:00, Sys 0 00:00:00  -  Run Local Usage
		Usr 0 00:00:00, Sys 0 00:00:00  -  Total Remote Usage
		Usr 0 00:00:00, Sys 0 00:00:00  -  Total Local Usage
	0  -  Run Bytes Sent By Job
	0  -  Run Bytes Received By Job
	0  -  Total Bytes Sent By Job
	0  -  Total Bytes Received By Job
...
005 (701.000.000) 07/02 19:40:12 Job terminated.
	(1) Normal termination (return value 0)
		Usr 0 00:00:00, Sys 0 00:00:00  -  Run Remote Usage
		Usr 0 00:00:00, Sys 0 00:00:00  -  Run Local Usage
		Usr 0 00:00:00, Sys 0 00:00:00  -  Total Remote Usage
		Usr 0 00:00:00, Sys 0 00:00:00  -  Total Local Usage
	156455  -  Run Bytes Sent By Job
	11138532  -  Run Bytes Received By Job
	156455  -  Total Bytes Sent By Job
	11138532  -  Total Bytes Received By Job
	Partitionable Resources :    Usage  Request Allocated
	   Cpus                 :                 1         1
	   Disk (KB)            :    45759    12500   6353167
	   Memory (MB)          :        0        1       982
...
016 (702.000.000) 07/02 19:40:16 POST Script terminated.
	(1) Normal termination (return value 0)
    DAG Node: register_local_0_0
...
016 (701.000.000) 07/02 19:40:16 POST Script terminated.
	(1) Normal termination (return value 0)
    DAG Node: filterin_ID0000002
...
000 (703.000.000) 07/02 19:40:26 Job submitted from host: <127.0.0.1:22062?addrs=127.0.0.1-22062>
    DAG Node: separate2_ID0000003
    pool:condorpool
...
001 (703.000.000) 07/02 19:40:27 Job executing on host: <127.0.0.1:26863?addrs=127.0.0.1-26863>
...
005 (703.000.000) 07/02 19:40:27 Job terminated.
	(1) Normal termination (return value 0)
		Usr 0 00:00:00, Sys 0 00:00:00  -  Run Remote Usage
		Usr 0 00:00:00, Sys 0 00:00:00  -  Run Local Usage
		Usr 0 00:00:00, Sys 0 00:00:00  -  Total Remote Usage
		Usr 0 00:00:00, Sys 0 00:00:00  -  Total Local Usage
	169612  -  Run Bytes Sent By Job
	11005644  -  Run Bytes Received By Job
	169612  -  Total Bytes Sent By Job
	11005644  -  Total Bytes Received By Job
	Partitionable Resources :    Usage  Request Allocated
	   Cpus                 :                 1         1
	   Disk (KB)            :    45642    12500   6353167
	   Memory (MB)          :        0        1       982
...
016 (703.000.000) 07/02 19:40:32 POST Script terminated.
	(1) Normal termination (return value 0)
    DAG Node: separate2_ID0000003
...
000 (704.000.000) 07/02 19:40:42 Job submitted from host: <127.0.0.1:22062?addrs=127.0.0.1-22062>
    DAG Node: separate3_ID0000004
    pool:condorpool
...
001 (704.000.000) 07/02 19:40:42 Job executing on host: <127.0.0.1:26863?addrs=127.0.0.1-26863>
...
005 (704.000.000) 07/02 19:40:43 Job terminated.
	(1) Normal termination (return value 0)
		Usr 0 00:00:00, Sys 0 00:00:00  -  Run Remote Usage
		Usr 0 00:00:00, Sys 0 00:00:00  -  Run Local Usage
		Usr 0 00:00:00, Sys 0 00:00:00  -  Total Remote Usage
		Usr 0 00:00:00, Sys 0 00:00:00  -  Total Local Usage
	186727  -  Run Bytes Sent By Job
	11018661  -  Run Bytes Received By Job
	186727  -  Total Bytes Sent By Job
	11018661  -  Total Bytes Received By Job
	Partitionable Resources :    Usage  Request Allocated
	   Cpus                 :                 1         1
	   Disk (KB)            :    45672    12500   6353167
	   Memory (MB)          :        0        1       982
...
016 (704.000.000) 07/02 19:40:47 POST Script terminated.
	(1) Normal termination (return value 0)
    DAG Node: separate3_ID0000004
...
000 (705.000.000) 07/02 19:40:57 Job submitted from host: <127.0.0.1:22062?addrs=127.0.0.1-22062>
    DAG Node: defilter_ID0000005
    pool:condorpool
...
001 (705.000.000) 07/02 19:40:57 Job executing on host: <127.0.0.1:26863?addrs=127.0.0.1-26863>
...
005 (705.000.000) 07/02 19:40:58 Job terminated.
	(1) Normal termination (return value 0)
		Usr 0 00:00:00, Sys 0 00:00:00  -  Run Remote Usage
		Usr 0 00:00:00, Sys 0 00:00:00  -  Run Local Usage
		Usr 0 00:00:00, Sys 0 00:00:00  -  Total Remote Usage
		Usr 0 00:00:00, Sys 0 00:00:00  -  Total Local Usage
	130295  -  Run Bytes Sent By Job
	11035717  -  Run Bytes Received By Job
	130295  -  Total Bytes Sent By Job
	11035717  -  Total Bytes Received By Job
	Partitionable Resources :    Usage  Request Allocated
	   Cpus                 :                 1         1
	   Disk (KB)            :    45633    12500   6353167
	   Memory (MB)          :        0        1       982
...
016 (705.000.000) 07/02 19:41:02 POST Script terminated.
	(1) Normal termination (return value 0)
    DAG Node: defilter_ID0000005
...
000 (706.000.000) 07/02 19:41:12 Job submitted from host: <127.0.0.1:22062?addrs=127.0.0.1-22062>
    DAG Node: summarise_ID0000006
    pool:condorpool
...
001 (706.000.000) 07/02 19:41:12 Job executing on host: <127.0.0.1:26863?addrs=127.0.0.1-26863>
...
005 (706.000.000) 07/02 19:41:13 Job terminated.
	(1) Normal termination (return value 0)
		Usr 0 00:00:00, Sys 0 00:00:00  -  Run Remote Usage
		Usr 0 00:00:00, Sys 0 00:00:00  -  Run Local Usage
		Usr 0 00:00:00, Sys 0 00:00:00  -  Total Remote Usage
		Usr 0 00:00:00, Sys 0 00:00:00  -  Total Local Usage
	17883  -  Run Bytes Sent By Job
	10979526  -  Run Bytes Received By Job
	17883  -  Total Bytes Sent By Job
	10979526  -  Total Bytes Received By Job
	Partitionable Resources :    Usage  Request Allocated
	   Cpus                 :                 1         1
	   Disk (KB)            :    45469    12500   6353167
	   Memory (MB)          :        0        1       982
...
016 (706.000.000) 07/02 19:41:17 POST Script terminated.
	(1) Normal termination (return value 0)
    DAG Node: summarise_ID0000006
...
000 (707.000.000) 07/02 19:41:28 Job submitted from host: <127.0.0.1:22062?addrs=127.0.0.1-22062>
    DAG Node: filteris_ID0000007
    pool:condorpool
...
001 (707.000.000) 07/02 19:41:28 Job executing on host: <127.0.0.1:26863?addrs=127.0.0.1-26863>
...
005 (707.000.000) 07/02 19:41:28 Job terminated.
	(1) Normal termination (return value 0)
		Usr 0 00:00:00, Sys 0 00:00:00  -  Run Remote Usage
		Usr 0 00:00:00, Sys 0 00:00:00  -  Run Local Usage
		Usr 0 00:00:00, Sys 0 00:00:00  -  Total Remote Usage
		Usr 0 00:00:00, Sys 0 00:00:00  -  Total Local Usage
	6099  -  Run Bytes Sent By Job
	10867188  -  Run Bytes Received By Job
	6099  -  Total Bytes Sent By Job
	10867188  -  Total Bytes Received By Job
	Partitionable Resources :    Usage  Request Allocated
	   Cpus                 :                 1         1
	   Disk (KB)            :    45348    12500   6353167
	   Memory (MB)          :        0        1       982
...
016 (707.000.000) 07/02 19:41:33 POST Script terminated.
	(1) Normal termination (return value 0)
    DAG Node: filteris_ID0000007
...
000 (708.000.000) 07/02 19:41:43 Job submitted from host: <127.0.0.1:22062?addrs=127.0.0.1-22062>
    DAG Node: unite1_ID0000008
    pool:condorpool
...
001 (708.000.000) 07/02 19:41:43 Job executing on host: <127.0.0.1:26863?addrs=127.0.0.1-26863>
...
005 (708.000.000) 07/02 19:41:44 Job terminated.
	(1) Normal termination (return value 0)
		Usr 0 00:00:00, Sys 0 00:00:00  -  Run Remote Usage
		Usr 0 00:00:00, Sys 0 00:00:00  -  Run Local Usage
		Usr 0 00:00:00, Sys 0 00:00:00  -  Total Remote Usage
		Usr 0 00:00:00, Sys 0 00:00:00  -  Total Local Usage
	6127  -  Run Bytes Sent By Job
	10855406  -  Run Bytes Received By Job
	6127  -  Total Bytes Sent By Job
	10855406  -  Total Bytes Received By Job
	Partitionable Resources :    Usage  Request Allocated
	   Cpus                 :                 1         1
	   Disk (KB)            :    45336    12500   6353167
	   Memory (MB)          :        0        1       982
...
016 (708.000.000) 07/02 19:41:48 POST Script terminated.
	(1) Normal termination (return value 0)
    DAG Node: unite1_ID0000008
...
000 (709.000.000) 07/02 19:41:58 Job submitted from host: <127.0.0.1:22062?addrs=127.0.0.1-22062>
    DAG Node: unite2_ID0000009
    pool:condorpool
...
001 (709.000.000) 07/02 19:41:58 Job executing on host: <127.0.0.1:26863?addrs=127.0.0.1-26863>
...
005 (709.000.000) 07/02 19:41:59 Job terminated.
	(1) Normal termination (return value 0)
		Usr 0 00:00:00, Sys 0 00:00:00  -  Run Remote Usage
		Usr 0 00:00:00, Sys 0 00:00:00  -  Run Local Usage
		Usr 0 00:00:00, Sys 0 00:00:00  -  Total Remote Usage
		Usr 0 00:00:00, Sys 0 00:00:00  -  Total Local Usage
	6136  -  Run Bytes Sent By Job
	10855509  -  Run Bytes Received By Job
	6136  -  Total Bytes Sent By Job
	10855509  -  Total Bytes Received By Job
	Partitionable Resources :    Usage  Request Allocated
	   Cpus                 :                 1         1
	   Disk (KB)            :    45336    12500   6353167
	   Memory (MB)          :        0        1       982
...
016 (709.000.000) 07/02 19:42:03 POST Script terminated.
	(1) Normal termination (return value 0)
    DAG Node: unite2_ID0000009
...
000 (710.000.000) 07/02 19:42:13 Job submitted from host: <127.0.0.1:22062?addrs=127.0.0.1-22062>
    DAG Node: line_ID0000010
    pool:condorpool
...
000 (711.000.000) 07/02 19:42:13 Job submitted from host: <127.0.0.1:22062?addrs=127.0.0.1-22062>
    DAG Node: stage_out_local_local_9_0
    pool:local
...
001 (711.000.000) 07/02 19:42:13 Job executing on host: <127.0.0.1:7308?addrs=127.0.0.1-7308>
...
001 (710.000.000) 07/02 19:42:13 Job executing on host: <127.0.0.1:26863?addrs=127.0.0.1-26863>
...
005 (710.000.000) 07/02 19:42:14 Job terminated.
	(1) Normal termination (return value 0)
		Usr 0 00:00:00, Sys 0 00:00:00  -  Run Remote Usage
		Usr 0 00:00:00, Sys 0 00:00:00  -  Run Local Usage
		Usr 0 00:00:00, Sys 0 00:00:00  -  Total Remote Usage
		Usr 0 00:00:00, Sys 0 00:00:00  -  Total Local Usage
	10607  -  Run Bytes Sent By Job
	10855522  -  Run Bytes Received By Job
	10607  -  Total Bytes Sent By Job
	10855522  -  Total Bytes Received By Job
	Partitionable Resources :    Usage  Request Allocated
	   Cpus                 :                 1         1
	   Disk (KB)            :    45341    12500   6353167
	   Memory (MB)          :        0        1       982
...
005 (711.000.000) 07/02 19:42:15 Job terminated.
	(1) Normal termination (return value 0)
		Usr 0 00:00:00, Sys 0 00:00:00  -  Run Remote Usage
		Usr 0 00:00:00, Sys 0 00:00:00  -  Run Local Usage
		Usr 0 00:00:00, Sys 0 00:00:00  -  Total Remote Usage
		Usr 0 00:00:00, Sys 0 00:00:00  -  Total Local Usage
	0  -  Run Bytes Sent By Job
	0  -  Run Bytes Received By Job
	0  -  Total Bytes Sent By Job
	0  -  Total Bytes Received By Job
...
016 (710.000.000) 07/02 19:42:18 POST Script terminated.
	(1) Normal termination (return value 0)
    DAG Node: line_ID0000010
...
016 (711.000.000) 07/02 19:42:18 POST Script terminated.
	(1) Normal termination (return value 0)
    DAG Node: stage_out_local_local_9_0
...
000 (712.000.000) 07/02 19:42:28 Job submitted from host: <127.0.0.1:22062?addrs=127.0.0.1-22062>
    DAG Node: stage_out_local_local_10_0
    pool:local
...
001 (712.000.000) 07/02 19:42:28 Job executing on host: <127.0.0.1:30962?addrs=127.0.0.1-30962>
...
005 (712.000.000) 07/02 19:42:31 Job terminated.
	(1) Normal termination (return value 0)
		Usr 0 00:00:00, Sys 0 00:00:00  -  Run Remote Usage
		Usr 0 00:00:00, Sys 0 00:00:00  -  Run Local Usage
		Usr 0 00:00:00, Sys 0 00:00:00  -  Total Remote Usage
		Usr 0 00:00:00, Sys 0 00:00:00  -  Total Local Usage
	0  -  Run Bytes Sent By Job
	0  -  Run Bytes Received By Job
	0  -  Total Bytes Sent By Job
	0  -  Total Bytes Received By Job
...
016 (712.000.000) 07/02 19:42:33 POST Script terminated.
	(1) Normal termination (return value 0)
    DAG Node: stage_out_local_local_10_0
...
000 (713.000.000) 07/02 19:42:44 Job submitted from host: <127.0.0.1:22062?addrs=127.0.0.1-22062>
    DAG Node: cleanup_wrangling_0_local
    pool:local
...
001 (713.000.000) 07/02 19:42:44 Job executing on host: <127.0.0.1:51835?addrs=127.0.0.1-51835>
...
005 (713.000.000) 07/02 19:42:46 Job terminated.
	(1) Normal termination (return value 0)
		Usr 0 00:00:00, Sys 0 00:00:00  -  Run Remote Usage
		Usr 0 00:00:00, Sys 0 00:00:00  -  Run Local Usage
		Usr 0 00:00:00, Sys 0 00:00:00  -  Total Remote Usage
		Usr 0 00:00:00, Sys 0 00:00:00  -  Total Local Usage
	0  -  Run Bytes Sent By Job
	0  -  Run Bytes Received By Job
	0  -  Total Bytes Sent By Job
	0  -  Total Bytes Received By Job
...
