07/09/18 15:22:33 ******************************************************
07/09/18 15:22:33 ** condor_scheduniv_exec.815.0 (CONDOR_DAGMAN) STARTING UP
07/09/18 15:22:33 ** /usr/bin/condor_dagman
07/09/18 15:22:33 ** SubsystemInfo: name=DAGMAN type=DAGMAN(10) class=DAEMON(1)
07/09/18 15:22:33 ** Configuration: subsystem:DAGMAN local:<NONE> class:DAEMON
07/09/18 15:22:33 ** $CondorVersion: 8.4.2 Feb 22 2016 BuildID: Debian-8.4.2~dfsg.1-1build1 Debian-8.4.2~dfsg.1-1build1 $
07/09/18 15:22:33 ** $CondorPlatform: X86_64-Ubuntu_ $
07/09/18 15:22:33 ** PID = 10748
07/09/18 15:22:33 ** Log last touched time unavailable (No such file or directory)
07/09/18 15:22:33 ******************************************************
07/09/18 15:22:33 Using config source: /etc/condor/condor_config
07/09/18 15:22:33 Using local config sources: 
07/09/18 15:22:33    /etc/condor/config.d/00debconf
07/09/18 15:22:33    /etc/condor/condor_config.local
07/09/18 15:22:33 config Macros = 69, Sorted = 69, StringBytes = 2036, TablesBytes = 2540
07/09/18 15:22:33 CLASSAD_CACHING is ENABLED
07/09/18 15:22:33 Daemon Log is logging: D_ALWAYS D_ERROR
07/09/18 15:22:33 DaemonCore: No command port requested.
07/09/18 15:22:33 DAGMAN_USE_STRICT setting: 1
07/09/18 15:22:33 DAGMAN_VERBOSITY setting: 3
07/09/18 15:22:33 DAGMAN_DEBUG_CACHE_SIZE setting: 5242880
07/09/18 15:22:33 DAGMAN_DEBUG_CACHE_ENABLE setting: False
07/09/18 15:22:33 DAGMAN_SUBMIT_DELAY setting: 0
07/09/18 15:22:33 DAGMAN_MAX_SUBMIT_ATTEMPTS setting: 6
07/09/18 15:22:33 DAGMAN_STARTUP_CYCLE_DETECT setting: False
07/09/18 15:22:33 DAGMAN_MAX_SUBMITS_PER_INTERVAL setting: 5
07/09/18 15:22:33 DAGMAN_USER_LOG_SCAN_INTERVAL setting: 5
07/09/18 15:22:33 DAGMAN_DEFAULT_PRIORITY setting: 0
07/09/18 15:22:33 DAGMAN_SUPPRESS_NOTIFICATION setting: True
07/09/18 15:22:33 allow_events (DAGMAN_ALLOW_EVENTS) setting: 114
07/09/18 15:22:33 DAGMAN_RETRY_SUBMIT_FIRST setting: True
07/09/18 15:22:33 DAGMAN_RETRY_NODE_FIRST setting: False
07/09/18 15:22:33 DAGMAN_MAX_JOBS_IDLE setting: 1000
07/09/18 15:22:33 DAGMAN_MAX_JOBS_SUBMITTED setting: 0
07/09/18 15:22:33 DAGMAN_MAX_PRE_SCRIPTS setting: 20
07/09/18 15:22:33 DAGMAN_MAX_POST_SCRIPTS setting: 20
07/09/18 15:22:33 DAGMAN_ALLOW_LOG_ERROR setting: False
07/09/18 15:22:33 DAGMAN_MUNGE_NODE_NAMES setting: True
07/09/18 15:22:33 DAGMAN_PROHIBIT_MULTI_JOBS setting: False
07/09/18 15:22:33 DAGMAN_SUBMIT_DEPTH_FIRST setting: False
07/09/18 15:22:33 DAGMAN_ALWAYS_RUN_POST setting: True
07/09/18 15:22:33 DAGMAN_ABORT_DUPLICATES setting: True
07/09/18 15:22:33 DAGMAN_ABORT_ON_SCARY_SUBMIT setting: True
07/09/18 15:22:33 DAGMAN_PENDING_REPORT_INTERVAL setting: 600
07/09/18 15:22:33 DAGMAN_AUTO_RESCUE setting: True
07/09/18 15:22:33 DAGMAN_MAX_RESCUE_NUM setting: 100
07/09/18 15:22:33 DAGMAN_WRITE_PARTIAL_RESCUE setting: True
07/09/18 15:22:33 DAGMAN_DEFAULT_NODE_LOG setting: @(DAG_DIR)/@(DAG_FILE).nodes.log
07/09/18 15:22:33 DAGMAN_GENERATE_SUBDAG_SUBMITS setting: True
07/09/18 15:22:33 DAGMAN_MAX_JOB_HOLDS setting: 100
07/09/18 15:22:33 DAGMAN_HOLD_CLAIM_TIME setting: 20
07/09/18 15:22:33 ALL_DEBUG setting: 
07/09/18 15:22:33 DAGMAN_DEBUG setting: 
07/09/18 15:22:33 DAGMAN_SUPPRESS_JOB_LOGS setting: False
07/09/18 15:22:33 argv[0] == "condor_scheduniv_exec.815.0"
07/09/18 15:22:33 argv[1] == "-Lockfile"
07/09/18 15:22:33 argv[2] == "wrangling-0.dag.lock"
07/09/18 15:22:33 argv[3] == "-AutoRescue"
07/09/18 15:22:33 argv[4] == "1"
07/09/18 15:22:33 argv[5] == "-DoRescueFrom"
07/09/18 15:22:33 argv[6] == "0"
07/09/18 15:22:33 argv[7] == "-Dag"
07/09/18 15:22:33 argv[8] == "wrangling-0.dag"
07/09/18 15:22:33 argv[9] == "-MaxPost"
07/09/18 15:22:33 argv[10] == "20"
07/09/18 15:22:33 argv[11] == "-Suppress_notification"
07/09/18 15:22:33 argv[12] == "-CsdVersion"
07/09/18 15:22:33 argv[13] == "$CondorVersion: 8.4.2 Feb 22 2016 BuildID: Debian-8.4.2~dfsg.1-1build1 Debian-8.4.2~dfsg.1-1build1 $"
07/09/18 15:22:33 argv[14] == "-Dagman"
07/09/18 15:22:33 argv[15] == "/usr/bin/condor_dagman"
07/09/18 15:22:33 Warning: failed to get attribute DAGNodeName
07/09/18 15:22:33 Default node log file is: </home/qh/wranglingWF/submit/qh/pegasus/wrangling/run0006/./wrangling-0.dag.nodes.log>
07/09/18 15:22:33 DAG Lockfile will be written to wrangling-0.dag.lock
07/09/18 15:22:33 DAG Input file is wrangling-0.dag
07/09/18 15:22:33 Parsing 1 dagfiles
07/09/18 15:22:33 Parsing wrangling-0.dag ...
07/09/18 15:22:33 Warning: category registration has no throttle value set
07/09/18 15:22:33 Warning: category stagein has no assigned nodes, so the throttle setting (10) will have no effect
07/09/18 15:22:33 Warning: category cleanup has no assigned nodes, so the throttle setting (4) will have no effect
07/09/18 15:22:33 Dag contains 19 total jobs
07/09/18 15:22:33 Sleeping for 3 seconds to ensure ProcessId uniqueness
07/09/18 15:22:36 Bootstrapping...
07/09/18 15:22:36 Number of pre-completed nodes: 0
07/09/18 15:22:36 MultiLogFiles: truncating log file /home/qh/wranglingWF/submit/qh/pegasus/wrangling/run0006/./wrangling-0.dag.nodes.log
07/09/18 15:22:36 DAG status: 0 (DAG_STATUS_OK)
07/09/18 15:22:36 Of 19 nodes total:
07/09/18 15:22:36  Done     Pre   Queued    Post   Ready   Un-Ready   Failed
07/09/18 15:22:36   ===     ===      ===     ===     ===        ===      ===
07/09/18 15:22:36     0       0        0       0       1         18        0
07/09/18 15:22:36 0 job proc(s) currently held
07/09/18 15:22:36 Registering condor_event_timer...
07/09/18 15:22:37 Submitting Condor Node create_dir_wrangling_0_local job(s)...
07/09/18 15:22:37 Adding a DAGMan workflow log /home/qh/wranglingWF/submit/qh/pegasus/wrangling/run0006/./wrangling-0.dag.nodes.log
07/09/18 15:22:37 Masking the events recorded in the DAGMAN workflow log
07/09/18 15:22:37 Mask for workflow log is 0,1,2,4,5,7,9,10,11,12,13,16,17,24,27
07/09/18 15:22:37 submitting: /usr/bin/condor_submit -a dag_node_name' '=' 'create_dir_wrangling_0_local -a +DAGManJobId' '=' '815 -a DAGManJobId' '=' '815 -a submit_event_notes' '=' 'DAG' 'Node:' 'create_dir_wrangling_0_local -a dagman_log' '=' '/home/qh/wranglingWF/submit/qh/pegasus/wrangling/run0006/./wrangling-0.dag.nodes.log -a +DAGManNodesMask' '=' '"0,1,2,4,5,7,9,10,11,12,13,16,17,24,27" -a +DAGNodeRetry' '=' '0 -a DAG_STATUS' '=' '0 -a FAILED_COUNT' '=' '0 -a +DAGParentNodeNames' '=' '"" -a +KeepClaimIdle' '=' '20 -a notification' '=' 'never 00/00/create_dir_wrangling_0_local.sub
07/09/18 15:22:37 From submit: Submitting job(s).
07/09/18 15:22:37 From submit: 1 job(s) submitted to cluster 816.
07/09/18 15:22:37 	assigned Condor ID (816.0.0)
07/09/18 15:22:37 Just submitted 1 job this cycle...
07/09/18 15:22:37 Currently monitoring 1 Condor log file(s)
07/09/18 15:22:37 Reassigning the id of job create_dir_wrangling_0_local from (816.0.0) to (816.0.0)
07/09/18 15:22:37 Event: ULOG_SUBMIT for Condor Node create_dir_wrangling_0_local (816.0.0)
07/09/18 15:22:37 Number of idle job procs: 1
07/09/18 15:22:37 DAG status: 0 (DAG_STATUS_OK)
07/09/18 15:22:37 Of 19 nodes total:
07/09/18 15:22:37  Done     Pre   Queued    Post   Ready   Un-Ready   Failed
07/09/18 15:22:37   ===     ===      ===     ===     ===        ===      ===
07/09/18 15:22:37     0       0        1       0       0         18        0
07/09/18 15:22:37 0 job proc(s) currently held
07/09/18 15:22:42 Currently monitoring 1 Condor log file(s)
07/09/18 15:22:42 Event: ULOG_EXECUTE for Condor Node create_dir_wrangling_0_local (816.0.0)
07/09/18 15:22:42 Number of idle job procs: 0
07/09/18 15:22:42 Event: ULOG_JOB_TERMINATED for Condor Node create_dir_wrangling_0_local (816.0.0)
07/09/18 15:22:42 Number of idle job procs: 0
07/09/18 15:22:42 Node create_dir_wrangling_0_local job proc (816.0.0) completed successfully.
07/09/18 15:22:42 Node create_dir_wrangling_0_local job completed
07/09/18 15:22:42 Running POST script of Node create_dir_wrangling_0_local...
07/09/18 15:22:42 Warning: mysin has length 0 (ignore if produced by DAGMan; see gittrac #4987, #5031)
07/09/18 15:22:42 DAG status: 0 (DAG_STATUS_OK)
07/09/18 15:22:42 Of 19 nodes total:
07/09/18 15:22:42  Done     Pre   Queued    Post   Ready   Un-Ready   Failed
07/09/18 15:22:42   ===     ===      ===     ===     ===        ===      ===
07/09/18 15:22:42     0       0        0       1       0         18        0
07/09/18 15:22:42 0 job proc(s) currently held
07/09/18 15:22:42 Initializing user log writer for /home/qh/wranglingWF/submit/qh/pegasus/wrangling/run0006/./wrangling-0.dag.nodes.log, (816.0.0)
07/09/18 15:22:47 Currently monitoring 1 Condor log file(s)
07/09/18 15:22:47 Event: ULOG_POST_SCRIPT_TERMINATED for Condor Node create_dir_wrangling_0_local (816.0.0)
07/09/18 15:22:47 POST Script of Node create_dir_wrangling_0_local completed successfully.
07/09/18 15:22:47 DAG status: 0 (DAG_STATUS_OK)
07/09/18 15:22:47 Of 19 nodes total:
07/09/18 15:22:47  Done     Pre   Queued    Post   Ready   Un-Ready   Failed
07/09/18 15:22:47   ===     ===      ===     ===     ===        ===      ===
07/09/18 15:22:47     1       0        0       0       1         17        0
07/09/18 15:22:47 0 job proc(s) currently held
07/09/18 15:22:52 Submitting Condor Node svn0_ID0000000 job(s)...
07/09/18 15:22:52 Adding a DAGMan workflow log /home/qh/wranglingWF/submit/qh/pegasus/wrangling/run0006/./wrangling-0.dag.nodes.log
07/09/18 15:22:52 Masking the events recorded in the DAGMAN workflow log
07/09/18 15:22:52 Mask for workflow log is 0,1,2,4,5,7,9,10,11,12,13,16,17,24,27
07/09/18 15:22:52 submitting: /usr/bin/condor_submit -a dag_node_name' '=' 'svn0_ID0000000 -a +DAGManJobId' '=' '815 -a DAGManJobId' '=' '815 -a submit_event_notes' '=' 'DAG' 'Node:' 'svn0_ID0000000 -a dagman_log' '=' '/home/qh/wranglingWF/submit/qh/pegasus/wrangling/run0006/./wrangling-0.dag.nodes.log -a +DAGManNodesMask' '=' '"0,1,2,4,5,7,9,10,11,12,13,16,17,24,27" -a +DAGNodeRetry' '=' '0 -a DAG_STATUS' '=' '0 -a FAILED_COUNT' '=' '0 -a +DAGParentNodeNames' '=' '"create_dir_wrangling_0_local" -a +KeepClaimIdle' '=' '20 -a notification' '=' 'never 00/00/svn0_ID0000000.sub
07/09/18 15:22:52 From submit: Submitting job(s).
07/09/18 15:22:52 From submit: 1 job(s) submitted to cluster 817.
07/09/18 15:22:52 	assigned Condor ID (817.0.0)
07/09/18 15:22:52 Just submitted 1 job this cycle...
07/09/18 15:22:52 Currently monitoring 1 Condor log file(s)
07/09/18 15:22:52 Reassigning the id of job svn0_ID0000000 from (817.0.0) to (817.0.0)
07/09/18 15:22:52 Event: ULOG_SUBMIT for Condor Node svn0_ID0000000 (817.0.0)
07/09/18 15:22:52 Number of idle job procs: 1
07/09/18 15:22:52 DAG status: 0 (DAG_STATUS_OK)
07/09/18 15:22:52 Of 19 nodes total:
07/09/18 15:22:52  Done     Pre   Queued    Post   Ready   Un-Ready   Failed
07/09/18 15:22:52   ===     ===      ===     ===     ===        ===      ===
07/09/18 15:22:52     1       0        1       0       0         17        0
07/09/18 15:22:52 0 job proc(s) currently held
07/09/18 15:22:57 Currently monitoring 1 Condor log file(s)
07/09/18 15:22:57 Event: ULOG_EXECUTE for Condor Node svn0_ID0000000 (817.0.0)
07/09/18 15:22:57 Number of idle job procs: 0
07/09/18 15:22:57 Event: ULOG_JOB_TERMINATED for Condor Node svn0_ID0000000 (817.0.0)
07/09/18 15:22:57 Number of idle job procs: 0
07/09/18 15:22:57 Node svn0_ID0000000 job proc (817.0.0) completed successfully.
07/09/18 15:22:57 Node svn0_ID0000000 job completed
07/09/18 15:22:57 Running POST script of Node svn0_ID0000000...
07/09/18 15:22:57 Warning: mysin has length 0 (ignore if produced by DAGMan; see gittrac #4987, #5031)
07/09/18 15:22:57 DAG status: 0 (DAG_STATUS_OK)
07/09/18 15:22:57 Of 19 nodes total:
07/09/18 15:22:57  Done     Pre   Queued    Post   Ready   Un-Ready   Failed
07/09/18 15:22:57   ===     ===      ===     ===     ===        ===      ===
07/09/18 15:22:57     1       0        0       1       0         17        0
07/09/18 15:22:57 0 job proc(s) currently held
07/09/18 15:22:58 Initializing user log writer for /home/qh/wranglingWF/submit/qh/pegasus/wrangling/run0006/./wrangling-0.dag.nodes.log, (817.0.0)
07/09/18 15:23:02 Currently monitoring 1 Condor log file(s)
07/09/18 15:23:02 Event: ULOG_POST_SCRIPT_TERMINATED for Condor Node svn0_ID0000000 (817.0.0)
07/09/18 15:23:02 POST Script of Node svn0_ID0000000 completed successfully.
07/09/18 15:23:02 DAG status: 0 (DAG_STATUS_OK)
07/09/18 15:23:02 Of 19 nodes total:
07/09/18 15:23:02  Done     Pre   Queued    Post   Ready   Un-Ready   Failed
07/09/18 15:23:02   ===     ===      ===     ===     ===        ===      ===
07/09/18 15:23:02     2       0        0       0       3         14        0
07/09/18 15:23:02 0 job proc(s) currently held
07/09/18 15:23:07 Submitting Condor Node filter1_ID0000002 job(s)...
07/09/18 15:23:07 Adding a DAGMan workflow log /home/qh/wranglingWF/submit/qh/pegasus/wrangling/run0006/./wrangling-0.dag.nodes.log
07/09/18 15:23:07 Masking the events recorded in the DAGMAN workflow log
07/09/18 15:23:07 Mask for workflow log is 0,1,2,4,5,7,9,10,11,12,13,16,17,24,27
07/09/18 15:23:07 submitting: /usr/bin/condor_submit -a dag_node_name' '=' 'filter1_ID0000002 -a +DAGManJobId' '=' '815 -a DAGManJobId' '=' '815 -a submit_event_notes' '=' 'DAG' 'Node:' 'filter1_ID0000002 -a dagman_log' '=' '/home/qh/wranglingWF/submit/qh/pegasus/wrangling/run0006/./wrangling-0.dag.nodes.log -a +DAGManNodesMask' '=' '"0,1,2,4,5,7,9,10,11,12,13,16,17,24,27" -a +DAGNodeRetry' '=' '0 -a DAG_STATUS' '=' '0 -a FAILED_COUNT' '=' '0 -a +DAGParentNodeNames' '=' '"svn0_ID0000000" -a +KeepClaimIdle' '=' '20 -a notification' '=' 'never 00/00/filter1_ID0000002.sub
07/09/18 15:23:07 From submit: Submitting job(s).
07/09/18 15:23:07 From submit: 1 job(s) submitted to cluster 818.
07/09/18 15:23:07 	assigned Condor ID (818.0.0)
07/09/18 15:23:07 Submitting Condor Node stage_out_local_local_0_0 job(s)...
07/09/18 15:23:07 Adding a DAGMan workflow log /home/qh/wranglingWF/submit/qh/pegasus/wrangling/run0006/./wrangling-0.dag.nodes.log
07/09/18 15:23:07 Masking the events recorded in the DAGMAN workflow log
07/09/18 15:23:07 Mask for workflow log is 0,1,2,4,5,7,9,10,11,12,13,16,17,24,27
07/09/18 15:23:07 submitting: /usr/bin/condor_submit -a dag_node_name' '=' 'stage_out_local_local_0_0 -a +DAGManJobId' '=' '815 -a DAGManJobId' '=' '815 -a submit_event_notes' '=' 'DAG' 'Node:' 'stage_out_local_local_0_0 -a dagman_log' '=' '/home/qh/wranglingWF/submit/qh/pegasus/wrangling/run0006/./wrangling-0.dag.nodes.log -a +DAGManNodesMask' '=' '"0,1,2,4,5,7,9,10,11,12,13,16,17,24,27" -a +DAGNodeRetry' '=' '0 -a DAG_STATUS' '=' '0 -a FAILED_COUNT' '=' '0 -a +DAGParentNodeNames' '=' '"svn0_ID0000000" -a +KeepClaimIdle' '=' '20 -a notification' '=' 'never 00/00/stage_out_local_local_0_0.sub
07/09/18 15:23:07 From submit: Submitting job(s).
07/09/18 15:23:07 From submit: 1 job(s) submitted to cluster 819.
07/09/18 15:23:07 	assigned Condor ID (819.0.0)
07/09/18 15:23:07 Submitting Condor Node filter1_ID0000001 job(s)...
07/09/18 15:23:07 Adding a DAGMan workflow log /home/qh/wranglingWF/submit/qh/pegasus/wrangling/run0006/./wrangling-0.dag.nodes.log
07/09/18 15:23:07 Masking the events recorded in the DAGMAN workflow log
07/09/18 15:23:07 Mask for workflow log is 0,1,2,4,5,7,9,10,11,12,13,16,17,24,27
07/09/18 15:23:07 submitting: /usr/bin/condor_submit -a dag_node_name' '=' 'filter1_ID0000001 -a +DAGManJobId' '=' '815 -a DAGManJobId' '=' '815 -a submit_event_notes' '=' 'DAG' 'Node:' 'filter1_ID0000001 -a dagman_log' '=' '/home/qh/wranglingWF/submit/qh/pegasus/wrangling/run0006/./wrangling-0.dag.nodes.log -a +DAGManNodesMask' '=' '"0,1,2,4,5,7,9,10,11,12,13,16,17,24,27" -a +DAGNodeRetry' '=' '0 -a DAG_STATUS' '=' '0 -a FAILED_COUNT' '=' '0 -a +DAGParentNodeNames' '=' '"svn0_ID0000000" -a +KeepClaimIdle' '=' '20 -a notification' '=' 'never 00/00/filter1_ID0000001.sub
07/09/18 15:23:07 From submit: Submitting job(s).
07/09/18 15:23:07 From submit: 1 job(s) submitted to cluster 820.
07/09/18 15:23:07 	assigned Condor ID (820.0.0)
07/09/18 15:23:07 Just submitted 3 jobs this cycle...
07/09/18 15:23:07 Currently monitoring 1 Condor log file(s)
07/09/18 15:23:07 Reassigning the id of job filter1_ID0000002 from (818.0.0) to (818.0.0)
07/09/18 15:23:07 Event: ULOG_SUBMIT for Condor Node filter1_ID0000002 (818.0.0)
07/09/18 15:23:07 Number of idle job procs: 1
07/09/18 15:23:07 Reassigning the id of job stage_out_local_local_0_0 from (819.0.0) to (819.0.0)
07/09/18 15:23:07 Event: ULOG_SUBMIT for Condor Node stage_out_local_local_0_0 (819.0.0)
07/09/18 15:23:07 Number of idle job procs: 2
07/09/18 15:23:07 Reassigning the id of job filter1_ID0000001 from (820.0.0) to (820.0.0)
07/09/18 15:23:07 Event: ULOG_SUBMIT for Condor Node filter1_ID0000001 (820.0.0)
07/09/18 15:23:07 Number of idle job procs: 3
07/09/18 15:23:07 DAG status: 0 (DAG_STATUS_OK)
07/09/18 15:23:07 Of 19 nodes total:
07/09/18 15:23:07  Done     Pre   Queued    Post   Ready   Un-Ready   Failed
07/09/18 15:23:07   ===     ===      ===     ===     ===        ===      ===
07/09/18 15:23:07     2       0        3       0       0         14        0
07/09/18 15:23:07 0 job proc(s) currently held
07/09/18 15:23:12 Currently monitoring 1 Condor log file(s)
07/09/18 15:23:12 Event: ULOG_EXECUTE for Condor Node stage_out_local_local_0_0 (819.0.0)
07/09/18 15:23:12 Number of idle job procs: 2
07/09/18 15:23:12 Event: ULOG_EXECUTE for Condor Node filter1_ID0000002 (818.0.0)
07/09/18 15:23:12 Number of idle job procs: 1
07/09/18 15:23:12 Event: ULOG_JOB_TERMINATED for Condor Node filter1_ID0000002 (818.0.0)
07/09/18 15:23:12 Number of idle job procs: 1
07/09/18 15:23:12 Node filter1_ID0000002 job proc (818.0.0) completed successfully.
07/09/18 15:23:12 Node filter1_ID0000002 job completed
07/09/18 15:23:12 Running POST script of Node filter1_ID0000002...
07/09/18 15:23:12 Warning: mysin has length 0 (ignore if produced by DAGMan; see gittrac #4987, #5031)
07/09/18 15:23:12 Event: ULOG_EXECUTE for Condor Node filter1_ID0000001 (820.0.0)
07/09/18 15:23:12 Number of idle job procs: 0
07/09/18 15:23:12 Event: ULOG_JOB_TERMINATED for Condor Node stage_out_local_local_0_0 (819.0.0)
07/09/18 15:23:12 Number of idle job procs: 0
07/09/18 15:23:12 Node stage_out_local_local_0_0 job proc (819.0.0) completed successfully.
07/09/18 15:23:12 Node stage_out_local_local_0_0 job completed
07/09/18 15:23:12 Running POST script of Node stage_out_local_local_0_0...
07/09/18 15:23:12 Warning: mysin has length 0 (ignore if produced by DAGMan; see gittrac #4987, #5031)
07/09/18 15:23:12 Event: ULOG_JOB_TERMINATED for Condor Node filter1_ID0000001 (820.0.0)
07/09/18 15:23:12 Number of idle job procs: 0
07/09/18 15:23:12 Node filter1_ID0000001 job proc (820.0.0) completed successfully.
07/09/18 15:23:12 Node filter1_ID0000001 job completed
07/09/18 15:23:12 Running POST script of Node filter1_ID0000001...
07/09/18 15:23:12 Warning: mysin has length 0 (ignore if produced by DAGMan; see gittrac #4987, #5031)
07/09/18 15:23:12 DAG status: 0 (DAG_STATUS_OK)
07/09/18 15:23:12 Of 19 nodes total:
07/09/18 15:23:12  Done     Pre   Queued    Post   Ready   Un-Ready   Failed
07/09/18 15:23:12   ===     ===      ===     ===     ===        ===      ===
07/09/18 15:23:12     2       0        0       3       0         14        0
07/09/18 15:23:12 0 job proc(s) currently held
07/09/18 15:23:12 Initializing user log writer for /home/qh/wranglingWF/submit/qh/pegasus/wrangling/run0006/./wrangling-0.dag.nodes.log, (818.0.0)
07/09/18 15:23:12 Initializing user log writer for /home/qh/wranglingWF/submit/qh/pegasus/wrangling/run0006/./wrangling-0.dag.nodes.log, (819.0.0)
07/09/18 15:23:12 Initializing user log writer for /home/qh/wranglingWF/submit/qh/pegasus/wrangling/run0006/./wrangling-0.dag.nodes.log, (820.0.0)
07/09/18 15:23:17 Currently monitoring 1 Condor log file(s)
07/09/18 15:23:17 Event: ULOG_POST_SCRIPT_TERMINATED for Condor Node filter1_ID0000002 (818.0.0)
07/09/18 15:23:17 POST Script of Node filter1_ID0000002 completed successfully.
07/09/18 15:23:17 Event: ULOG_POST_SCRIPT_TERMINATED for Condor Node stage_out_local_local_0_0 (819.0.0)
07/09/18 15:23:17 POST Script of Node stage_out_local_local_0_0 completed successfully.
07/09/18 15:23:17 Event: ULOG_POST_SCRIPT_TERMINATED for Condor Node filter1_ID0000001 (820.0.0)
07/09/18 15:23:17 POST Script of Node filter1_ID0000001 completed successfully.
07/09/18 15:23:17 DAG status: 0 (DAG_STATUS_OK)
07/09/18 15:23:17 Of 19 nodes total:
07/09/18 15:23:17  Done     Pre   Queued    Post   Ready   Un-Ready   Failed
07/09/18 15:23:17   ===     ===      ===     ===     ===        ===      ===
07/09/18 15:23:17     5       0        0       0       3         11        0
07/09/18 15:23:17 0 job proc(s) currently held
07/09/18 15:23:22 Submitting Condor Node separate2_ID0000004 job(s)...
07/09/18 15:23:22 Adding a DAGMan workflow log /home/qh/wranglingWF/submit/qh/pegasus/wrangling/run0006/./wrangling-0.dag.nodes.log
07/09/18 15:23:22 Masking the events recorded in the DAGMAN workflow log
07/09/18 15:23:22 Mask for workflow log is 0,1,2,4,5,7,9,10,11,12,13,16,17,24,27
07/09/18 15:23:22 submitting: /usr/bin/condor_submit -a dag_node_name' '=' 'separate2_ID0000004 -a +DAGManJobId' '=' '815 -a DAGManJobId' '=' '815 -a submit_event_notes' '=' 'DAG' 'Node:' 'separate2_ID0000004 -a dagman_log' '=' '/home/qh/wranglingWF/submit/qh/pegasus/wrangling/run0006/./wrangling-0.dag.nodes.log -a +DAGManNodesMask' '=' '"0,1,2,4,5,7,9,10,11,12,13,16,17,24,27" -a +DAGNodeRetry' '=' '0 -a DAG_STATUS' '=' '0 -a FAILED_COUNT' '=' '0 -a +DAGParentNodeNames' '=' '"filter1_ID0000002" -a +KeepClaimIdle' '=' '20 -a notification' '=' 'never 00/00/separate2_ID0000004.sub
07/09/18 15:23:22 From submit: Submitting job(s).
07/09/18 15:23:22 From submit: 1 job(s) submitted to cluster 821.
07/09/18 15:23:22 	assigned Condor ID (821.0.0)
07/09/18 15:23:22 Submitting Condor Node register_local_0_0 job(s)...
07/09/18 15:23:22 Adding a DAGMan workflow log /home/qh/wranglingWF/submit/qh/pegasus/wrangling/run0006/./wrangling-0.dag.nodes.log
07/09/18 15:23:22 Masking the events recorded in the DAGMAN workflow log
07/09/18 15:23:22 Mask for workflow log is 0,1,2,4,5,7,9,10,11,12,13,16,17,24,27
07/09/18 15:23:22 submitting: /usr/bin/condor_submit -a dag_node_name' '=' 'register_local_0_0 -a +DAGManJobId' '=' '815 -a DAGManJobId' '=' '815 -a submit_event_notes' '=' 'DAG' 'Node:' 'register_local_0_0 -a dagman_log' '=' '/home/qh/wranglingWF/submit/qh/pegasus/wrangling/run0006/./wrangling-0.dag.nodes.log -a +DAGManNodesMask' '=' '"0,1,2,4,5,7,9,10,11,12,13,16,17,24,27" -a +DAGNodeRetry' '=' '0 -a DAG_STATUS' '=' '0 -a FAILED_COUNT' '=' '0 -a +DAGParentNodeNames' '=' '"stage_out_local_local_0_0" -a notification' '=' 'never 00/00/register_local_0_0.sub
07/09/18 15:23:22 From submit: Submitting job(s).
07/09/18 15:23:22 From submit: 1 job(s) submitted to cluster 822.
07/09/18 15:23:22 	assigned Condor ID (822.0.0)
07/09/18 15:23:22 Submitting Condor Node separate2_ID0000003 job(s)...
07/09/18 15:23:22 Adding a DAGMan workflow log /home/qh/wranglingWF/submit/qh/pegasus/wrangling/run0006/./wrangling-0.dag.nodes.log
07/09/18 15:23:22 Masking the events recorded in the DAGMAN workflow log
07/09/18 15:23:22 Mask for workflow log is 0,1,2,4,5,7,9,10,11,12,13,16,17,24,27
07/09/18 15:23:22 submitting: /usr/bin/condor_submit -a dag_node_name' '=' 'separate2_ID0000003 -a +DAGManJobId' '=' '815 -a DAGManJobId' '=' '815 -a submit_event_notes' '=' 'DAG' 'Node:' 'separate2_ID0000003 -a dagman_log' '=' '/home/qh/wranglingWF/submit/qh/pegasus/wrangling/run0006/./wrangling-0.dag.nodes.log -a +DAGManNodesMask' '=' '"0,1,2,4,5,7,9,10,11,12,13,16,17,24,27" -a +DAGNodeRetry' '=' '0 -a DAG_STATUS' '=' '0 -a FAILED_COUNT' '=' '0 -a +DAGParentNodeNames' '=' '"filter1_ID0000001" -a +KeepClaimIdle' '=' '20 -a notification' '=' 'never 00/00/separate2_ID0000003.sub
07/09/18 15:23:22 From submit: Submitting job(s).
07/09/18 15:23:22 From submit: 1 job(s) submitted to cluster 823.
07/09/18 15:23:22 	assigned Condor ID (823.0.0)
07/09/18 15:23:22 Just submitted 3 jobs this cycle...
07/09/18 15:23:22 Currently monitoring 1 Condor log file(s)
07/09/18 15:23:22 Reassigning the id of job separate2_ID0000004 from (821.0.0) to (821.0.0)
07/09/18 15:23:22 Event: ULOG_SUBMIT for Condor Node separate2_ID0000004 (821.0.0)
07/09/18 15:23:22 Number of idle job procs: 1
07/09/18 15:23:22 Reassigning the id of job register_local_0_0 from (822.0.0) to (822.0.0)
07/09/18 15:23:22 Event: ULOG_SUBMIT for Condor Node register_local_0_0 (822.0.0)
07/09/18 15:23:22 Number of idle job procs: 2
07/09/18 15:23:22 Reassigning the id of job separate2_ID0000003 from (823.0.0) to (823.0.0)
07/09/18 15:23:22 Event: ULOG_SUBMIT for Condor Node separate2_ID0000003 (823.0.0)
07/09/18 15:23:22 Number of idle job procs: 3
07/09/18 15:23:22 Event: ULOG_EXECUTE for Condor Node register_local_0_0 (822.0.0)
07/09/18 15:23:22 Number of idle job procs: 2
07/09/18 15:23:22 DAG status: 0 (DAG_STATUS_OK)
07/09/18 15:23:22 Of 19 nodes total:
07/09/18 15:23:22  Done     Pre   Queued    Post   Ready   Un-Ready   Failed
07/09/18 15:23:22   ===     ===      ===     ===     ===        ===      ===
07/09/18 15:23:22     5       0        3       0       0         11        0
07/09/18 15:23:22 0 job proc(s) currently held
07/09/18 15:23:27 Currently monitoring 1 Condor log file(s)
07/09/18 15:23:27 Event: ULOG_EXECUTE for Condor Node separate2_ID0000004 (821.0.0)
07/09/18 15:23:27 Number of idle job procs: 1
07/09/18 15:23:27 Event: ULOG_JOB_TERMINATED for Condor Node register_local_0_0 (822.0.0)
07/09/18 15:23:27 Number of idle job procs: 1
07/09/18 15:23:27 Node register_local_0_0 job proc (822.0.0) completed successfully.
07/09/18 15:23:27 Node register_local_0_0 job completed
07/09/18 15:23:27 Running POST script of Node register_local_0_0...
07/09/18 15:23:27 Warning: mysin has length 0 (ignore if produced by DAGMan; see gittrac #4987, #5031)
07/09/18 15:23:27 Event: ULOG_JOB_TERMINATED for Condor Node separate2_ID0000004 (821.0.0)
07/09/18 15:23:27 Number of idle job procs: 1
07/09/18 15:23:27 Node separate2_ID0000004 job proc (821.0.0) completed successfully.
07/09/18 15:23:27 Node separate2_ID0000004 job completed
07/09/18 15:23:27 Running POST script of Node separate2_ID0000004...
07/09/18 15:23:27 Warning: mysin has length 0 (ignore if produced by DAGMan; see gittrac #4987, #5031)
07/09/18 15:23:27 Event: ULOG_EXECUTE for Condor Node separate2_ID0000003 (823.0.0)
07/09/18 15:23:27 Number of idle job procs: 0
07/09/18 15:23:27 Event: ULOG_JOB_TERMINATED for Condor Node separate2_ID0000003 (823.0.0)
07/09/18 15:23:27 Number of idle job procs: 0
07/09/18 15:23:27 Node separate2_ID0000003 job proc (823.0.0) completed successfully.
07/09/18 15:23:27 Node separate2_ID0000003 job completed
07/09/18 15:23:27 Running POST script of Node separate2_ID0000003...
07/09/18 15:23:27 Warning: mysin has length 0 (ignore if produced by DAGMan; see gittrac #4987, #5031)
07/09/18 15:23:27 DAG status: 0 (DAG_STATUS_OK)
07/09/18 15:23:27 Of 19 nodes total:
07/09/18 15:23:27  Done     Pre   Queued    Post   Ready   Un-Ready   Failed
07/09/18 15:23:27   ===     ===      ===     ===     ===        ===      ===
07/09/18 15:23:27     5       0        0       3       0         11        0
07/09/18 15:23:27 0 job proc(s) currently held
07/09/18 15:23:27 Initializing user log writer for /home/qh/wranglingWF/submit/qh/pegasus/wrangling/run0006/./wrangling-0.dag.nodes.log, (822.0.0)
07/09/18 15:23:27 Initializing user log writer for /home/qh/wranglingWF/submit/qh/pegasus/wrangling/run0006/./wrangling-0.dag.nodes.log, (821.0.0)
07/09/18 15:23:27 Initializing user log writer for /home/qh/wranglingWF/submit/qh/pegasus/wrangling/run0006/./wrangling-0.dag.nodes.log, (823.0.0)
07/09/18 15:23:32 Currently monitoring 1 Condor log file(s)
07/09/18 15:23:32 Event: ULOG_POST_SCRIPT_TERMINATED for Condor Node register_local_0_0 (822.0.0)
07/09/18 15:23:32 POST Script of Node register_local_0_0 completed successfully.
07/09/18 15:23:32 Event: ULOG_POST_SCRIPT_TERMINATED for Condor Node separate2_ID0000004 (821.0.0)
07/09/18 15:23:32 POST Script of Node separate2_ID0000004 completed successfully.
07/09/18 15:23:32 Event: ULOG_POST_SCRIPT_TERMINATED for Condor Node separate2_ID0000003 (823.0.0)
07/09/18 15:23:32 POST Script of Node separate2_ID0000003 completed successfully.
07/09/18 15:23:32 DAG status: 0 (DAG_STATUS_OK)
07/09/18 15:23:32 Of 19 nodes total:
07/09/18 15:23:32  Done     Pre   Queued    Post   Ready   Un-Ready   Failed
07/09/18 15:23:32   ===     ===      ===     ===     ===        ===      ===
07/09/18 15:23:32     8       0        0       0       2          9        0
07/09/18 15:23:32 0 job proc(s) currently held
07/09/18 15:23:37 Submitting Condor Node separate3_ID0000006 job(s)...
07/09/18 15:23:37 Adding a DAGMan workflow log /home/qh/wranglingWF/submit/qh/pegasus/wrangling/run0006/./wrangling-0.dag.nodes.log
07/09/18 15:23:37 Masking the events recorded in the DAGMAN workflow log
07/09/18 15:23:37 Mask for workflow log is 0,1,2,4,5,7,9,10,11,12,13,16,17,24,27
07/09/18 15:23:37 submitting: /usr/bin/condor_submit -a dag_node_name' '=' 'separate3_ID0000006 -a +DAGManJobId' '=' '815 -a DAGManJobId' '=' '815 -a submit_event_notes' '=' 'DAG' 'Node:' 'separate3_ID0000006 -a dagman_log' '=' '/home/qh/wranglingWF/submit/qh/pegasus/wrangling/run0006/./wrangling-0.dag.nodes.log -a +DAGManNodesMask' '=' '"0,1,2,4,5,7,9,10,11,12,13,16,17,24,27" -a +DAGNodeRetry' '=' '0 -a DAG_STATUS' '=' '0 -a FAILED_COUNT' '=' '0 -a +DAGParentNodeNames' '=' '"separate2_ID0000004" -a +KeepClaimIdle' '=' '20 -a notification' '=' 'never 00/00/separate3_ID0000006.sub
07/09/18 15:23:37 From submit: Submitting job(s).
07/09/18 15:23:37 From submit: 1 job(s) submitted to cluster 824.
07/09/18 15:23:37 	assigned Condor ID (824.0.0)
07/09/18 15:23:37 Submitting Condor Node separate3_ID0000005 job(s)...
07/09/18 15:23:37 Adding a DAGMan workflow log /home/qh/wranglingWF/submit/qh/pegasus/wrangling/run0006/./wrangling-0.dag.nodes.log
07/09/18 15:23:37 Masking the events recorded in the DAGMAN workflow log
07/09/18 15:23:37 Mask for workflow log is 0,1,2,4,5,7,9,10,11,12,13,16,17,24,27
07/09/18 15:23:37 submitting: /usr/bin/condor_submit -a dag_node_name' '=' 'separate3_ID0000005 -a +DAGManJobId' '=' '815 -a DAGManJobId' '=' '815 -a submit_event_notes' '=' 'DAG' 'Node:' 'separate3_ID0000005 -a dagman_log' '=' '/home/qh/wranglingWF/submit/qh/pegasus/wrangling/run0006/./wrangling-0.dag.nodes.log -a +DAGManNodesMask' '=' '"0,1,2,4,5,7,9,10,11,12,13,16,17,24,27" -a +DAGNodeRetry' '=' '0 -a DAG_STATUS' '=' '0 -a FAILED_COUNT' '=' '0 -a +DAGParentNodeNames' '=' '"separate2_ID0000003" -a +KeepClaimIdle' '=' '20 -a notification' '=' 'never 00/00/separate3_ID0000005.sub
07/09/18 15:23:37 From submit: Submitting job(s).
07/09/18 15:23:37 From submit: 1 job(s) submitted to cluster 825.
07/09/18 15:23:37 	assigned Condor ID (825.0.0)
07/09/18 15:23:37 Just submitted 2 jobs this cycle...
07/09/18 15:23:37 Currently monitoring 1 Condor log file(s)
07/09/18 15:23:37 Reassigning the id of job separate3_ID0000006 from (824.0.0) to (824.0.0)
07/09/18 15:23:37 Event: ULOG_SUBMIT for Condor Node separate3_ID0000006 (824.0.0)
07/09/18 15:23:37 Number of idle job procs: 1
07/09/18 15:23:37 Reassigning the id of job separate3_ID0000005 from (825.0.0) to (825.0.0)
07/09/18 15:23:37 Event: ULOG_SUBMIT for Condor Node separate3_ID0000005 (825.0.0)
07/09/18 15:23:37 Number of idle job procs: 2
07/09/18 15:23:37 DAG status: 0 (DAG_STATUS_OK)
07/09/18 15:23:37 Of 19 nodes total:
07/09/18 15:23:37  Done     Pre   Queued    Post   Ready   Un-Ready   Failed
07/09/18 15:23:37   ===     ===      ===     ===     ===        ===      ===
07/09/18 15:23:37     8       0        2       0       0          9        0
07/09/18 15:23:37 0 job proc(s) currently held
07/09/18 15:23:42 Currently monitoring 1 Condor log file(s)
07/09/18 15:23:42 Event: ULOG_EXECUTE for Condor Node separate3_ID0000006 (824.0.0)
07/09/18 15:23:42 Number of idle job procs: 1
07/09/18 15:23:42 Event: ULOG_JOB_TERMINATED for Condor Node separate3_ID0000006 (824.0.0)
07/09/18 15:23:42 Number of idle job procs: 1
07/09/18 15:23:42 Node separate3_ID0000006 job proc (824.0.0) completed successfully.
07/09/18 15:23:42 Node separate3_ID0000006 job completed
07/09/18 15:23:42 Running POST script of Node separate3_ID0000006...
07/09/18 15:23:42 Warning: mysin has length 0 (ignore if produced by DAGMan; see gittrac #4987, #5031)
07/09/18 15:23:42 Event: ULOG_EXECUTE for Condor Node separate3_ID0000005 (825.0.0)
07/09/18 15:23:42 Number of idle job procs: 0
07/09/18 15:23:42 Event: ULOG_JOB_TERMINATED for Condor Node separate3_ID0000005 (825.0.0)
07/09/18 15:23:42 Number of idle job procs: 0
07/09/18 15:23:42 Node separate3_ID0000005 job proc (825.0.0) completed successfully.
07/09/18 15:23:42 Node separate3_ID0000005 job completed
07/09/18 15:23:42 Running POST script of Node separate3_ID0000005...
07/09/18 15:23:42 Warning: mysin has length 0 (ignore if produced by DAGMan; see gittrac #4987, #5031)
07/09/18 15:23:42 DAG status: 0 (DAG_STATUS_OK)
07/09/18 15:23:42 Of 19 nodes total:
07/09/18 15:23:42  Done     Pre   Queued    Post   Ready   Un-Ready   Failed
07/09/18 15:23:42   ===     ===      ===     ===     ===        ===      ===
07/09/18 15:23:42     8       0        0       2       0          9        0
07/09/18 15:23:42 0 job proc(s) currently held
07/09/18 15:23:42 Initializing user log writer for /home/qh/wranglingWF/submit/qh/pegasus/wrangling/run0006/./wrangling-0.dag.nodes.log, (824.0.0)
07/09/18 15:23:42 Initializing user log writer for /home/qh/wranglingWF/submit/qh/pegasus/wrangling/run0006/./wrangling-0.dag.nodes.log, (825.0.0)
07/09/18 15:23:47 Currently monitoring 1 Condor log file(s)
07/09/18 15:23:47 Event: ULOG_POST_SCRIPT_TERMINATED for Condor Node separate3_ID0000006 (824.0.0)
07/09/18 15:23:47 POST Script of Node separate3_ID0000006 completed successfully.
07/09/18 15:23:47 Event: ULOG_POST_SCRIPT_TERMINATED for Condor Node separate3_ID0000005 (825.0.0)
07/09/18 15:23:47 POST Script of Node separate3_ID0000005 completed successfully.
07/09/18 15:23:47 DAG status: 0 (DAG_STATUS_OK)
07/09/18 15:23:47 Of 19 nodes total:
07/09/18 15:23:47  Done     Pre   Queued    Post   Ready   Un-Ready   Failed
07/09/18 15:23:47   ===     ===      ===     ===     ===        ===      ===
07/09/18 15:23:47    10       0        0       0       2          7        0
07/09/18 15:23:47 0 job proc(s) currently held
07/09/18 15:23:53 Submitting Condor Node filter4_ID0000008 job(s)...
07/09/18 15:23:53 Adding a DAGMan workflow log /home/qh/wranglingWF/submit/qh/pegasus/wrangling/run0006/./wrangling-0.dag.nodes.log
07/09/18 15:23:53 Masking the events recorded in the DAGMAN workflow log
07/09/18 15:23:53 Mask for workflow log is 0,1,2,4,5,7,9,10,11,12,13,16,17,24,27
07/09/18 15:23:53 submitting: /usr/bin/condor_submit -a dag_node_name' '=' 'filter4_ID0000008 -a +DAGManJobId' '=' '815 -a DAGManJobId' '=' '815 -a submit_event_notes' '=' 'DAG' 'Node:' 'filter4_ID0000008 -a dagman_log' '=' '/home/qh/wranglingWF/submit/qh/pegasus/wrangling/run0006/./wrangling-0.dag.nodes.log -a +DAGManNodesMask' '=' '"0,1,2,4,5,7,9,10,11,12,13,16,17,24,27" -a +DAGNodeRetry' '=' '0 -a DAG_STATUS' '=' '0 -a FAILED_COUNT' '=' '0 -a +DAGParentNodeNames' '=' '"separate3_ID0000006" -a +KeepClaimIdle' '=' '20 -a notification' '=' 'never 00/00/filter4_ID0000008.sub
07/09/18 15:23:53 From submit: Submitting job(s).
07/09/18 15:23:53 From submit: 1 job(s) submitted to cluster 826.
07/09/18 15:23:53 	assigned Condor ID (826.0.0)
07/09/18 15:23:53 Submitting Condor Node filter4_ID0000007 job(s)...
07/09/18 15:23:53 Adding a DAGMan workflow log /home/qh/wranglingWF/submit/qh/pegasus/wrangling/run0006/./wrangling-0.dag.nodes.log
07/09/18 15:23:53 Masking the events recorded in the DAGMAN workflow log
07/09/18 15:23:53 Mask for workflow log is 0,1,2,4,5,7,9,10,11,12,13,16,17,24,27
07/09/18 15:23:53 submitting: /usr/bin/condor_submit -a dag_node_name' '=' 'filter4_ID0000007 -a +DAGManJobId' '=' '815 -a DAGManJobId' '=' '815 -a submit_event_notes' '=' 'DAG' 'Node:' 'filter4_ID0000007 -a dagman_log' '=' '/home/qh/wranglingWF/submit/qh/pegasus/wrangling/run0006/./wrangling-0.dag.nodes.log -a +DAGManNodesMask' '=' '"0,1,2,4,5,7,9,10,11,12,13,16,17,24,27" -a +DAGNodeRetry' '=' '0 -a DAG_STATUS' '=' '0 -a FAILED_COUNT' '=' '0 -a +DAGParentNodeNames' '=' '"separate3_ID0000005" -a +KeepClaimIdle' '=' '20 -a notification' '=' 'never 00/00/filter4_ID0000007.sub
07/09/18 15:23:53 From submit: Submitting job(s).
07/09/18 15:23:53 From submit: 1 job(s) submitted to cluster 827.
07/09/18 15:23:53 	assigned Condor ID (827.0.0)
07/09/18 15:23:53 Just submitted 2 jobs this cycle...
07/09/18 15:23:53 Currently monitoring 1 Condor log file(s)
07/09/18 15:23:53 Reassigning the id of job filter4_ID0000008 from (826.0.0) to (826.0.0)
07/09/18 15:23:53 Event: ULOG_SUBMIT for Condor Node filter4_ID0000008 (826.0.0)
07/09/18 15:23:53 Number of idle job procs: 1
07/09/18 15:23:53 Reassigning the id of job filter4_ID0000007 from (827.0.0) to (827.0.0)
07/09/18 15:23:53 Event: ULOG_SUBMIT for Condor Node filter4_ID0000007 (827.0.0)
07/09/18 15:23:53 Number of idle job procs: 2
07/09/18 15:23:53 DAG status: 0 (DAG_STATUS_OK)
07/09/18 15:23:53 Of 19 nodes total:
07/09/18 15:23:53  Done     Pre   Queued    Post   Ready   Un-Ready   Failed
07/09/18 15:23:53   ===     ===      ===     ===     ===        ===      ===
07/09/18 15:23:53    10       0        2       0       0          7        0
07/09/18 15:23:53 0 job proc(s) currently held
07/09/18 15:23:58 Currently monitoring 1 Condor log file(s)
07/09/18 15:23:58 Event: ULOG_EXECUTE for Condor Node filter4_ID0000008 (826.0.0)
07/09/18 15:23:58 Number of idle job procs: 1
07/09/18 15:23:58 Event: ULOG_JOB_TERMINATED for Condor Node filter4_ID0000008 (826.0.0)
07/09/18 15:23:58 Number of idle job procs: 1
07/09/18 15:23:58 Node filter4_ID0000008 job proc (826.0.0) completed successfully.
07/09/18 15:23:58 Node filter4_ID0000008 job completed
07/09/18 15:23:58 Running POST script of Node filter4_ID0000008...
07/09/18 15:23:58 Warning: mysin has length 0 (ignore if produced by DAGMan; see gittrac #4987, #5031)
07/09/18 15:23:58 Event: ULOG_EXECUTE for Condor Node filter4_ID0000007 (827.0.0)
07/09/18 15:23:58 Number of idle job procs: 0
07/09/18 15:23:58 Event: ULOG_JOB_TERMINATED for Condor Node filter4_ID0000007 (827.0.0)
07/09/18 15:23:58 Number of idle job procs: 0
07/09/18 15:23:58 Node filter4_ID0000007 job proc (827.0.0) completed successfully.
07/09/18 15:23:58 Node filter4_ID0000007 job completed
07/09/18 15:23:58 Running POST script of Node filter4_ID0000007...
07/09/18 15:23:58 Warning: mysin has length 0 (ignore if produced by DAGMan; see gittrac #4987, #5031)
07/09/18 15:23:58 DAG status: 0 (DAG_STATUS_OK)
07/09/18 15:23:58 Of 19 nodes total:
07/09/18 15:23:58  Done     Pre   Queued    Post   Ready   Un-Ready   Failed
07/09/18 15:23:58   ===     ===      ===     ===     ===        ===      ===
07/09/18 15:23:58    10       0        0       2       0          7        0
07/09/18 15:23:58 0 job proc(s) currently held
07/09/18 15:23:58 Initializing user log writer for /home/qh/wranglingWF/submit/qh/pegasus/wrangling/run0006/./wrangling-0.dag.nodes.log, (826.0.0)
07/09/18 15:23:58 Initializing user log writer for /home/qh/wranglingWF/submit/qh/pegasus/wrangling/run0006/./wrangling-0.dag.nodes.log, (827.0.0)
07/09/18 15:24:03 Currently monitoring 1 Condor log file(s)
07/09/18 15:24:03 Event: ULOG_POST_SCRIPT_TERMINATED for Condor Node filter4_ID0000008 (826.0.0)
07/09/18 15:24:03 POST Script of Node filter4_ID0000008 completed successfully.
07/09/18 15:24:03 Event: ULOG_POST_SCRIPT_TERMINATED for Condor Node filter4_ID0000007 (827.0.0)
07/09/18 15:24:03 POST Script of Node filter4_ID0000007 completed successfully.
07/09/18 15:24:03 DAG status: 0 (DAG_STATUS_OK)
07/09/18 15:24:03 Of 19 nodes total:
07/09/18 15:24:03  Done     Pre   Queued    Post   Ready   Un-Ready   Failed
07/09/18 15:24:03   ===     ===      ===     ===     ===        ===      ===
07/09/18 15:24:03    12       0        0       0       2          5        0
07/09/18 15:24:03 0 job proc(s) currently held
07/09/18 15:24:08 Submitting Condor Node filter5_ID0000010 job(s)...
07/09/18 15:24:08 Adding a DAGMan workflow log /home/qh/wranglingWF/submit/qh/pegasus/wrangling/run0006/./wrangling-0.dag.nodes.log
07/09/18 15:24:08 Masking the events recorded in the DAGMAN workflow log
07/09/18 15:24:08 Mask for workflow log is 0,1,2,4,5,7,9,10,11,12,13,16,17,24,27
07/09/18 15:24:08 submitting: /usr/bin/condor_submit -a dag_node_name' '=' 'filter5_ID0000010 -a +DAGManJobId' '=' '815 -a DAGManJobId' '=' '815 -a submit_event_notes' '=' 'DAG' 'Node:' 'filter5_ID0000010 -a dagman_log' '=' '/home/qh/wranglingWF/submit/qh/pegasus/wrangling/run0006/./wrangling-0.dag.nodes.log -a +DAGManNodesMask' '=' '"0,1,2,4,5,7,9,10,11,12,13,16,17,24,27" -a +DAGNodeRetry' '=' '0 -a DAG_STATUS' '=' '0 -a FAILED_COUNT' '=' '0 -a +DAGParentNodeNames' '=' '"filter4_ID0000008" -a +KeepClaimIdle' '=' '20 -a notification' '=' 'never 00/00/filter5_ID0000010.sub
07/09/18 15:24:08 From submit: Submitting job(s).
07/09/18 15:24:08 From submit: 1 job(s) submitted to cluster 828.
07/09/18 15:24:08 	assigned Condor ID (828.0.0)
07/09/18 15:24:08 Submitting Condor Node filter5_ID0000009 job(s)...
07/09/18 15:24:08 Adding a DAGMan workflow log /home/qh/wranglingWF/submit/qh/pegasus/wrangling/run0006/./wrangling-0.dag.nodes.log
07/09/18 15:24:08 Masking the events recorded in the DAGMAN workflow log
07/09/18 15:24:08 Mask for workflow log is 0,1,2,4,5,7,9,10,11,12,13,16,17,24,27
07/09/18 15:24:08 submitting: /usr/bin/condor_submit -a dag_node_name' '=' 'filter5_ID0000009 -a +DAGManJobId' '=' '815 -a DAGManJobId' '=' '815 -a submit_event_notes' '=' 'DAG' 'Node:' 'filter5_ID0000009 -a dagman_log' '=' '/home/qh/wranglingWF/submit/qh/pegasus/wrangling/run0006/./wrangling-0.dag.nodes.log -a +DAGManNodesMask' '=' '"0,1,2,4,5,7,9,10,11,12,13,16,17,24,27" -a +DAGNodeRetry' '=' '0 -a DAG_STATUS' '=' '0 -a FAILED_COUNT' '=' '0 -a +DAGParentNodeNames' '=' '"filter4_ID0000007" -a +KeepClaimIdle' '=' '20 -a notification' '=' 'never 00/00/filter5_ID0000009.sub
07/09/18 15:24:08 From submit: Submitting job(s).
07/09/18 15:24:08 From submit: 1 job(s) submitted to cluster 829.
07/09/18 15:24:08 	assigned Condor ID (829.0.0)
07/09/18 15:24:08 Just submitted 2 jobs this cycle...
07/09/18 15:24:08 Currently monitoring 1 Condor log file(s)
07/09/18 15:24:08 Reassigning the id of job filter5_ID0000010 from (828.0.0) to (828.0.0)
07/09/18 15:24:08 Event: ULOG_SUBMIT for Condor Node filter5_ID0000010 (828.0.0)
07/09/18 15:24:08 Number of idle job procs: 1
07/09/18 15:24:08 Reassigning the id of job filter5_ID0000009 from (829.0.0) to (829.0.0)
07/09/18 15:24:08 Event: ULOG_SUBMIT for Condor Node filter5_ID0000009 (829.0.0)
07/09/18 15:24:08 Number of idle job procs: 2
07/09/18 15:24:08 DAG status: 0 (DAG_STATUS_OK)
07/09/18 15:24:08 Of 19 nodes total:
07/09/18 15:24:08  Done     Pre   Queued    Post   Ready   Un-Ready   Failed
07/09/18 15:24:08   ===     ===      ===     ===     ===        ===      ===
07/09/18 15:24:08    12       0        2       0       0          5        0
07/09/18 15:24:08 0 job proc(s) currently held
07/09/18 15:24:13 Currently monitoring 1 Condor log file(s)
07/09/18 15:24:13 Event: ULOG_EXECUTE for Condor Node filter5_ID0000010 (828.0.0)
07/09/18 15:24:13 Number of idle job procs: 1
07/09/18 15:24:13 Event: ULOG_JOB_TERMINATED for Condor Node filter5_ID0000010 (828.0.0)
07/09/18 15:24:13 Number of idle job procs: 1
07/09/18 15:24:13 Node filter5_ID0000010 job proc (828.0.0) completed successfully.
07/09/18 15:24:13 Node filter5_ID0000010 job completed
07/09/18 15:24:13 Running POST script of Node filter5_ID0000010...
07/09/18 15:24:13 Warning: mysin has length 0 (ignore if produced by DAGMan; see gittrac #4987, #5031)
07/09/18 15:24:13 Event: ULOG_EXECUTE for Condor Node filter5_ID0000009 (829.0.0)
07/09/18 15:24:13 Number of idle job procs: 0
07/09/18 15:24:13 Event: ULOG_JOB_TERMINATED for Condor Node filter5_ID0000009 (829.0.0)
07/09/18 15:24:13 Number of idle job procs: 0
07/09/18 15:24:13 Node filter5_ID0000009 job proc (829.0.0) completed successfully.
07/09/18 15:24:13 Node filter5_ID0000009 job completed
07/09/18 15:24:13 Running POST script of Node filter5_ID0000009...
07/09/18 15:24:13 Warning: mysin has length 0 (ignore if produced by DAGMan; see gittrac #4987, #5031)
07/09/18 15:24:13 DAG status: 0 (DAG_STATUS_OK)
07/09/18 15:24:13 Of 19 nodes total:
07/09/18 15:24:13  Done     Pre   Queued    Post   Ready   Un-Ready   Failed
07/09/18 15:24:13   ===     ===      ===     ===     ===        ===      ===
07/09/18 15:24:13    12       0        0       2       0          5        0
07/09/18 15:24:13 0 job proc(s) currently held
07/09/18 15:24:13 Initializing user log writer for /home/qh/wranglingWF/submit/qh/pegasus/wrangling/run0006/./wrangling-0.dag.nodes.log, (828.0.0)
07/09/18 15:24:13 Initializing user log writer for /home/qh/wranglingWF/submit/qh/pegasus/wrangling/run0006/./wrangling-0.dag.nodes.log, (829.0.0)
07/09/18 15:24:18 Currently monitoring 1 Condor log file(s)
07/09/18 15:24:18 Event: ULOG_POST_SCRIPT_TERMINATED for Condor Node filter5_ID0000010 (828.0.0)
07/09/18 15:24:18 POST Script of Node filter5_ID0000010 completed successfully.
07/09/18 15:24:18 Event: ULOG_POST_SCRIPT_TERMINATED for Condor Node filter5_ID0000009 (829.0.0)
07/09/18 15:24:18 POST Script of Node filter5_ID0000009 completed successfully.
07/09/18 15:24:18 DAG status: 0 (DAG_STATUS_OK)
07/09/18 15:24:18 Of 19 nodes total:
07/09/18 15:24:18  Done     Pre   Queued    Post   Ready   Un-Ready   Failed
07/09/18 15:24:18   ===     ===      ===     ===     ===        ===      ===
07/09/18 15:24:18    14       0        0       0       1          4        0
07/09/18 15:24:18 0 job proc(s) currently held
07/09/18 15:24:23 Submitting Condor Node union6_ID0000011 job(s)...
07/09/18 15:24:23 Adding a DAGMan workflow log /home/qh/wranglingWF/submit/qh/pegasus/wrangling/run0006/./wrangling-0.dag.nodes.log
07/09/18 15:24:23 Masking the events recorded in the DAGMAN workflow log
07/09/18 15:24:23 Mask for workflow log is 0,1,2,4,5,7,9,10,11,12,13,16,17,24,27
07/09/18 15:24:23 submitting: /usr/bin/condor_submit -a dag_node_name' '=' 'union6_ID0000011 -a +DAGManJobId' '=' '815 -a DAGManJobId' '=' '815 -a submit_event_notes' '=' 'DAG' 'Node:' 'union6_ID0000011 -a dagman_log' '=' '/home/qh/wranglingWF/submit/qh/pegasus/wrangling/run0006/./wrangling-0.dag.nodes.log -a +DAGManNodesMask' '=' '"0,1,2,4,5,7,9,10,11,12,13,16,17,24,27" -a +DAGNodeRetry' '=' '0 -a DAG_STATUS' '=' '0 -a FAILED_COUNT' '=' '0 -a +DAGParentNodeNames' '=' '"filter5_ID0000010,filter5_ID0000009" -a +KeepClaimIdle' '=' '20 -a notification' '=' 'never 00/00/union6_ID0000011.sub
07/09/18 15:24:23 From submit: Submitting job(s).
07/09/18 15:24:23 From submit: 1 job(s) submitted to cluster 830.
07/09/18 15:24:23 	assigned Condor ID (830.0.0)
07/09/18 15:24:23 Just submitted 1 job this cycle...
07/09/18 15:24:23 Currently monitoring 1 Condor log file(s)
07/09/18 15:24:23 Reassigning the id of job union6_ID0000011 from (830.0.0) to (830.0.0)
07/09/18 15:24:23 Event: ULOG_SUBMIT for Condor Node union6_ID0000011 (830.0.0)
07/09/18 15:24:23 Number of idle job procs: 1
07/09/18 15:24:23 DAG status: 0 (DAG_STATUS_OK)
07/09/18 15:24:23 Of 19 nodes total:
07/09/18 15:24:23  Done     Pre   Queued    Post   Ready   Un-Ready   Failed
07/09/18 15:24:23   ===     ===      ===     ===     ===        ===      ===
07/09/18 15:24:23    14       0        1       0       0          4        0
07/09/18 15:24:23 0 job proc(s) currently held
07/09/18 15:24:28 Currently monitoring 1 Condor log file(s)
07/09/18 15:24:28 Event: ULOG_EXECUTE for Condor Node union6_ID0000011 (830.0.0)
07/09/18 15:24:28 Number of idle job procs: 0
07/09/18 15:24:28 Event: ULOG_JOB_TERMINATED for Condor Node union6_ID0000011 (830.0.0)
07/09/18 15:24:28 Number of idle job procs: 0
07/09/18 15:24:28 Node union6_ID0000011 job proc (830.0.0) completed successfully.
07/09/18 15:24:28 Node union6_ID0000011 job completed
07/09/18 15:24:28 Running POST script of Node union6_ID0000011...
07/09/18 15:24:28 Warning: mysin has length 0 (ignore if produced by DAGMan; see gittrac #4987, #5031)
07/09/18 15:24:28 DAG status: 0 (DAG_STATUS_OK)
07/09/18 15:24:28 Of 19 nodes total:
07/09/18 15:24:28  Done     Pre   Queued    Post   Ready   Un-Ready   Failed
07/09/18 15:24:28   ===     ===      ===     ===     ===        ===      ===
07/09/18 15:24:28    14       0        0       1       0          4        0
07/09/18 15:24:28 0 job proc(s) currently held
07/09/18 15:24:28 Initializing user log writer for /home/qh/wranglingWF/submit/qh/pegasus/wrangling/run0006/./wrangling-0.dag.nodes.log, (830.0.0)
07/09/18 15:24:33 Currently monitoring 1 Condor log file(s)
07/09/18 15:24:33 Event: ULOG_POST_SCRIPT_TERMINATED for Condor Node union6_ID0000011 (830.0.0)
07/09/18 15:24:33 POST Script of Node union6_ID0000011 completed successfully.
07/09/18 15:24:33 DAG status: 0 (DAG_STATUS_OK)
07/09/18 15:24:33 Of 19 nodes total:
07/09/18 15:24:33  Done     Pre   Queued    Post   Ready   Un-Ready   Failed
07/09/18 15:24:33   ===     ===      ===     ===     ===        ===      ===
07/09/18 15:24:33    15       0        0       0       2          2        0
07/09/18 15:24:33 0 job proc(s) currently held
07/09/18 15:24:38 Submitting Condor Node stage_out_local_local_6_0 job(s)...
07/09/18 15:24:38 Adding a DAGMan workflow log /home/qh/wranglingWF/submit/qh/pegasus/wrangling/run0006/./wrangling-0.dag.nodes.log
07/09/18 15:24:38 Masking the events recorded in the DAGMAN workflow log
07/09/18 15:24:38 Mask for workflow log is 0,1,2,4,5,7,9,10,11,12,13,16,17,24,27
07/09/18 15:24:38 submitting: /usr/bin/condor_submit -a dag_node_name' '=' 'stage_out_local_local_6_0 -a +DAGManJobId' '=' '815 -a DAGManJobId' '=' '815 -a submit_event_notes' '=' 'DAG' 'Node:' 'stage_out_local_local_6_0 -a dagman_log' '=' '/home/qh/wranglingWF/submit/qh/pegasus/wrangling/run0006/./wrangling-0.dag.nodes.log -a +DAGManNodesMask' '=' '"0,1,2,4,5,7,9,10,11,12,13,16,17,24,27" -a +DAGNodeRetry' '=' '0 -a DAG_STATUS' '=' '0 -a FAILED_COUNT' '=' '0 -a +DAGParentNodeNames' '=' '"union6_ID0000011" -a +KeepClaimIdle' '=' '20 -a notification' '=' 'never 00/00/stage_out_local_local_6_0.sub
07/09/18 15:24:38 From submit: Submitting job(s).
07/09/18 15:24:38 From submit: 1 job(s) submitted to cluster 831.
07/09/18 15:24:38 	assigned Condor ID (831.0.0)
07/09/18 15:24:38 Submitting Condor Node mutate_ID0000012 job(s)...
07/09/18 15:24:38 Adding a DAGMan workflow log /home/qh/wranglingWF/submit/qh/pegasus/wrangling/run0006/./wrangling-0.dag.nodes.log
07/09/18 15:24:38 Masking the events recorded in the DAGMAN workflow log
07/09/18 15:24:38 Mask for workflow log is 0,1,2,4,5,7,9,10,11,12,13,16,17,24,27
07/09/18 15:24:38 submitting: /usr/bin/condor_submit -a dag_node_name' '=' 'mutate_ID0000012 -a +DAGManJobId' '=' '815 -a DAGManJobId' '=' '815 -a submit_event_notes' '=' 'DAG' 'Node:' 'mutate_ID0000012 -a dagman_log' '=' '/home/qh/wranglingWF/submit/qh/pegasus/wrangling/run0006/./wrangling-0.dag.nodes.log -a +DAGManNodesMask' '=' '"0,1,2,4,5,7,9,10,11,12,13,16,17,24,27" -a +DAGNodeRetry' '=' '0 -a DAG_STATUS' '=' '0 -a FAILED_COUNT' '=' '0 -a +DAGParentNodeNames' '=' '"union6_ID0000011" -a +KeepClaimIdle' '=' '20 -a notification' '=' 'never 00/00/mutate_ID0000012.sub
07/09/18 15:24:39 From submit: Submitting job(s).
07/09/18 15:24:39 From submit: 1 job(s) submitted to cluster 832.
07/09/18 15:24:39 	assigned Condor ID (832.0.0)
07/09/18 15:24:39 Just submitted 2 jobs this cycle...
07/09/18 15:24:39 Currently monitoring 1 Condor log file(s)
07/09/18 15:24:39 Reassigning the id of job stage_out_local_local_6_0 from (831.0.0) to (831.0.0)
07/09/18 15:24:39 Event: ULOG_SUBMIT for Condor Node stage_out_local_local_6_0 (831.0.0)
07/09/18 15:24:39 Number of idle job procs: 1
07/09/18 15:24:39 Event: ULOG_EXECUTE for Condor Node stage_out_local_local_6_0 (831.0.0)
07/09/18 15:24:39 Number of idle job procs: 0
07/09/18 15:24:39 Reassigning the id of job mutate_ID0000012 from (832.0.0) to (832.0.0)
07/09/18 15:24:39 Event: ULOG_SUBMIT for Condor Node mutate_ID0000012 (832.0.0)
07/09/18 15:24:39 Number of idle job procs: 1
07/09/18 15:24:39 DAG status: 0 (DAG_STATUS_OK)
07/09/18 15:24:39 Of 19 nodes total:
07/09/18 15:24:39  Done     Pre   Queued    Post   Ready   Un-Ready   Failed
07/09/18 15:24:39   ===     ===      ===     ===     ===        ===      ===
07/09/18 15:24:39    15       0        2       0       0          2        0
07/09/18 15:24:39 0 job proc(s) currently held
07/09/18 15:24:44 Currently monitoring 1 Condor log file(s)
07/09/18 15:24:44 Event: ULOG_EXECUTE for Condor Node mutate_ID0000012 (832.0.0)
07/09/18 15:24:44 Number of idle job procs: 0
07/09/18 15:24:44 Event: ULOG_JOB_TERMINATED for Condor Node mutate_ID0000012 (832.0.0)
07/09/18 15:24:44 Number of idle job procs: 0
07/09/18 15:24:44 Node mutate_ID0000012 job proc (832.0.0) completed successfully.
07/09/18 15:24:44 Node mutate_ID0000012 job completed
07/09/18 15:24:44 Running POST script of Node mutate_ID0000012...
07/09/18 15:24:44 Warning: mysin has length 0 (ignore if produced by DAGMan; see gittrac #4987, #5031)
07/09/18 15:24:44 Event: ULOG_JOB_TERMINATED for Condor Node stage_out_local_local_6_0 (831.0.0)
07/09/18 15:24:44 Number of idle job procs: 0
07/09/18 15:24:44 Node stage_out_local_local_6_0 job proc (831.0.0) completed successfully.
07/09/18 15:24:44 Node stage_out_local_local_6_0 job completed
07/09/18 15:24:44 Running POST script of Node stage_out_local_local_6_0...
07/09/18 15:24:44 Warning: mysin has length 0 (ignore if produced by DAGMan; see gittrac #4987, #5031)
07/09/18 15:24:44 DAG status: 0 (DAG_STATUS_OK)
07/09/18 15:24:44 Of 19 nodes total:
07/09/18 15:24:44  Done     Pre   Queued    Post   Ready   Un-Ready   Failed
07/09/18 15:24:44   ===     ===      ===     ===     ===        ===      ===
07/09/18 15:24:44    15       0        0       2       0          2        0
07/09/18 15:24:44 0 job proc(s) currently held
07/09/18 15:24:44 Initializing user log writer for /home/qh/wranglingWF/submit/qh/pegasus/wrangling/run0006/./wrangling-0.dag.nodes.log, (832.0.0)
07/09/18 15:24:44 Initializing user log writer for /home/qh/wranglingWF/submit/qh/pegasus/wrangling/run0006/./wrangling-0.dag.nodes.log, (831.0.0)
07/09/18 15:24:49 Currently monitoring 1 Condor log file(s)
07/09/18 15:24:49 Event: ULOG_POST_SCRIPT_TERMINATED for Condor Node mutate_ID0000012 (832.0.0)
07/09/18 15:24:49 POST Script of Node mutate_ID0000012 completed successfully.
07/09/18 15:24:49 Event: ULOG_POST_SCRIPT_TERMINATED for Condor Node stage_out_local_local_6_0 (831.0.0)
07/09/18 15:24:49 POST Script of Node stage_out_local_local_6_0 completed successfully.
07/09/18 15:24:49 DAG status: 0 (DAG_STATUS_OK)
07/09/18 15:24:49 Of 19 nodes total:
07/09/18 15:24:49  Done     Pre   Queued    Post   Ready   Un-Ready   Failed
07/09/18 15:24:49   ===     ===      ===     ===     ===        ===      ===
07/09/18 15:24:49    17       0        0       0       1          1        0
07/09/18 15:24:49 0 job proc(s) currently held
07/09/18 15:24:54 Submitting Condor Node stage_out_local_local_7_0 job(s)...
07/09/18 15:24:54 Adding a DAGMan workflow log /home/qh/wranglingWF/submit/qh/pegasus/wrangling/run0006/./wrangling-0.dag.nodes.log
07/09/18 15:24:54 Masking the events recorded in the DAGMAN workflow log
07/09/18 15:24:54 Mask for workflow log is 0,1,2,4,5,7,9,10,11,12,13,16,17,24,27
07/09/18 15:24:54 submitting: /usr/bin/condor_submit -a dag_node_name' '=' 'stage_out_local_local_7_0 -a +DAGManJobId' '=' '815 -a DAGManJobId' '=' '815 -a submit_event_notes' '=' 'DAG' 'Node:' 'stage_out_local_local_7_0 -a dagman_log' '=' '/home/qh/wranglingWF/submit/qh/pegasus/wrangling/run0006/./wrangling-0.dag.nodes.log -a +DAGManNodesMask' '=' '"0,1,2,4,5,7,9,10,11,12,13,16,17,24,27" -a +DAGNodeRetry' '=' '0 -a DAG_STATUS' '=' '0 -a FAILED_COUNT' '=' '0 -a +DAGParentNodeNames' '=' '"mutate_ID0000012" -a +KeepClaimIdle' '=' '20 -a notification' '=' 'never 00/00/stage_out_local_local_7_0.sub
07/09/18 15:24:54 From submit: Submitting job(s).
07/09/18 15:24:54 From submit: 1 job(s) submitted to cluster 833.
07/09/18 15:24:54 	assigned Condor ID (833.0.0)
07/09/18 15:24:54 Just submitted 1 job this cycle...
07/09/18 15:24:54 Currently monitoring 1 Condor log file(s)
07/09/18 15:24:54 Reassigning the id of job stage_out_local_local_7_0 from (833.0.0) to (833.0.0)
07/09/18 15:24:54 Event: ULOG_SUBMIT for Condor Node stage_out_local_local_7_0 (833.0.0)
07/09/18 15:24:54 Number of idle job procs: 1
07/09/18 15:24:54 DAG status: 0 (DAG_STATUS_OK)
07/09/18 15:24:54 Of 19 nodes total:
07/09/18 15:24:54  Done     Pre   Queued    Post   Ready   Un-Ready   Failed
07/09/18 15:24:54   ===     ===      ===     ===     ===        ===      ===
07/09/18 15:24:54    17       0        1       0       0          1        0
07/09/18 15:24:54 0 job proc(s) currently held
07/09/18 15:24:59 Currently monitoring 1 Condor log file(s)
07/09/18 15:24:59 Event: ULOG_EXECUTE for Condor Node stage_out_local_local_7_0 (833.0.0)
07/09/18 15:24:59 Number of idle job procs: 0
07/09/18 15:24:59 Event: ULOG_JOB_TERMINATED for Condor Node stage_out_local_local_7_0 (833.0.0)
07/09/18 15:24:59 Number of idle job procs: 0
07/09/18 15:24:59 Node stage_out_local_local_7_0 job proc (833.0.0) completed successfully.
07/09/18 15:24:59 Node stage_out_local_local_7_0 job completed
07/09/18 15:24:59 Running POST script of Node stage_out_local_local_7_0...
07/09/18 15:24:59 Warning: mysin has length 0 (ignore if produced by DAGMan; see gittrac #4987, #5031)
07/09/18 15:24:59 DAG status: 0 (DAG_STATUS_OK)
07/09/18 15:24:59 Of 19 nodes total:
07/09/18 15:24:59  Done     Pre   Queued    Post   Ready   Un-Ready   Failed
07/09/18 15:24:59   ===     ===      ===     ===     ===        ===      ===
07/09/18 15:24:59    17       0        0       1       0          1        0
07/09/18 15:24:59 0 job proc(s) currently held
07/09/18 15:24:59 Initializing user log writer for /home/qh/wranglingWF/submit/qh/pegasus/wrangling/run0006/./wrangling-0.dag.nodes.log, (833.0.0)
07/09/18 15:25:04 Currently monitoring 1 Condor log file(s)
07/09/18 15:25:04 Event: ULOG_POST_SCRIPT_TERMINATED for Condor Node stage_out_local_local_7_0 (833.0.0)
07/09/18 15:25:04 POST Script of Node stage_out_local_local_7_0 completed successfully.
07/09/18 15:25:04 DAG status: 0 (DAG_STATUS_OK)
07/09/18 15:25:04 Of 19 nodes total:
07/09/18 15:25:04  Done     Pre   Queued    Post   Ready   Un-Ready   Failed
07/09/18 15:25:04   ===     ===      ===     ===     ===        ===      ===
07/09/18 15:25:04    18       0        0       0       1          0        0
07/09/18 15:25:04 0 job proc(s) currently held
07/09/18 15:25:09 Submitting Condor Node cleanup_wrangling_0_local job(s)...
07/09/18 15:25:09 Adding a DAGMan workflow log /home/qh/wranglingWF/submit/qh/pegasus/wrangling/run0006/./wrangling-0.dag.nodes.log
07/09/18 15:25:09 Masking the events recorded in the DAGMAN workflow log
07/09/18 15:25:09 Mask for workflow log is 0,1,2,4,5,7,9,10,11,12,13,16,17,24,27
07/09/18 15:25:09 submitting: /usr/bin/condor_submit -a dag_node_name' '=' 'cleanup_wrangling_0_local -a +DAGManJobId' '=' '815 -a DAGManJobId' '=' '815 -a submit_event_notes' '=' 'DAG' 'Node:' 'cleanup_wrangling_0_local -a dagman_log' '=' '/home/qh/wranglingWF/submit/qh/pegasus/wrangling/run0006/./wrangling-0.dag.nodes.log -a +DAGManNodesMask' '=' '"0,1,2,4,5,7,9,10,11,12,13,16,17,24,27" -a +DAGNodeRetry' '=' '0 -a DAG_STATUS' '=' '0 -a FAILED_COUNT' '=' '0 -a +DAGParentNodeNames' '=' '"stage_out_local_local_0_0,stage_out_local_local_6_0,stage_out_local_local_7_0" -a notification' '=' 'never 00/00/cleanup_wrangling_0_local.sub
07/09/18 15:25:09 From submit: Submitting job(s).
07/09/18 15:25:09 From submit: 1 job(s) submitted to cluster 834.
07/09/18 15:25:09 	assigned Condor ID (834.0.0)
07/09/18 15:25:09 Just submitted 1 job this cycle...
07/09/18 15:25:09 Currently monitoring 1 Condor log file(s)
07/09/18 15:25:09 Reassigning the id of job cleanup_wrangling_0_local from (834.0.0) to (834.0.0)
07/09/18 15:25:09 Event: ULOG_SUBMIT for Condor Node cleanup_wrangling_0_local (834.0.0)
07/09/18 15:25:09 Number of idle job procs: 1
07/09/18 15:25:09 DAG status: 0 (DAG_STATUS_OK)
07/09/18 15:25:09 Of 19 nodes total:
07/09/18 15:25:09  Done     Pre   Queued    Post   Ready   Un-Ready   Failed
07/09/18 15:25:09   ===     ===      ===     ===     ===        ===      ===
07/09/18 15:25:09    18       0        1       0       0          0        0
07/09/18 15:25:09 0 job proc(s) currently held
07/09/18 15:25:14 Currently monitoring 1 Condor log file(s)
07/09/18 15:25:14 Event: ULOG_EXECUTE for Condor Node cleanup_wrangling_0_local (834.0.0)
07/09/18 15:25:14 Number of idle job procs: 0
07/09/18 15:25:14 Event: ULOG_JOB_TERMINATED for Condor Node cleanup_wrangling_0_local (834.0.0)
07/09/18 15:25:14 Number of idle job procs: 0
07/09/18 15:25:14 Node cleanup_wrangling_0_local job proc (834.0.0) completed successfully.
07/09/18 15:25:14 Node cleanup_wrangling_0_local job completed
07/09/18 15:25:14 DAG status: 0 (DAG_STATUS_OK)
07/09/18 15:25:14 Of 19 nodes total:
07/09/18 15:25:14  Done     Pre   Queued    Post   Ready   Un-Ready   Failed
07/09/18 15:25:14   ===     ===      ===     ===     ===        ===      ===
07/09/18 15:25:14    19       0        0       0       0          0        0
07/09/18 15:25:14 0 job proc(s) currently held
07/09/18 15:25:14 All jobs Completed!
07/09/18 15:25:14 Note: 0 total job deferrals because of -MaxJobs limit (0)
07/09/18 15:25:14 Note: 0 total job deferrals because of -MaxIdle limit (1000)
07/09/18 15:25:14 Note: 0 total job deferrals because of node category throttles
07/09/18 15:25:14 Note: 0 total PRE script deferrals because of -MaxPre limit (20) or DEFER
07/09/18 15:25:14 Note: 0 total POST script deferrals because of -MaxPost limit (20) or DEFER
07/09/18 15:25:14 DAG status: 0 (DAG_STATUS_OK)
07/09/18 15:25:14 Of 19 nodes total:
07/09/18 15:25:14  Done     Pre   Queued    Post   Ready   Un-Ready   Failed
07/09/18 15:25:14   ===     ===      ===     ===     ===        ===      ===
07/09/18 15:25:14    19       0        0       0       0          0        0
07/09/18 15:25:14 0 job proc(s) currently held
07/09/18 15:25:14 Wrote metrics file wrangling-0.dag.metrics.
07/09/18 15:25:14 Reporting metrics to Pegasus metrics server(s); output is in wrangling-0.dag.metrics.out.
07/09/18 15:25:14 Running command </usr/lib/condor/libexec/condor_dagman_metrics_reporter -f wrangling-0.dag.metrics -t 100>
07/09/18 15:25:14 Warning: mysin has length 0 (ignore if produced by DAGMan; see gittrac #4987, #5031)
07/09/18 15:25:14 **** condor_scheduniv_exec.815.0 (condor_DAGMAN) pid 10748 EXITING WITH STATUS 0
