09/07/18 13:45:26 ******************************************************
09/07/18 13:45:26 ** condor_scheduniv_exec.835.0 (CONDOR_DAGMAN) STARTING UP
09/07/18 13:45:26 ** /usr/bin/condor_dagman
09/07/18 13:45:26 ** SubsystemInfo: name=DAGMAN type=DAGMAN(10) class=DAEMON(1)
09/07/18 13:45:26 ** Configuration: subsystem:DAGMAN local:<NONE> class:DAEMON
09/07/18 13:45:26 ** $CondorVersion: 8.4.2 Feb 22 2016 BuildID: Debian-8.4.2~dfsg.1-1build1 Debian-8.4.2~dfsg.1-1build1 $
09/07/18 13:45:26 ** $CondorPlatform: X86_64-Ubuntu_ $
09/07/18 13:45:26 ** PID = 14422
09/07/18 13:45:26 ** Log last touched time unavailable (No such file or directory)
09/07/18 13:45:26 ******************************************************
09/07/18 13:45:26 Using config source: /etc/condor/condor_config
09/07/18 13:45:26 Using local config sources: 
09/07/18 13:45:26    /etc/condor/config.d/00debconf
09/07/18 13:45:26    /etc/condor/condor_config.local
09/07/18 13:45:26 config Macros = 69, Sorted = 69, StringBytes = 2035, TablesBytes = 2540
09/07/18 13:45:26 CLASSAD_CACHING is ENABLED
09/07/18 13:45:26 Daemon Log is logging: D_ALWAYS D_ERROR
09/07/18 13:45:26 DaemonCore: No command port requested.
09/07/18 13:45:26 DAGMAN_USE_STRICT setting: 1
09/07/18 13:45:26 DAGMAN_VERBOSITY setting: 3
09/07/18 13:45:26 DAGMAN_DEBUG_CACHE_SIZE setting: 5242880
09/07/18 13:45:26 DAGMAN_DEBUG_CACHE_ENABLE setting: False
09/07/18 13:45:26 DAGMAN_SUBMIT_DELAY setting: 0
09/07/18 13:45:26 DAGMAN_MAX_SUBMIT_ATTEMPTS setting: 6
09/07/18 13:45:26 DAGMAN_STARTUP_CYCLE_DETECT setting: False
09/07/18 13:45:26 DAGMAN_MAX_SUBMITS_PER_INTERVAL setting: 5
09/07/18 13:45:26 DAGMAN_USER_LOG_SCAN_INTERVAL setting: 5
09/07/18 13:45:26 DAGMAN_DEFAULT_PRIORITY setting: 0
09/07/18 13:45:26 DAGMAN_SUPPRESS_NOTIFICATION setting: True
09/07/18 13:45:26 allow_events (DAGMAN_ALLOW_EVENTS) setting: 114
09/07/18 13:45:26 DAGMAN_RETRY_SUBMIT_FIRST setting: True
09/07/18 13:45:26 DAGMAN_RETRY_NODE_FIRST setting: False
09/07/18 13:45:26 DAGMAN_MAX_JOBS_IDLE setting: 1000
09/07/18 13:45:26 DAGMAN_MAX_JOBS_SUBMITTED setting: 0
09/07/18 13:45:26 DAGMAN_MAX_PRE_SCRIPTS setting: 20
09/07/18 13:45:26 DAGMAN_MAX_POST_SCRIPTS setting: 20
09/07/18 13:45:26 DAGMAN_ALLOW_LOG_ERROR setting: False
09/07/18 13:45:26 DAGMAN_MUNGE_NODE_NAMES setting: True
09/07/18 13:45:26 DAGMAN_PROHIBIT_MULTI_JOBS setting: False
09/07/18 13:45:26 DAGMAN_SUBMIT_DEPTH_FIRST setting: False
09/07/18 13:45:26 DAGMAN_ALWAYS_RUN_POST setting: True
09/07/18 13:45:26 DAGMAN_ABORT_DUPLICATES setting: True
09/07/18 13:45:26 DAGMAN_ABORT_ON_SCARY_SUBMIT setting: True
09/07/18 13:45:26 DAGMAN_PENDING_REPORT_INTERVAL setting: 600
09/07/18 13:45:26 DAGMAN_AUTO_RESCUE setting: True
09/07/18 13:45:26 DAGMAN_MAX_RESCUE_NUM setting: 100
09/07/18 13:45:26 DAGMAN_WRITE_PARTIAL_RESCUE setting: True
09/07/18 13:45:26 DAGMAN_DEFAULT_NODE_LOG setting: @(DAG_DIR)/@(DAG_FILE).nodes.log
09/07/18 13:45:26 DAGMAN_GENERATE_SUBDAG_SUBMITS setting: True
09/07/18 13:45:26 DAGMAN_MAX_JOB_HOLDS setting: 100
09/07/18 13:45:26 DAGMAN_HOLD_CLAIM_TIME setting: 20
09/07/18 13:45:26 ALL_DEBUG setting: 
09/07/18 13:45:26 DAGMAN_DEBUG setting: 
09/07/18 13:45:26 DAGMAN_SUPPRESS_JOB_LOGS setting: False
09/07/18 13:45:26 argv[0] == "condor_scheduniv_exec.835.0"
09/07/18 13:45:26 argv[1] == "-Lockfile"
09/07/18 13:45:26 argv[2] == "wrangling-0.dag.lock"
09/07/18 13:45:26 argv[3] == "-AutoRescue"
09/07/18 13:45:26 argv[4] == "1"
09/07/18 13:45:26 argv[5] == "-DoRescueFrom"
09/07/18 13:45:26 argv[6] == "0"
09/07/18 13:45:26 argv[7] == "-Dag"
09/07/18 13:45:26 argv[8] == "wrangling-0.dag"
09/07/18 13:45:26 argv[9] == "-MaxPost"
09/07/18 13:45:26 argv[10] == "20"
09/07/18 13:45:26 argv[11] == "-Suppress_notification"
09/07/18 13:45:26 argv[12] == "-CsdVersion"
09/07/18 13:45:26 argv[13] == "$CondorVersion: 8.4.2 Feb 22 2016 BuildID: Debian-8.4.2~dfsg.1-1build1 Debian-8.4.2~dfsg.1-1build1 $"
09/07/18 13:45:26 argv[14] == "-Dagman"
09/07/18 13:45:26 argv[15] == "/usr/bin/condor_dagman"
09/07/18 13:45:26 Warning: failed to get attribute DAGNodeName
09/07/18 13:45:26 Default node log file is: </home/qh/wranglingWF/submit/qh/pegasus/wrangling/run0007/./wrangling-0.dag.nodes.log>
09/07/18 13:45:26 DAG Lockfile will be written to wrangling-0.dag.lock
09/07/18 13:45:26 DAG Input file is wrangling-0.dag
09/07/18 13:45:26 Parsing 1 dagfiles
09/07/18 13:45:26 Parsing wrangling-0.dag ...
09/07/18 13:45:26 Warning: category registration has no throttle value set
09/07/18 13:45:26 Warning: category stagein has no assigned nodes, so the throttle setting (10) will have no effect
09/07/18 13:45:26 Warning: category cleanup has no assigned nodes, so the throttle setting (4) will have no effect
09/07/18 13:45:26 Dag contains 19 total jobs
09/07/18 13:45:26 Sleeping for 3 seconds to ensure ProcessId uniqueness
09/07/18 13:45:29 Bootstrapping...
09/07/18 13:45:29 Number of pre-completed nodes: 0
09/07/18 13:45:29 MultiLogFiles: truncating log file /home/qh/wranglingWF/submit/qh/pegasus/wrangling/run0007/./wrangling-0.dag.nodes.log
09/07/18 13:45:29 DAG status: 0 (DAG_STATUS_OK)
09/07/18 13:45:29 Of 19 nodes total:
09/07/18 13:45:29  Done     Pre   Queued    Post   Ready   Un-Ready   Failed
09/07/18 13:45:29   ===     ===      ===     ===     ===        ===      ===
09/07/18 13:45:29     0       0        0       0       1         18        0
09/07/18 13:45:29 0 job proc(s) currently held
09/07/18 13:45:29 Registering condor_event_timer...
09/07/18 13:45:30 Submitting Condor Node create_dir_wrangling_0_local job(s)...
09/07/18 13:45:30 Adding a DAGMan workflow log /home/qh/wranglingWF/submit/qh/pegasus/wrangling/run0007/./wrangling-0.dag.nodes.log
09/07/18 13:45:30 Masking the events recorded in the DAGMAN workflow log
09/07/18 13:45:30 Mask for workflow log is 0,1,2,4,5,7,9,10,11,12,13,16,17,24,27
09/07/18 13:45:30 submitting: /usr/bin/condor_submit -a dag_node_name' '=' 'create_dir_wrangling_0_local -a +DAGManJobId' '=' '835 -a DAGManJobId' '=' '835 -a submit_event_notes' '=' 'DAG' 'Node:' 'create_dir_wrangling_0_local -a dagman_log' '=' '/home/qh/wranglingWF/submit/qh/pegasus/wrangling/run0007/./wrangling-0.dag.nodes.log -a +DAGManNodesMask' '=' '"0,1,2,4,5,7,9,10,11,12,13,16,17,24,27" -a +DAGNodeRetry' '=' '0 -a DAG_STATUS' '=' '0 -a FAILED_COUNT' '=' '0 -a +DAGParentNodeNames' '=' '"" -a +KeepClaimIdle' '=' '20 -a notification' '=' 'never 00/00/create_dir_wrangling_0_local.sub
09/07/18 13:45:30 From submit: Submitting job(s).
09/07/18 13:45:30 From submit: 1 job(s) submitted to cluster 836.
09/07/18 13:45:30 	assigned Condor ID (836.0.0)
09/07/18 13:45:30 Just submitted 1 job this cycle...
09/07/18 13:45:30 Currently monitoring 1 Condor log file(s)
09/07/18 13:45:30 Reassigning the id of job create_dir_wrangling_0_local from (836.0.0) to (836.0.0)
09/07/18 13:45:30 Event: ULOG_SUBMIT for Condor Node create_dir_wrangling_0_local (836.0.0)
09/07/18 13:45:30 Number of idle job procs: 1
09/07/18 13:45:30 DAG status: 0 (DAG_STATUS_OK)
09/07/18 13:45:30 Of 19 nodes total:
09/07/18 13:45:30  Done     Pre   Queued    Post   Ready   Un-Ready   Failed
09/07/18 13:45:30   ===     ===      ===     ===     ===        ===      ===
09/07/18 13:45:30     0       0        1       0       0         18        0
09/07/18 13:45:30 0 job proc(s) currently held
09/07/18 13:45:35 Currently monitoring 1 Condor log file(s)
09/07/18 13:45:35 Event: ULOG_EXECUTE for Condor Node create_dir_wrangling_0_local (836.0.0)
09/07/18 13:45:35 Number of idle job procs: 0
09/07/18 13:45:35 Event: ULOG_JOB_TERMINATED for Condor Node create_dir_wrangling_0_local (836.0.0)
09/07/18 13:45:35 Number of idle job procs: 0
09/07/18 13:45:35 Node create_dir_wrangling_0_local job proc (836.0.0) completed successfully.
09/07/18 13:45:35 Node create_dir_wrangling_0_local job completed
09/07/18 13:45:35 Running POST script of Node create_dir_wrangling_0_local...
09/07/18 13:45:35 Warning: mysin has length 0 (ignore if produced by DAGMan; see gittrac #4987, #5031)
09/07/18 13:45:35 DAG status: 0 (DAG_STATUS_OK)
09/07/18 13:45:35 Of 19 nodes total:
09/07/18 13:45:35  Done     Pre   Queued    Post   Ready   Un-Ready   Failed
09/07/18 13:45:35   ===     ===      ===     ===     ===        ===      ===
09/07/18 13:45:35     0       0        0       1       0         18        0
09/07/18 13:45:35 0 job proc(s) currently held
09/07/18 13:45:35 Initializing user log writer for /home/qh/wranglingWF/submit/qh/pegasus/wrangling/run0007/./wrangling-0.dag.nodes.log, (836.0.0)
09/07/18 13:45:40 Currently monitoring 1 Condor log file(s)
09/07/18 13:45:40 Event: ULOG_POST_SCRIPT_TERMINATED for Condor Node create_dir_wrangling_0_local (836.0.0)
09/07/18 13:45:40 POST Script of Node create_dir_wrangling_0_local completed successfully.
09/07/18 13:45:40 DAG status: 0 (DAG_STATUS_OK)
09/07/18 13:45:40 Of 19 nodes total:
09/07/18 13:45:40  Done     Pre   Queued    Post   Ready   Un-Ready   Failed
09/07/18 13:45:40   ===     ===      ===     ===     ===        ===      ===
09/07/18 13:45:40     1       0        0       0       1         17        0
09/07/18 13:45:40 0 job proc(s) currently held
09/07/18 13:45:45 Submitting Condor Node svn0_ID0000000 job(s)...
09/07/18 13:45:45 Adding a DAGMan workflow log /home/qh/wranglingWF/submit/qh/pegasus/wrangling/run0007/./wrangling-0.dag.nodes.log
09/07/18 13:45:45 Masking the events recorded in the DAGMAN workflow log
09/07/18 13:45:45 Mask for workflow log is 0,1,2,4,5,7,9,10,11,12,13,16,17,24,27
09/07/18 13:45:45 submitting: /usr/bin/condor_submit -a dag_node_name' '=' 'svn0_ID0000000 -a +DAGManJobId' '=' '835 -a DAGManJobId' '=' '835 -a submit_event_notes' '=' 'DAG' 'Node:' 'svn0_ID0000000 -a dagman_log' '=' '/home/qh/wranglingWF/submit/qh/pegasus/wrangling/run0007/./wrangling-0.dag.nodes.log -a +DAGManNodesMask' '=' '"0,1,2,4,5,7,9,10,11,12,13,16,17,24,27" -a +DAGNodeRetry' '=' '0 -a DAG_STATUS' '=' '0 -a FAILED_COUNT' '=' '0 -a +DAGParentNodeNames' '=' '"create_dir_wrangling_0_local" -a +KeepClaimIdle' '=' '20 -a notification' '=' 'never 00/00/svn0_ID0000000.sub
09/07/18 13:45:46 From submit: Submitting job(s).
09/07/18 13:45:46 From submit: 1 job(s) submitted to cluster 837.
09/07/18 13:45:46 	assigned Condor ID (837.0.0)
09/07/18 13:45:46 Just submitted 1 job this cycle...
09/07/18 13:45:46 Currently monitoring 1 Condor log file(s)
09/07/18 13:45:46 Reassigning the id of job svn0_ID0000000 from (837.0.0) to (837.0.0)
09/07/18 13:45:46 Event: ULOG_SUBMIT for Condor Node svn0_ID0000000 (837.0.0)
09/07/18 13:45:46 Number of idle job procs: 1
09/07/18 13:45:46 DAG status: 0 (DAG_STATUS_OK)
09/07/18 13:45:46 Of 19 nodes total:
09/07/18 13:45:46  Done     Pre   Queued    Post   Ready   Un-Ready   Failed
09/07/18 13:45:46   ===     ===      ===     ===     ===        ===      ===
09/07/18 13:45:46     1       0        1       0       0         17        0
09/07/18 13:45:46 0 job proc(s) currently held
09/07/18 13:45:51 Currently monitoring 1 Condor log file(s)
09/07/18 13:45:51 Event: ULOG_EXECUTE for Condor Node svn0_ID0000000 (837.0.0)
09/07/18 13:45:51 Number of idle job procs: 0
09/07/18 13:45:51 Event: ULOG_JOB_TERMINATED for Condor Node svn0_ID0000000 (837.0.0)
09/07/18 13:45:51 Number of idle job procs: 0
09/07/18 13:45:51 Node svn0_ID0000000 job proc (837.0.0) completed successfully.
09/07/18 13:45:51 Node svn0_ID0000000 job completed
09/07/18 13:45:51 Running POST script of Node svn0_ID0000000...
09/07/18 13:45:51 Warning: mysin has length 0 (ignore if produced by DAGMan; see gittrac #4987, #5031)
09/07/18 13:45:51 DAG status: 0 (DAG_STATUS_OK)
09/07/18 13:45:51 Of 19 nodes total:
09/07/18 13:45:51  Done     Pre   Queued    Post   Ready   Un-Ready   Failed
09/07/18 13:45:51   ===     ===      ===     ===     ===        ===      ===
09/07/18 13:45:51     1       0        0       1       0         17        0
09/07/18 13:45:51 0 job proc(s) currently held
09/07/18 13:45:51 Initializing user log writer for /home/qh/wranglingWF/submit/qh/pegasus/wrangling/run0007/./wrangling-0.dag.nodes.log, (837.0.0)
09/07/18 13:45:56 Currently monitoring 1 Condor log file(s)
09/07/18 13:45:56 Event: ULOG_POST_SCRIPT_TERMINATED for Condor Node svn0_ID0000000 (837.0.0)
09/07/18 13:45:56 POST Script of Node svn0_ID0000000 completed successfully.
09/07/18 13:45:56 DAG status: 0 (DAG_STATUS_OK)
09/07/18 13:45:56 Of 19 nodes total:
09/07/18 13:45:56  Done     Pre   Queued    Post   Ready   Un-Ready   Failed
09/07/18 13:45:56   ===     ===      ===     ===     ===        ===      ===
09/07/18 13:45:56     2       0        0       0       3         14        0
09/07/18 13:45:56 0 job proc(s) currently held
09/07/18 13:46:01 Submitting Condor Node filter1_ID0000002 job(s)...
09/07/18 13:46:01 Adding a DAGMan workflow log /home/qh/wranglingWF/submit/qh/pegasus/wrangling/run0007/./wrangling-0.dag.nodes.log
09/07/18 13:46:01 Masking the events recorded in the DAGMAN workflow log
09/07/18 13:46:01 Mask for workflow log is 0,1,2,4,5,7,9,10,11,12,13,16,17,24,27
09/07/18 13:46:01 submitting: /usr/bin/condor_submit -a dag_node_name' '=' 'filter1_ID0000002 -a +DAGManJobId' '=' '835 -a DAGManJobId' '=' '835 -a submit_event_notes' '=' 'DAG' 'Node:' 'filter1_ID0000002 -a dagman_log' '=' '/home/qh/wranglingWF/submit/qh/pegasus/wrangling/run0007/./wrangling-0.dag.nodes.log -a +DAGManNodesMask' '=' '"0,1,2,4,5,7,9,10,11,12,13,16,17,24,27" -a +DAGNodeRetry' '=' '0 -a DAG_STATUS' '=' '0 -a FAILED_COUNT' '=' '0 -a +DAGParentNodeNames' '=' '"svn0_ID0000000" -a +KeepClaimIdle' '=' '20 -a notification' '=' 'never 00/00/filter1_ID0000002.sub
09/07/18 13:46:01 From submit: Submitting job(s).
09/07/18 13:46:01 From submit: 1 job(s) submitted to cluster 838.
09/07/18 13:46:01 	assigned Condor ID (838.0.0)
09/07/18 13:46:01 Submitting Condor Node stage_out_local_local_0_0 job(s)...
09/07/18 13:46:01 Adding a DAGMan workflow log /home/qh/wranglingWF/submit/qh/pegasus/wrangling/run0007/./wrangling-0.dag.nodes.log
09/07/18 13:46:01 Masking the events recorded in the DAGMAN workflow log
09/07/18 13:46:01 Mask for workflow log is 0,1,2,4,5,7,9,10,11,12,13,16,17,24,27
09/07/18 13:46:01 submitting: /usr/bin/condor_submit -a dag_node_name' '=' 'stage_out_local_local_0_0 -a +DAGManJobId' '=' '835 -a DAGManJobId' '=' '835 -a submit_event_notes' '=' 'DAG' 'Node:' 'stage_out_local_local_0_0 -a dagman_log' '=' '/home/qh/wranglingWF/submit/qh/pegasus/wrangling/run0007/./wrangling-0.dag.nodes.log -a +DAGManNodesMask' '=' '"0,1,2,4,5,7,9,10,11,12,13,16,17,24,27" -a +DAGNodeRetry' '=' '0 -a DAG_STATUS' '=' '0 -a FAILED_COUNT' '=' '0 -a +DAGParentNodeNames' '=' '"svn0_ID0000000" -a +KeepClaimIdle' '=' '20 -a notification' '=' 'never 00/00/stage_out_local_local_0_0.sub
09/07/18 13:46:01 From submit: Submitting job(s).
09/07/18 13:46:01 From submit: 1 job(s) submitted to cluster 839.
09/07/18 13:46:01 	assigned Condor ID (839.0.0)
09/07/18 13:46:01 Submitting Condor Node filter1_ID0000001 job(s)...
09/07/18 13:46:01 Adding a DAGMan workflow log /home/qh/wranglingWF/submit/qh/pegasus/wrangling/run0007/./wrangling-0.dag.nodes.log
09/07/18 13:46:01 Masking the events recorded in the DAGMAN workflow log
09/07/18 13:46:01 Mask for workflow log is 0,1,2,4,5,7,9,10,11,12,13,16,17,24,27
09/07/18 13:46:01 submitting: /usr/bin/condor_submit -a dag_node_name' '=' 'filter1_ID0000001 -a +DAGManJobId' '=' '835 -a DAGManJobId' '=' '835 -a submit_event_notes' '=' 'DAG' 'Node:' 'filter1_ID0000001 -a dagman_log' '=' '/home/qh/wranglingWF/submit/qh/pegasus/wrangling/run0007/./wrangling-0.dag.nodes.log -a +DAGManNodesMask' '=' '"0,1,2,4,5,7,9,10,11,12,13,16,17,24,27" -a +DAGNodeRetry' '=' '0 -a DAG_STATUS' '=' '0 -a FAILED_COUNT' '=' '0 -a +DAGParentNodeNames' '=' '"svn0_ID0000000" -a +KeepClaimIdle' '=' '20 -a notification' '=' 'never 00/00/filter1_ID0000001.sub
09/07/18 13:46:01 From submit: Submitting job(s).
09/07/18 13:46:01 From submit: 1 job(s) submitted to cluster 840.
09/07/18 13:46:01 	assigned Condor ID (840.0.0)
09/07/18 13:46:01 Just submitted 3 jobs this cycle...
09/07/18 13:46:01 Currently monitoring 1 Condor log file(s)
09/07/18 13:46:01 Reassigning the id of job filter1_ID0000002 from (838.0.0) to (838.0.0)
09/07/18 13:46:01 Event: ULOG_SUBMIT for Condor Node filter1_ID0000002 (838.0.0)
09/07/18 13:46:01 Number of idle job procs: 1
09/07/18 13:46:01 Reassigning the id of job stage_out_local_local_0_0 from (839.0.0) to (839.0.0)
09/07/18 13:46:01 Event: ULOG_SUBMIT for Condor Node stage_out_local_local_0_0 (839.0.0)
09/07/18 13:46:01 Number of idle job procs: 2
09/07/18 13:46:01 Event: ULOG_EXECUTE for Condor Node stage_out_local_local_0_0 (839.0.0)
09/07/18 13:46:01 Number of idle job procs: 1
09/07/18 13:46:01 Reassigning the id of job filter1_ID0000001 from (840.0.0) to (840.0.0)
09/07/18 13:46:01 Event: ULOG_SUBMIT for Condor Node filter1_ID0000001 (840.0.0)
09/07/18 13:46:01 Number of idle job procs: 2
09/07/18 13:46:01 DAG status: 0 (DAG_STATUS_OK)
09/07/18 13:46:01 Of 19 nodes total:
09/07/18 13:46:01  Done     Pre   Queued    Post   Ready   Un-Ready   Failed
09/07/18 13:46:01   ===     ===      ===     ===     ===        ===      ===
09/07/18 13:46:01     2       0        3       0       0         14        0
09/07/18 13:46:01 0 job proc(s) currently held
09/07/18 13:46:06 Currently monitoring 1 Condor log file(s)
09/07/18 13:46:06 Event: ULOG_EXECUTE for Condor Node filter1_ID0000002 (838.0.0)
09/07/18 13:46:06 Number of idle job procs: 1
09/07/18 13:46:06 Event: ULOG_JOB_TERMINATED for Condor Node filter1_ID0000002 (838.0.0)
09/07/18 13:46:06 Number of idle job procs: 1
09/07/18 13:46:06 Node filter1_ID0000002 job proc (838.0.0) completed successfully.
09/07/18 13:46:06 Node filter1_ID0000002 job completed
09/07/18 13:46:06 Running POST script of Node filter1_ID0000002...
09/07/18 13:46:06 Warning: mysin has length 0 (ignore if produced by DAGMan; see gittrac #4987, #5031)
09/07/18 13:46:06 Event: ULOG_EXECUTE for Condor Node filter1_ID0000001 (840.0.0)
09/07/18 13:46:06 Number of idle job procs: 0
09/07/18 13:46:06 Event: ULOG_JOB_TERMINATED for Condor Node filter1_ID0000001 (840.0.0)
09/07/18 13:46:06 Number of idle job procs: 0
09/07/18 13:46:06 Node filter1_ID0000001 job proc (840.0.0) completed successfully.
09/07/18 13:46:06 Node filter1_ID0000001 job completed
09/07/18 13:46:06 Running POST script of Node filter1_ID0000001...
09/07/18 13:46:06 Warning: mysin has length 0 (ignore if produced by DAGMan; see gittrac #4987, #5031)
09/07/18 13:46:06 Event: ULOG_JOB_TERMINATED for Condor Node stage_out_local_local_0_0 (839.0.0)
09/07/18 13:46:06 Number of idle job procs: 0
09/07/18 13:46:06 Node stage_out_local_local_0_0 job proc (839.0.0) completed successfully.
09/07/18 13:46:06 Node stage_out_local_local_0_0 job completed
09/07/18 13:46:06 Running POST script of Node stage_out_local_local_0_0...
09/07/18 13:46:06 Warning: mysin has length 0 (ignore if produced by DAGMan; see gittrac #4987, #5031)
09/07/18 13:46:06 DAG status: 0 (DAG_STATUS_OK)
09/07/18 13:46:06 Of 19 nodes total:
09/07/18 13:46:06  Done     Pre   Queued    Post   Ready   Un-Ready   Failed
09/07/18 13:46:06   ===     ===      ===     ===     ===        ===      ===
09/07/18 13:46:06     2       0        0       3       0         14        0
09/07/18 13:46:06 0 job proc(s) currently held
09/07/18 13:46:06 Initializing user log writer for /home/qh/wranglingWF/submit/qh/pegasus/wrangling/run0007/./wrangling-0.dag.nodes.log, (838.0.0)
09/07/18 13:46:06 Initializing user log writer for /home/qh/wranglingWF/submit/qh/pegasus/wrangling/run0007/./wrangling-0.dag.nodes.log, (840.0.0)
09/07/18 13:46:06 Initializing user log writer for /home/qh/wranglingWF/submit/qh/pegasus/wrangling/run0007/./wrangling-0.dag.nodes.log, (839.0.0)
09/07/18 13:46:11 Currently monitoring 1 Condor log file(s)
09/07/18 13:46:11 Event: ULOG_POST_SCRIPT_TERMINATED for Condor Node filter1_ID0000002 (838.0.0)
09/07/18 13:46:11 POST Script of Node filter1_ID0000002 completed successfully.
09/07/18 13:46:11 Event: ULOG_POST_SCRIPT_TERMINATED for Condor Node filter1_ID0000001 (840.0.0)
09/07/18 13:46:11 POST Script of Node filter1_ID0000001 completed successfully.
09/07/18 13:46:11 Event: ULOG_POST_SCRIPT_TERMINATED for Condor Node stage_out_local_local_0_0 (839.0.0)
09/07/18 13:46:11 POST Script of Node stage_out_local_local_0_0 completed successfully.
09/07/18 13:46:11 DAG status: 0 (DAG_STATUS_OK)
09/07/18 13:46:11 Of 19 nodes total:
09/07/18 13:46:11  Done     Pre   Queued    Post   Ready   Un-Ready   Failed
09/07/18 13:46:11   ===     ===      ===     ===     ===        ===      ===
09/07/18 13:46:11     5       0        0       0       3         11        0
09/07/18 13:46:11 0 job proc(s) currently held
09/07/18 13:46:16 Submitting Condor Node separate2_ID0000004 job(s)...
09/07/18 13:46:16 Adding a DAGMan workflow log /home/qh/wranglingWF/submit/qh/pegasus/wrangling/run0007/./wrangling-0.dag.nodes.log
09/07/18 13:46:16 Masking the events recorded in the DAGMAN workflow log
09/07/18 13:46:16 Mask for workflow log is 0,1,2,4,5,7,9,10,11,12,13,16,17,24,27
09/07/18 13:46:16 submitting: /usr/bin/condor_submit -a dag_node_name' '=' 'separate2_ID0000004 -a +DAGManJobId' '=' '835 -a DAGManJobId' '=' '835 -a submit_event_notes' '=' 'DAG' 'Node:' 'separate2_ID0000004 -a dagman_log' '=' '/home/qh/wranglingWF/submit/qh/pegasus/wrangling/run0007/./wrangling-0.dag.nodes.log -a +DAGManNodesMask' '=' '"0,1,2,4,5,7,9,10,11,12,13,16,17,24,27" -a +DAGNodeRetry' '=' '0 -a DAG_STATUS' '=' '0 -a FAILED_COUNT' '=' '0 -a +DAGParentNodeNames' '=' '"filter1_ID0000002" -a +KeepClaimIdle' '=' '20 -a notification' '=' 'never 00/00/separate2_ID0000004.sub
09/07/18 13:46:16 From submit: Submitting job(s).
09/07/18 13:46:16 From submit: 1 job(s) submitted to cluster 841.
09/07/18 13:46:16 	assigned Condor ID (841.0.0)
09/07/18 13:46:16 Submitting Condor Node separate2_ID0000003 job(s)...
09/07/18 13:46:16 Adding a DAGMan workflow log /home/qh/wranglingWF/submit/qh/pegasus/wrangling/run0007/./wrangling-0.dag.nodes.log
09/07/18 13:46:16 Masking the events recorded in the DAGMAN workflow log
09/07/18 13:46:16 Mask for workflow log is 0,1,2,4,5,7,9,10,11,12,13,16,17,24,27
09/07/18 13:46:16 submitting: /usr/bin/condor_submit -a dag_node_name' '=' 'separate2_ID0000003 -a +DAGManJobId' '=' '835 -a DAGManJobId' '=' '835 -a submit_event_notes' '=' 'DAG' 'Node:' 'separate2_ID0000003 -a dagman_log' '=' '/home/qh/wranglingWF/submit/qh/pegasus/wrangling/run0007/./wrangling-0.dag.nodes.log -a +DAGManNodesMask' '=' '"0,1,2,4,5,7,9,10,11,12,13,16,17,24,27" -a +DAGNodeRetry' '=' '0 -a DAG_STATUS' '=' '0 -a FAILED_COUNT' '=' '0 -a +DAGParentNodeNames' '=' '"filter1_ID0000001" -a +KeepClaimIdle' '=' '20 -a notification' '=' 'never 00/00/separate2_ID0000003.sub
09/07/18 13:46:16 From submit: Submitting job(s).
09/07/18 13:46:16 From submit: 1 job(s) submitted to cluster 842.
09/07/18 13:46:16 	assigned Condor ID (842.0.0)
09/07/18 13:46:16 Submitting Condor Node register_local_0_0 job(s)...
09/07/18 13:46:16 Adding a DAGMan workflow log /home/qh/wranglingWF/submit/qh/pegasus/wrangling/run0007/./wrangling-0.dag.nodes.log
09/07/18 13:46:16 Masking the events recorded in the DAGMAN workflow log
09/07/18 13:46:16 Mask for workflow log is 0,1,2,4,5,7,9,10,11,12,13,16,17,24,27
09/07/18 13:46:16 submitting: /usr/bin/condor_submit -a dag_node_name' '=' 'register_local_0_0 -a +DAGManJobId' '=' '835 -a DAGManJobId' '=' '835 -a submit_event_notes' '=' 'DAG' 'Node:' 'register_local_0_0 -a dagman_log' '=' '/home/qh/wranglingWF/submit/qh/pegasus/wrangling/run0007/./wrangling-0.dag.nodes.log -a +DAGManNodesMask' '=' '"0,1,2,4,5,7,9,10,11,12,13,16,17,24,27" -a +DAGNodeRetry' '=' '0 -a DAG_STATUS' '=' '0 -a FAILED_COUNT' '=' '0 -a +DAGParentNodeNames' '=' '"stage_out_local_local_0_0" -a notification' '=' 'never 00/00/register_local_0_0.sub
09/07/18 13:46:16 From submit: Submitting job(s).
09/07/18 13:46:16 From submit: 1 job(s) submitted to cluster 843.
09/07/18 13:46:16 	assigned Condor ID (843.0.0)
09/07/18 13:46:16 Just submitted 3 jobs this cycle...
09/07/18 13:46:16 Currently monitoring 1 Condor log file(s)
09/07/18 13:46:16 Reassigning the id of job separate2_ID0000004 from (841.0.0) to (841.0.0)
09/07/18 13:46:16 Event: ULOG_SUBMIT for Condor Node separate2_ID0000004 (841.0.0)
09/07/18 13:46:16 Number of idle job procs: 1
09/07/18 13:46:16 Reassigning the id of job separate2_ID0000003 from (842.0.0) to (842.0.0)
09/07/18 13:46:16 Event: ULOG_SUBMIT for Condor Node separate2_ID0000003 (842.0.0)
09/07/18 13:46:16 Number of idle job procs: 2
09/07/18 13:46:16 Event: ULOG_EXECUTE for Condor Node separate2_ID0000004 (841.0.0)
09/07/18 13:46:16 Number of idle job procs: 1
09/07/18 13:46:16 Reassigning the id of job register_local_0_0 from (843.0.0) to (843.0.0)
09/07/18 13:46:16 Event: ULOG_SUBMIT for Condor Node register_local_0_0 (843.0.0)
09/07/18 13:46:16 Number of idle job procs: 2
09/07/18 13:46:16 DAG status: 0 (DAG_STATUS_OK)
09/07/18 13:46:16 Of 19 nodes total:
09/07/18 13:46:16  Done     Pre   Queued    Post   Ready   Un-Ready   Failed
09/07/18 13:46:16   ===     ===      ===     ===     ===        ===      ===
09/07/18 13:46:16     5       0        3       0       0         11        0
09/07/18 13:46:16 0 job proc(s) currently held
09/07/18 13:46:21 Currently monitoring 1 Condor log file(s)
09/07/18 13:46:21 Event: ULOG_EXECUTE for Condor Node register_local_0_0 (843.0.0)
09/07/18 13:46:21 Number of idle job procs: 1
09/07/18 13:46:21 Event: ULOG_JOB_TERMINATED for Condor Node register_local_0_0 (843.0.0)
09/07/18 13:46:21 Number of idle job procs: 1
09/07/18 13:46:21 Node register_local_0_0 job proc (843.0.0) completed successfully.
09/07/18 13:46:21 Node register_local_0_0 job completed
09/07/18 13:46:21 Running POST script of Node register_local_0_0...
09/07/18 13:46:21 Warning: mysin has length 0 (ignore if produced by DAGMan; see gittrac #4987, #5031)
09/07/18 13:46:21 Event: ULOG_JOB_TERMINATED for Condor Node separate2_ID0000004 (841.0.0)
09/07/18 13:46:21 Number of idle job procs: 1
09/07/18 13:46:21 Node separate2_ID0000004 job proc (841.0.0) completed successfully.
09/07/18 13:46:21 Node separate2_ID0000004 job completed
09/07/18 13:46:21 Running POST script of Node separate2_ID0000004...
09/07/18 13:46:21 Warning: mysin has length 0 (ignore if produced by DAGMan; see gittrac #4987, #5031)
09/07/18 13:46:21 Event: ULOG_EXECUTE for Condor Node separate2_ID0000003 (842.0.0)
09/07/18 13:46:21 Number of idle job procs: 0
09/07/18 13:46:21 Event: ULOG_JOB_TERMINATED for Condor Node separate2_ID0000003 (842.0.0)
09/07/18 13:46:21 Number of idle job procs: 0
09/07/18 13:46:21 Node separate2_ID0000003 job proc (842.0.0) completed successfully.
09/07/18 13:46:21 Node separate2_ID0000003 job completed
09/07/18 13:46:21 Running POST script of Node separate2_ID0000003...
09/07/18 13:46:21 Warning: mysin has length 0 (ignore if produced by DAGMan; see gittrac #4987, #5031)
09/07/18 13:46:21 DAG status: 0 (DAG_STATUS_OK)
09/07/18 13:46:21 Of 19 nodes total:
09/07/18 13:46:21  Done     Pre   Queued    Post   Ready   Un-Ready   Failed
09/07/18 13:46:21   ===     ===      ===     ===     ===        ===      ===
09/07/18 13:46:21     5       0        0       3       0         11        0
09/07/18 13:46:21 0 job proc(s) currently held
09/07/18 13:46:21 Initializing user log writer for /home/qh/wranglingWF/submit/qh/pegasus/wrangling/run0007/./wrangling-0.dag.nodes.log, (843.0.0)
09/07/18 13:46:21 Initializing user log writer for /home/qh/wranglingWF/submit/qh/pegasus/wrangling/run0007/./wrangling-0.dag.nodes.log, (842.0.0)
09/07/18 13:46:21 Initializing user log writer for /home/qh/wranglingWF/submit/qh/pegasus/wrangling/run0007/./wrangling-0.dag.nodes.log, (841.0.0)
09/07/18 13:46:26 Currently monitoring 1 Condor log file(s)
09/07/18 13:46:26 Event: ULOG_POST_SCRIPT_TERMINATED for Condor Node register_local_0_0 (843.0.0)
09/07/18 13:46:26 POST Script of Node register_local_0_0 completed successfully.
09/07/18 13:46:26 Event: ULOG_POST_SCRIPT_TERMINATED for Condor Node separate2_ID0000003 (842.0.0)
09/07/18 13:46:26 POST Script of Node separate2_ID0000003 completed successfully.
09/07/18 13:46:26 Event: ULOG_POST_SCRIPT_TERMINATED for Condor Node separate2_ID0000004 (841.0.0)
09/07/18 13:46:26 POST Script of Node separate2_ID0000004 completed successfully.
09/07/18 13:46:26 DAG status: 0 (DAG_STATUS_OK)
09/07/18 13:46:26 Of 19 nodes total:
09/07/18 13:46:26  Done     Pre   Queued    Post   Ready   Un-Ready   Failed
09/07/18 13:46:26   ===     ===      ===     ===     ===        ===      ===
09/07/18 13:46:26     8       0        0       0       2          9        0
09/07/18 13:46:26 0 job proc(s) currently held
09/07/18 13:46:31 Submitting Condor Node separate3_ID0000005 job(s)...
09/07/18 13:46:31 Adding a DAGMan workflow log /home/qh/wranglingWF/submit/qh/pegasus/wrangling/run0007/./wrangling-0.dag.nodes.log
09/07/18 13:46:31 Masking the events recorded in the DAGMAN workflow log
09/07/18 13:46:31 Mask for workflow log is 0,1,2,4,5,7,9,10,11,12,13,16,17,24,27
09/07/18 13:46:31 submitting: /usr/bin/condor_submit -a dag_node_name' '=' 'separate3_ID0000005 -a +DAGManJobId' '=' '835 -a DAGManJobId' '=' '835 -a submit_event_notes' '=' 'DAG' 'Node:' 'separate3_ID0000005 -a dagman_log' '=' '/home/qh/wranglingWF/submit/qh/pegasus/wrangling/run0007/./wrangling-0.dag.nodes.log -a +DAGManNodesMask' '=' '"0,1,2,4,5,7,9,10,11,12,13,16,17,24,27" -a +DAGNodeRetry' '=' '0 -a DAG_STATUS' '=' '0 -a FAILED_COUNT' '=' '0 -a +DAGParentNodeNames' '=' '"separate2_ID0000003" -a +KeepClaimIdle' '=' '20 -a notification' '=' 'never 00/00/separate3_ID0000005.sub
09/07/18 13:46:31 From submit: Submitting job(s).
09/07/18 13:46:31 From submit: 1 job(s) submitted to cluster 844.
09/07/18 13:46:31 	assigned Condor ID (844.0.0)
09/07/18 13:46:31 Submitting Condor Node separate3_ID0000006 job(s)...
09/07/18 13:46:31 Adding a DAGMan workflow log /home/qh/wranglingWF/submit/qh/pegasus/wrangling/run0007/./wrangling-0.dag.nodes.log
09/07/18 13:46:31 Masking the events recorded in the DAGMAN workflow log
09/07/18 13:46:31 Mask for workflow log is 0,1,2,4,5,7,9,10,11,12,13,16,17,24,27
09/07/18 13:46:31 submitting: /usr/bin/condor_submit -a dag_node_name' '=' 'separate3_ID0000006 -a +DAGManJobId' '=' '835 -a DAGManJobId' '=' '835 -a submit_event_notes' '=' 'DAG' 'Node:' 'separate3_ID0000006 -a dagman_log' '=' '/home/qh/wranglingWF/submit/qh/pegasus/wrangling/run0007/./wrangling-0.dag.nodes.log -a +DAGManNodesMask' '=' '"0,1,2,4,5,7,9,10,11,12,13,16,17,24,27" -a +DAGNodeRetry' '=' '0 -a DAG_STATUS' '=' '0 -a FAILED_COUNT' '=' '0 -a +DAGParentNodeNames' '=' '"separate2_ID0000004" -a +KeepClaimIdle' '=' '20 -a notification' '=' 'never 00/00/separate3_ID0000006.sub
09/07/18 13:46:32 From submit: Submitting job(s).
09/07/18 13:46:32 From submit: 1 job(s) submitted to cluster 845.
09/07/18 13:46:32 	assigned Condor ID (845.0.0)
09/07/18 13:46:32 Just submitted 2 jobs this cycle...
09/07/18 13:46:32 Currently monitoring 1 Condor log file(s)
09/07/18 13:46:32 Reassigning the id of job separate3_ID0000005 from (844.0.0) to (844.0.0)
09/07/18 13:46:32 Event: ULOG_SUBMIT for Condor Node separate3_ID0000005 (844.0.0)
09/07/18 13:46:32 Number of idle job procs: 1
09/07/18 13:46:32 Reassigning the id of job separate3_ID0000006 from (845.0.0) to (845.0.0)
09/07/18 13:46:32 Event: ULOG_SUBMIT for Condor Node separate3_ID0000006 (845.0.0)
09/07/18 13:46:32 Number of idle job procs: 2
09/07/18 13:46:32 DAG status: 0 (DAG_STATUS_OK)
09/07/18 13:46:32 Of 19 nodes total:
09/07/18 13:46:32  Done     Pre   Queued    Post   Ready   Un-Ready   Failed
09/07/18 13:46:32   ===     ===      ===     ===     ===        ===      ===
09/07/18 13:46:32     8       0        2       0       0          9        0
09/07/18 13:46:32 0 job proc(s) currently held
09/07/18 13:46:37 Currently monitoring 1 Condor log file(s)
09/07/18 13:46:37 Event: ULOG_EXECUTE for Condor Node separate3_ID0000005 (844.0.0)
09/07/18 13:46:37 Number of idle job procs: 1
09/07/18 13:46:37 Event: ULOG_JOB_TERMINATED for Condor Node separate3_ID0000005 (844.0.0)
09/07/18 13:46:37 Number of idle job procs: 1
09/07/18 13:46:37 Node separate3_ID0000005 job proc (844.0.0) completed successfully.
09/07/18 13:46:37 Node separate3_ID0000005 job completed
09/07/18 13:46:37 Running POST script of Node separate3_ID0000005...
09/07/18 13:46:37 Warning: mysin has length 0 (ignore if produced by DAGMan; see gittrac #4987, #5031)
09/07/18 13:46:37 Event: ULOG_EXECUTE for Condor Node separate3_ID0000006 (845.0.0)
09/07/18 13:46:37 Number of idle job procs: 0
09/07/18 13:46:37 Event: ULOG_JOB_TERMINATED for Condor Node separate3_ID0000006 (845.0.0)
09/07/18 13:46:37 Number of idle job procs: 0
09/07/18 13:46:37 Node separate3_ID0000006 job proc (845.0.0) completed successfully.
09/07/18 13:46:37 Node separate3_ID0000006 job completed
09/07/18 13:46:37 Running POST script of Node separate3_ID0000006...
09/07/18 13:46:37 Warning: mysin has length 0 (ignore if produced by DAGMan; see gittrac #4987, #5031)
09/07/18 13:46:37 DAG status: 0 (DAG_STATUS_OK)
09/07/18 13:46:37 Of 19 nodes total:
09/07/18 13:46:37  Done     Pre   Queued    Post   Ready   Un-Ready   Failed
09/07/18 13:46:37   ===     ===      ===     ===     ===        ===      ===
09/07/18 13:46:37     8       0        0       2       0          9        0
09/07/18 13:46:37 0 job proc(s) currently held
09/07/18 13:46:37 Initializing user log writer for /home/qh/wranglingWF/submit/qh/pegasus/wrangling/run0007/./wrangling-0.dag.nodes.log, (844.0.0)
09/07/18 13:46:37 Initializing user log writer for /home/qh/wranglingWF/submit/qh/pegasus/wrangling/run0007/./wrangling-0.dag.nodes.log, (845.0.0)
09/07/18 13:46:42 Currently monitoring 1 Condor log file(s)
09/07/18 13:46:42 Event: ULOG_POST_SCRIPT_TERMINATED for Condor Node separate3_ID0000005 (844.0.0)
09/07/18 13:46:42 POST Script of Node separate3_ID0000005 completed successfully.
09/07/18 13:46:42 Event: ULOG_POST_SCRIPT_TERMINATED for Condor Node separate3_ID0000006 (845.0.0)
09/07/18 13:46:42 POST Script of Node separate3_ID0000006 completed successfully.
09/07/18 13:46:42 DAG status: 0 (DAG_STATUS_OK)
09/07/18 13:46:42 Of 19 nodes total:
09/07/18 13:46:42  Done     Pre   Queued    Post   Ready   Un-Ready   Failed
09/07/18 13:46:42   ===     ===      ===     ===     ===        ===      ===
09/07/18 13:46:42    10       0        0       0       2          7        0
09/07/18 13:46:42 0 job proc(s) currently held
09/07/18 13:46:47 Submitting Condor Node filter4_ID0000007 job(s)...
09/07/18 13:46:47 Adding a DAGMan workflow log /home/qh/wranglingWF/submit/qh/pegasus/wrangling/run0007/./wrangling-0.dag.nodes.log
09/07/18 13:46:47 Masking the events recorded in the DAGMAN workflow log
09/07/18 13:46:47 Mask for workflow log is 0,1,2,4,5,7,9,10,11,12,13,16,17,24,27
09/07/18 13:46:47 submitting: /usr/bin/condor_submit -a dag_node_name' '=' 'filter4_ID0000007 -a +DAGManJobId' '=' '835 -a DAGManJobId' '=' '835 -a submit_event_notes' '=' 'DAG' 'Node:' 'filter4_ID0000007 -a dagman_log' '=' '/home/qh/wranglingWF/submit/qh/pegasus/wrangling/run0007/./wrangling-0.dag.nodes.log -a +DAGManNodesMask' '=' '"0,1,2,4,5,7,9,10,11,12,13,16,17,24,27" -a +DAGNodeRetry' '=' '0 -a DAG_STATUS' '=' '0 -a FAILED_COUNT' '=' '0 -a +DAGParentNodeNames' '=' '"separate3_ID0000005" -a +KeepClaimIdle' '=' '20 -a notification' '=' 'never 00/00/filter4_ID0000007.sub
09/07/18 13:46:47 From submit: Submitting job(s).
09/07/18 13:46:47 From submit: 1 job(s) submitted to cluster 846.
09/07/18 13:46:47 	assigned Condor ID (846.0.0)
09/07/18 13:46:47 Submitting Condor Node filter4_ID0000008 job(s)...
09/07/18 13:46:47 Adding a DAGMan workflow log /home/qh/wranglingWF/submit/qh/pegasus/wrangling/run0007/./wrangling-0.dag.nodes.log
09/07/18 13:46:47 Masking the events recorded in the DAGMAN workflow log
09/07/18 13:46:47 Mask for workflow log is 0,1,2,4,5,7,9,10,11,12,13,16,17,24,27
09/07/18 13:46:47 submitting: /usr/bin/condor_submit -a dag_node_name' '=' 'filter4_ID0000008 -a +DAGManJobId' '=' '835 -a DAGManJobId' '=' '835 -a submit_event_notes' '=' 'DAG' 'Node:' 'filter4_ID0000008 -a dagman_log' '=' '/home/qh/wranglingWF/submit/qh/pegasus/wrangling/run0007/./wrangling-0.dag.nodes.log -a +DAGManNodesMask' '=' '"0,1,2,4,5,7,9,10,11,12,13,16,17,24,27" -a +DAGNodeRetry' '=' '0 -a DAG_STATUS' '=' '0 -a FAILED_COUNT' '=' '0 -a +DAGParentNodeNames' '=' '"separate3_ID0000006" -a +KeepClaimIdle' '=' '20 -a notification' '=' 'never 00/00/filter4_ID0000008.sub
09/07/18 13:46:47 From submit: Submitting job(s).
09/07/18 13:46:47 From submit: 1 job(s) submitted to cluster 847.
09/07/18 13:46:47 	assigned Condor ID (847.0.0)
09/07/18 13:46:47 Just submitted 2 jobs this cycle...
09/07/18 13:46:47 Currently monitoring 1 Condor log file(s)
09/07/18 13:46:47 Reassigning the id of job filter4_ID0000007 from (846.0.0) to (846.0.0)
09/07/18 13:46:47 Event: ULOG_SUBMIT for Condor Node filter4_ID0000007 (846.0.0)
09/07/18 13:46:47 Number of idle job procs: 1
09/07/18 13:46:47 Reassigning the id of job filter4_ID0000008 from (847.0.0) to (847.0.0)
09/07/18 13:46:47 Event: ULOG_SUBMIT for Condor Node filter4_ID0000008 (847.0.0)
09/07/18 13:46:47 Number of idle job procs: 2
09/07/18 13:46:47 DAG status: 0 (DAG_STATUS_OK)
09/07/18 13:46:47 Of 19 nodes total:
09/07/18 13:46:47  Done     Pre   Queued    Post   Ready   Un-Ready   Failed
09/07/18 13:46:47   ===     ===      ===     ===     ===        ===      ===
09/07/18 13:46:47    10       0        2       0       0          7        0
09/07/18 13:46:47 0 job proc(s) currently held
09/07/18 13:46:52 Currently monitoring 1 Condor log file(s)
09/07/18 13:46:52 Event: ULOG_EXECUTE for Condor Node filter4_ID0000007 (846.0.0)
09/07/18 13:46:52 Number of idle job procs: 1
09/07/18 13:46:52 Event: ULOG_JOB_TERMINATED for Condor Node filter4_ID0000007 (846.0.0)
09/07/18 13:46:52 Number of idle job procs: 1
09/07/18 13:46:52 Node filter4_ID0000007 job proc (846.0.0) completed successfully.
09/07/18 13:46:52 Node filter4_ID0000007 job completed
09/07/18 13:46:52 Running POST script of Node filter4_ID0000007...
09/07/18 13:46:52 Warning: mysin has length 0 (ignore if produced by DAGMan; see gittrac #4987, #5031)
09/07/18 13:46:52 Event: ULOG_EXECUTE for Condor Node filter4_ID0000008 (847.0.0)
09/07/18 13:46:52 Number of idle job procs: 0
09/07/18 13:46:52 Event: ULOG_JOB_TERMINATED for Condor Node filter4_ID0000008 (847.0.0)
09/07/18 13:46:52 Number of idle job procs: 0
09/07/18 13:46:52 Node filter4_ID0000008 job proc (847.0.0) completed successfully.
09/07/18 13:46:52 Node filter4_ID0000008 job completed
09/07/18 13:46:52 Running POST script of Node filter4_ID0000008...
09/07/18 13:46:52 Warning: mysin has length 0 (ignore if produced by DAGMan; see gittrac #4987, #5031)
09/07/18 13:46:52 DAG status: 0 (DAG_STATUS_OK)
09/07/18 13:46:52 Of 19 nodes total:
09/07/18 13:46:52  Done     Pre   Queued    Post   Ready   Un-Ready   Failed
09/07/18 13:46:52   ===     ===      ===     ===     ===        ===      ===
09/07/18 13:46:52    10       0        0       2       0          7        0
09/07/18 13:46:52 0 job proc(s) currently held
09/07/18 13:46:52 Initializing user log writer for /home/qh/wranglingWF/submit/qh/pegasus/wrangling/run0007/./wrangling-0.dag.nodes.log, (846.0.0)
09/07/18 13:46:52 Initializing user log writer for /home/qh/wranglingWF/submit/qh/pegasus/wrangling/run0007/./wrangling-0.dag.nodes.log, (847.0.0)
09/07/18 13:46:57 Currently monitoring 1 Condor log file(s)
09/07/18 13:46:57 Event: ULOG_POST_SCRIPT_TERMINATED for Condor Node filter4_ID0000007 (846.0.0)
09/07/18 13:46:57 POST Script of Node filter4_ID0000007 completed successfully.
09/07/18 13:46:57 Event: ULOG_POST_SCRIPT_TERMINATED for Condor Node filter4_ID0000008 (847.0.0)
09/07/18 13:46:57 POST Script of Node filter4_ID0000008 completed successfully.
09/07/18 13:46:57 DAG status: 0 (DAG_STATUS_OK)
09/07/18 13:46:57 Of 19 nodes total:
09/07/18 13:46:57  Done     Pre   Queued    Post   Ready   Un-Ready   Failed
09/07/18 13:46:57   ===     ===      ===     ===     ===        ===      ===
09/07/18 13:46:57    12       0        0       0       2          5        0
09/07/18 13:46:57 0 job proc(s) currently held
09/07/18 13:47:02 Submitting Condor Node filter5_ID0000009 job(s)...
09/07/18 13:47:02 Adding a DAGMan workflow log /home/qh/wranglingWF/submit/qh/pegasus/wrangling/run0007/./wrangling-0.dag.nodes.log
09/07/18 13:47:02 Masking the events recorded in the DAGMAN workflow log
09/07/18 13:47:02 Mask for workflow log is 0,1,2,4,5,7,9,10,11,12,13,16,17,24,27
09/07/18 13:47:02 submitting: /usr/bin/condor_submit -a dag_node_name' '=' 'filter5_ID0000009 -a +DAGManJobId' '=' '835 -a DAGManJobId' '=' '835 -a submit_event_notes' '=' 'DAG' 'Node:' 'filter5_ID0000009 -a dagman_log' '=' '/home/qh/wranglingWF/submit/qh/pegasus/wrangling/run0007/./wrangling-0.dag.nodes.log -a +DAGManNodesMask' '=' '"0,1,2,4,5,7,9,10,11,12,13,16,17,24,27" -a +DAGNodeRetry' '=' '0 -a DAG_STATUS' '=' '0 -a FAILED_COUNT' '=' '0 -a +DAGParentNodeNames' '=' '"filter4_ID0000007" -a +KeepClaimIdle' '=' '20 -a notification' '=' 'never 00/00/filter5_ID0000009.sub
09/07/18 13:47:02 From submit: Submitting job(s).
09/07/18 13:47:02 From submit: 1 job(s) submitted to cluster 848.
09/07/18 13:47:02 	assigned Condor ID (848.0.0)
09/07/18 13:47:02 Submitting Condor Node filter5_ID0000010 job(s)...
09/07/18 13:47:02 Adding a DAGMan workflow log /home/qh/wranglingWF/submit/qh/pegasus/wrangling/run0007/./wrangling-0.dag.nodes.log
09/07/18 13:47:02 Masking the events recorded in the DAGMAN workflow log
09/07/18 13:47:02 Mask for workflow log is 0,1,2,4,5,7,9,10,11,12,13,16,17,24,27
09/07/18 13:47:02 submitting: /usr/bin/condor_submit -a dag_node_name' '=' 'filter5_ID0000010 -a +DAGManJobId' '=' '835 -a DAGManJobId' '=' '835 -a submit_event_notes' '=' 'DAG' 'Node:' 'filter5_ID0000010 -a dagman_log' '=' '/home/qh/wranglingWF/submit/qh/pegasus/wrangling/run0007/./wrangling-0.dag.nodes.log -a +DAGManNodesMask' '=' '"0,1,2,4,5,7,9,10,11,12,13,16,17,24,27" -a +DAGNodeRetry' '=' '0 -a DAG_STATUS' '=' '0 -a FAILED_COUNT' '=' '0 -a +DAGParentNodeNames' '=' '"filter4_ID0000008" -a +KeepClaimIdle' '=' '20 -a notification' '=' 'never 00/00/filter5_ID0000010.sub
09/07/18 13:47:02 From submit: Submitting job(s).
09/07/18 13:47:02 From submit: 1 job(s) submitted to cluster 849.
09/07/18 13:47:02 	assigned Condor ID (849.0.0)
09/07/18 13:47:02 Just submitted 2 jobs this cycle...
09/07/18 13:47:02 Currently monitoring 1 Condor log file(s)
09/07/18 13:47:02 Reassigning the id of job filter5_ID0000009 from (848.0.0) to (848.0.0)
09/07/18 13:47:02 Event: ULOG_SUBMIT for Condor Node filter5_ID0000009 (848.0.0)
09/07/18 13:47:02 Number of idle job procs: 1
09/07/18 13:47:02 Reassigning the id of job filter5_ID0000010 from (849.0.0) to (849.0.0)
09/07/18 13:47:02 Event: ULOG_SUBMIT for Condor Node filter5_ID0000010 (849.0.0)
09/07/18 13:47:02 Number of idle job procs: 2
09/07/18 13:47:02 DAG status: 0 (DAG_STATUS_OK)
09/07/18 13:47:02 Of 19 nodes total:
09/07/18 13:47:02  Done     Pre   Queued    Post   Ready   Un-Ready   Failed
09/07/18 13:47:02   ===     ===      ===     ===     ===        ===      ===
09/07/18 13:47:02    12       0        2       0       0          5        0
09/07/18 13:47:02 0 job proc(s) currently held
09/07/18 13:47:07 Currently monitoring 1 Condor log file(s)
09/07/18 13:47:07 Event: ULOG_EXECUTE for Condor Node filter5_ID0000009 (848.0.0)
09/07/18 13:47:07 Number of idle job procs: 1
09/07/18 13:47:07 Event: ULOG_JOB_TERMINATED for Condor Node filter5_ID0000009 (848.0.0)
09/07/18 13:47:07 Number of idle job procs: 1
09/07/18 13:47:07 Node filter5_ID0000009 job proc (848.0.0) completed successfully.
09/07/18 13:47:07 Node filter5_ID0000009 job completed
09/07/18 13:47:07 Running POST script of Node filter5_ID0000009...
09/07/18 13:47:07 Warning: mysin has length 0 (ignore if produced by DAGMan; see gittrac #4987, #5031)
09/07/18 13:47:07 Event: ULOG_EXECUTE for Condor Node filter5_ID0000010 (849.0.0)
09/07/18 13:47:07 Number of idle job procs: 0
09/07/18 13:47:07 Event: ULOG_JOB_TERMINATED for Condor Node filter5_ID0000010 (849.0.0)
09/07/18 13:47:07 Number of idle job procs: 0
09/07/18 13:47:07 Node filter5_ID0000010 job proc (849.0.0) completed successfully.
09/07/18 13:47:07 Node filter5_ID0000010 job completed
09/07/18 13:47:07 Running POST script of Node filter5_ID0000010...
09/07/18 13:47:07 Warning: mysin has length 0 (ignore if produced by DAGMan; see gittrac #4987, #5031)
09/07/18 13:47:07 DAG status: 0 (DAG_STATUS_OK)
09/07/18 13:47:07 Of 19 nodes total:
09/07/18 13:47:07  Done     Pre   Queued    Post   Ready   Un-Ready   Failed
09/07/18 13:47:07   ===     ===      ===     ===     ===        ===      ===
09/07/18 13:47:07    12       0        0       2       0          5        0
09/07/18 13:47:07 0 job proc(s) currently held
09/07/18 13:47:07 Initializing user log writer for /home/qh/wranglingWF/submit/qh/pegasus/wrangling/run0007/./wrangling-0.dag.nodes.log, (848.0.0)
09/07/18 13:47:07 Initializing user log writer for /home/qh/wranglingWF/submit/qh/pegasus/wrangling/run0007/./wrangling-0.dag.nodes.log, (849.0.0)
09/07/18 13:47:12 Currently monitoring 1 Condor log file(s)
09/07/18 13:47:12 Event: ULOG_POST_SCRIPT_TERMINATED for Condor Node filter5_ID0000009 (848.0.0)
09/07/18 13:47:12 POST Script of Node filter5_ID0000009 completed successfully.
09/07/18 13:47:12 Event: ULOG_POST_SCRIPT_TERMINATED for Condor Node filter5_ID0000010 (849.0.0)
09/07/18 13:47:12 POST Script of Node filter5_ID0000010 completed successfully.
09/07/18 13:47:12 DAG status: 0 (DAG_STATUS_OK)
09/07/18 13:47:12 Of 19 nodes total:
09/07/18 13:47:12  Done     Pre   Queued    Post   Ready   Un-Ready   Failed
09/07/18 13:47:12   ===     ===      ===     ===     ===        ===      ===
09/07/18 13:47:12    14       0        0       0       1          4        0
09/07/18 13:47:12 0 job proc(s) currently held
09/07/18 13:47:17 Submitting Condor Node union6_ID0000011 job(s)...
09/07/18 13:47:17 Adding a DAGMan workflow log /home/qh/wranglingWF/submit/qh/pegasus/wrangling/run0007/./wrangling-0.dag.nodes.log
09/07/18 13:47:17 Masking the events recorded in the DAGMAN workflow log
09/07/18 13:47:17 Mask for workflow log is 0,1,2,4,5,7,9,10,11,12,13,16,17,24,27
09/07/18 13:47:17 submitting: /usr/bin/condor_submit -a dag_node_name' '=' 'union6_ID0000011 -a +DAGManJobId' '=' '835 -a DAGManJobId' '=' '835 -a submit_event_notes' '=' 'DAG' 'Node:' 'union6_ID0000011 -a dagman_log' '=' '/home/qh/wranglingWF/submit/qh/pegasus/wrangling/run0007/./wrangling-0.dag.nodes.log -a +DAGManNodesMask' '=' '"0,1,2,4,5,7,9,10,11,12,13,16,17,24,27" -a +DAGNodeRetry' '=' '0 -a DAG_STATUS' '=' '0 -a FAILED_COUNT' '=' '0 -a +DAGParentNodeNames' '=' '"filter5_ID0000010,filter5_ID0000009" -a +KeepClaimIdle' '=' '20 -a notification' '=' 'never 00/00/union6_ID0000011.sub
09/07/18 13:47:17 From submit: Submitting job(s).
09/07/18 13:47:17 From submit: 1 job(s) submitted to cluster 850.
09/07/18 13:47:17 	assigned Condor ID (850.0.0)
09/07/18 13:47:17 Just submitted 1 job this cycle...
09/07/18 13:47:17 Currently monitoring 1 Condor log file(s)
09/07/18 13:47:17 Reassigning the id of job union6_ID0000011 from (850.0.0) to (850.0.0)
09/07/18 13:47:17 Event: ULOG_SUBMIT for Condor Node union6_ID0000011 (850.0.0)
09/07/18 13:47:17 Number of idle job procs: 1
09/07/18 13:47:17 DAG status: 0 (DAG_STATUS_OK)
09/07/18 13:47:17 Of 19 nodes total:
09/07/18 13:47:17  Done     Pre   Queued    Post   Ready   Un-Ready   Failed
09/07/18 13:47:17   ===     ===      ===     ===     ===        ===      ===
09/07/18 13:47:17    14       0        1       0       0          4        0
09/07/18 13:47:17 0 job proc(s) currently held
09/07/18 13:47:22 Currently monitoring 1 Condor log file(s)
09/07/18 13:47:22 Event: ULOG_EXECUTE for Condor Node union6_ID0000011 (850.0.0)
09/07/18 13:47:22 Number of idle job procs: 0
09/07/18 13:47:22 Event: ULOG_JOB_TERMINATED for Condor Node union6_ID0000011 (850.0.0)
09/07/18 13:47:22 Number of idle job procs: 0
09/07/18 13:47:22 Node union6_ID0000011 job proc (850.0.0) completed successfully.
09/07/18 13:47:22 Node union6_ID0000011 job completed
09/07/18 13:47:22 Running POST script of Node union6_ID0000011...
09/07/18 13:47:22 Warning: mysin has length 0 (ignore if produced by DAGMan; see gittrac #4987, #5031)
09/07/18 13:47:22 DAG status: 0 (DAG_STATUS_OK)
09/07/18 13:47:22 Of 19 nodes total:
09/07/18 13:47:22  Done     Pre   Queued    Post   Ready   Un-Ready   Failed
09/07/18 13:47:22   ===     ===      ===     ===     ===        ===      ===
09/07/18 13:47:22    14       0        0       1       0          4        0
09/07/18 13:47:22 0 job proc(s) currently held
09/07/18 13:47:22 Initializing user log writer for /home/qh/wranglingWF/submit/qh/pegasus/wrangling/run0007/./wrangling-0.dag.nodes.log, (850.0.0)
09/07/18 13:47:27 Currently monitoring 1 Condor log file(s)
09/07/18 13:47:27 Event: ULOG_POST_SCRIPT_TERMINATED for Condor Node union6_ID0000011 (850.0.0)
09/07/18 13:47:27 POST Script of Node union6_ID0000011 completed successfully.
09/07/18 13:47:27 DAG status: 0 (DAG_STATUS_OK)
09/07/18 13:47:27 Of 19 nodes total:
09/07/18 13:47:27  Done     Pre   Queued    Post   Ready   Un-Ready   Failed
09/07/18 13:47:27   ===     ===      ===     ===     ===        ===      ===
09/07/18 13:47:27    15       0        0       0       2          2        0
09/07/18 13:47:27 0 job proc(s) currently held
09/07/18 13:47:32 Submitting Condor Node stage_out_local_local_6_0 job(s)...
09/07/18 13:47:32 Adding a DAGMan workflow log /home/qh/wranglingWF/submit/qh/pegasus/wrangling/run0007/./wrangling-0.dag.nodes.log
09/07/18 13:47:32 Masking the events recorded in the DAGMAN workflow log
09/07/18 13:47:32 Mask for workflow log is 0,1,2,4,5,7,9,10,11,12,13,16,17,24,27
09/07/18 13:47:32 submitting: /usr/bin/condor_submit -a dag_node_name' '=' 'stage_out_local_local_6_0 -a +DAGManJobId' '=' '835 -a DAGManJobId' '=' '835 -a submit_event_notes' '=' 'DAG' 'Node:' 'stage_out_local_local_6_0 -a dagman_log' '=' '/home/qh/wranglingWF/submit/qh/pegasus/wrangling/run0007/./wrangling-0.dag.nodes.log -a +DAGManNodesMask' '=' '"0,1,2,4,5,7,9,10,11,12,13,16,17,24,27" -a +DAGNodeRetry' '=' '0 -a DAG_STATUS' '=' '0 -a FAILED_COUNT' '=' '0 -a +DAGParentNodeNames' '=' '"union6_ID0000011" -a +KeepClaimIdle' '=' '20 -a notification' '=' 'never 00/00/stage_out_local_local_6_0.sub
09/07/18 13:47:33 From submit: Submitting job(s).
09/07/18 13:47:33 From submit: 1 job(s) submitted to cluster 851.
09/07/18 13:47:33 	assigned Condor ID (851.0.0)
09/07/18 13:47:33 Submitting Condor Node mutate_ID0000012 job(s)...
09/07/18 13:47:33 Adding a DAGMan workflow log /home/qh/wranglingWF/submit/qh/pegasus/wrangling/run0007/./wrangling-0.dag.nodes.log
09/07/18 13:47:33 Masking the events recorded in the DAGMAN workflow log
09/07/18 13:47:33 Mask for workflow log is 0,1,2,4,5,7,9,10,11,12,13,16,17,24,27
09/07/18 13:47:33 submitting: /usr/bin/condor_submit -a dag_node_name' '=' 'mutate_ID0000012 -a +DAGManJobId' '=' '835 -a DAGManJobId' '=' '835 -a submit_event_notes' '=' 'DAG' 'Node:' 'mutate_ID0000012 -a dagman_log' '=' '/home/qh/wranglingWF/submit/qh/pegasus/wrangling/run0007/./wrangling-0.dag.nodes.log -a +DAGManNodesMask' '=' '"0,1,2,4,5,7,9,10,11,12,13,16,17,24,27" -a +DAGNodeRetry' '=' '0 -a DAG_STATUS' '=' '0 -a FAILED_COUNT' '=' '0 -a +DAGParentNodeNames' '=' '"union6_ID0000011" -a +KeepClaimIdle' '=' '20 -a notification' '=' 'never 00/00/mutate_ID0000012.sub
09/07/18 13:47:33 From submit: Submitting job(s).
09/07/18 13:47:33 From submit: 1 job(s) submitted to cluster 852.
09/07/18 13:47:33 	assigned Condor ID (852.0.0)
09/07/18 13:47:33 Just submitted 2 jobs this cycle...
09/07/18 13:47:33 Currently monitoring 1 Condor log file(s)
09/07/18 13:47:33 Reassigning the id of job stage_out_local_local_6_0 from (851.0.0) to (851.0.0)
09/07/18 13:47:33 Event: ULOG_SUBMIT for Condor Node stage_out_local_local_6_0 (851.0.0)
09/07/18 13:47:33 Number of idle job procs: 1
09/07/18 13:47:33 Event: ULOG_EXECUTE for Condor Node stage_out_local_local_6_0 (851.0.0)
09/07/18 13:47:33 Number of idle job procs: 0
09/07/18 13:47:33 Reassigning the id of job mutate_ID0000012 from (852.0.0) to (852.0.0)
09/07/18 13:47:33 Event: ULOG_SUBMIT for Condor Node mutate_ID0000012 (852.0.0)
09/07/18 13:47:33 Number of idle job procs: 1
09/07/18 13:47:33 DAG status: 0 (DAG_STATUS_OK)
09/07/18 13:47:33 Of 19 nodes total:
09/07/18 13:47:33  Done     Pre   Queued    Post   Ready   Un-Ready   Failed
09/07/18 13:47:33   ===     ===      ===     ===     ===        ===      ===
09/07/18 13:47:33    15       0        2       0       0          2        0
09/07/18 13:47:33 0 job proc(s) currently held
09/07/18 13:47:38 Currently monitoring 1 Condor log file(s)
09/07/18 13:47:38 Event: ULOG_EXECUTE for Condor Node mutate_ID0000012 (852.0.0)
09/07/18 13:47:38 Number of idle job procs: 0
09/07/18 13:47:38 Event: ULOG_JOB_TERMINATED for Condor Node mutate_ID0000012 (852.0.0)
09/07/18 13:47:38 Number of idle job procs: 0
09/07/18 13:47:38 Node mutate_ID0000012 job proc (852.0.0) completed successfully.
09/07/18 13:47:38 Node mutate_ID0000012 job completed
09/07/18 13:47:38 Running POST script of Node mutate_ID0000012...
09/07/18 13:47:38 Warning: mysin has length 0 (ignore if produced by DAGMan; see gittrac #4987, #5031)
09/07/18 13:47:38 Event: ULOG_JOB_TERMINATED for Condor Node stage_out_local_local_6_0 (851.0.0)
09/07/18 13:47:38 Number of idle job procs: 0
09/07/18 13:47:38 Node stage_out_local_local_6_0 job proc (851.0.0) completed successfully.
09/07/18 13:47:38 Node stage_out_local_local_6_0 job completed
09/07/18 13:47:38 Running POST script of Node stage_out_local_local_6_0...
09/07/18 13:47:38 Warning: mysin has length 0 (ignore if produced by DAGMan; see gittrac #4987, #5031)
09/07/18 13:47:38 DAG status: 0 (DAG_STATUS_OK)
09/07/18 13:47:38 Of 19 nodes total:
09/07/18 13:47:38  Done     Pre   Queued    Post   Ready   Un-Ready   Failed
09/07/18 13:47:38   ===     ===      ===     ===     ===        ===      ===
09/07/18 13:47:38    15       0        0       2       0          2        0
09/07/18 13:47:38 0 job proc(s) currently held
09/07/18 13:47:38 Initializing user log writer for /home/qh/wranglingWF/submit/qh/pegasus/wrangling/run0007/./wrangling-0.dag.nodes.log, (852.0.0)
09/07/18 13:47:38 Initializing user log writer for /home/qh/wranglingWF/submit/qh/pegasus/wrangling/run0007/./wrangling-0.dag.nodes.log, (851.0.0)
09/07/18 13:47:43 Currently monitoring 1 Condor log file(s)
09/07/18 13:47:43 Event: ULOG_POST_SCRIPT_TERMINATED for Condor Node mutate_ID0000012 (852.0.0)
09/07/18 13:47:43 POST Script of Node mutate_ID0000012 completed successfully.
09/07/18 13:47:43 Event: ULOG_POST_SCRIPT_TERMINATED for Condor Node stage_out_local_local_6_0 (851.0.0)
09/07/18 13:47:43 POST Script of Node stage_out_local_local_6_0 completed successfully.
09/07/18 13:47:43 DAG status: 0 (DAG_STATUS_OK)
09/07/18 13:47:43 Of 19 nodes total:
09/07/18 13:47:43  Done     Pre   Queued    Post   Ready   Un-Ready   Failed
09/07/18 13:47:43   ===     ===      ===     ===     ===        ===      ===
09/07/18 13:47:43    17       0        0       0       1          1        0
09/07/18 13:47:43 0 job proc(s) currently held
09/07/18 13:47:48 Submitting Condor Node stage_out_local_local_7_0 job(s)...
09/07/18 13:47:48 Adding a DAGMan workflow log /home/qh/wranglingWF/submit/qh/pegasus/wrangling/run0007/./wrangling-0.dag.nodes.log
09/07/18 13:47:48 Masking the events recorded in the DAGMAN workflow log
09/07/18 13:47:48 Mask for workflow log is 0,1,2,4,5,7,9,10,11,12,13,16,17,24,27
09/07/18 13:47:48 submitting: /usr/bin/condor_submit -a dag_node_name' '=' 'stage_out_local_local_7_0 -a +DAGManJobId' '=' '835 -a DAGManJobId' '=' '835 -a submit_event_notes' '=' 'DAG' 'Node:' 'stage_out_local_local_7_0 -a dagman_log' '=' '/home/qh/wranglingWF/submit/qh/pegasus/wrangling/run0007/./wrangling-0.dag.nodes.log -a +DAGManNodesMask' '=' '"0,1,2,4,5,7,9,10,11,12,13,16,17,24,27" -a +DAGNodeRetry' '=' '0 -a DAG_STATUS' '=' '0 -a FAILED_COUNT' '=' '0 -a +DAGParentNodeNames' '=' '"mutate_ID0000012" -a +KeepClaimIdle' '=' '20 -a notification' '=' 'never 00/00/stage_out_local_local_7_0.sub
09/07/18 13:47:48 From submit: Submitting job(s).
09/07/18 13:47:48 From submit: 1 job(s) submitted to cluster 853.
09/07/18 13:47:48 	assigned Condor ID (853.0.0)
09/07/18 13:47:48 Just submitted 1 job this cycle...
09/07/18 13:47:48 Currently monitoring 1 Condor log file(s)
09/07/18 13:47:48 Reassigning the id of job stage_out_local_local_7_0 from (853.0.0) to (853.0.0)
09/07/18 13:47:48 Event: ULOG_SUBMIT for Condor Node stage_out_local_local_7_0 (853.0.0)
09/07/18 13:47:48 Number of idle job procs: 1
09/07/18 13:47:48 DAG status: 0 (DAG_STATUS_OK)
09/07/18 13:47:48 Of 19 nodes total:
09/07/18 13:47:48  Done     Pre   Queued    Post   Ready   Un-Ready   Failed
09/07/18 13:47:48   ===     ===      ===     ===     ===        ===      ===
09/07/18 13:47:48    17       0        1       0       0          1        0
09/07/18 13:47:48 0 job proc(s) currently held
09/07/18 13:47:53 Currently monitoring 1 Condor log file(s)
09/07/18 13:47:53 Event: ULOG_EXECUTE for Condor Node stage_out_local_local_7_0 (853.0.0)
09/07/18 13:47:53 Number of idle job procs: 0
09/07/18 13:47:53 Event: ULOG_JOB_TERMINATED for Condor Node stage_out_local_local_7_0 (853.0.0)
09/07/18 13:47:53 Number of idle job procs: 0
09/07/18 13:47:53 Node stage_out_local_local_7_0 job proc (853.0.0) completed successfully.
09/07/18 13:47:53 Node stage_out_local_local_7_0 job completed
09/07/18 13:47:53 Running POST script of Node stage_out_local_local_7_0...
09/07/18 13:47:53 Warning: mysin has length 0 (ignore if produced by DAGMan; see gittrac #4987, #5031)
09/07/18 13:47:53 DAG status: 0 (DAG_STATUS_OK)
09/07/18 13:47:53 Of 19 nodes total:
09/07/18 13:47:53  Done     Pre   Queued    Post   Ready   Un-Ready   Failed
09/07/18 13:47:53   ===     ===      ===     ===     ===        ===      ===
09/07/18 13:47:53    17       0        0       1       0          1        0
09/07/18 13:47:53 0 job proc(s) currently held
09/07/18 13:47:53 Initializing user log writer for /home/qh/wranglingWF/submit/qh/pegasus/wrangling/run0007/./wrangling-0.dag.nodes.log, (853.0.0)
09/07/18 13:47:58 Currently monitoring 1 Condor log file(s)
09/07/18 13:47:58 Event: ULOG_POST_SCRIPT_TERMINATED for Condor Node stage_out_local_local_7_0 (853.0.0)
09/07/18 13:47:58 POST Script of Node stage_out_local_local_7_0 completed successfully.
09/07/18 13:47:58 DAG status: 0 (DAG_STATUS_OK)
09/07/18 13:47:58 Of 19 nodes total:
09/07/18 13:47:58  Done     Pre   Queued    Post   Ready   Un-Ready   Failed
09/07/18 13:47:58   ===     ===      ===     ===     ===        ===      ===
09/07/18 13:47:58    18       0        0       0       1          0        0
09/07/18 13:47:58 0 job proc(s) currently held
09/07/18 13:48:03 Submitting Condor Node cleanup_wrangling_0_local job(s)...
09/07/18 13:48:03 Adding a DAGMan workflow log /home/qh/wranglingWF/submit/qh/pegasus/wrangling/run0007/./wrangling-0.dag.nodes.log
09/07/18 13:48:03 Masking the events recorded in the DAGMAN workflow log
09/07/18 13:48:03 Mask for workflow log is 0,1,2,4,5,7,9,10,11,12,13,16,17,24,27
09/07/18 13:48:03 submitting: /usr/bin/condor_submit -a dag_node_name' '=' 'cleanup_wrangling_0_local -a +DAGManJobId' '=' '835 -a DAGManJobId' '=' '835 -a submit_event_notes' '=' 'DAG' 'Node:' 'cleanup_wrangling_0_local -a dagman_log' '=' '/home/qh/wranglingWF/submit/qh/pegasus/wrangling/run0007/./wrangling-0.dag.nodes.log -a +DAGManNodesMask' '=' '"0,1,2,4,5,7,9,10,11,12,13,16,17,24,27" -a +DAGNodeRetry' '=' '0 -a DAG_STATUS' '=' '0 -a FAILED_COUNT' '=' '0 -a +DAGParentNodeNames' '=' '"stage_out_local_local_0_0,stage_out_local_local_6_0,stage_out_local_local_7_0" -a notification' '=' 'never 00/00/cleanup_wrangling_0_local.sub
09/07/18 13:48:03 From submit: Submitting job(s).
09/07/18 13:48:03 From submit: 1 job(s) submitted to cluster 854.
09/07/18 13:48:03 	assigned Condor ID (854.0.0)
09/07/18 13:48:03 Just submitted 1 job this cycle...
09/07/18 13:48:03 Currently monitoring 1 Condor log file(s)
09/07/18 13:48:03 Reassigning the id of job cleanup_wrangling_0_local from (854.0.0) to (854.0.0)
09/07/18 13:48:03 Event: ULOG_SUBMIT for Condor Node cleanup_wrangling_0_local (854.0.0)
09/07/18 13:48:03 Number of idle job procs: 1
09/07/18 13:48:03 DAG status: 0 (DAG_STATUS_OK)
09/07/18 13:48:03 Of 19 nodes total:
09/07/18 13:48:03  Done     Pre   Queued    Post   Ready   Un-Ready   Failed
09/07/18 13:48:03   ===     ===      ===     ===     ===        ===      ===
09/07/18 13:48:03    18       0        1       0       0          0        0
09/07/18 13:48:03 0 job proc(s) currently held
09/07/18 13:48:08 Currently monitoring 1 Condor log file(s)
09/07/18 13:48:08 Event: ULOG_EXECUTE for Condor Node cleanup_wrangling_0_local (854.0.0)
09/07/18 13:48:08 Number of idle job procs: 0
09/07/18 13:48:08 Event: ULOG_JOB_TERMINATED for Condor Node cleanup_wrangling_0_local (854.0.0)
09/07/18 13:48:08 Number of idle job procs: 0
09/07/18 13:48:08 Node cleanup_wrangling_0_local job proc (854.0.0) completed successfully.
09/07/18 13:48:08 Node cleanup_wrangling_0_local job completed
09/07/18 13:48:08 DAG status: 0 (DAG_STATUS_OK)
09/07/18 13:48:08 Of 19 nodes total:
09/07/18 13:48:08  Done     Pre   Queued    Post   Ready   Un-Ready   Failed
09/07/18 13:48:08   ===     ===      ===     ===     ===        ===      ===
09/07/18 13:48:08    19       0        0       0       0          0        0
09/07/18 13:48:08 0 job proc(s) currently held
09/07/18 13:48:08 All jobs Completed!
09/07/18 13:48:08 Note: 0 total job deferrals because of -MaxJobs limit (0)
09/07/18 13:48:08 Note: 0 total job deferrals because of -MaxIdle limit (1000)
09/07/18 13:48:08 Note: 0 total job deferrals because of node category throttles
09/07/18 13:48:08 Note: 0 total PRE script deferrals because of -MaxPre limit (20) or DEFER
09/07/18 13:48:08 Note: 0 total POST script deferrals because of -MaxPost limit (20) or DEFER
09/07/18 13:48:08 DAG status: 0 (DAG_STATUS_OK)
09/07/18 13:48:08 Of 19 nodes total:
09/07/18 13:48:08  Done     Pre   Queued    Post   Ready   Un-Ready   Failed
09/07/18 13:48:08   ===     ===      ===     ===     ===        ===      ===
09/07/18 13:48:08    19       0        0       0       0          0        0
09/07/18 13:48:08 0 job proc(s) currently held
09/07/18 13:48:08 Wrote metrics file wrangling-0.dag.metrics.
09/07/18 13:48:08 Reporting metrics to Pegasus metrics server(s); output is in wrangling-0.dag.metrics.out.
09/07/18 13:48:08 Running command </usr/lib/condor/libexec/condor_dagman_metrics_reporter -f wrangling-0.dag.metrics -t 100>
09/07/18 13:48:08 Warning: mysin has length 0 (ignore if produced by DAGMan; see gittrac #4987, #5031)
09/07/18 13:48:08 **** condor_scheduniv_exec.835.0 (condor_DAGMAN) pid 14422 EXITING WITH STATUS 0
