07/05/18 11:11:52 ******************************************************
07/05/18 11:11:52 ** condor_scheduniv_exec.750.0 (CONDOR_DAGMAN) STARTING UP
07/05/18 11:11:52 ** /usr/bin/condor_dagman
07/05/18 11:11:52 ** SubsystemInfo: name=DAGMAN type=DAGMAN(10) class=DAEMON(1)
07/05/18 11:11:52 ** Configuration: subsystem:DAGMAN local:<NONE> class:DAEMON
07/05/18 11:11:52 ** $CondorVersion: 8.4.2 Feb 22 2016 BuildID: Debian-8.4.2~dfsg.1-1build1 Debian-8.4.2~dfsg.1-1build1 $
07/05/18 11:11:52 ** $CondorPlatform: X86_64-Ubuntu_ $
07/05/18 11:11:52 ** PID = 9097
07/05/18 11:11:52 ** Log last touched time unavailable (No such file or directory)
07/05/18 11:11:52 ******************************************************
07/05/18 11:11:52 Using config source: /etc/condor/condor_config
07/05/18 11:11:52 Using local config sources: 
07/05/18 11:11:52    /etc/condor/config.d/00debconf
07/05/18 11:11:52    /etc/condor/condor_config.local
07/05/18 11:11:52 config Macros = 69, Sorted = 69, StringBytes = 2014, TablesBytes = 2540
07/05/18 11:11:52 CLASSAD_CACHING is ENABLED
07/05/18 11:11:52 Daemon Log is logging: D_ALWAYS D_ERROR
07/05/18 11:11:52 DaemonCore: No command port requested.
07/05/18 11:11:52 DAGMAN_USE_STRICT setting: 1
07/05/18 11:11:52 DAGMAN_VERBOSITY setting: 3
07/05/18 11:11:52 DAGMAN_DEBUG_CACHE_SIZE setting: 5242880
07/05/18 11:11:52 DAGMAN_DEBUG_CACHE_ENABLE setting: False
07/05/18 11:11:52 DAGMAN_SUBMIT_DELAY setting: 0
07/05/18 11:11:52 DAGMAN_MAX_SUBMIT_ATTEMPTS setting: 6
07/05/18 11:11:52 DAGMAN_STARTUP_CYCLE_DETECT setting: False
07/05/18 11:11:52 DAGMAN_MAX_SUBMITS_PER_INTERVAL setting: 5
07/05/18 11:11:52 DAGMAN_USER_LOG_SCAN_INTERVAL setting: 5
07/05/18 11:11:52 DAGMAN_DEFAULT_PRIORITY setting: 0
07/05/18 11:11:52 DAGMAN_SUPPRESS_NOTIFICATION setting: True
07/05/18 11:11:52 allow_events (DAGMAN_ALLOW_EVENTS) setting: 114
07/05/18 11:11:52 DAGMAN_RETRY_SUBMIT_FIRST setting: True
07/05/18 11:11:52 DAGMAN_RETRY_NODE_FIRST setting: False
07/05/18 11:11:52 DAGMAN_MAX_JOBS_IDLE setting: 1000
07/05/18 11:11:52 DAGMAN_MAX_JOBS_SUBMITTED setting: 0
07/05/18 11:11:52 DAGMAN_MAX_PRE_SCRIPTS setting: 20
07/05/18 11:11:52 DAGMAN_MAX_POST_SCRIPTS setting: 20
07/05/18 11:11:52 DAGMAN_ALLOW_LOG_ERROR setting: False
07/05/18 11:11:52 DAGMAN_MUNGE_NODE_NAMES setting: True
07/05/18 11:11:52 DAGMAN_PROHIBIT_MULTI_JOBS setting: False
07/05/18 11:11:52 DAGMAN_SUBMIT_DEPTH_FIRST setting: False
07/05/18 11:11:52 DAGMAN_ALWAYS_RUN_POST setting: True
07/05/18 11:11:52 DAGMAN_ABORT_DUPLICATES setting: True
07/05/18 11:11:52 DAGMAN_ABORT_ON_SCARY_SUBMIT setting: True
07/05/18 11:11:52 DAGMAN_PENDING_REPORT_INTERVAL setting: 600
07/05/18 11:11:52 DAGMAN_AUTO_RESCUE setting: True
07/05/18 11:11:52 DAGMAN_MAX_RESCUE_NUM setting: 100
07/05/18 11:11:52 DAGMAN_WRITE_PARTIAL_RESCUE setting: True
07/05/18 11:11:52 DAGMAN_DEFAULT_NODE_LOG setting: @(DAG_DIR)/@(DAG_FILE).nodes.log
07/05/18 11:11:52 DAGMAN_GENERATE_SUBDAG_SUBMITS setting: True
07/05/18 11:11:52 DAGMAN_MAX_JOB_HOLDS setting: 100
07/05/18 11:11:52 DAGMAN_HOLD_CLAIM_TIME setting: 20
07/05/18 11:11:52 ALL_DEBUG setting: 
07/05/18 11:11:52 DAGMAN_DEBUG setting: 
07/05/18 11:11:52 DAGMAN_SUPPRESS_JOB_LOGS setting: False
07/05/18 11:11:52 argv[0] == "condor_scheduniv_exec.750.0"
07/05/18 11:11:52 argv[1] == "-Lockfile"
07/05/18 11:11:52 argv[2] == "wrangling-0.dag.lock"
07/05/18 11:11:52 argv[3] == "-AutoRescue"
07/05/18 11:11:52 argv[4] == "1"
07/05/18 11:11:52 argv[5] == "-DoRescueFrom"
07/05/18 11:11:52 argv[6] == "0"
07/05/18 11:11:52 argv[7] == "-Dag"
07/05/18 11:11:52 argv[8] == "wrangling-0.dag"
07/05/18 11:11:52 argv[9] == "-MaxPost"
07/05/18 11:11:52 argv[10] == "20"
07/05/18 11:11:52 argv[11] == "-Suppress_notification"
07/05/18 11:11:52 argv[12] == "-CsdVersion"
07/05/18 11:11:52 argv[13] == "$CondorVersion: 8.4.2 Feb 22 2016 BuildID: Debian-8.4.2~dfsg.1-1build1 Debian-8.4.2~dfsg.1-1build1 $"
07/05/18 11:11:52 argv[14] == "-Dagman"
07/05/18 11:11:52 argv[15] == "/usr/bin/condor_dagman"
07/05/18 11:11:53 Warning: failed to get attribute DAGNodeName
07/05/18 11:11:53 Default node log file is: </home/qh/wranglingWF/submit/qh/pegasus/wrangling/run0002/./wrangling-0.dag.nodes.log>
07/05/18 11:11:53 DAG Lockfile will be written to wrangling-0.dag.lock
07/05/18 11:11:53 DAG Input file is wrangling-0.dag
07/05/18 11:11:53 Parsing 1 dagfiles
07/05/18 11:11:53 Parsing wrangling-0.dag ...
07/05/18 11:11:53 Warning: category registration has no throttle value set
07/05/18 11:11:53 Warning: category stagein has no assigned nodes, so the throttle setting (10) will have no effect
07/05/18 11:11:53 Warning: category cleanup has no assigned nodes, so the throttle setting (4) will have no effect
07/05/18 11:11:53 Dag contains 19 total jobs
07/05/18 11:11:53 Sleeping for 3 seconds to ensure ProcessId uniqueness
07/05/18 11:11:56 Bootstrapping...
07/05/18 11:11:56 Number of pre-completed nodes: 0
07/05/18 11:11:56 MultiLogFiles: truncating log file /home/qh/wranglingWF/submit/qh/pegasus/wrangling/run0002/./wrangling-0.dag.nodes.log
07/05/18 11:11:56 DAG status: 0 (DAG_STATUS_OK)
07/05/18 11:11:56 Of 19 nodes total:
07/05/18 11:11:56  Done     Pre   Queued    Post   Ready   Un-Ready   Failed
07/05/18 11:11:56   ===     ===      ===     ===     ===        ===      ===
07/05/18 11:11:56     0       0        0       0       1         18        0
07/05/18 11:11:56 0 job proc(s) currently held
07/05/18 11:11:56 Registering condor_event_timer...
07/05/18 11:11:57 Submitting Condor Node create_dir_wrangling_0_local job(s)...
07/05/18 11:11:57 Adding a DAGMan workflow log /home/qh/wranglingWF/submit/qh/pegasus/wrangling/run0002/./wrangling-0.dag.nodes.log
07/05/18 11:11:57 Masking the events recorded in the DAGMAN workflow log
07/05/18 11:11:57 Mask for workflow log is 0,1,2,4,5,7,9,10,11,12,13,16,17,24,27
07/05/18 11:11:57 submitting: /usr/bin/condor_submit -a dag_node_name' '=' 'create_dir_wrangling_0_local -a +DAGManJobId' '=' '750 -a DAGManJobId' '=' '750 -a submit_event_notes' '=' 'DAG' 'Node:' 'create_dir_wrangling_0_local -a dagman_log' '=' '/home/qh/wranglingWF/submit/qh/pegasus/wrangling/run0002/./wrangling-0.dag.nodes.log -a +DAGManNodesMask' '=' '"0,1,2,4,5,7,9,10,11,12,13,16,17,24,27" -a +DAGNodeRetry' '=' '0 -a DAG_STATUS' '=' '0 -a FAILED_COUNT' '=' '0 -a +DAGParentNodeNames' '=' '"" -a +KeepClaimIdle' '=' '20 -a notification' '=' 'never 00/00/create_dir_wrangling_0_local.sub
07/05/18 11:11:57 From submit: Submitting job(s).
07/05/18 11:11:57 From submit: 1 job(s) submitted to cluster 751.
07/05/18 11:11:57 	assigned Condor ID (751.0.0)
07/05/18 11:11:57 Just submitted 1 job this cycle...
07/05/18 11:11:57 Currently monitoring 1 Condor log file(s)
07/05/18 11:11:57 Reassigning the id of job create_dir_wrangling_0_local from (751.0.0) to (751.0.0)
07/05/18 11:11:57 Event: ULOG_SUBMIT for Condor Node create_dir_wrangling_0_local (751.0.0)
07/05/18 11:11:57 Number of idle job procs: 1
07/05/18 11:11:57 DAG status: 0 (DAG_STATUS_OK)
07/05/18 11:11:57 Of 19 nodes total:
07/05/18 11:11:57  Done     Pre   Queued    Post   Ready   Un-Ready   Failed
07/05/18 11:11:57   ===     ===      ===     ===     ===        ===      ===
07/05/18 11:11:57     0       0        1       0       0         18        0
07/05/18 11:11:57 0 job proc(s) currently held
07/05/18 11:12:02 Currently monitoring 1 Condor log file(s)
07/05/18 11:12:02 Event: ULOG_EXECUTE for Condor Node create_dir_wrangling_0_local (751.0.0)
07/05/18 11:12:02 Number of idle job procs: 0
07/05/18 11:12:02 Event: ULOG_JOB_TERMINATED for Condor Node create_dir_wrangling_0_local (751.0.0)
07/05/18 11:12:02 Number of idle job procs: 0
07/05/18 11:12:02 Node create_dir_wrangling_0_local job proc (751.0.0) completed successfully.
07/05/18 11:12:02 Node create_dir_wrangling_0_local job completed
07/05/18 11:12:02 Running POST script of Node create_dir_wrangling_0_local...
07/05/18 11:12:02 Warning: mysin has length 0 (ignore if produced by DAGMan; see gittrac #4987, #5031)
07/05/18 11:12:02 DAG status: 0 (DAG_STATUS_OK)
07/05/18 11:12:02 Of 19 nodes total:
07/05/18 11:12:02  Done     Pre   Queued    Post   Ready   Un-Ready   Failed
07/05/18 11:12:02   ===     ===      ===     ===     ===        ===      ===
07/05/18 11:12:02     0       0        0       1       0         18        0
07/05/18 11:12:02 0 job proc(s) currently held
07/05/18 11:12:02 Initializing user log writer for /home/qh/wranglingWF/submit/qh/pegasus/wrangling/run0002/./wrangling-0.dag.nodes.log, (751.0.0)
07/05/18 11:12:07 Currently monitoring 1 Condor log file(s)
07/05/18 11:12:07 Event: ULOG_POST_SCRIPT_TERMINATED for Condor Node create_dir_wrangling_0_local (751.0.0)
07/05/18 11:12:07 POST Script of Node create_dir_wrangling_0_local completed successfully.
07/05/18 11:12:07 DAG status: 0 (DAG_STATUS_OK)
07/05/18 11:12:07 Of 19 nodes total:
07/05/18 11:12:07  Done     Pre   Queued    Post   Ready   Un-Ready   Failed
07/05/18 11:12:07   ===     ===      ===     ===     ===        ===      ===
07/05/18 11:12:07     1       0        0       0       1         17        0
07/05/18 11:12:07 0 job proc(s) currently held
07/05/18 11:12:12 Submitting Condor Node svn0_ID0000000 job(s)...
07/05/18 11:12:12 Adding a DAGMan workflow log /home/qh/wranglingWF/submit/qh/pegasus/wrangling/run0002/./wrangling-0.dag.nodes.log
07/05/18 11:12:12 Masking the events recorded in the DAGMAN workflow log
07/05/18 11:12:12 Mask for workflow log is 0,1,2,4,5,7,9,10,11,12,13,16,17,24,27
07/05/18 11:12:12 submitting: /usr/bin/condor_submit -a dag_node_name' '=' 'svn0_ID0000000 -a +DAGManJobId' '=' '750 -a DAGManJobId' '=' '750 -a submit_event_notes' '=' 'DAG' 'Node:' 'svn0_ID0000000 -a dagman_log' '=' '/home/qh/wranglingWF/submit/qh/pegasus/wrangling/run0002/./wrangling-0.dag.nodes.log -a +DAGManNodesMask' '=' '"0,1,2,4,5,7,9,10,11,12,13,16,17,24,27" -a +DAGNodeRetry' '=' '0 -a DAG_STATUS' '=' '0 -a FAILED_COUNT' '=' '0 -a +DAGParentNodeNames' '=' '"create_dir_wrangling_0_local" -a +KeepClaimIdle' '=' '20 -a notification' '=' 'never 00/00/svn0_ID0000000.sub
07/05/18 11:12:12 From submit: Submitting job(s).
07/05/18 11:12:12 From submit: 1 job(s) submitted to cluster 752.
07/05/18 11:12:12 	assigned Condor ID (752.0.0)
07/05/18 11:12:12 Just submitted 1 job this cycle...
07/05/18 11:12:12 Currently monitoring 1 Condor log file(s)
07/05/18 11:12:12 Reassigning the id of job svn0_ID0000000 from (752.0.0) to (752.0.0)
07/05/18 11:12:12 Event: ULOG_SUBMIT for Condor Node svn0_ID0000000 (752.0.0)
07/05/18 11:12:12 Number of idle job procs: 1
07/05/18 11:12:12 DAG status: 0 (DAG_STATUS_OK)
07/05/18 11:12:12 Of 19 nodes total:
07/05/18 11:12:12  Done     Pre   Queued    Post   Ready   Un-Ready   Failed
07/05/18 11:12:12   ===     ===      ===     ===     ===        ===      ===
07/05/18 11:12:12     1       0        1       0       0         17        0
07/05/18 11:12:12 0 job proc(s) currently held
07/05/18 11:12:37 Currently monitoring 1 Condor log file(s)
07/05/18 11:12:37 Event: ULOG_EXECUTE for Condor Node svn0_ID0000000 (752.0.0)
07/05/18 11:12:37 Number of idle job procs: 0
07/05/18 11:12:37 Event: ULOG_SHADOW_EXCEPTION for Condor Node svn0_ID0000000 (752.0.0)
07/05/18 11:12:37 Number of idle job procs: 1
07/05/18 11:12:37 Event: ULOG_JOB_HELD for Condor Node svn0_ID0000000 (752.0.0)
07/05/18 11:12:37   Hold reason: Error from slot1@qh-Lenovo-R720-15IKBN: STARTER at 127.0.0.1 failed to send file(s) to <127.0.0.1:33553>: error reading from /var/lib/condor/execute/dir_9452/a.csv: (errno 2) No such file or directory; SHADOW failed to receive file(s) from <127.0.0.1:54564>
07/05/18 11:12:37 Number of idle job procs: 1
07/05/18 11:12:37 DAG status: 0 (DAG_STATUS_OK)
07/05/18 11:12:37 Of 19 nodes total:
07/05/18 11:12:37  Done     Pre   Queued    Post   Ready   Un-Ready   Failed
07/05/18 11:12:37   ===     ===      ===     ===     ===        ===      ===
07/05/18 11:12:37     1       0        1       0       0         17        0
07/05/18 11:12:37 1 job proc(s) currently held
07/05/18 11:28:27 950 seconds since last log event
07/05/18 11:28:27 Pending DAG nodes:
07/05/18 11:28:27   Node svn0_ID0000000, Condor ID 752, status STATUS_SUBMITTED
07/05/18 11:38:28 1551 seconds since last log event
07/05/18 11:38:28 Pending DAG nodes:
07/05/18 11:38:28   Node svn0_ID0000000, Condor ID 752, status STATUS_SUBMITTED
07/05/18 11:43:38 Currently monitoring 1 Condor log file(s)
07/05/18 11:43:38 Event: ULOG_JOB_ABORTED for Condor Node svn0_ID0000000 (752.0.0)
07/05/18 11:43:38 Number of idle job procs: 0
07/05/18 11:43:38 Node svn0_ID0000000 job completed
07/05/18 11:43:38 Running POST script of Node svn0_ID0000000...
07/05/18 11:43:38 Warning: mysin has length 0 (ignore if produced by DAGMan; see gittrac #4987, #5031)
07/05/18 11:43:38 DAG status: 0 (DAG_STATUS_OK)
07/05/18 11:43:38 Of 19 nodes total:
07/05/18 11:43:38  Done     Pre   Queued    Post   Ready   Un-Ready   Failed
07/05/18 11:43:38   ===     ===      ===     ===     ===        ===      ===
07/05/18 11:43:38     1       0        0       1       0         17        0
07/05/18 11:43:38 1 job proc(s) currently held
07/05/18 11:43:38 Initializing user log writer for /home/qh/wranglingWF/submit/qh/pegasus/wrangling/run0002/./wrangling-0.dag.nodes.log, (752.0.0)
07/05/18 11:43:43 Currently monitoring 1 Condor log file(s)
07/05/18 11:43:43 Event: ULOG_POST_SCRIPT_TERMINATED for Condor Node svn0_ID0000000 (752.0.0)
07/05/18 11:43:43 POST Script of Node svn0_ID0000000 failed with status 1
07/05/18 11:43:43 POST for Node svn0_ID0000000 returned 1
07/05/18 11:43:43 Retrying node svn0_ID0000000 (retry #1 of 1)...
07/05/18 11:43:43 DAG status: 0 (DAG_STATUS_OK)
07/05/18 11:43:43 Of 19 nodes total:
07/05/18 11:43:43  Done     Pre   Queued    Post   Ready   Un-Ready   Failed
07/05/18 11:43:43   ===     ===      ===     ===     ===        ===      ===
07/05/18 11:43:43     1       0        0       0       1         17        0
07/05/18 11:43:43 1 job proc(s) currently held
07/05/18 11:43:48 Reassigning the id of job svn0_ID0000000 from (752.0.0) to (-1.-1.-1)
07/05/18 11:43:48 Submitting Condor Node svn0_ID0000000 job(s)...
07/05/18 11:43:48 Adding a DAGMan workflow log /home/qh/wranglingWF/submit/qh/pegasus/wrangling/run0002/./wrangling-0.dag.nodes.log
07/05/18 11:43:48 Masking the events recorded in the DAGMAN workflow log
07/05/18 11:43:48 Mask for workflow log is 0,1,2,4,5,7,9,10,11,12,13,16,17,24,27
07/05/18 11:43:48 submitting: /usr/bin/condor_submit -a dag_node_name' '=' 'svn0_ID0000000 -a +DAGManJobId' '=' '750 -a DAGManJobId' '=' '750 -a submit_event_notes' '=' 'DAG' 'Node:' 'svn0_ID0000000 -a dagman_log' '=' '/home/qh/wranglingWF/submit/qh/pegasus/wrangling/run0002/./wrangling-0.dag.nodes.log -a +DAGManNodesMask' '=' '"0,1,2,4,5,7,9,10,11,12,13,16,17,24,27" -a +DAGNodeRetry' '=' '1 -a DAG_STATUS' '=' '0 -a FAILED_COUNT' '=' '0 -a +DAGParentNodeNames' '=' '"create_dir_wrangling_0_local" -a +KeepClaimIdle' '=' '20 -a notification' '=' 'never 00/00/svn0_ID0000000.sub
07/05/18 11:43:48 From submit: Submitting job(s).
07/05/18 11:43:48 From submit: 1 job(s) submitted to cluster 796.
07/05/18 11:43:48 	assigned Condor ID (796.0.0)
07/05/18 11:43:48 Just submitted 1 job this cycle...
07/05/18 11:43:48 Currently monitoring 1 Condor log file(s)
07/05/18 11:43:48 Reassigning the id of job svn0_ID0000000 from (796.0.0) to (796.0.0)
07/05/18 11:43:48 Event: ULOG_SUBMIT for Condor Node svn0_ID0000000 (796.0.0)
07/05/18 11:43:48 Number of idle job procs: 1
07/05/18 11:43:48 DAG status: 0 (DAG_STATUS_OK)
07/05/18 11:43:48 Of 19 nodes total:
07/05/18 11:43:48  Done     Pre   Queued    Post   Ready   Un-Ready   Failed
07/05/18 11:43:48   ===     ===      ===     ===     ===        ===      ===
07/05/18 11:43:48     1       0        1       0       0         17        0
07/05/18 11:43:48 1 job proc(s) currently held
07/05/18 11:43:58 Currently monitoring 1 Condor log file(s)
07/05/18 11:43:58 Event: ULOG_EXECUTE for Condor Node svn0_ID0000000 (796.0.0)
07/05/18 11:43:58 Number of idle job procs: 0
07/05/18 11:44:03 Currently monitoring 1 Condor log file(s)
07/05/18 11:44:03 Event: ULOG_JOB_TERMINATED for Condor Node svn0_ID0000000 (796.0.0)
07/05/18 11:44:03 Number of idle job procs: 0
07/05/18 11:44:03 Node svn0_ID0000000 job proc (796.0.0) completed successfully.
07/05/18 11:44:03 Node svn0_ID0000000 job completed
07/05/18 11:44:03 Running POST script of Node svn0_ID0000000...
07/05/18 11:44:03 Warning: mysin has length 0 (ignore if produced by DAGMan; see gittrac #4987, #5031)
07/05/18 11:44:03 DAG status: 0 (DAG_STATUS_OK)
07/05/18 11:44:03 Of 19 nodes total:
07/05/18 11:44:03  Done     Pre   Queued    Post   Ready   Un-Ready   Failed
07/05/18 11:44:03   ===     ===      ===     ===     ===        ===      ===
07/05/18 11:44:03     1       0        0       1       0         17        0
07/05/18 11:44:03 1 job proc(s) currently held
07/05/18 11:44:04 Initializing user log writer for /home/qh/wranglingWF/submit/qh/pegasus/wrangling/run0002/./wrangling-0.dag.nodes.log, (796.0.0)
07/05/18 11:44:08 Currently monitoring 1 Condor log file(s)
07/05/18 11:44:08 Event: ULOG_POST_SCRIPT_TERMINATED for Condor Node svn0_ID0000000 (796.0.0)
07/05/18 11:44:08 POST Script of Node svn0_ID0000000 completed successfully.
07/05/18 11:44:08 DAG status: 0 (DAG_STATUS_OK)
07/05/18 11:44:08 Of 19 nodes total:
07/05/18 11:44:08  Done     Pre   Queued    Post   Ready   Un-Ready   Failed
07/05/18 11:44:08   ===     ===      ===     ===     ===        ===      ===
07/05/18 11:44:08     2       0        0       0       3         14        0
07/05/18 11:44:08 1 job proc(s) currently held
07/05/18 11:44:13 Submitting Condor Node filter1_ID0000002 job(s)...
07/05/18 11:44:13 Adding a DAGMan workflow log /home/qh/wranglingWF/submit/qh/pegasus/wrangling/run0002/./wrangling-0.dag.nodes.log
07/05/18 11:44:13 Masking the events recorded in the DAGMAN workflow log
07/05/18 11:44:13 Mask for workflow log is 0,1,2,4,5,7,9,10,11,12,13,16,17,24,27
07/05/18 11:44:13 submitting: /usr/bin/condor_submit -a dag_node_name' '=' 'filter1_ID0000002 -a +DAGManJobId' '=' '750 -a DAGManJobId' '=' '750 -a submit_event_notes' '=' 'DAG' 'Node:' 'filter1_ID0000002 -a dagman_log' '=' '/home/qh/wranglingWF/submit/qh/pegasus/wrangling/run0002/./wrangling-0.dag.nodes.log -a +DAGManNodesMask' '=' '"0,1,2,4,5,7,9,10,11,12,13,16,17,24,27" -a +DAGNodeRetry' '=' '0 -a DAG_STATUS' '=' '0 -a FAILED_COUNT' '=' '0 -a +DAGParentNodeNames' '=' '"svn0_ID0000000" -a +KeepClaimIdle' '=' '20 -a notification' '=' 'never 00/00/filter1_ID0000002.sub
07/05/18 11:44:13 From submit: Submitting job(s).
07/05/18 11:44:13 From submit: 1 job(s) submitted to cluster 797.
07/05/18 11:44:13 	assigned Condor ID (797.0.0)
07/05/18 11:44:13 Submitting Condor Node stage_out_local_local_0_0 job(s)...
07/05/18 11:44:13 Adding a DAGMan workflow log /home/qh/wranglingWF/submit/qh/pegasus/wrangling/run0002/./wrangling-0.dag.nodes.log
07/05/18 11:44:13 Masking the events recorded in the DAGMAN workflow log
07/05/18 11:44:13 Mask for workflow log is 0,1,2,4,5,7,9,10,11,12,13,16,17,24,27
07/05/18 11:44:13 submitting: /usr/bin/condor_submit -a dag_node_name' '=' 'stage_out_local_local_0_0 -a +DAGManJobId' '=' '750 -a DAGManJobId' '=' '750 -a submit_event_notes' '=' 'DAG' 'Node:' 'stage_out_local_local_0_0 -a dagman_log' '=' '/home/qh/wranglingWF/submit/qh/pegasus/wrangling/run0002/./wrangling-0.dag.nodes.log -a +DAGManNodesMask' '=' '"0,1,2,4,5,7,9,10,11,12,13,16,17,24,27" -a +DAGNodeRetry' '=' '0 -a DAG_STATUS' '=' '0 -a FAILED_COUNT' '=' '0 -a +DAGParentNodeNames' '=' '"svn0_ID0000000" -a +KeepClaimIdle' '=' '20 -a notification' '=' 'never 00/00/stage_out_local_local_0_0.sub
07/05/18 11:44:13 From submit: Submitting job(s).
07/05/18 11:44:13 From submit: 1 job(s) submitted to cluster 798.
07/05/18 11:44:13 	assigned Condor ID (798.0.0)
07/05/18 11:44:13 Submitting Condor Node filter1_ID0000001 job(s)...
07/05/18 11:44:13 Adding a DAGMan workflow log /home/qh/wranglingWF/submit/qh/pegasus/wrangling/run0002/./wrangling-0.dag.nodes.log
07/05/18 11:44:13 Masking the events recorded in the DAGMAN workflow log
07/05/18 11:44:13 Mask for workflow log is 0,1,2,4,5,7,9,10,11,12,13,16,17,24,27
07/05/18 11:44:13 submitting: /usr/bin/condor_submit -a dag_node_name' '=' 'filter1_ID0000001 -a +DAGManJobId' '=' '750 -a DAGManJobId' '=' '750 -a submit_event_notes' '=' 'DAG' 'Node:' 'filter1_ID0000001 -a dagman_log' '=' '/home/qh/wranglingWF/submit/qh/pegasus/wrangling/run0002/./wrangling-0.dag.nodes.log -a +DAGManNodesMask' '=' '"0,1,2,4,5,7,9,10,11,12,13,16,17,24,27" -a +DAGNodeRetry' '=' '0 -a DAG_STATUS' '=' '0 -a FAILED_COUNT' '=' '0 -a +DAGParentNodeNames' '=' '"svn0_ID0000000" -a +KeepClaimIdle' '=' '20 -a notification' '=' 'never 00/00/filter1_ID0000001.sub
07/05/18 11:44:13 From submit: Submitting job(s).
07/05/18 11:44:13 From submit: 1 job(s) submitted to cluster 799.
07/05/18 11:44:13 	assigned Condor ID (799.0.0)
07/05/18 11:44:13 Just submitted 3 jobs this cycle...
07/05/18 11:44:13 Currently monitoring 1 Condor log file(s)
07/05/18 11:44:13 Reassigning the id of job filter1_ID0000002 from (797.0.0) to (797.0.0)
07/05/18 11:44:13 Event: ULOG_SUBMIT for Condor Node filter1_ID0000002 (797.0.0)
07/05/18 11:44:13 Number of idle job procs: 1
07/05/18 11:44:13 Reassigning the id of job stage_out_local_local_0_0 from (798.0.0) to (798.0.0)
07/05/18 11:44:13 Event: ULOG_SUBMIT for Condor Node stage_out_local_local_0_0 (798.0.0)
07/05/18 11:44:13 Number of idle job procs: 2
07/05/18 11:44:13 Event: ULOG_EXECUTE for Condor Node stage_out_local_local_0_0 (798.0.0)
07/05/18 11:44:13 Number of idle job procs: 1
07/05/18 11:44:13 Reassigning the id of job filter1_ID0000001 from (799.0.0) to (799.0.0)
07/05/18 11:44:13 Event: ULOG_SUBMIT for Condor Node filter1_ID0000001 (799.0.0)
07/05/18 11:44:13 Number of idle job procs: 2
07/05/18 11:44:13 DAG status: 0 (DAG_STATUS_OK)
07/05/18 11:44:13 Of 19 nodes total:
07/05/18 11:44:13  Done     Pre   Queued    Post   Ready   Un-Ready   Failed
07/05/18 11:44:13   ===     ===      ===     ===     ===        ===      ===
07/05/18 11:44:13     2       0        3       0       0         14        0
07/05/18 11:44:13 1 job proc(s) currently held
07/05/18 11:44:18 Currently monitoring 1 Condor log file(s)
07/05/18 11:44:18 Event: ULOG_EXECUTE for Condor Node filter1_ID0000002 (797.0.0)
07/05/18 11:44:18 Number of idle job procs: 1
07/05/18 11:44:18 Event: ULOG_JOB_TERMINATED for Condor Node filter1_ID0000002 (797.0.0)
07/05/18 11:44:18 Number of idle job procs: 1
07/05/18 11:44:18 Node filter1_ID0000002 job proc (797.0.0) completed successfully.
07/05/18 11:44:18 Node filter1_ID0000002 job completed
07/05/18 11:44:18 Running POST script of Node filter1_ID0000002...
07/05/18 11:44:18 Warning: mysin has length 0 (ignore if produced by DAGMan; see gittrac #4987, #5031)
07/05/18 11:44:18 Event: ULOG_EXECUTE for Condor Node filter1_ID0000001 (799.0.0)
07/05/18 11:44:18 Number of idle job procs: 0
07/05/18 11:44:18 Event: ULOG_JOB_TERMINATED for Condor Node filter1_ID0000001 (799.0.0)
07/05/18 11:44:18 Number of idle job procs: 0
07/05/18 11:44:18 Node filter1_ID0000001 job proc (799.0.0) completed successfully.
07/05/18 11:44:18 Node filter1_ID0000001 job completed
07/05/18 11:44:18 Running POST script of Node filter1_ID0000001...
07/05/18 11:44:18 Warning: mysin has length 0 (ignore if produced by DAGMan; see gittrac #4987, #5031)
07/05/18 11:44:18 Event: ULOG_JOB_TERMINATED for Condor Node stage_out_local_local_0_0 (798.0.0)
07/05/18 11:44:18 Number of idle job procs: 0
07/05/18 11:44:18 Node stage_out_local_local_0_0 job proc (798.0.0) completed successfully.
07/05/18 11:44:18 Node stage_out_local_local_0_0 job completed
07/05/18 11:44:18 Running POST script of Node stage_out_local_local_0_0...
07/05/18 11:44:18 Warning: mysin has length 0 (ignore if produced by DAGMan; see gittrac #4987, #5031)
07/05/18 11:44:18 DAG status: 0 (DAG_STATUS_OK)
07/05/18 11:44:18 Of 19 nodes total:
07/05/18 11:44:18  Done     Pre   Queued    Post   Ready   Un-Ready   Failed
07/05/18 11:44:18   ===     ===      ===     ===     ===        ===      ===
07/05/18 11:44:18     2       0        0       3       0         14        0
07/05/18 11:44:18 1 job proc(s) currently held
07/05/18 11:44:18 Initializing user log writer for /home/qh/wranglingWF/submit/qh/pegasus/wrangling/run0002/./wrangling-0.dag.nodes.log, (798.0.0)
07/05/18 11:44:18 Initializing user log writer for /home/qh/wranglingWF/submit/qh/pegasus/wrangling/run0002/./wrangling-0.dag.nodes.log, (797.0.0)
07/05/18 11:44:18 Initializing user log writer for /home/qh/wranglingWF/submit/qh/pegasus/wrangling/run0002/./wrangling-0.dag.nodes.log, (799.0.0)
07/05/18 11:44:23 Currently monitoring 1 Condor log file(s)
07/05/18 11:44:23 Event: ULOG_POST_SCRIPT_TERMINATED for Condor Node stage_out_local_local_0_0 (798.0.0)
07/05/18 11:44:23 POST Script of Node stage_out_local_local_0_0 completed successfully.
07/05/18 11:44:23 Event: ULOG_POST_SCRIPT_TERMINATED for Condor Node filter1_ID0000002 (797.0.0)
07/05/18 11:44:23 POST Script of Node filter1_ID0000002 completed successfully.
07/05/18 11:44:23 Event: ULOG_POST_SCRIPT_TERMINATED for Condor Node filter1_ID0000001 (799.0.0)
07/05/18 11:44:23 POST Script of Node filter1_ID0000001 completed successfully.
07/05/18 11:44:23 DAG status: 0 (DAG_STATUS_OK)
07/05/18 11:44:23 Of 19 nodes total:
07/05/18 11:44:23  Done     Pre   Queued    Post   Ready   Un-Ready   Failed
07/05/18 11:44:23   ===     ===      ===     ===     ===        ===      ===
07/05/18 11:44:23     5       0        0       0       3         11        0
07/05/18 11:44:23 1 job proc(s) currently held
07/05/18 11:44:28 Submitting Condor Node register_local_0_0 job(s)...
07/05/18 11:44:28 Adding a DAGMan workflow log /home/qh/wranglingWF/submit/qh/pegasus/wrangling/run0002/./wrangling-0.dag.nodes.log
07/05/18 11:44:28 Masking the events recorded in the DAGMAN workflow log
07/05/18 11:44:28 Mask for workflow log is 0,1,2,4,5,7,9,10,11,12,13,16,17,24,27
07/05/18 11:44:28 submitting: /usr/bin/condor_submit -a dag_node_name' '=' 'register_local_0_0 -a +DAGManJobId' '=' '750 -a DAGManJobId' '=' '750 -a submit_event_notes' '=' 'DAG' 'Node:' 'register_local_0_0 -a dagman_log' '=' '/home/qh/wranglingWF/submit/qh/pegasus/wrangling/run0002/./wrangling-0.dag.nodes.log -a +DAGManNodesMask' '=' '"0,1,2,4,5,7,9,10,11,12,13,16,17,24,27" -a +DAGNodeRetry' '=' '0 -a DAG_STATUS' '=' '0 -a FAILED_COUNT' '=' '0 -a +DAGParentNodeNames' '=' '"stage_out_local_local_0_0" -a notification' '=' 'never 00/00/register_local_0_0.sub
07/05/18 11:44:28 From submit: Submitting job(s).
07/05/18 11:44:28 From submit: 1 job(s) submitted to cluster 800.
07/05/18 11:44:28 	assigned Condor ID (800.0.0)
07/05/18 11:44:28 Submitting Condor Node separate2_ID0000004 job(s)...
07/05/18 11:44:28 Adding a DAGMan workflow log /home/qh/wranglingWF/submit/qh/pegasus/wrangling/run0002/./wrangling-0.dag.nodes.log
07/05/18 11:44:28 Masking the events recorded in the DAGMAN workflow log
07/05/18 11:44:28 Mask for workflow log is 0,1,2,4,5,7,9,10,11,12,13,16,17,24,27
07/05/18 11:44:28 submitting: /usr/bin/condor_submit -a dag_node_name' '=' 'separate2_ID0000004 -a +DAGManJobId' '=' '750 -a DAGManJobId' '=' '750 -a submit_event_notes' '=' 'DAG' 'Node:' 'separate2_ID0000004 -a dagman_log' '=' '/home/qh/wranglingWF/submit/qh/pegasus/wrangling/run0002/./wrangling-0.dag.nodes.log -a +DAGManNodesMask' '=' '"0,1,2,4,5,7,9,10,11,12,13,16,17,24,27" -a +DAGNodeRetry' '=' '0 -a DAG_STATUS' '=' '0 -a FAILED_COUNT' '=' '0 -a +DAGParentNodeNames' '=' '"filter1_ID0000002" -a +KeepClaimIdle' '=' '20 -a notification' '=' 'never 00/00/separate2_ID0000004.sub
07/05/18 11:44:28 From submit: Submitting job(s).
07/05/18 11:44:28 From submit: 1 job(s) submitted to cluster 801.
07/05/18 11:44:28 	assigned Condor ID (801.0.0)
07/05/18 11:44:28 Submitting Condor Node separate2_ID0000003 job(s)...
07/05/18 11:44:28 Adding a DAGMan workflow log /home/qh/wranglingWF/submit/qh/pegasus/wrangling/run0002/./wrangling-0.dag.nodes.log
07/05/18 11:44:28 Masking the events recorded in the DAGMAN workflow log
07/05/18 11:44:28 Mask for workflow log is 0,1,2,4,5,7,9,10,11,12,13,16,17,24,27
07/05/18 11:44:28 submitting: /usr/bin/condor_submit -a dag_node_name' '=' 'separate2_ID0000003 -a +DAGManJobId' '=' '750 -a DAGManJobId' '=' '750 -a submit_event_notes' '=' 'DAG' 'Node:' 'separate2_ID0000003 -a dagman_log' '=' '/home/qh/wranglingWF/submit/qh/pegasus/wrangling/run0002/./wrangling-0.dag.nodes.log -a +DAGManNodesMask' '=' '"0,1,2,4,5,7,9,10,11,12,13,16,17,24,27" -a +DAGNodeRetry' '=' '0 -a DAG_STATUS' '=' '0 -a FAILED_COUNT' '=' '0 -a +DAGParentNodeNames' '=' '"filter1_ID0000001" -a +KeepClaimIdle' '=' '20 -a notification' '=' 'never 00/00/separate2_ID0000003.sub
07/05/18 11:44:28 From submit: Submitting job(s).
07/05/18 11:44:28 From submit: 1 job(s) submitted to cluster 802.
07/05/18 11:44:28 	assigned Condor ID (802.0.0)
07/05/18 11:44:28 Just submitted 3 jobs this cycle...
07/05/18 11:44:28 Currently monitoring 1 Condor log file(s)
07/05/18 11:44:28 Reassigning the id of job register_local_0_0 from (800.0.0) to (800.0.0)
07/05/18 11:44:28 Event: ULOG_SUBMIT for Condor Node register_local_0_0 (800.0.0)
07/05/18 11:44:28 Number of idle job procs: 1
07/05/18 11:44:28 Event: ULOG_EXECUTE for Condor Node register_local_0_0 (800.0.0)
07/05/18 11:44:28 Number of idle job procs: 0
07/05/18 11:44:28 Reassigning the id of job separate2_ID0000004 from (801.0.0) to (801.0.0)
07/05/18 11:44:28 Event: ULOG_SUBMIT for Condor Node separate2_ID0000004 (801.0.0)
07/05/18 11:44:28 Number of idle job procs: 1
07/05/18 11:44:28 Reassigning the id of job separate2_ID0000003 from (802.0.0) to (802.0.0)
07/05/18 11:44:28 Event: ULOG_SUBMIT for Condor Node separate2_ID0000003 (802.0.0)
07/05/18 11:44:28 Number of idle job procs: 2
07/05/18 11:44:28 DAG status: 0 (DAG_STATUS_OK)
07/05/18 11:44:28 Of 19 nodes total:
07/05/18 11:44:28  Done     Pre   Queued    Post   Ready   Un-Ready   Failed
07/05/18 11:44:28   ===     ===      ===     ===     ===        ===      ===
07/05/18 11:44:28     5       0        3       0       0         11        0
07/05/18 11:44:28 1 job proc(s) currently held
07/05/18 11:44:33 Currently monitoring 1 Condor log file(s)
07/05/18 11:44:33 Event: ULOG_EXECUTE for Condor Node separate2_ID0000004 (801.0.0)
07/05/18 11:44:33 Number of idle job procs: 1
07/05/18 11:44:33 Event: ULOG_JOB_TERMINATED for Condor Node register_local_0_0 (800.0.0)
07/05/18 11:44:33 Number of idle job procs: 1
07/05/18 11:44:33 Node register_local_0_0 job proc (800.0.0) completed successfully.
07/05/18 11:44:33 Node register_local_0_0 job completed
07/05/18 11:44:33 Running POST script of Node register_local_0_0...
07/05/18 11:44:33 Warning: mysin has length 0 (ignore if produced by DAGMan; see gittrac #4987, #5031)
07/05/18 11:44:33 Event: ULOG_JOB_TERMINATED for Condor Node separate2_ID0000004 (801.0.0)
07/05/18 11:44:33 Number of idle job procs: 1
07/05/18 11:44:33 Node separate2_ID0000004 job proc (801.0.0) completed successfully.
07/05/18 11:44:33 Node separate2_ID0000004 job completed
07/05/18 11:44:33 Running POST script of Node separate2_ID0000004...
07/05/18 11:44:33 Warning: mysin has length 0 (ignore if produced by DAGMan; see gittrac #4987, #5031)
07/05/18 11:44:33 Event: ULOG_EXECUTE for Condor Node separate2_ID0000003 (802.0.0)
07/05/18 11:44:33 Number of idle job procs: 0
07/05/18 11:44:33 Event: ULOG_JOB_TERMINATED for Condor Node separate2_ID0000003 (802.0.0)
07/05/18 11:44:33 Number of idle job procs: 0
07/05/18 11:44:33 Node separate2_ID0000003 job proc (802.0.0) completed successfully.
07/05/18 11:44:33 Node separate2_ID0000003 job completed
07/05/18 11:44:33 Running POST script of Node separate2_ID0000003...
07/05/18 11:44:33 Warning: mysin has length 0 (ignore if produced by DAGMan; see gittrac #4987, #5031)
07/05/18 11:44:33 DAG status: 0 (DAG_STATUS_OK)
07/05/18 11:44:33 Of 19 nodes total:
07/05/18 11:44:33  Done     Pre   Queued    Post   Ready   Un-Ready   Failed
07/05/18 11:44:33   ===     ===      ===     ===     ===        ===      ===
07/05/18 11:44:33     5       0        0       3       0         11        0
07/05/18 11:44:33 1 job proc(s) currently held
07/05/18 11:44:33 Initializing user log writer for /home/qh/wranglingWF/submit/qh/pegasus/wrangling/run0002/./wrangling-0.dag.nodes.log, (800.0.0)
07/05/18 11:44:33 Initializing user log writer for /home/qh/wranglingWF/submit/qh/pegasus/wrangling/run0002/./wrangling-0.dag.nodes.log, (801.0.0)
07/05/18 11:44:33 Initializing user log writer for /home/qh/wranglingWF/submit/qh/pegasus/wrangling/run0002/./wrangling-0.dag.nodes.log, (802.0.0)
07/05/18 11:44:38 Currently monitoring 1 Condor log file(s)
07/05/18 11:44:38 Event: ULOG_POST_SCRIPT_TERMINATED for Condor Node register_local_0_0 (800.0.0)
07/05/18 11:44:38 POST Script of Node register_local_0_0 completed successfully.
07/05/18 11:44:38 Event: ULOG_POST_SCRIPT_TERMINATED for Condor Node separate2_ID0000004 (801.0.0)
07/05/18 11:44:38 POST Script of Node separate2_ID0000004 completed successfully.
07/05/18 11:44:38 Event: ULOG_POST_SCRIPT_TERMINATED for Condor Node separate2_ID0000003 (802.0.0)
07/05/18 11:44:38 POST Script of Node separate2_ID0000003 completed successfully.
07/05/18 11:44:38 DAG status: 0 (DAG_STATUS_OK)
07/05/18 11:44:38 Of 19 nodes total:
07/05/18 11:44:38  Done     Pre   Queued    Post   Ready   Un-Ready   Failed
07/05/18 11:44:38   ===     ===      ===     ===     ===        ===      ===
07/05/18 11:44:38     8       0        0       0       2          9        0
07/05/18 11:44:38 1 job proc(s) currently held
07/05/18 11:44:43 Submitting Condor Node separate3_ID0000006 job(s)...
07/05/18 11:44:43 Adding a DAGMan workflow log /home/qh/wranglingWF/submit/qh/pegasus/wrangling/run0002/./wrangling-0.dag.nodes.log
07/05/18 11:44:43 Masking the events recorded in the DAGMAN workflow log
07/05/18 11:44:43 Mask for workflow log is 0,1,2,4,5,7,9,10,11,12,13,16,17,24,27
07/05/18 11:44:43 submitting: /usr/bin/condor_submit -a dag_node_name' '=' 'separate3_ID0000006 -a +DAGManJobId' '=' '750 -a DAGManJobId' '=' '750 -a submit_event_notes' '=' 'DAG' 'Node:' 'separate3_ID0000006 -a dagman_log' '=' '/home/qh/wranglingWF/submit/qh/pegasus/wrangling/run0002/./wrangling-0.dag.nodes.log -a +DAGManNodesMask' '=' '"0,1,2,4,5,7,9,10,11,12,13,16,17,24,27" -a +DAGNodeRetry' '=' '0 -a DAG_STATUS' '=' '0 -a FAILED_COUNT' '=' '0 -a +DAGParentNodeNames' '=' '"separate2_ID0000004" -a +KeepClaimIdle' '=' '20 -a notification' '=' 'never 00/00/separate3_ID0000006.sub
07/05/18 11:44:43 From submit: Submitting job(s).
07/05/18 11:44:43 From submit: 1 job(s) submitted to cluster 803.
07/05/18 11:44:43 	assigned Condor ID (803.0.0)
07/05/18 11:44:43 Submitting Condor Node separate3_ID0000005 job(s)...
07/05/18 11:44:43 Adding a DAGMan workflow log /home/qh/wranglingWF/submit/qh/pegasus/wrangling/run0002/./wrangling-0.dag.nodes.log
07/05/18 11:44:43 Masking the events recorded in the DAGMAN workflow log
07/05/18 11:44:43 Mask for workflow log is 0,1,2,4,5,7,9,10,11,12,13,16,17,24,27
07/05/18 11:44:43 submitting: /usr/bin/condor_submit -a dag_node_name' '=' 'separate3_ID0000005 -a +DAGManJobId' '=' '750 -a DAGManJobId' '=' '750 -a submit_event_notes' '=' 'DAG' 'Node:' 'separate3_ID0000005 -a dagman_log' '=' '/home/qh/wranglingWF/submit/qh/pegasus/wrangling/run0002/./wrangling-0.dag.nodes.log -a +DAGManNodesMask' '=' '"0,1,2,4,5,7,9,10,11,12,13,16,17,24,27" -a +DAGNodeRetry' '=' '0 -a DAG_STATUS' '=' '0 -a FAILED_COUNT' '=' '0 -a +DAGParentNodeNames' '=' '"separate2_ID0000003" -a +KeepClaimIdle' '=' '20 -a notification' '=' 'never 00/00/separate3_ID0000005.sub
07/05/18 11:44:43 From submit: Submitting job(s).
07/05/18 11:44:43 From submit: 1 job(s) submitted to cluster 804.
07/05/18 11:44:43 	assigned Condor ID (804.0.0)
07/05/18 11:44:43 Just submitted 2 jobs this cycle...
07/05/18 11:44:43 Currently monitoring 1 Condor log file(s)
07/05/18 11:44:43 Reassigning the id of job separate3_ID0000006 from (803.0.0) to (803.0.0)
07/05/18 11:44:43 Event: ULOG_SUBMIT for Condor Node separate3_ID0000006 (803.0.0)
07/05/18 11:44:43 Number of idle job procs: 1
07/05/18 11:44:43 Reassigning the id of job separate3_ID0000005 from (804.0.0) to (804.0.0)
07/05/18 11:44:43 Event: ULOG_SUBMIT for Condor Node separate3_ID0000005 (804.0.0)
07/05/18 11:44:43 Number of idle job procs: 2
07/05/18 11:44:43 DAG status: 0 (DAG_STATUS_OK)
07/05/18 11:44:43 Of 19 nodes total:
07/05/18 11:44:43  Done     Pre   Queued    Post   Ready   Un-Ready   Failed
07/05/18 11:44:43   ===     ===      ===     ===     ===        ===      ===
07/05/18 11:44:43     8       0        2       0       0          9        0
07/05/18 11:44:43 1 job proc(s) currently held
07/05/18 11:44:49 Currently monitoring 1 Condor log file(s)
07/05/18 11:44:49 Event: ULOG_EXECUTE for Condor Node separate3_ID0000006 (803.0.0)
07/05/18 11:44:49 Number of idle job procs: 1
07/05/18 11:44:49 Event: ULOG_JOB_TERMINATED for Condor Node separate3_ID0000006 (803.0.0)
07/05/18 11:44:49 Number of idle job procs: 1
07/05/18 11:44:49 Node separate3_ID0000006 job proc (803.0.0) completed successfully.
07/05/18 11:44:49 Node separate3_ID0000006 job completed
07/05/18 11:44:49 Running POST script of Node separate3_ID0000006...
07/05/18 11:44:49 Warning: mysin has length 0 (ignore if produced by DAGMan; see gittrac #4987, #5031)
07/05/18 11:44:49 Event: ULOG_EXECUTE for Condor Node separate3_ID0000005 (804.0.0)
07/05/18 11:44:49 Number of idle job procs: 0
07/05/18 11:44:49 Event: ULOG_JOB_TERMINATED for Condor Node separate3_ID0000005 (804.0.0)
07/05/18 11:44:49 Number of idle job procs: 0
07/05/18 11:44:49 Node separate3_ID0000005 job proc (804.0.0) completed successfully.
07/05/18 11:44:49 Node separate3_ID0000005 job completed
07/05/18 11:44:49 Running POST script of Node separate3_ID0000005...
07/05/18 11:44:49 Warning: mysin has length 0 (ignore if produced by DAGMan; see gittrac #4987, #5031)
07/05/18 11:44:49 DAG status: 0 (DAG_STATUS_OK)
07/05/18 11:44:49 Of 19 nodes total:
07/05/18 11:44:49  Done     Pre   Queued    Post   Ready   Un-Ready   Failed
07/05/18 11:44:49   ===     ===      ===     ===     ===        ===      ===
07/05/18 11:44:49     8       0        0       2       0          9        0
07/05/18 11:44:49 1 job proc(s) currently held
07/05/18 11:44:49 Initializing user log writer for /home/qh/wranglingWF/submit/qh/pegasus/wrangling/run0002/./wrangling-0.dag.nodes.log, (803.0.0)
07/05/18 11:44:49 Initializing user log writer for /home/qh/wranglingWF/submit/qh/pegasus/wrangling/run0002/./wrangling-0.dag.nodes.log, (804.0.0)
07/05/18 11:44:54 Currently monitoring 1 Condor log file(s)
07/05/18 11:44:54 Event: ULOG_POST_SCRIPT_TERMINATED for Condor Node separate3_ID0000006 (803.0.0)
07/05/18 11:44:54 POST Script of Node separate3_ID0000006 completed successfully.
07/05/18 11:44:54 Event: ULOG_POST_SCRIPT_TERMINATED for Condor Node separate3_ID0000005 (804.0.0)
07/05/18 11:44:54 POST Script of Node separate3_ID0000005 completed successfully.
07/05/18 11:44:54 DAG status: 0 (DAG_STATUS_OK)
07/05/18 11:44:54 Of 19 nodes total:
07/05/18 11:44:54  Done     Pre   Queued    Post   Ready   Un-Ready   Failed
07/05/18 11:44:54   ===     ===      ===     ===     ===        ===      ===
07/05/18 11:44:54    10       0        0       0       2          7        0
07/05/18 11:44:54 1 job proc(s) currently held
07/05/18 11:44:59 Submitting Condor Node filter4_ID0000008 job(s)...
07/05/18 11:44:59 Adding a DAGMan workflow log /home/qh/wranglingWF/submit/qh/pegasus/wrangling/run0002/./wrangling-0.dag.nodes.log
07/05/18 11:44:59 Masking the events recorded in the DAGMAN workflow log
07/05/18 11:44:59 Mask for workflow log is 0,1,2,4,5,7,9,10,11,12,13,16,17,24,27
07/05/18 11:44:59 submitting: /usr/bin/condor_submit -a dag_node_name' '=' 'filter4_ID0000008 -a +DAGManJobId' '=' '750 -a DAGManJobId' '=' '750 -a submit_event_notes' '=' 'DAG' 'Node:' 'filter4_ID0000008 -a dagman_log' '=' '/home/qh/wranglingWF/submit/qh/pegasus/wrangling/run0002/./wrangling-0.dag.nodes.log -a +DAGManNodesMask' '=' '"0,1,2,4,5,7,9,10,11,12,13,16,17,24,27" -a +DAGNodeRetry' '=' '0 -a DAG_STATUS' '=' '0 -a FAILED_COUNT' '=' '0 -a +DAGParentNodeNames' '=' '"separate3_ID0000006" -a +KeepClaimIdle' '=' '20 -a notification' '=' 'never 00/00/filter4_ID0000008.sub
07/05/18 11:44:59 From submit: Submitting job(s).
07/05/18 11:44:59 From submit: 1 job(s) submitted to cluster 805.
07/05/18 11:44:59 	assigned Condor ID (805.0.0)
07/05/18 11:44:59 Submitting Condor Node filter4_ID0000007 job(s)...
07/05/18 11:44:59 Adding a DAGMan workflow log /home/qh/wranglingWF/submit/qh/pegasus/wrangling/run0002/./wrangling-0.dag.nodes.log
07/05/18 11:44:59 Masking the events recorded in the DAGMAN workflow log
07/05/18 11:44:59 Mask for workflow log is 0,1,2,4,5,7,9,10,11,12,13,16,17,24,27
07/05/18 11:44:59 submitting: /usr/bin/condor_submit -a dag_node_name' '=' 'filter4_ID0000007 -a +DAGManJobId' '=' '750 -a DAGManJobId' '=' '750 -a submit_event_notes' '=' 'DAG' 'Node:' 'filter4_ID0000007 -a dagman_log' '=' '/home/qh/wranglingWF/submit/qh/pegasus/wrangling/run0002/./wrangling-0.dag.nodes.log -a +DAGManNodesMask' '=' '"0,1,2,4,5,7,9,10,11,12,13,16,17,24,27" -a +DAGNodeRetry' '=' '0 -a DAG_STATUS' '=' '0 -a FAILED_COUNT' '=' '0 -a +DAGParentNodeNames' '=' '"separate3_ID0000005" -a +KeepClaimIdle' '=' '20 -a notification' '=' 'never 00/00/filter4_ID0000007.sub
07/05/18 11:44:59 From submit: Submitting job(s).
07/05/18 11:44:59 From submit: 1 job(s) submitted to cluster 806.
07/05/18 11:44:59 	assigned Condor ID (806.0.0)
07/05/18 11:44:59 Just submitted 2 jobs this cycle...
07/05/18 11:44:59 Currently monitoring 1 Condor log file(s)
07/05/18 11:44:59 Reassigning the id of job filter4_ID0000008 from (805.0.0) to (805.0.0)
07/05/18 11:44:59 Event: ULOG_SUBMIT for Condor Node filter4_ID0000008 (805.0.0)
07/05/18 11:44:59 Number of idle job procs: 1
07/05/18 11:44:59 Reassigning the id of job filter4_ID0000007 from (806.0.0) to (806.0.0)
07/05/18 11:44:59 Event: ULOG_SUBMIT for Condor Node filter4_ID0000007 (806.0.0)
07/05/18 11:44:59 Number of idle job procs: 2
07/05/18 11:44:59 DAG status: 0 (DAG_STATUS_OK)
07/05/18 11:44:59 Of 19 nodes total:
07/05/18 11:44:59  Done     Pre   Queued    Post   Ready   Un-Ready   Failed
07/05/18 11:44:59   ===     ===      ===     ===     ===        ===      ===
07/05/18 11:44:59    10       0        2       0       0          7        0
07/05/18 11:44:59 1 job proc(s) currently held
07/05/18 11:45:04 Currently monitoring 1 Condor log file(s)
07/05/18 11:45:04 Event: ULOG_EXECUTE for Condor Node filter4_ID0000008 (805.0.0)
07/05/18 11:45:04 Number of idle job procs: 1
07/05/18 11:45:04 Event: ULOG_JOB_TERMINATED for Condor Node filter4_ID0000008 (805.0.0)
07/05/18 11:45:04 Number of idle job procs: 1
07/05/18 11:45:04 Node filter4_ID0000008 job proc (805.0.0) completed successfully.
07/05/18 11:45:04 Node filter4_ID0000008 job completed
07/05/18 11:45:04 Running POST script of Node filter4_ID0000008...
07/05/18 11:45:04 Warning: mysin has length 0 (ignore if produced by DAGMan; see gittrac #4987, #5031)
07/05/18 11:45:04 Event: ULOG_EXECUTE for Condor Node filter4_ID0000007 (806.0.0)
07/05/18 11:45:04 Number of idle job procs: 0
07/05/18 11:45:04 Event: ULOG_JOB_TERMINATED for Condor Node filter4_ID0000007 (806.0.0)
07/05/18 11:45:04 Number of idle job procs: 0
07/05/18 11:45:04 Node filter4_ID0000007 job proc (806.0.0) completed successfully.
07/05/18 11:45:04 Node filter4_ID0000007 job completed
07/05/18 11:45:04 Running POST script of Node filter4_ID0000007...
07/05/18 11:45:04 Warning: mysin has length 0 (ignore if produced by DAGMan; see gittrac #4987, #5031)
07/05/18 11:45:04 DAG status: 0 (DAG_STATUS_OK)
07/05/18 11:45:04 Of 19 nodes total:
07/05/18 11:45:04  Done     Pre   Queued    Post   Ready   Un-Ready   Failed
07/05/18 11:45:04   ===     ===      ===     ===     ===        ===      ===
07/05/18 11:45:04    10       0        0       2       0          7        0
07/05/18 11:45:04 1 job proc(s) currently held
07/05/18 11:45:04 Initializing user log writer for /home/qh/wranglingWF/submit/qh/pegasus/wrangling/run0002/./wrangling-0.dag.nodes.log, (805.0.0)
07/05/18 11:45:04 Initializing user log writer for /home/qh/wranglingWF/submit/qh/pegasus/wrangling/run0002/./wrangling-0.dag.nodes.log, (806.0.0)
07/05/18 11:45:09 Currently monitoring 1 Condor log file(s)
07/05/18 11:45:09 Event: ULOG_POST_SCRIPT_TERMINATED for Condor Node filter4_ID0000008 (805.0.0)
07/05/18 11:45:09 POST Script of Node filter4_ID0000008 completed successfully.
07/05/18 11:45:09 Event: ULOG_POST_SCRIPT_TERMINATED for Condor Node filter4_ID0000007 (806.0.0)
07/05/18 11:45:09 POST Script of Node filter4_ID0000007 completed successfully.
07/05/18 11:45:09 DAG status: 0 (DAG_STATUS_OK)
07/05/18 11:45:09 Of 19 nodes total:
07/05/18 11:45:09  Done     Pre   Queued    Post   Ready   Un-Ready   Failed
07/05/18 11:45:09   ===     ===      ===     ===     ===        ===      ===
07/05/18 11:45:09    12       0        0       0       2          5        0
07/05/18 11:45:09 1 job proc(s) currently held
07/05/18 11:45:14 Submitting Condor Node filter5_ID0000010 job(s)...
07/05/18 11:45:14 Adding a DAGMan workflow log /home/qh/wranglingWF/submit/qh/pegasus/wrangling/run0002/./wrangling-0.dag.nodes.log
07/05/18 11:45:14 Masking the events recorded in the DAGMAN workflow log
07/05/18 11:45:14 Mask for workflow log is 0,1,2,4,5,7,9,10,11,12,13,16,17,24,27
07/05/18 11:45:14 submitting: /usr/bin/condor_submit -a dag_node_name' '=' 'filter5_ID0000010 -a +DAGManJobId' '=' '750 -a DAGManJobId' '=' '750 -a submit_event_notes' '=' 'DAG' 'Node:' 'filter5_ID0000010 -a dagman_log' '=' '/home/qh/wranglingWF/submit/qh/pegasus/wrangling/run0002/./wrangling-0.dag.nodes.log -a +DAGManNodesMask' '=' '"0,1,2,4,5,7,9,10,11,12,13,16,17,24,27" -a +DAGNodeRetry' '=' '0 -a DAG_STATUS' '=' '0 -a FAILED_COUNT' '=' '0 -a +DAGParentNodeNames' '=' '"filter4_ID0000008" -a +KeepClaimIdle' '=' '20 -a notification' '=' 'never 00/00/filter5_ID0000010.sub
07/05/18 11:45:14 From submit: Submitting job(s).
07/05/18 11:45:14 From submit: 1 job(s) submitted to cluster 807.
07/05/18 11:45:14 	assigned Condor ID (807.0.0)
07/05/18 11:45:14 Submitting Condor Node filter5_ID0000009 job(s)...
07/05/18 11:45:14 Adding a DAGMan workflow log /home/qh/wranglingWF/submit/qh/pegasus/wrangling/run0002/./wrangling-0.dag.nodes.log
07/05/18 11:45:14 Masking the events recorded in the DAGMAN workflow log
07/05/18 11:45:14 Mask for workflow log is 0,1,2,4,5,7,9,10,11,12,13,16,17,24,27
07/05/18 11:45:14 submitting: /usr/bin/condor_submit -a dag_node_name' '=' 'filter5_ID0000009 -a +DAGManJobId' '=' '750 -a DAGManJobId' '=' '750 -a submit_event_notes' '=' 'DAG' 'Node:' 'filter5_ID0000009 -a dagman_log' '=' '/home/qh/wranglingWF/submit/qh/pegasus/wrangling/run0002/./wrangling-0.dag.nodes.log -a +DAGManNodesMask' '=' '"0,1,2,4,5,7,9,10,11,12,13,16,17,24,27" -a +DAGNodeRetry' '=' '0 -a DAG_STATUS' '=' '0 -a FAILED_COUNT' '=' '0 -a +DAGParentNodeNames' '=' '"filter4_ID0000007" -a +KeepClaimIdle' '=' '20 -a notification' '=' 'never 00/00/filter5_ID0000009.sub
07/05/18 11:45:14 From submit: Submitting job(s).
07/05/18 11:45:14 From submit: 1 job(s) submitted to cluster 808.
07/05/18 11:45:14 	assigned Condor ID (808.0.0)
07/05/18 11:45:14 Just submitted 2 jobs this cycle...
07/05/18 11:45:14 Currently monitoring 1 Condor log file(s)
07/05/18 11:45:14 Reassigning the id of job filter5_ID0000010 from (807.0.0) to (807.0.0)
07/05/18 11:45:14 Event: ULOG_SUBMIT for Condor Node filter5_ID0000010 (807.0.0)
07/05/18 11:45:14 Number of idle job procs: 1
07/05/18 11:45:14 Reassigning the id of job filter5_ID0000009 from (808.0.0) to (808.0.0)
07/05/18 11:45:14 Event: ULOG_SUBMIT for Condor Node filter5_ID0000009 (808.0.0)
07/05/18 11:45:14 Number of idle job procs: 2
07/05/18 11:45:14 DAG status: 0 (DAG_STATUS_OK)
07/05/18 11:45:14 Of 19 nodes total:
07/05/18 11:45:14  Done     Pre   Queued    Post   Ready   Un-Ready   Failed
07/05/18 11:45:14   ===     ===      ===     ===     ===        ===      ===
07/05/18 11:45:14    12       0        2       0       0          5        0
07/05/18 11:45:14 1 job proc(s) currently held
07/05/18 11:45:19 Currently monitoring 1 Condor log file(s)
07/05/18 11:45:19 Event: ULOG_EXECUTE for Condor Node filter5_ID0000010 (807.0.0)
07/05/18 11:45:19 Number of idle job procs: 1
07/05/18 11:45:19 Event: ULOG_JOB_TERMINATED for Condor Node filter5_ID0000010 (807.0.0)
07/05/18 11:45:19 Number of idle job procs: 1
07/05/18 11:45:19 Node filter5_ID0000010 job proc (807.0.0) completed successfully.
07/05/18 11:45:19 Node filter5_ID0000010 job completed
07/05/18 11:45:19 Running POST script of Node filter5_ID0000010...
07/05/18 11:45:19 Warning: mysin has length 0 (ignore if produced by DAGMan; see gittrac #4987, #5031)
07/05/18 11:45:19 Event: ULOG_EXECUTE for Condor Node filter5_ID0000009 (808.0.0)
07/05/18 11:45:19 Number of idle job procs: 0
07/05/18 11:45:19 Event: ULOG_JOB_TERMINATED for Condor Node filter5_ID0000009 (808.0.0)
07/05/18 11:45:19 Number of idle job procs: 0
07/05/18 11:45:19 Node filter5_ID0000009 job proc (808.0.0) completed successfully.
07/05/18 11:45:19 Node filter5_ID0000009 job completed
07/05/18 11:45:19 Running POST script of Node filter5_ID0000009...
07/05/18 11:45:19 Warning: mysin has length 0 (ignore if produced by DAGMan; see gittrac #4987, #5031)
07/05/18 11:45:19 DAG status: 0 (DAG_STATUS_OK)
07/05/18 11:45:19 Of 19 nodes total:
07/05/18 11:45:19  Done     Pre   Queued    Post   Ready   Un-Ready   Failed
07/05/18 11:45:19   ===     ===      ===     ===     ===        ===      ===
07/05/18 11:45:19    12       0        0       2       0          5        0
07/05/18 11:45:19 1 job proc(s) currently held
07/05/18 11:45:19 Initializing user log writer for /home/qh/wranglingWF/submit/qh/pegasus/wrangling/run0002/./wrangling-0.dag.nodes.log, (808.0.0)
07/05/18 11:45:19 Initializing user log writer for /home/qh/wranglingWF/submit/qh/pegasus/wrangling/run0002/./wrangling-0.dag.nodes.log, (807.0.0)
07/05/18 11:45:24 Currently monitoring 1 Condor log file(s)
07/05/18 11:45:24 Event: ULOG_POST_SCRIPT_TERMINATED for Condor Node filter5_ID0000009 (808.0.0)
07/05/18 11:45:24 POST Script of Node filter5_ID0000009 completed successfully.
07/05/18 11:45:24 Event: ULOG_POST_SCRIPT_TERMINATED for Condor Node filter5_ID0000010 (807.0.0)
07/05/18 11:45:24 POST Script of Node filter5_ID0000010 completed successfully.
07/05/18 11:45:24 DAG status: 0 (DAG_STATUS_OK)
07/05/18 11:45:24 Of 19 nodes total:
07/05/18 11:45:24  Done     Pre   Queued    Post   Ready   Un-Ready   Failed
07/05/18 11:45:24   ===     ===      ===     ===     ===        ===      ===
07/05/18 11:45:24    14       0        0       0       1          4        0
07/05/18 11:45:24 1 job proc(s) currently held
07/05/18 11:45:29 Submitting Condor Node union6_ID0000011 job(s)...
07/05/18 11:45:29 Adding a DAGMan workflow log /home/qh/wranglingWF/submit/qh/pegasus/wrangling/run0002/./wrangling-0.dag.nodes.log
07/05/18 11:45:29 Masking the events recorded in the DAGMAN workflow log
07/05/18 11:45:29 Mask for workflow log is 0,1,2,4,5,7,9,10,11,12,13,16,17,24,27
07/05/18 11:45:29 submitting: /usr/bin/condor_submit -a dag_node_name' '=' 'union6_ID0000011 -a +DAGManJobId' '=' '750 -a DAGManJobId' '=' '750 -a submit_event_notes' '=' 'DAG' 'Node:' 'union6_ID0000011 -a dagman_log' '=' '/home/qh/wranglingWF/submit/qh/pegasus/wrangling/run0002/./wrangling-0.dag.nodes.log -a +DAGManNodesMask' '=' '"0,1,2,4,5,7,9,10,11,12,13,16,17,24,27" -a +DAGNodeRetry' '=' '0 -a DAG_STATUS' '=' '0 -a FAILED_COUNT' '=' '0 -a +DAGParentNodeNames' '=' '"filter5_ID0000010,filter5_ID0000009" -a +KeepClaimIdle' '=' '20 -a notification' '=' 'never 00/00/union6_ID0000011.sub
07/05/18 11:45:29 From submit: Submitting job(s).
07/05/18 11:45:29 From submit: 1 job(s) submitted to cluster 809.
07/05/18 11:45:29 	assigned Condor ID (809.0.0)
07/05/18 11:45:29 Just submitted 1 job this cycle...
07/05/18 11:45:29 Currently monitoring 1 Condor log file(s)
07/05/18 11:45:29 Reassigning the id of job union6_ID0000011 from (809.0.0) to (809.0.0)
07/05/18 11:45:29 Event: ULOG_SUBMIT for Condor Node union6_ID0000011 (809.0.0)
07/05/18 11:45:29 Number of idle job procs: 1
07/05/18 11:45:29 DAG status: 0 (DAG_STATUS_OK)
07/05/18 11:45:29 Of 19 nodes total:
07/05/18 11:45:29  Done     Pre   Queued    Post   Ready   Un-Ready   Failed
07/05/18 11:45:29   ===     ===      ===     ===     ===        ===      ===
07/05/18 11:45:29    14       0        1       0       0          4        0
07/05/18 11:45:29 1 job proc(s) currently held
07/05/18 11:45:34 Currently monitoring 1 Condor log file(s)
07/05/18 11:45:34 Event: ULOG_EXECUTE for Condor Node union6_ID0000011 (809.0.0)
07/05/18 11:45:34 Number of idle job procs: 0
07/05/18 11:45:34 Event: ULOG_JOB_TERMINATED for Condor Node union6_ID0000011 (809.0.0)
07/05/18 11:45:34 Number of idle job procs: 0
07/05/18 11:45:34 Node union6_ID0000011 job proc (809.0.0) completed successfully.
07/05/18 11:45:34 Node union6_ID0000011 job completed
07/05/18 11:45:34 Running POST script of Node union6_ID0000011...
07/05/18 11:45:34 Warning: mysin has length 0 (ignore if produced by DAGMan; see gittrac #4987, #5031)
07/05/18 11:45:34 DAG status: 0 (DAG_STATUS_OK)
07/05/18 11:45:34 Of 19 nodes total:
07/05/18 11:45:34  Done     Pre   Queued    Post   Ready   Un-Ready   Failed
07/05/18 11:45:34   ===     ===      ===     ===     ===        ===      ===
07/05/18 11:45:34    14       0        0       1       0          4        0
07/05/18 11:45:34 1 job proc(s) currently held
07/05/18 11:45:35 Initializing user log writer for /home/qh/wranglingWF/submit/qh/pegasus/wrangling/run0002/./wrangling-0.dag.nodes.log, (809.0.0)
07/05/18 11:45:39 Currently monitoring 1 Condor log file(s)
07/05/18 11:45:39 Event: ULOG_POST_SCRIPT_TERMINATED for Condor Node union6_ID0000011 (809.0.0)
07/05/18 11:45:39 POST Script of Node union6_ID0000011 completed successfully.
07/05/18 11:45:39 DAG status: 0 (DAG_STATUS_OK)
07/05/18 11:45:39 Of 19 nodes total:
07/05/18 11:45:39  Done     Pre   Queued    Post   Ready   Un-Ready   Failed
07/05/18 11:45:39   ===     ===      ===     ===     ===        ===      ===
07/05/18 11:45:39    15       0        0       0       2          2        0
07/05/18 11:45:39 1 job proc(s) currently held
07/05/18 11:45:44 Submitting Condor Node stage_out_local_local_6_0 job(s)...
07/05/18 11:45:44 Adding a DAGMan workflow log /home/qh/wranglingWF/submit/qh/pegasus/wrangling/run0002/./wrangling-0.dag.nodes.log
07/05/18 11:45:44 Masking the events recorded in the DAGMAN workflow log
07/05/18 11:45:44 Mask for workflow log is 0,1,2,4,5,7,9,10,11,12,13,16,17,24,27
07/05/18 11:45:44 submitting: /usr/bin/condor_submit -a dag_node_name' '=' 'stage_out_local_local_6_0 -a +DAGManJobId' '=' '750 -a DAGManJobId' '=' '750 -a submit_event_notes' '=' 'DAG' 'Node:' 'stage_out_local_local_6_0 -a dagman_log' '=' '/home/qh/wranglingWF/submit/qh/pegasus/wrangling/run0002/./wrangling-0.dag.nodes.log -a +DAGManNodesMask' '=' '"0,1,2,4,5,7,9,10,11,12,13,16,17,24,27" -a +DAGNodeRetry' '=' '0 -a DAG_STATUS' '=' '0 -a FAILED_COUNT' '=' '0 -a +DAGParentNodeNames' '=' '"union6_ID0000011" -a +KeepClaimIdle' '=' '20 -a notification' '=' 'never 00/00/stage_out_local_local_6_0.sub
07/05/18 11:45:44 From submit: Submitting job(s).
07/05/18 11:45:44 From submit: 1 job(s) submitted to cluster 810.
07/05/18 11:45:44 	assigned Condor ID (810.0.0)
07/05/18 11:45:44 Submitting Condor Node mutate_ID0000012 job(s)...
07/05/18 11:45:44 Adding a DAGMan workflow log /home/qh/wranglingWF/submit/qh/pegasus/wrangling/run0002/./wrangling-0.dag.nodes.log
07/05/18 11:45:44 Masking the events recorded in the DAGMAN workflow log
07/05/18 11:45:44 Mask for workflow log is 0,1,2,4,5,7,9,10,11,12,13,16,17,24,27
07/05/18 11:45:44 submitting: /usr/bin/condor_submit -a dag_node_name' '=' 'mutate_ID0000012 -a +DAGManJobId' '=' '750 -a DAGManJobId' '=' '750 -a submit_event_notes' '=' 'DAG' 'Node:' 'mutate_ID0000012 -a dagman_log' '=' '/home/qh/wranglingWF/submit/qh/pegasus/wrangling/run0002/./wrangling-0.dag.nodes.log -a +DAGManNodesMask' '=' '"0,1,2,4,5,7,9,10,11,12,13,16,17,24,27" -a +DAGNodeRetry' '=' '0 -a DAG_STATUS' '=' '0 -a FAILED_COUNT' '=' '0 -a +DAGParentNodeNames' '=' '"union6_ID0000011" -a +KeepClaimIdle' '=' '20 -a notification' '=' 'never 00/00/mutate_ID0000012.sub
07/05/18 11:45:44 From submit: Submitting job(s).
07/05/18 11:45:44 From submit: 1 job(s) submitted to cluster 811.
07/05/18 11:45:44 	assigned Condor ID (811.0.0)
07/05/18 11:45:44 Just submitted 2 jobs this cycle...
07/05/18 11:45:44 Currently monitoring 1 Condor log file(s)
07/05/18 11:45:44 Reassigning the id of job stage_out_local_local_6_0 from (810.0.0) to (810.0.0)
07/05/18 11:45:44 Event: ULOG_SUBMIT for Condor Node stage_out_local_local_6_0 (810.0.0)
07/05/18 11:45:44 Number of idle job procs: 1
07/05/18 11:45:44 Reassigning the id of job mutate_ID0000012 from (811.0.0) to (811.0.0)
07/05/18 11:45:44 Event: ULOG_SUBMIT for Condor Node mutate_ID0000012 (811.0.0)
07/05/18 11:45:44 Number of idle job procs: 2
07/05/18 11:45:44 Event: ULOG_EXECUTE for Condor Node stage_out_local_local_6_0 (810.0.0)
07/05/18 11:45:44 Number of idle job procs: 1
07/05/18 11:45:44 DAG status: 0 (DAG_STATUS_OK)
07/05/18 11:45:44 Of 19 nodes total:
07/05/18 11:45:44  Done     Pre   Queued    Post   Ready   Un-Ready   Failed
07/05/18 11:45:44   ===     ===      ===     ===     ===        ===      ===
07/05/18 11:45:44    15       0        2       0       0          2        0
07/05/18 11:45:44 1 job proc(s) currently held
07/05/18 11:45:49 Currently monitoring 1 Condor log file(s)
07/05/18 11:45:49 Event: ULOG_EXECUTE for Condor Node mutate_ID0000012 (811.0.0)
07/05/18 11:45:49 Number of idle job procs: 0
07/05/18 11:45:49 Event: ULOG_JOB_TERMINATED for Condor Node mutate_ID0000012 (811.0.0)
07/05/18 11:45:49 Number of idle job procs: 0
07/05/18 11:45:49 Node mutate_ID0000012 job proc (811.0.0) completed successfully.
07/05/18 11:45:49 Node mutate_ID0000012 job completed
07/05/18 11:45:49 Running POST script of Node mutate_ID0000012...
07/05/18 11:45:49 Warning: mysin has length 0 (ignore if produced by DAGMan; see gittrac #4987, #5031)
07/05/18 11:45:49 Event: ULOG_JOB_TERMINATED for Condor Node stage_out_local_local_6_0 (810.0.0)
07/05/18 11:45:49 Number of idle job procs: 0
07/05/18 11:45:49 Node stage_out_local_local_6_0 job proc (810.0.0) completed successfully.
07/05/18 11:45:49 Node stage_out_local_local_6_0 job completed
07/05/18 11:45:49 Running POST script of Node stage_out_local_local_6_0...
07/05/18 11:45:49 Warning: mysin has length 0 (ignore if produced by DAGMan; see gittrac #4987, #5031)
07/05/18 11:45:49 DAG status: 0 (DAG_STATUS_OK)
07/05/18 11:45:49 Of 19 nodes total:
07/05/18 11:45:49  Done     Pre   Queued    Post   Ready   Un-Ready   Failed
07/05/18 11:45:49   ===     ===      ===     ===     ===        ===      ===
07/05/18 11:45:49    15       0        0       2       0          2        0
07/05/18 11:45:49 1 job proc(s) currently held
07/05/18 11:45:49 Initializing user log writer for /home/qh/wranglingWF/submit/qh/pegasus/wrangling/run0002/./wrangling-0.dag.nodes.log, (811.0.0)
07/05/18 11:45:49 Initializing user log writer for /home/qh/wranglingWF/submit/qh/pegasus/wrangling/run0002/./wrangling-0.dag.nodes.log, (810.0.0)
07/05/18 11:45:54 Currently monitoring 1 Condor log file(s)
07/05/18 11:45:54 Event: ULOG_POST_SCRIPT_TERMINATED for Condor Node mutate_ID0000012 (811.0.0)
07/05/18 11:45:54 POST Script of Node mutate_ID0000012 completed successfully.
07/05/18 11:45:54 Event: ULOG_POST_SCRIPT_TERMINATED for Condor Node stage_out_local_local_6_0 (810.0.0)
07/05/18 11:45:54 POST Script of Node stage_out_local_local_6_0 completed successfully.
07/05/18 11:45:54 DAG status: 0 (DAG_STATUS_OK)
07/05/18 11:45:54 Of 19 nodes total:
07/05/18 11:45:54  Done     Pre   Queued    Post   Ready   Un-Ready   Failed
07/05/18 11:45:54   ===     ===      ===     ===     ===        ===      ===
07/05/18 11:45:54    17       0        0       0       1          1        0
07/05/18 11:45:54 1 job proc(s) currently held
07/05/18 11:45:59 Submitting Condor Node stage_out_local_local_7_0 job(s)...
07/05/18 11:45:59 Adding a DAGMan workflow log /home/qh/wranglingWF/submit/qh/pegasus/wrangling/run0002/./wrangling-0.dag.nodes.log
07/05/18 11:45:59 Masking the events recorded in the DAGMAN workflow log
07/05/18 11:45:59 Mask for workflow log is 0,1,2,4,5,7,9,10,11,12,13,16,17,24,27
07/05/18 11:45:59 submitting: /usr/bin/condor_submit -a dag_node_name' '=' 'stage_out_local_local_7_0 -a +DAGManJobId' '=' '750 -a DAGManJobId' '=' '750 -a submit_event_notes' '=' 'DAG' 'Node:' 'stage_out_local_local_7_0 -a dagman_log' '=' '/home/qh/wranglingWF/submit/qh/pegasus/wrangling/run0002/./wrangling-0.dag.nodes.log -a +DAGManNodesMask' '=' '"0,1,2,4,5,7,9,10,11,12,13,16,17,24,27" -a +DAGNodeRetry' '=' '0 -a DAG_STATUS' '=' '0 -a FAILED_COUNT' '=' '0 -a +DAGParentNodeNames' '=' '"mutate_ID0000012" -a +KeepClaimIdle' '=' '20 -a notification' '=' 'never 00/00/stage_out_local_local_7_0.sub
07/05/18 11:45:59 From submit: Submitting job(s).
07/05/18 11:45:59 From submit: 1 job(s) submitted to cluster 812.
07/05/18 11:45:59 	assigned Condor ID (812.0.0)
07/05/18 11:45:59 Just submitted 1 job this cycle...
07/05/18 11:45:59 Currently monitoring 1 Condor log file(s)
07/05/18 11:45:59 Reassigning the id of job stage_out_local_local_7_0 from (812.0.0) to (812.0.0)
07/05/18 11:45:59 Event: ULOG_SUBMIT for Condor Node stage_out_local_local_7_0 (812.0.0)
07/05/18 11:45:59 Number of idle job procs: 1
07/05/18 11:45:59 DAG status: 0 (DAG_STATUS_OK)
07/05/18 11:45:59 Of 19 nodes total:
07/05/18 11:45:59  Done     Pre   Queued    Post   Ready   Un-Ready   Failed
07/05/18 11:45:59   ===     ===      ===     ===     ===        ===      ===
07/05/18 11:45:59    17       0        1       0       0          1        0
07/05/18 11:45:59 1 job proc(s) currently held
07/05/18 11:46:04 Currently monitoring 1 Condor log file(s)
07/05/18 11:46:04 Event: ULOG_EXECUTE for Condor Node stage_out_local_local_7_0 (812.0.0)
07/05/18 11:46:04 Number of idle job procs: 0
07/05/18 11:46:04 Event: ULOG_JOB_TERMINATED for Condor Node stage_out_local_local_7_0 (812.0.0)
07/05/18 11:46:04 Number of idle job procs: 0
07/05/18 11:46:04 Node stage_out_local_local_7_0 job proc (812.0.0) completed successfully.
07/05/18 11:46:04 Node stage_out_local_local_7_0 job completed
07/05/18 11:46:04 Running POST script of Node stage_out_local_local_7_0...
07/05/18 11:46:04 Warning: mysin has length 0 (ignore if produced by DAGMan; see gittrac #4987, #5031)
07/05/18 11:46:04 DAG status: 0 (DAG_STATUS_OK)
07/05/18 11:46:04 Of 19 nodes total:
07/05/18 11:46:04  Done     Pre   Queued    Post   Ready   Un-Ready   Failed
07/05/18 11:46:04   ===     ===      ===     ===     ===        ===      ===
07/05/18 11:46:04    17       0        0       1       0          1        0
07/05/18 11:46:04 1 job proc(s) currently held
07/05/18 11:46:04 Initializing user log writer for /home/qh/wranglingWF/submit/qh/pegasus/wrangling/run0002/./wrangling-0.dag.nodes.log, (812.0.0)
07/05/18 11:46:09 Currently monitoring 1 Condor log file(s)
07/05/18 11:46:09 Event: ULOG_POST_SCRIPT_TERMINATED for Condor Node stage_out_local_local_7_0 (812.0.0)
07/05/18 11:46:09 POST Script of Node stage_out_local_local_7_0 completed successfully.
07/05/18 11:46:09 DAG status: 0 (DAG_STATUS_OK)
07/05/18 11:46:09 Of 19 nodes total:
07/05/18 11:46:09  Done     Pre   Queued    Post   Ready   Un-Ready   Failed
07/05/18 11:46:09   ===     ===      ===     ===     ===        ===      ===
07/05/18 11:46:09    18       0        0       0       1          0        0
07/05/18 11:46:09 1 job proc(s) currently held
07/05/18 11:46:14 Submitting Condor Node cleanup_wrangling_0_local job(s)...
07/05/18 11:46:14 Adding a DAGMan workflow log /home/qh/wranglingWF/submit/qh/pegasus/wrangling/run0002/./wrangling-0.dag.nodes.log
07/05/18 11:46:14 Masking the events recorded in the DAGMAN workflow log
07/05/18 11:46:14 Mask for workflow log is 0,1,2,4,5,7,9,10,11,12,13,16,17,24,27
07/05/18 11:46:14 submitting: /usr/bin/condor_submit -a dag_node_name' '=' 'cleanup_wrangling_0_local -a +DAGManJobId' '=' '750 -a DAGManJobId' '=' '750 -a submit_event_notes' '=' 'DAG' 'Node:' 'cleanup_wrangling_0_local -a dagman_log' '=' '/home/qh/wranglingWF/submit/qh/pegasus/wrangling/run0002/./wrangling-0.dag.nodes.log -a +DAGManNodesMask' '=' '"0,1,2,4,5,7,9,10,11,12,13,16,17,24,27" -a +DAGNodeRetry' '=' '0 -a DAG_STATUS' '=' '0 -a FAILED_COUNT' '=' '0 -a +DAGParentNodeNames' '=' '"stage_out_local_local_0_0,stage_out_local_local_6_0,stage_out_local_local_7_0" -a notification' '=' 'never 00/00/cleanup_wrangling_0_local.sub
07/05/18 11:46:14 From submit: Submitting job(s).
07/05/18 11:46:14 From submit: 1 job(s) submitted to cluster 813.
07/05/18 11:46:14 	assigned Condor ID (813.0.0)
07/05/18 11:46:14 Just submitted 1 job this cycle...
07/05/18 11:46:14 Currently monitoring 1 Condor log file(s)
07/05/18 11:46:14 Reassigning the id of job cleanup_wrangling_0_local from (813.0.0) to (813.0.0)
07/05/18 11:46:14 Event: ULOG_SUBMIT for Condor Node cleanup_wrangling_0_local (813.0.0)
07/05/18 11:46:14 Number of idle job procs: 1
07/05/18 11:46:14 DAG status: 0 (DAG_STATUS_OK)
07/05/18 11:46:14 Of 19 nodes total:
07/05/18 11:46:14  Done     Pre   Queued    Post   Ready   Un-Ready   Failed
07/05/18 11:46:14   ===     ===      ===     ===     ===        ===      ===
07/05/18 11:46:14    18       0        1       0       0          0        0
07/05/18 11:46:14 1 job proc(s) currently held
07/05/18 11:46:19 Currently monitoring 1 Condor log file(s)
07/05/18 11:46:19 Event: ULOG_EXECUTE for Condor Node cleanup_wrangling_0_local (813.0.0)
07/05/18 11:46:19 Number of idle job procs: 0
07/05/18 11:46:19 Event: ULOG_JOB_TERMINATED for Condor Node cleanup_wrangling_0_local (813.0.0)
07/05/18 11:46:19 Number of idle job procs: 0
07/05/18 11:46:19 Node cleanup_wrangling_0_local job proc (813.0.0) completed successfully.
07/05/18 11:46:19 Node cleanup_wrangling_0_local job completed
07/05/18 11:46:19 DAG status: 0 (DAG_STATUS_OK)
07/05/18 11:46:19 Of 19 nodes total:
07/05/18 11:46:19  Done     Pre   Queued    Post   Ready   Un-Ready   Failed
07/05/18 11:46:19   ===     ===      ===     ===     ===        ===      ===
07/05/18 11:46:19    19       0        0       0       0          0        0
07/05/18 11:46:19 1 job proc(s) currently held
07/05/18 11:46:19 All jobs Completed!
07/05/18 11:46:19 Note: 0 total job deferrals because of -MaxJobs limit (0)
07/05/18 11:46:19 Note: 0 total job deferrals because of -MaxIdle limit (1000)
07/05/18 11:46:19 Note: 0 total job deferrals because of node category throttles
07/05/18 11:46:19 Note: 0 total PRE script deferrals because of -MaxPre limit (20) or DEFER
07/05/18 11:46:19 Note: 0 total POST script deferrals because of -MaxPost limit (20) or DEFER
07/05/18 11:46:19 DAG status: 0 (DAG_STATUS_OK)
07/05/18 11:46:19 Of 19 nodes total:
07/05/18 11:46:19  Done     Pre   Queued    Post   Ready   Un-Ready   Failed
07/05/18 11:46:19   ===     ===      ===     ===     ===        ===      ===
07/05/18 11:46:19    19       0        0       0       0          0        0
07/05/18 11:46:19 1 job proc(s) currently held
07/05/18 11:46:19 Wrote metrics file wrangling-0.dag.metrics.
07/05/18 11:46:19 Reporting metrics to Pegasus metrics server(s); output is in wrangling-0.dag.metrics.out.
07/05/18 11:46:19 Running command </usr/lib/condor/libexec/condor_dagman_metrics_reporter -f wrangling-0.dag.metrics -t 100>
07/05/18 11:46:19 Warning: mysin has length 0 (ignore if produced by DAGMan; see gittrac #4987, #5031)
07/05/18 11:46:19 **** condor_scheduniv_exec.750.0 (condor_DAGMAN) pid 9097 EXITING WITH STATUS 0
