07/05/18 11:37:57 ******************************************************
07/05/18 11:37:57 ** condor_scheduniv_exec.776.0 (CONDOR_DAGMAN) STARTING UP
07/05/18 11:37:57 ** /usr/bin/condor_dagman
07/05/18 11:37:57 ** SubsystemInfo: name=DAGMAN type=DAGMAN(10) class=DAEMON(1)
07/05/18 11:37:57 ** Configuration: subsystem:DAGMAN local:<NONE> class:DAEMON
07/05/18 11:37:57 ** $CondorVersion: 8.4.2 Feb 22 2016 BuildID: Debian-8.4.2~dfsg.1-1build1 Debian-8.4.2~dfsg.1-1build1 $
07/05/18 11:37:57 ** $CondorPlatform: X86_64-Ubuntu_ $
07/05/18 11:37:57 ** PID = 15047
07/05/18 11:37:57 ** Log last touched time unavailable (No such file or directory)
07/05/18 11:37:57 ******************************************************
07/05/18 11:37:57 Using config source: /etc/condor/condor_config
07/05/18 11:37:57 Using local config sources: 
07/05/18 11:37:57    /etc/condor/config.d/00debconf
07/05/18 11:37:57    /etc/condor/condor_config.local
07/05/18 11:37:57 config Macros = 69, Sorted = 69, StringBytes = 2032, TablesBytes = 2540
07/05/18 11:37:57 CLASSAD_CACHING is ENABLED
07/05/18 11:37:57 Daemon Log is logging: D_ALWAYS D_ERROR
07/05/18 11:37:57 DaemonCore: No command port requested.
07/05/18 11:37:57 DAGMAN_USE_STRICT setting: 1
07/05/18 11:37:57 DAGMAN_VERBOSITY setting: 3
07/05/18 11:37:57 DAGMAN_DEBUG_CACHE_SIZE setting: 5242880
07/05/18 11:37:57 DAGMAN_DEBUG_CACHE_ENABLE setting: False
07/05/18 11:37:57 DAGMAN_SUBMIT_DELAY setting: 0
07/05/18 11:37:57 DAGMAN_MAX_SUBMIT_ATTEMPTS setting: 6
07/05/18 11:37:57 DAGMAN_STARTUP_CYCLE_DETECT setting: False
07/05/18 11:37:57 DAGMAN_MAX_SUBMITS_PER_INTERVAL setting: 5
07/05/18 11:37:57 DAGMAN_USER_LOG_SCAN_INTERVAL setting: 5
07/05/18 11:37:57 DAGMAN_DEFAULT_PRIORITY setting: 0
07/05/18 11:37:57 DAGMAN_SUPPRESS_NOTIFICATION setting: True
07/05/18 11:37:57 allow_events (DAGMAN_ALLOW_EVENTS) setting: 114
07/05/18 11:37:57 DAGMAN_RETRY_SUBMIT_FIRST setting: True
07/05/18 11:37:57 DAGMAN_RETRY_NODE_FIRST setting: False
07/05/18 11:37:57 DAGMAN_MAX_JOBS_IDLE setting: 1000
07/05/18 11:37:57 DAGMAN_MAX_JOBS_SUBMITTED setting: 0
07/05/18 11:37:57 DAGMAN_MAX_PRE_SCRIPTS setting: 20
07/05/18 11:37:57 DAGMAN_MAX_POST_SCRIPTS setting: 20
07/05/18 11:37:57 DAGMAN_ALLOW_LOG_ERROR setting: False
07/05/18 11:37:57 DAGMAN_MUNGE_NODE_NAMES setting: True
07/05/18 11:37:57 DAGMAN_PROHIBIT_MULTI_JOBS setting: False
07/05/18 11:37:57 DAGMAN_SUBMIT_DEPTH_FIRST setting: False
07/05/18 11:37:57 DAGMAN_ALWAYS_RUN_POST setting: True
07/05/18 11:37:57 DAGMAN_ABORT_DUPLICATES setting: True
07/05/18 11:37:57 DAGMAN_ABORT_ON_SCARY_SUBMIT setting: True
07/05/18 11:37:57 DAGMAN_PENDING_REPORT_INTERVAL setting: 600
07/05/18 11:37:57 DAGMAN_AUTO_RESCUE setting: True
07/05/18 11:37:57 DAGMAN_MAX_RESCUE_NUM setting: 100
07/05/18 11:37:57 DAGMAN_WRITE_PARTIAL_RESCUE setting: True
07/05/18 11:37:57 DAGMAN_DEFAULT_NODE_LOG setting: @(DAG_DIR)/@(DAG_FILE).nodes.log
07/05/18 11:37:57 DAGMAN_GENERATE_SUBDAG_SUBMITS setting: True
07/05/18 11:37:57 DAGMAN_MAX_JOB_HOLDS setting: 100
07/05/18 11:37:57 DAGMAN_HOLD_CLAIM_TIME setting: 20
07/05/18 11:37:57 ALL_DEBUG setting: 
07/05/18 11:37:57 DAGMAN_DEBUG setting: 
07/05/18 11:37:57 DAGMAN_SUPPRESS_JOB_LOGS setting: False
07/05/18 11:37:57 argv[0] == "condor_scheduniv_exec.776.0"
07/05/18 11:37:57 argv[1] == "-Lockfile"
07/05/18 11:37:57 argv[2] == "wrangling-0.dag.lock"
07/05/18 11:37:57 argv[3] == "-AutoRescue"
07/05/18 11:37:57 argv[4] == "1"
07/05/18 11:37:57 argv[5] == "-DoRescueFrom"
07/05/18 11:37:57 argv[6] == "0"
07/05/18 11:37:57 argv[7] == "-Dag"
07/05/18 11:37:57 argv[8] == "wrangling-0.dag"
07/05/18 11:37:57 argv[9] == "-MaxPost"
07/05/18 11:37:57 argv[10] == "20"
07/05/18 11:37:57 argv[11] == "-Suppress_notification"
07/05/18 11:37:57 argv[12] == "-CsdVersion"
07/05/18 11:37:57 argv[13] == "$CondorVersion: 8.4.2 Feb 22 2016 BuildID: Debian-8.4.2~dfsg.1-1build1 Debian-8.4.2~dfsg.1-1build1 $"
07/05/18 11:37:57 argv[14] == "-Dagman"
07/05/18 11:37:57 argv[15] == "/usr/bin/condor_dagman"
07/05/18 11:37:57 Warning: failed to get attribute DAGNodeName
07/05/18 11:37:57 Default node log file is: </home/qh/wranglingWF/submit/qh/pegasus/wrangling/run0005/./wrangling-0.dag.nodes.log>
07/05/18 11:37:57 DAG Lockfile will be written to wrangling-0.dag.lock
07/05/18 11:37:57 DAG Input file is wrangling-0.dag
07/05/18 11:37:57 Parsing 1 dagfiles
07/05/18 11:37:57 Parsing wrangling-0.dag ...
07/05/18 11:37:57 Warning: category registration has no throttle value set
07/05/18 11:37:57 Warning: category stagein has no assigned nodes, so the throttle setting (10) will have no effect
07/05/18 11:37:57 Warning: category cleanup has no assigned nodes, so the throttle setting (4) will have no effect
07/05/18 11:37:57 Dag contains 19 total jobs
07/05/18 11:37:57 Sleeping for 3 seconds to ensure ProcessId uniqueness
07/05/18 11:38:00 Bootstrapping...
07/05/18 11:38:00 Number of pre-completed nodes: 0
07/05/18 11:38:00 MultiLogFiles: truncating log file /home/qh/wranglingWF/submit/qh/pegasus/wrangling/run0005/./wrangling-0.dag.nodes.log
07/05/18 11:38:00 DAG status: 0 (DAG_STATUS_OK)
07/05/18 11:38:00 Of 19 nodes total:
07/05/18 11:38:00  Done     Pre   Queued    Post   Ready   Un-Ready   Failed
07/05/18 11:38:00   ===     ===      ===     ===     ===        ===      ===
07/05/18 11:38:00     0       0        0       0       1         18        0
07/05/18 11:38:00 0 job proc(s) currently held
07/05/18 11:38:00 Registering condor_event_timer...
07/05/18 11:38:01 Submitting Condor Node create_dir_wrangling_0_local job(s)...
07/05/18 11:38:01 Adding a DAGMan workflow log /home/qh/wranglingWF/submit/qh/pegasus/wrangling/run0005/./wrangling-0.dag.nodes.log
07/05/18 11:38:01 Masking the events recorded in the DAGMAN workflow log
07/05/18 11:38:01 Mask for workflow log is 0,1,2,4,5,7,9,10,11,12,13,16,17,24,27
07/05/18 11:38:01 submitting: /usr/bin/condor_submit -a dag_node_name' '=' 'create_dir_wrangling_0_local -a +DAGManJobId' '=' '776 -a DAGManJobId' '=' '776 -a submit_event_notes' '=' 'DAG' 'Node:' 'create_dir_wrangling_0_local -a dagman_log' '=' '/home/qh/wranglingWF/submit/qh/pegasus/wrangling/run0005/./wrangling-0.dag.nodes.log -a +DAGManNodesMask' '=' '"0,1,2,4,5,7,9,10,11,12,13,16,17,24,27" -a +DAGNodeRetry' '=' '0 -a DAG_STATUS' '=' '0 -a FAILED_COUNT' '=' '0 -a +DAGParentNodeNames' '=' '"" -a +KeepClaimIdle' '=' '20 -a notification' '=' 'never 00/00/create_dir_wrangling_0_local.sub
07/05/18 11:38:01 From submit: Submitting job(s).
07/05/18 11:38:01 From submit: 1 job(s) submitted to cluster 777.
07/05/18 11:38:01 	assigned Condor ID (777.0.0)
07/05/18 11:38:01 Just submitted 1 job this cycle...
07/05/18 11:38:01 Currently monitoring 1 Condor log file(s)
07/05/18 11:38:01 Reassigning the id of job create_dir_wrangling_0_local from (777.0.0) to (777.0.0)
07/05/18 11:38:01 Event: ULOG_SUBMIT for Condor Node create_dir_wrangling_0_local (777.0.0)
07/05/18 11:38:01 Number of idle job procs: 1
07/05/18 11:38:01 DAG status: 0 (DAG_STATUS_OK)
07/05/18 11:38:01 Of 19 nodes total:
07/05/18 11:38:01  Done     Pre   Queued    Post   Ready   Un-Ready   Failed
07/05/18 11:38:01   ===     ===      ===     ===     ===        ===      ===
07/05/18 11:38:01     0       0        1       0       0         18        0
07/05/18 11:38:01 0 job proc(s) currently held
07/05/18 11:38:06 Currently monitoring 1 Condor log file(s)
07/05/18 11:38:06 Event: ULOG_EXECUTE for Condor Node create_dir_wrangling_0_local (777.0.0)
07/05/18 11:38:06 Number of idle job procs: 0
07/05/18 11:38:06 Event: ULOG_JOB_TERMINATED for Condor Node create_dir_wrangling_0_local (777.0.0)
07/05/18 11:38:06 Number of idle job procs: 0
07/05/18 11:38:06 Node create_dir_wrangling_0_local job proc (777.0.0) completed successfully.
07/05/18 11:38:06 Node create_dir_wrangling_0_local job completed
07/05/18 11:38:06 Running POST script of Node create_dir_wrangling_0_local...
07/05/18 11:38:06 Warning: mysin has length 0 (ignore if produced by DAGMan; see gittrac #4987, #5031)
07/05/18 11:38:06 DAG status: 0 (DAG_STATUS_OK)
07/05/18 11:38:06 Of 19 nodes total:
07/05/18 11:38:06  Done     Pre   Queued    Post   Ready   Un-Ready   Failed
07/05/18 11:38:06   ===     ===      ===     ===     ===        ===      ===
07/05/18 11:38:06     0       0        0       1       0         18        0
07/05/18 11:38:06 0 job proc(s) currently held
07/05/18 11:38:06 Initializing user log writer for /home/qh/wranglingWF/submit/qh/pegasus/wrangling/run0005/./wrangling-0.dag.nodes.log, (777.0.0)
07/05/18 11:38:11 Currently monitoring 1 Condor log file(s)
07/05/18 11:38:11 Event: ULOG_POST_SCRIPT_TERMINATED for Condor Node create_dir_wrangling_0_local (777.0.0)
07/05/18 11:38:11 POST Script of Node create_dir_wrangling_0_local completed successfully.
07/05/18 11:38:11 DAG status: 0 (DAG_STATUS_OK)
07/05/18 11:38:11 Of 19 nodes total:
07/05/18 11:38:11  Done     Pre   Queued    Post   Ready   Un-Ready   Failed
07/05/18 11:38:11   ===     ===      ===     ===     ===        ===      ===
07/05/18 11:38:11     1       0        0       0       1         17        0
07/05/18 11:38:11 0 job proc(s) currently held
07/05/18 11:38:16 Submitting Condor Node svn0_ID0000000 job(s)...
07/05/18 11:38:16 Adding a DAGMan workflow log /home/qh/wranglingWF/submit/qh/pegasus/wrangling/run0005/./wrangling-0.dag.nodes.log
07/05/18 11:38:16 Masking the events recorded in the DAGMAN workflow log
07/05/18 11:38:16 Mask for workflow log is 0,1,2,4,5,7,9,10,11,12,13,16,17,24,27
07/05/18 11:38:16 submitting: /usr/bin/condor_submit -a dag_node_name' '=' 'svn0_ID0000000 -a +DAGManJobId' '=' '776 -a DAGManJobId' '=' '776 -a submit_event_notes' '=' 'DAG' 'Node:' 'svn0_ID0000000 -a dagman_log' '=' '/home/qh/wranglingWF/submit/qh/pegasus/wrangling/run0005/./wrangling-0.dag.nodes.log -a +DAGManNodesMask' '=' '"0,1,2,4,5,7,9,10,11,12,13,16,17,24,27" -a +DAGNodeRetry' '=' '0 -a DAG_STATUS' '=' '0 -a FAILED_COUNT' '=' '0 -a +DAGParentNodeNames' '=' '"create_dir_wrangling_0_local" -a +KeepClaimIdle' '=' '20 -a notification' '=' 'never 00/00/svn0_ID0000000.sub
07/05/18 11:38:16 From submit: Submitting job(s).
07/05/18 11:38:16 From submit: 1 job(s) submitted to cluster 778.
07/05/18 11:38:16 	assigned Condor ID (778.0.0)
07/05/18 11:38:16 Just submitted 1 job this cycle...
07/05/18 11:38:16 Currently monitoring 1 Condor log file(s)
07/05/18 11:38:16 Reassigning the id of job svn0_ID0000000 from (778.0.0) to (778.0.0)
07/05/18 11:38:16 Event: ULOG_SUBMIT for Condor Node svn0_ID0000000 (778.0.0)
07/05/18 11:38:16 Number of idle job procs: 1
07/05/18 11:38:16 DAG status: 0 (DAG_STATUS_OK)
07/05/18 11:38:16 Of 19 nodes total:
07/05/18 11:38:16  Done     Pre   Queued    Post   Ready   Un-Ready   Failed
07/05/18 11:38:16   ===     ===      ===     ===     ===        ===      ===
07/05/18 11:38:16     1       0        1       0       0         17        0
07/05/18 11:38:16 0 job proc(s) currently held
07/05/18 11:38:21 Currently monitoring 1 Condor log file(s)
07/05/18 11:38:21 Event: ULOG_EXECUTE for Condor Node svn0_ID0000000 (778.0.0)
07/05/18 11:38:21 Number of idle job procs: 0
07/05/18 11:38:21 Event: ULOG_JOB_TERMINATED for Condor Node svn0_ID0000000 (778.0.0)
07/05/18 11:38:21 Number of idle job procs: 0
07/05/18 11:38:21 Node svn0_ID0000000 job proc (778.0.0) completed successfully.
07/05/18 11:38:21 Node svn0_ID0000000 job completed
07/05/18 11:38:21 Running POST script of Node svn0_ID0000000...
07/05/18 11:38:21 Warning: mysin has length 0 (ignore if produced by DAGMan; see gittrac #4987, #5031)
07/05/18 11:38:21 DAG status: 0 (DAG_STATUS_OK)
07/05/18 11:38:21 Of 19 nodes total:
07/05/18 11:38:21  Done     Pre   Queued    Post   Ready   Un-Ready   Failed
07/05/18 11:38:21   ===     ===      ===     ===     ===        ===      ===
07/05/18 11:38:21     1       0        0       1       0         17        0
07/05/18 11:38:21 0 job proc(s) currently held
07/05/18 11:38:21 Initializing user log writer for /home/qh/wranglingWF/submit/qh/pegasus/wrangling/run0005/./wrangling-0.dag.nodes.log, (778.0.0)
07/05/18 11:38:26 Currently monitoring 1 Condor log file(s)
07/05/18 11:38:26 Event: ULOG_POST_SCRIPT_TERMINATED for Condor Node svn0_ID0000000 (778.0.0)
07/05/18 11:38:26 POST Script of Node svn0_ID0000000 completed successfully.
07/05/18 11:38:26 DAG status: 0 (DAG_STATUS_OK)
07/05/18 11:38:26 Of 19 nodes total:
07/05/18 11:38:26  Done     Pre   Queued    Post   Ready   Un-Ready   Failed
07/05/18 11:38:26   ===     ===      ===     ===     ===        ===      ===
07/05/18 11:38:26     2       0        0       0       3         14        0
07/05/18 11:38:26 0 job proc(s) currently held
07/05/18 11:38:31 Submitting Condor Node filter1_ID0000002 job(s)...
07/05/18 11:38:31 Adding a DAGMan workflow log /home/qh/wranglingWF/submit/qh/pegasus/wrangling/run0005/./wrangling-0.dag.nodes.log
07/05/18 11:38:31 Masking the events recorded in the DAGMAN workflow log
07/05/18 11:38:31 Mask for workflow log is 0,1,2,4,5,7,9,10,11,12,13,16,17,24,27
07/05/18 11:38:31 submitting: /usr/bin/condor_submit -a dag_node_name' '=' 'filter1_ID0000002 -a +DAGManJobId' '=' '776 -a DAGManJobId' '=' '776 -a submit_event_notes' '=' 'DAG' 'Node:' 'filter1_ID0000002 -a dagman_log' '=' '/home/qh/wranglingWF/submit/qh/pegasus/wrangling/run0005/./wrangling-0.dag.nodes.log -a +DAGManNodesMask' '=' '"0,1,2,4,5,7,9,10,11,12,13,16,17,24,27" -a +DAGNodeRetry' '=' '0 -a DAG_STATUS' '=' '0 -a FAILED_COUNT' '=' '0 -a +DAGParentNodeNames' '=' '"svn0_ID0000000" -a +KeepClaimIdle' '=' '20 -a notification' '=' 'never 00/00/filter1_ID0000002.sub
07/05/18 11:38:31 From submit: Submitting job(s).
07/05/18 11:38:31 From submit: 1 job(s) submitted to cluster 779.
07/05/18 11:38:31 	assigned Condor ID (779.0.0)
07/05/18 11:38:31 Submitting Condor Node stage_out_local_local_0_0 job(s)...
07/05/18 11:38:31 Adding a DAGMan workflow log /home/qh/wranglingWF/submit/qh/pegasus/wrangling/run0005/./wrangling-0.dag.nodes.log
07/05/18 11:38:31 Masking the events recorded in the DAGMAN workflow log
07/05/18 11:38:31 Mask for workflow log is 0,1,2,4,5,7,9,10,11,12,13,16,17,24,27
07/05/18 11:38:31 submitting: /usr/bin/condor_submit -a dag_node_name' '=' 'stage_out_local_local_0_0 -a +DAGManJobId' '=' '776 -a DAGManJobId' '=' '776 -a submit_event_notes' '=' 'DAG' 'Node:' 'stage_out_local_local_0_0 -a dagman_log' '=' '/home/qh/wranglingWF/submit/qh/pegasus/wrangling/run0005/./wrangling-0.dag.nodes.log -a +DAGManNodesMask' '=' '"0,1,2,4,5,7,9,10,11,12,13,16,17,24,27" -a +DAGNodeRetry' '=' '0 -a DAG_STATUS' '=' '0 -a FAILED_COUNT' '=' '0 -a +DAGParentNodeNames' '=' '"svn0_ID0000000" -a +KeepClaimIdle' '=' '20 -a notification' '=' 'never 00/00/stage_out_local_local_0_0.sub
07/05/18 11:38:32 From submit: Submitting job(s).
07/05/18 11:38:32 From submit: 1 job(s) submitted to cluster 780.
07/05/18 11:38:32 	assigned Condor ID (780.0.0)
07/05/18 11:38:32 Submitting Condor Node filter1_ID0000001 job(s)...
07/05/18 11:38:32 Adding a DAGMan workflow log /home/qh/wranglingWF/submit/qh/pegasus/wrangling/run0005/./wrangling-0.dag.nodes.log
07/05/18 11:38:32 Masking the events recorded in the DAGMAN workflow log
07/05/18 11:38:32 Mask for workflow log is 0,1,2,4,5,7,9,10,11,12,13,16,17,24,27
07/05/18 11:38:32 submitting: /usr/bin/condor_submit -a dag_node_name' '=' 'filter1_ID0000001 -a +DAGManJobId' '=' '776 -a DAGManJobId' '=' '776 -a submit_event_notes' '=' 'DAG' 'Node:' 'filter1_ID0000001 -a dagman_log' '=' '/home/qh/wranglingWF/submit/qh/pegasus/wrangling/run0005/./wrangling-0.dag.nodes.log -a +DAGManNodesMask' '=' '"0,1,2,4,5,7,9,10,11,12,13,16,17,24,27" -a +DAGNodeRetry' '=' '0 -a DAG_STATUS' '=' '0 -a FAILED_COUNT' '=' '0 -a +DAGParentNodeNames' '=' '"svn0_ID0000000" -a +KeepClaimIdle' '=' '20 -a notification' '=' 'never 00/00/filter1_ID0000001.sub
07/05/18 11:38:32 From submit: Submitting job(s).
07/05/18 11:38:32 From submit: 1 job(s) submitted to cluster 781.
07/05/18 11:38:32 	assigned Condor ID (781.0.0)
07/05/18 11:38:32 Just submitted 3 jobs this cycle...
07/05/18 11:38:32 Currently monitoring 1 Condor log file(s)
07/05/18 11:38:32 Reassigning the id of job filter1_ID0000002 from (779.0.0) to (779.0.0)
07/05/18 11:38:32 Event: ULOG_SUBMIT for Condor Node filter1_ID0000002 (779.0.0)
07/05/18 11:38:32 Number of idle job procs: 1
07/05/18 11:38:32 Reassigning the id of job stage_out_local_local_0_0 from (780.0.0) to (780.0.0)
07/05/18 11:38:32 Event: ULOG_SUBMIT for Condor Node stage_out_local_local_0_0 (780.0.0)
07/05/18 11:38:32 Number of idle job procs: 2
07/05/18 11:38:32 Event: ULOG_EXECUTE for Condor Node stage_out_local_local_0_0 (780.0.0)
07/05/18 11:38:32 Number of idle job procs: 1
07/05/18 11:38:32 Reassigning the id of job filter1_ID0000001 from (781.0.0) to (781.0.0)
07/05/18 11:38:32 Event: ULOG_SUBMIT for Condor Node filter1_ID0000001 (781.0.0)
07/05/18 11:38:32 Number of idle job procs: 2
07/05/18 11:38:32 DAG status: 0 (DAG_STATUS_OK)
07/05/18 11:38:32 Of 19 nodes total:
07/05/18 11:38:32  Done     Pre   Queued    Post   Ready   Un-Ready   Failed
07/05/18 11:38:32   ===     ===      ===     ===     ===        ===      ===
07/05/18 11:38:32     2       0        3       0       0         14        0
07/05/18 11:38:32 0 job proc(s) currently held
07/05/18 11:38:37 Currently monitoring 1 Condor log file(s)
07/05/18 11:38:37 Event: ULOG_EXECUTE for Condor Node filter1_ID0000002 (779.0.0)
07/05/18 11:38:37 Number of idle job procs: 1
07/05/18 11:38:37 Event: ULOG_JOB_TERMINATED for Condor Node filter1_ID0000002 (779.0.0)
07/05/18 11:38:37 Number of idle job procs: 1
07/05/18 11:38:37 Node filter1_ID0000002 job proc (779.0.0) completed successfully.
07/05/18 11:38:37 Node filter1_ID0000002 job completed
07/05/18 11:38:37 Running POST script of Node filter1_ID0000002...
07/05/18 11:38:37 Warning: mysin has length 0 (ignore if produced by DAGMan; see gittrac #4987, #5031)
07/05/18 11:38:37 Event: ULOG_EXECUTE for Condor Node filter1_ID0000001 (781.0.0)
07/05/18 11:38:37 Number of idle job procs: 0
07/05/18 11:38:37 Event: ULOG_JOB_TERMINATED for Condor Node filter1_ID0000001 (781.0.0)
07/05/18 11:38:37 Number of idle job procs: 0
07/05/18 11:38:37 Node filter1_ID0000001 job proc (781.0.0) completed successfully.
07/05/18 11:38:37 Node filter1_ID0000001 job completed
07/05/18 11:38:37 Running POST script of Node filter1_ID0000001...
07/05/18 11:38:37 Warning: mysin has length 0 (ignore if produced by DAGMan; see gittrac #4987, #5031)
07/05/18 11:38:37 Event: ULOG_JOB_TERMINATED for Condor Node stage_out_local_local_0_0 (780.0.0)
07/05/18 11:38:37 Number of idle job procs: 0
07/05/18 11:38:37 Node stage_out_local_local_0_0 job proc (780.0.0) completed successfully.
07/05/18 11:38:37 Node stage_out_local_local_0_0 job completed
07/05/18 11:38:37 Running POST script of Node stage_out_local_local_0_0...
07/05/18 11:38:37 Warning: mysin has length 0 (ignore if produced by DAGMan; see gittrac #4987, #5031)
07/05/18 11:38:37 DAG status: 0 (DAG_STATUS_OK)
07/05/18 11:38:37 Of 19 nodes total:
07/05/18 11:38:37  Done     Pre   Queued    Post   Ready   Un-Ready   Failed
07/05/18 11:38:37   ===     ===      ===     ===     ===        ===      ===
07/05/18 11:38:37     2       0        0       3       0         14        0
07/05/18 11:38:37 0 job proc(s) currently held
07/05/18 11:38:37 Initializing user log writer for /home/qh/wranglingWF/submit/qh/pegasus/wrangling/run0005/./wrangling-0.dag.nodes.log, (781.0.0)
07/05/18 11:38:37 Initializing user log writer for /home/qh/wranglingWF/submit/qh/pegasus/wrangling/run0005/./wrangling-0.dag.nodes.log, (779.0.0)
07/05/18 11:38:37 Initializing user log writer for /home/qh/wranglingWF/submit/qh/pegasus/wrangling/run0005/./wrangling-0.dag.nodes.log, (780.0.0)
07/05/18 11:38:42 Currently monitoring 1 Condor log file(s)
07/05/18 11:38:42 Event: ULOG_POST_SCRIPT_TERMINATED for Condor Node filter1_ID0000001 (781.0.0)
07/05/18 11:38:42 POST Script of Node filter1_ID0000001 completed successfully.
07/05/18 11:38:42 Event: ULOG_POST_SCRIPT_TERMINATED for Condor Node filter1_ID0000002 (779.0.0)
07/05/18 11:38:42 POST Script of Node filter1_ID0000002 completed successfully.
07/05/18 11:38:42 Event: ULOG_POST_SCRIPT_TERMINATED for Condor Node stage_out_local_local_0_0 (780.0.0)
07/05/18 11:38:42 POST Script of Node stage_out_local_local_0_0 completed successfully.
07/05/18 11:38:42 DAG status: 0 (DAG_STATUS_OK)
07/05/18 11:38:42 Of 19 nodes total:
07/05/18 11:38:42  Done     Pre   Queued    Post   Ready   Un-Ready   Failed
07/05/18 11:38:42   ===     ===      ===     ===     ===        ===      ===
07/05/18 11:38:42     5       0        0       0       3         11        0
07/05/18 11:38:42 0 job proc(s) currently held
07/05/18 11:38:47 Submitting Condor Node separate2_ID0000003 job(s)...
07/05/18 11:38:47 Adding a DAGMan workflow log /home/qh/wranglingWF/submit/qh/pegasus/wrangling/run0005/./wrangling-0.dag.nodes.log
07/05/18 11:38:47 Masking the events recorded in the DAGMAN workflow log
07/05/18 11:38:47 Mask for workflow log is 0,1,2,4,5,7,9,10,11,12,13,16,17,24,27
07/05/18 11:38:47 submitting: /usr/bin/condor_submit -a dag_node_name' '=' 'separate2_ID0000003 -a +DAGManJobId' '=' '776 -a DAGManJobId' '=' '776 -a submit_event_notes' '=' 'DAG' 'Node:' 'separate2_ID0000003 -a dagman_log' '=' '/home/qh/wranglingWF/submit/qh/pegasus/wrangling/run0005/./wrangling-0.dag.nodes.log -a +DAGManNodesMask' '=' '"0,1,2,4,5,7,9,10,11,12,13,16,17,24,27" -a +DAGNodeRetry' '=' '0 -a DAG_STATUS' '=' '0 -a FAILED_COUNT' '=' '0 -a +DAGParentNodeNames' '=' '"filter1_ID0000001" -a +KeepClaimIdle' '=' '20 -a notification' '=' 'never 00/00/separate2_ID0000003.sub
07/05/18 11:38:47 From submit: Submitting job(s).
07/05/18 11:38:47 From submit: 1 job(s) submitted to cluster 782.
07/05/18 11:38:47 	assigned Condor ID (782.0.0)
07/05/18 11:38:47 Submitting Condor Node separate2_ID0000004 job(s)...
07/05/18 11:38:47 Adding a DAGMan workflow log /home/qh/wranglingWF/submit/qh/pegasus/wrangling/run0005/./wrangling-0.dag.nodes.log
07/05/18 11:38:47 Masking the events recorded in the DAGMAN workflow log
07/05/18 11:38:47 Mask for workflow log is 0,1,2,4,5,7,9,10,11,12,13,16,17,24,27
07/05/18 11:38:47 submitting: /usr/bin/condor_submit -a dag_node_name' '=' 'separate2_ID0000004 -a +DAGManJobId' '=' '776 -a DAGManJobId' '=' '776 -a submit_event_notes' '=' 'DAG' 'Node:' 'separate2_ID0000004 -a dagman_log' '=' '/home/qh/wranglingWF/submit/qh/pegasus/wrangling/run0005/./wrangling-0.dag.nodes.log -a +DAGManNodesMask' '=' '"0,1,2,4,5,7,9,10,11,12,13,16,17,24,27" -a +DAGNodeRetry' '=' '0 -a DAG_STATUS' '=' '0 -a FAILED_COUNT' '=' '0 -a +DAGParentNodeNames' '=' '"filter1_ID0000002" -a +KeepClaimIdle' '=' '20 -a notification' '=' 'never 00/00/separate2_ID0000004.sub
07/05/18 11:38:47 From submit: Submitting job(s).
07/05/18 11:38:47 From submit: 1 job(s) submitted to cluster 783.
07/05/18 11:38:47 	assigned Condor ID (783.0.0)
07/05/18 11:38:47 Submitting Condor Node register_local_0_0 job(s)...
07/05/18 11:38:47 Adding a DAGMan workflow log /home/qh/wranglingWF/submit/qh/pegasus/wrangling/run0005/./wrangling-0.dag.nodes.log
07/05/18 11:38:47 Masking the events recorded in the DAGMAN workflow log
07/05/18 11:38:47 Mask for workflow log is 0,1,2,4,5,7,9,10,11,12,13,16,17,24,27
07/05/18 11:38:47 submitting: /usr/bin/condor_submit -a dag_node_name' '=' 'register_local_0_0 -a +DAGManJobId' '=' '776 -a DAGManJobId' '=' '776 -a submit_event_notes' '=' 'DAG' 'Node:' 'register_local_0_0 -a dagman_log' '=' '/home/qh/wranglingWF/submit/qh/pegasus/wrangling/run0005/./wrangling-0.dag.nodes.log -a +DAGManNodesMask' '=' '"0,1,2,4,5,7,9,10,11,12,13,16,17,24,27" -a +DAGNodeRetry' '=' '0 -a DAG_STATUS' '=' '0 -a FAILED_COUNT' '=' '0 -a +DAGParentNodeNames' '=' '"stage_out_local_local_0_0" -a notification' '=' 'never 00/00/register_local_0_0.sub
07/05/18 11:38:47 From submit: Submitting job(s).
07/05/18 11:38:47 From submit: 1 job(s) submitted to cluster 784.
07/05/18 11:38:47 	assigned Condor ID (784.0.0)
07/05/18 11:38:47 Just submitted 3 jobs this cycle...
07/05/18 11:38:47 Currently monitoring 1 Condor log file(s)
07/05/18 11:38:47 Reassigning the id of job separate2_ID0000003 from (782.0.0) to (782.0.0)
07/05/18 11:38:47 Event: ULOG_SUBMIT for Condor Node separate2_ID0000003 (782.0.0)
07/05/18 11:38:47 Number of idle job procs: 1
07/05/18 11:38:47 Reassigning the id of job separate2_ID0000004 from (783.0.0) to (783.0.0)
07/05/18 11:38:47 Event: ULOG_SUBMIT for Condor Node separate2_ID0000004 (783.0.0)
07/05/18 11:38:47 Number of idle job procs: 2
07/05/18 11:38:47 Reassigning the id of job register_local_0_0 from (784.0.0) to (784.0.0)
07/05/18 11:38:47 Event: ULOG_SUBMIT for Condor Node register_local_0_0 (784.0.0)
07/05/18 11:38:47 Number of idle job procs: 3
07/05/18 11:38:47 DAG status: 0 (DAG_STATUS_OK)
07/05/18 11:38:47 Of 19 nodes total:
07/05/18 11:38:47  Done     Pre   Queued    Post   Ready   Un-Ready   Failed
07/05/18 11:38:47   ===     ===      ===     ===     ===        ===      ===
07/05/18 11:38:47     5       0        3       0       0         11        0
07/05/18 11:38:47 0 job proc(s) currently held
07/05/18 11:38:52 Currently monitoring 1 Condor log file(s)
07/05/18 11:38:52 Event: ULOG_EXECUTE for Condor Node register_local_0_0 (784.0.0)
07/05/18 11:38:52 Number of idle job procs: 2
07/05/18 11:38:52 Event: ULOG_EXECUTE for Condor Node separate2_ID0000003 (782.0.0)
07/05/18 11:38:52 Number of idle job procs: 1
07/05/18 11:38:52 Event: ULOG_JOB_TERMINATED for Condor Node register_local_0_0 (784.0.0)
07/05/18 11:38:52 Number of idle job procs: 1
07/05/18 11:38:52 Node register_local_0_0 job proc (784.0.0) completed successfully.
07/05/18 11:38:52 Node register_local_0_0 job completed
07/05/18 11:38:52 Running POST script of Node register_local_0_0...
07/05/18 11:38:52 Warning: mysin has length 0 (ignore if produced by DAGMan; see gittrac #4987, #5031)
07/05/18 11:38:52 Event: ULOG_JOB_TERMINATED for Condor Node separate2_ID0000003 (782.0.0)
07/05/18 11:38:52 Number of idle job procs: 1
07/05/18 11:38:52 Node separate2_ID0000003 job proc (782.0.0) completed successfully.
07/05/18 11:38:52 Node separate2_ID0000003 job completed
07/05/18 11:38:52 Running POST script of Node separate2_ID0000003...
07/05/18 11:38:52 Warning: mysin has length 0 (ignore if produced by DAGMan; see gittrac #4987, #5031)
07/05/18 11:38:52 Event: ULOG_EXECUTE for Condor Node separate2_ID0000004 (783.0.0)
07/05/18 11:38:52 Number of idle job procs: 0
07/05/18 11:38:52 Event: ULOG_JOB_TERMINATED for Condor Node separate2_ID0000004 (783.0.0)
07/05/18 11:38:52 Number of idle job procs: 0
07/05/18 11:38:52 Node separate2_ID0000004 job proc (783.0.0) completed successfully.
07/05/18 11:38:52 Node separate2_ID0000004 job completed
07/05/18 11:38:52 Running POST script of Node separate2_ID0000004...
07/05/18 11:38:52 Warning: mysin has length 0 (ignore if produced by DAGMan; see gittrac #4987, #5031)
07/05/18 11:38:52 DAG status: 0 (DAG_STATUS_OK)
07/05/18 11:38:52 Of 19 nodes total:
07/05/18 11:38:52  Done     Pre   Queued    Post   Ready   Un-Ready   Failed
07/05/18 11:38:52   ===     ===      ===     ===     ===        ===      ===
07/05/18 11:38:52     5       0        0       3       0         11        0
07/05/18 11:38:52 0 job proc(s) currently held
07/05/18 11:38:52 Initializing user log writer for /home/qh/wranglingWF/submit/qh/pegasus/wrangling/run0005/./wrangling-0.dag.nodes.log, (784.0.0)
07/05/18 11:38:52 Initializing user log writer for /home/qh/wranglingWF/submit/qh/pegasus/wrangling/run0005/./wrangling-0.dag.nodes.log, (782.0.0)
07/05/18 11:38:52 Initializing user log writer for /home/qh/wranglingWF/submit/qh/pegasus/wrangling/run0005/./wrangling-0.dag.nodes.log, (783.0.0)
07/05/18 11:38:57 Currently monitoring 1 Condor log file(s)
07/05/18 11:38:57 Event: ULOG_POST_SCRIPT_TERMINATED for Condor Node register_local_0_0 (784.0.0)
07/05/18 11:38:57 POST Script of Node register_local_0_0 completed successfully.
07/05/18 11:38:57 Event: ULOG_POST_SCRIPT_TERMINATED for Condor Node separate2_ID0000003 (782.0.0)
07/05/18 11:38:57 POST Script of Node separate2_ID0000003 completed successfully.
07/05/18 11:38:57 Event: ULOG_POST_SCRIPT_TERMINATED for Condor Node separate2_ID0000004 (783.0.0)
07/05/18 11:38:57 POST Script of Node separate2_ID0000004 completed successfully.
07/05/18 11:38:57 DAG status: 0 (DAG_STATUS_OK)
07/05/18 11:38:57 Of 19 nodes total:
07/05/18 11:38:57  Done     Pre   Queued    Post   Ready   Un-Ready   Failed
07/05/18 11:38:57   ===     ===      ===     ===     ===        ===      ===
07/05/18 11:38:57     8       0        0       0       2          9        0
07/05/18 11:38:57 0 job proc(s) currently held
07/05/18 11:39:02 Submitting Condor Node separate3_ID0000005 job(s)...
07/05/18 11:39:02 Adding a DAGMan workflow log /home/qh/wranglingWF/submit/qh/pegasus/wrangling/run0005/./wrangling-0.dag.nodes.log
07/05/18 11:39:02 Masking the events recorded in the DAGMAN workflow log
07/05/18 11:39:02 Mask for workflow log is 0,1,2,4,5,7,9,10,11,12,13,16,17,24,27
07/05/18 11:39:02 submitting: /usr/bin/condor_submit -a dag_node_name' '=' 'separate3_ID0000005 -a +DAGManJobId' '=' '776 -a DAGManJobId' '=' '776 -a submit_event_notes' '=' 'DAG' 'Node:' 'separate3_ID0000005 -a dagman_log' '=' '/home/qh/wranglingWF/submit/qh/pegasus/wrangling/run0005/./wrangling-0.dag.nodes.log -a +DAGManNodesMask' '=' '"0,1,2,4,5,7,9,10,11,12,13,16,17,24,27" -a +DAGNodeRetry' '=' '0 -a DAG_STATUS' '=' '0 -a FAILED_COUNT' '=' '0 -a +DAGParentNodeNames' '=' '"separate2_ID0000003" -a +KeepClaimIdle' '=' '20 -a notification' '=' 'never 00/00/separate3_ID0000005.sub
07/05/18 11:39:02 From submit: Submitting job(s).
07/05/18 11:39:02 From submit: 1 job(s) submitted to cluster 785.
07/05/18 11:39:02 	assigned Condor ID (785.0.0)
07/05/18 11:39:02 Submitting Condor Node separate3_ID0000006 job(s)...
07/05/18 11:39:02 Adding a DAGMan workflow log /home/qh/wranglingWF/submit/qh/pegasus/wrangling/run0005/./wrangling-0.dag.nodes.log
07/05/18 11:39:02 Masking the events recorded in the DAGMAN workflow log
07/05/18 11:39:02 Mask for workflow log is 0,1,2,4,5,7,9,10,11,12,13,16,17,24,27
07/05/18 11:39:02 submitting: /usr/bin/condor_submit -a dag_node_name' '=' 'separate3_ID0000006 -a +DAGManJobId' '=' '776 -a DAGManJobId' '=' '776 -a submit_event_notes' '=' 'DAG' 'Node:' 'separate3_ID0000006 -a dagman_log' '=' '/home/qh/wranglingWF/submit/qh/pegasus/wrangling/run0005/./wrangling-0.dag.nodes.log -a +DAGManNodesMask' '=' '"0,1,2,4,5,7,9,10,11,12,13,16,17,24,27" -a +DAGNodeRetry' '=' '0 -a DAG_STATUS' '=' '0 -a FAILED_COUNT' '=' '0 -a +DAGParentNodeNames' '=' '"separate2_ID0000004" -a +KeepClaimIdle' '=' '20 -a notification' '=' 'never 00/00/separate3_ID0000006.sub
07/05/18 11:39:02 From submit: Submitting job(s).
07/05/18 11:39:02 From submit: 1 job(s) submitted to cluster 786.
07/05/18 11:39:02 	assigned Condor ID (786.0.0)
07/05/18 11:39:02 Just submitted 2 jobs this cycle...
07/05/18 11:39:02 Currently monitoring 1 Condor log file(s)
07/05/18 11:39:02 Reassigning the id of job separate3_ID0000005 from (785.0.0) to (785.0.0)
07/05/18 11:39:02 Event: ULOG_SUBMIT for Condor Node separate3_ID0000005 (785.0.0)
07/05/18 11:39:02 Number of idle job procs: 1
07/05/18 11:39:02 Reassigning the id of job separate3_ID0000006 from (786.0.0) to (786.0.0)
07/05/18 11:39:02 Event: ULOG_SUBMIT for Condor Node separate3_ID0000006 (786.0.0)
07/05/18 11:39:02 Number of idle job procs: 2
07/05/18 11:39:02 DAG status: 0 (DAG_STATUS_OK)
07/05/18 11:39:02 Of 19 nodes total:
07/05/18 11:39:02  Done     Pre   Queued    Post   Ready   Un-Ready   Failed
07/05/18 11:39:02   ===     ===      ===     ===     ===        ===      ===
07/05/18 11:39:02     8       0        2       0       0          9        0
07/05/18 11:39:02 0 job proc(s) currently held
07/05/18 11:39:07 Currently monitoring 1 Condor log file(s)
07/05/18 11:39:07 Event: ULOG_EXECUTE for Condor Node separate3_ID0000005 (785.0.0)
07/05/18 11:39:07 Number of idle job procs: 1
07/05/18 11:39:07 Event: ULOG_JOB_TERMINATED for Condor Node separate3_ID0000005 (785.0.0)
07/05/18 11:39:07 Number of idle job procs: 1
07/05/18 11:39:07 Node separate3_ID0000005 job proc (785.0.0) completed successfully.
07/05/18 11:39:07 Node separate3_ID0000005 job completed
07/05/18 11:39:07 Running POST script of Node separate3_ID0000005...
07/05/18 11:39:07 Warning: mysin has length 0 (ignore if produced by DAGMan; see gittrac #4987, #5031)
07/05/18 11:39:07 Event: ULOG_EXECUTE for Condor Node separate3_ID0000006 (786.0.0)
07/05/18 11:39:07 Number of idle job procs: 0
07/05/18 11:39:07 Event: ULOG_JOB_TERMINATED for Condor Node separate3_ID0000006 (786.0.0)
07/05/18 11:39:07 Number of idle job procs: 0
07/05/18 11:39:07 Node separate3_ID0000006 job proc (786.0.0) completed successfully.
07/05/18 11:39:07 Node separate3_ID0000006 job completed
07/05/18 11:39:07 Running POST script of Node separate3_ID0000006...
07/05/18 11:39:07 Warning: mysin has length 0 (ignore if produced by DAGMan; see gittrac #4987, #5031)
07/05/18 11:39:07 DAG status: 0 (DAG_STATUS_OK)
07/05/18 11:39:07 Of 19 nodes total:
07/05/18 11:39:07  Done     Pre   Queued    Post   Ready   Un-Ready   Failed
07/05/18 11:39:07   ===     ===      ===     ===     ===        ===      ===
07/05/18 11:39:07     8       0        0       2       0          9        0
07/05/18 11:39:07 0 job proc(s) currently held
07/05/18 11:39:07 Initializing user log writer for /home/qh/wranglingWF/submit/qh/pegasus/wrangling/run0005/./wrangling-0.dag.nodes.log, (785.0.0)
07/05/18 11:39:07 Initializing user log writer for /home/qh/wranglingWF/submit/qh/pegasus/wrangling/run0005/./wrangling-0.dag.nodes.log, (786.0.0)
07/05/18 11:39:12 Currently monitoring 1 Condor log file(s)
07/05/18 11:39:12 Event: ULOG_POST_SCRIPT_TERMINATED for Condor Node separate3_ID0000005 (785.0.0)
07/05/18 11:39:12 POST Script of Node separate3_ID0000005 completed successfully.
07/05/18 11:39:12 Event: ULOG_POST_SCRIPT_TERMINATED for Condor Node separate3_ID0000006 (786.0.0)
07/05/18 11:39:12 POST Script of Node separate3_ID0000006 completed successfully.
07/05/18 11:39:12 DAG status: 0 (DAG_STATUS_OK)
07/05/18 11:39:12 Of 19 nodes total:
07/05/18 11:39:12  Done     Pre   Queued    Post   Ready   Un-Ready   Failed
07/05/18 11:39:12   ===     ===      ===     ===     ===        ===      ===
07/05/18 11:39:12    10       0        0       0       2          7        0
07/05/18 11:39:12 0 job proc(s) currently held
07/05/18 11:39:17 Submitting Condor Node filter4_ID0000007 job(s)...
07/05/18 11:39:17 Adding a DAGMan workflow log /home/qh/wranglingWF/submit/qh/pegasus/wrangling/run0005/./wrangling-0.dag.nodes.log
07/05/18 11:39:17 Masking the events recorded in the DAGMAN workflow log
07/05/18 11:39:17 Mask for workflow log is 0,1,2,4,5,7,9,10,11,12,13,16,17,24,27
07/05/18 11:39:17 submitting: /usr/bin/condor_submit -a dag_node_name' '=' 'filter4_ID0000007 -a +DAGManJobId' '=' '776 -a DAGManJobId' '=' '776 -a submit_event_notes' '=' 'DAG' 'Node:' 'filter4_ID0000007 -a dagman_log' '=' '/home/qh/wranglingWF/submit/qh/pegasus/wrangling/run0005/./wrangling-0.dag.nodes.log -a +DAGManNodesMask' '=' '"0,1,2,4,5,7,9,10,11,12,13,16,17,24,27" -a +DAGNodeRetry' '=' '0 -a DAG_STATUS' '=' '0 -a FAILED_COUNT' '=' '0 -a +DAGParentNodeNames' '=' '"separate3_ID0000005" -a +KeepClaimIdle' '=' '20 -a notification' '=' 'never 00/00/filter4_ID0000007.sub
07/05/18 11:39:17 From submit: Submitting job(s).
07/05/18 11:39:17 From submit: 1 job(s) submitted to cluster 787.
07/05/18 11:39:17 	assigned Condor ID (787.0.0)
07/05/18 11:39:17 Submitting Condor Node filter4_ID0000008 job(s)...
07/05/18 11:39:17 Adding a DAGMan workflow log /home/qh/wranglingWF/submit/qh/pegasus/wrangling/run0005/./wrangling-0.dag.nodes.log
07/05/18 11:39:17 Masking the events recorded in the DAGMAN workflow log
07/05/18 11:39:17 Mask for workflow log is 0,1,2,4,5,7,9,10,11,12,13,16,17,24,27
07/05/18 11:39:17 submitting: /usr/bin/condor_submit -a dag_node_name' '=' 'filter4_ID0000008 -a +DAGManJobId' '=' '776 -a DAGManJobId' '=' '776 -a submit_event_notes' '=' 'DAG' 'Node:' 'filter4_ID0000008 -a dagman_log' '=' '/home/qh/wranglingWF/submit/qh/pegasus/wrangling/run0005/./wrangling-0.dag.nodes.log -a +DAGManNodesMask' '=' '"0,1,2,4,5,7,9,10,11,12,13,16,17,24,27" -a +DAGNodeRetry' '=' '0 -a DAG_STATUS' '=' '0 -a FAILED_COUNT' '=' '0 -a +DAGParentNodeNames' '=' '"separate3_ID0000006" -a +KeepClaimIdle' '=' '20 -a notification' '=' 'never 00/00/filter4_ID0000008.sub
07/05/18 11:39:17 From submit: Submitting job(s).
07/05/18 11:39:17 From submit: 1 job(s) submitted to cluster 788.
07/05/18 11:39:18 	assigned Condor ID (788.0.0)
07/05/18 11:39:18 Just submitted 2 jobs this cycle...
07/05/18 11:39:18 Currently monitoring 1 Condor log file(s)
07/05/18 11:39:18 Reassigning the id of job filter4_ID0000007 from (787.0.0) to (787.0.0)
07/05/18 11:39:18 Event: ULOG_SUBMIT for Condor Node filter4_ID0000007 (787.0.0)
07/05/18 11:39:18 Number of idle job procs: 1
07/05/18 11:39:18 Reassigning the id of job filter4_ID0000008 from (788.0.0) to (788.0.0)
07/05/18 11:39:18 Event: ULOG_SUBMIT for Condor Node filter4_ID0000008 (788.0.0)
07/05/18 11:39:18 Number of idle job procs: 2
07/05/18 11:39:18 DAG status: 0 (DAG_STATUS_OK)
07/05/18 11:39:18 Of 19 nodes total:
07/05/18 11:39:18  Done     Pre   Queued    Post   Ready   Un-Ready   Failed
07/05/18 11:39:18   ===     ===      ===     ===     ===        ===      ===
07/05/18 11:39:18    10       0        2       0       0          7        0
07/05/18 11:39:18 0 job proc(s) currently held
07/05/18 11:39:23 Currently monitoring 1 Condor log file(s)
07/05/18 11:39:23 Event: ULOG_EXECUTE for Condor Node filter4_ID0000007 (787.0.0)
07/05/18 11:39:23 Number of idle job procs: 1
07/05/18 11:39:23 Event: ULOG_JOB_TERMINATED for Condor Node filter4_ID0000007 (787.0.0)
07/05/18 11:39:23 Number of idle job procs: 1
07/05/18 11:39:23 Node filter4_ID0000007 job proc (787.0.0) completed successfully.
07/05/18 11:39:23 Node filter4_ID0000007 job completed
07/05/18 11:39:23 Running POST script of Node filter4_ID0000007...
07/05/18 11:39:23 Warning: mysin has length 0 (ignore if produced by DAGMan; see gittrac #4987, #5031)
07/05/18 11:39:23 Event: ULOG_EXECUTE for Condor Node filter4_ID0000008 (788.0.0)
07/05/18 11:39:23 Number of idle job procs: 0
07/05/18 11:39:23 Event: ULOG_JOB_TERMINATED for Condor Node filter4_ID0000008 (788.0.0)
07/05/18 11:39:23 Number of idle job procs: 0
07/05/18 11:39:23 Node filter4_ID0000008 job proc (788.0.0) completed successfully.
07/05/18 11:39:23 Node filter4_ID0000008 job completed
07/05/18 11:39:23 Running POST script of Node filter4_ID0000008...
07/05/18 11:39:23 Warning: mysin has length 0 (ignore if produced by DAGMan; see gittrac #4987, #5031)
07/05/18 11:39:23 DAG status: 0 (DAG_STATUS_OK)
07/05/18 11:39:23 Of 19 nodes total:
07/05/18 11:39:23  Done     Pre   Queued    Post   Ready   Un-Ready   Failed
07/05/18 11:39:23   ===     ===      ===     ===     ===        ===      ===
07/05/18 11:39:23    10       0        0       2       0          7        0
07/05/18 11:39:23 0 job proc(s) currently held
07/05/18 11:39:23 Initializing user log writer for /home/qh/wranglingWF/submit/qh/pegasus/wrangling/run0005/./wrangling-0.dag.nodes.log, (787.0.0)
07/05/18 11:39:23 Initializing user log writer for /home/qh/wranglingWF/submit/qh/pegasus/wrangling/run0005/./wrangling-0.dag.nodes.log, (788.0.0)
07/05/18 11:39:28 Currently monitoring 1 Condor log file(s)
07/05/18 11:39:28 Event: ULOG_POST_SCRIPT_TERMINATED for Condor Node filter4_ID0000007 (787.0.0)
07/05/18 11:39:28 POST Script of Node filter4_ID0000007 completed successfully.
07/05/18 11:39:28 Event: ULOG_POST_SCRIPT_TERMINATED for Condor Node filter4_ID0000008 (788.0.0)
07/05/18 11:39:28 POST Script of Node filter4_ID0000008 completed successfully.
07/05/18 11:39:28 DAG status: 0 (DAG_STATUS_OK)
07/05/18 11:39:28 Of 19 nodes total:
07/05/18 11:39:28  Done     Pre   Queued    Post   Ready   Un-Ready   Failed
07/05/18 11:39:28   ===     ===      ===     ===     ===        ===      ===
07/05/18 11:39:28    12       0        0       0       2          5        0
07/05/18 11:39:28 0 job proc(s) currently held
07/05/18 11:39:33 Submitting Condor Node filter5_ID0000009 job(s)...
07/05/18 11:39:33 Adding a DAGMan workflow log /home/qh/wranglingWF/submit/qh/pegasus/wrangling/run0005/./wrangling-0.dag.nodes.log
07/05/18 11:39:33 Masking the events recorded in the DAGMAN workflow log
07/05/18 11:39:33 Mask for workflow log is 0,1,2,4,5,7,9,10,11,12,13,16,17,24,27
07/05/18 11:39:33 submitting: /usr/bin/condor_submit -a dag_node_name' '=' 'filter5_ID0000009 -a +DAGManJobId' '=' '776 -a DAGManJobId' '=' '776 -a submit_event_notes' '=' 'DAG' 'Node:' 'filter5_ID0000009 -a dagman_log' '=' '/home/qh/wranglingWF/submit/qh/pegasus/wrangling/run0005/./wrangling-0.dag.nodes.log -a +DAGManNodesMask' '=' '"0,1,2,4,5,7,9,10,11,12,13,16,17,24,27" -a +DAGNodeRetry' '=' '0 -a DAG_STATUS' '=' '0 -a FAILED_COUNT' '=' '0 -a +DAGParentNodeNames' '=' '"filter4_ID0000007" -a +KeepClaimIdle' '=' '20 -a notification' '=' 'never 00/00/filter5_ID0000009.sub
07/05/18 11:39:33 From submit: Submitting job(s).
07/05/18 11:39:33 From submit: 1 job(s) submitted to cluster 789.
07/05/18 11:39:33 	assigned Condor ID (789.0.0)
07/05/18 11:39:33 Submitting Condor Node filter5_ID0000010 job(s)...
07/05/18 11:39:33 Adding a DAGMan workflow log /home/qh/wranglingWF/submit/qh/pegasus/wrangling/run0005/./wrangling-0.dag.nodes.log
07/05/18 11:39:33 Masking the events recorded in the DAGMAN workflow log
07/05/18 11:39:33 Mask for workflow log is 0,1,2,4,5,7,9,10,11,12,13,16,17,24,27
07/05/18 11:39:33 submitting: /usr/bin/condor_submit -a dag_node_name' '=' 'filter5_ID0000010 -a +DAGManJobId' '=' '776 -a DAGManJobId' '=' '776 -a submit_event_notes' '=' 'DAG' 'Node:' 'filter5_ID0000010 -a dagman_log' '=' '/home/qh/wranglingWF/submit/qh/pegasus/wrangling/run0005/./wrangling-0.dag.nodes.log -a +DAGManNodesMask' '=' '"0,1,2,4,5,7,9,10,11,12,13,16,17,24,27" -a +DAGNodeRetry' '=' '0 -a DAG_STATUS' '=' '0 -a FAILED_COUNT' '=' '0 -a +DAGParentNodeNames' '=' '"filter4_ID0000008" -a +KeepClaimIdle' '=' '20 -a notification' '=' 'never 00/00/filter5_ID0000010.sub
07/05/18 11:39:33 From submit: Submitting job(s).
07/05/18 11:39:33 From submit: 1 job(s) submitted to cluster 790.
07/05/18 11:39:33 	assigned Condor ID (790.0.0)
07/05/18 11:39:33 Just submitted 2 jobs this cycle...
07/05/18 11:39:33 Currently monitoring 1 Condor log file(s)
07/05/18 11:39:33 Reassigning the id of job filter5_ID0000009 from (789.0.0) to (789.0.0)
07/05/18 11:39:33 Event: ULOG_SUBMIT for Condor Node filter5_ID0000009 (789.0.0)
07/05/18 11:39:33 Number of idle job procs: 1
07/05/18 11:39:33 Reassigning the id of job filter5_ID0000010 from (790.0.0) to (790.0.0)
07/05/18 11:39:33 Event: ULOG_SUBMIT for Condor Node filter5_ID0000010 (790.0.0)
07/05/18 11:39:33 Number of idle job procs: 2
07/05/18 11:39:33 DAG status: 0 (DAG_STATUS_OK)
07/05/18 11:39:33 Of 19 nodes total:
07/05/18 11:39:33  Done     Pre   Queued    Post   Ready   Un-Ready   Failed
07/05/18 11:39:33   ===     ===      ===     ===     ===        ===      ===
07/05/18 11:39:33    12       0        2       0       0          5        0
07/05/18 11:39:33 0 job proc(s) currently held
07/05/18 11:39:38 Currently monitoring 1 Condor log file(s)
07/05/18 11:39:38 Event: ULOG_EXECUTE for Condor Node filter5_ID0000009 (789.0.0)
07/05/18 11:39:38 Number of idle job procs: 1
07/05/18 11:39:38 Event: ULOG_JOB_TERMINATED for Condor Node filter5_ID0000009 (789.0.0)
07/05/18 11:39:38 Number of idle job procs: 1
07/05/18 11:39:38 Node filter5_ID0000009 job proc (789.0.0) completed successfully.
07/05/18 11:39:38 Node filter5_ID0000009 job completed
07/05/18 11:39:38 Running POST script of Node filter5_ID0000009...
07/05/18 11:39:38 Warning: mysin has length 0 (ignore if produced by DAGMan; see gittrac #4987, #5031)
07/05/18 11:39:38 Event: ULOG_EXECUTE for Condor Node filter5_ID0000010 (790.0.0)
07/05/18 11:39:38 Number of idle job procs: 0
07/05/18 11:39:38 Event: ULOG_JOB_TERMINATED for Condor Node filter5_ID0000010 (790.0.0)
07/05/18 11:39:38 Number of idle job procs: 0
07/05/18 11:39:38 Node filter5_ID0000010 job proc (790.0.0) completed successfully.
07/05/18 11:39:38 Node filter5_ID0000010 job completed
07/05/18 11:39:38 Running POST script of Node filter5_ID0000010...
07/05/18 11:39:38 Warning: mysin has length 0 (ignore if produced by DAGMan; see gittrac #4987, #5031)
07/05/18 11:39:38 DAG status: 0 (DAG_STATUS_OK)
07/05/18 11:39:38 Of 19 nodes total:
07/05/18 11:39:38  Done     Pre   Queued    Post   Ready   Un-Ready   Failed
07/05/18 11:39:38   ===     ===      ===     ===     ===        ===      ===
07/05/18 11:39:38    12       0        0       2       0          5        0
07/05/18 11:39:38 0 job proc(s) currently held
07/05/18 11:39:38 Initializing user log writer for /home/qh/wranglingWF/submit/qh/pegasus/wrangling/run0005/./wrangling-0.dag.nodes.log, (789.0.0)
07/05/18 11:39:38 Initializing user log writer for /home/qh/wranglingWF/submit/qh/pegasus/wrangling/run0005/./wrangling-0.dag.nodes.log, (790.0.0)
07/05/18 11:39:43 Currently monitoring 1 Condor log file(s)
07/05/18 11:39:43 Event: ULOG_POST_SCRIPT_TERMINATED for Condor Node filter5_ID0000009 (789.0.0)
07/05/18 11:39:43 POST Script of Node filter5_ID0000009 completed successfully.
07/05/18 11:39:43 Event: ULOG_POST_SCRIPT_TERMINATED for Condor Node filter5_ID0000010 (790.0.0)
07/05/18 11:39:43 POST Script of Node filter5_ID0000010 completed successfully.
07/05/18 11:39:43 DAG status: 0 (DAG_STATUS_OK)
07/05/18 11:39:43 Of 19 nodes total:
07/05/18 11:39:43  Done     Pre   Queued    Post   Ready   Un-Ready   Failed
07/05/18 11:39:43   ===     ===      ===     ===     ===        ===      ===
07/05/18 11:39:43    14       0        0       0       1          4        0
07/05/18 11:39:43 0 job proc(s) currently held
07/05/18 11:39:48 Submitting Condor Node union6_ID0000011 job(s)...
07/05/18 11:39:48 Adding a DAGMan workflow log /home/qh/wranglingWF/submit/qh/pegasus/wrangling/run0005/./wrangling-0.dag.nodes.log
07/05/18 11:39:48 Masking the events recorded in the DAGMAN workflow log
07/05/18 11:39:48 Mask for workflow log is 0,1,2,4,5,7,9,10,11,12,13,16,17,24,27
07/05/18 11:39:48 submitting: /usr/bin/condor_submit -a dag_node_name' '=' 'union6_ID0000011 -a +DAGManJobId' '=' '776 -a DAGManJobId' '=' '776 -a submit_event_notes' '=' 'DAG' 'Node:' 'union6_ID0000011 -a dagman_log' '=' '/home/qh/wranglingWF/submit/qh/pegasus/wrangling/run0005/./wrangling-0.dag.nodes.log -a +DAGManNodesMask' '=' '"0,1,2,4,5,7,9,10,11,12,13,16,17,24,27" -a +DAGNodeRetry' '=' '0 -a DAG_STATUS' '=' '0 -a FAILED_COUNT' '=' '0 -a +DAGParentNodeNames' '=' '"filter5_ID0000010,filter5_ID0000009" -a +KeepClaimIdle' '=' '20 -a notification' '=' 'never 00/00/union6_ID0000011.sub
07/05/18 11:39:48 From submit: Submitting job(s).
07/05/18 11:39:48 From submit: 1 job(s) submitted to cluster 791.
07/05/18 11:39:48 	assigned Condor ID (791.0.0)
07/05/18 11:39:48 Just submitted 1 job this cycle...
07/05/18 11:39:48 Currently monitoring 1 Condor log file(s)
07/05/18 11:39:48 Reassigning the id of job union6_ID0000011 from (791.0.0) to (791.0.0)
07/05/18 11:39:48 Event: ULOG_SUBMIT for Condor Node union6_ID0000011 (791.0.0)
07/05/18 11:39:48 Number of idle job procs: 1
07/05/18 11:39:48 DAG status: 0 (DAG_STATUS_OK)
07/05/18 11:39:48 Of 19 nodes total:
07/05/18 11:39:48  Done     Pre   Queued    Post   Ready   Un-Ready   Failed
07/05/18 11:39:48   ===     ===      ===     ===     ===        ===      ===
07/05/18 11:39:48    14       0        1       0       0          4        0
07/05/18 11:39:48 0 job proc(s) currently held
07/05/18 11:39:53 Currently monitoring 1 Condor log file(s)
07/05/18 11:39:53 Event: ULOG_EXECUTE for Condor Node union6_ID0000011 (791.0.0)
07/05/18 11:39:53 Number of idle job procs: 0
07/05/18 11:39:53 Event: ULOG_JOB_TERMINATED for Condor Node union6_ID0000011 (791.0.0)
07/05/18 11:39:53 Number of idle job procs: 0
07/05/18 11:39:53 Node union6_ID0000011 job proc (791.0.0) completed successfully.
07/05/18 11:39:53 Node union6_ID0000011 job completed
07/05/18 11:39:53 Running POST script of Node union6_ID0000011...
07/05/18 11:39:53 Warning: mysin has length 0 (ignore if produced by DAGMan; see gittrac #4987, #5031)
07/05/18 11:39:53 DAG status: 0 (DAG_STATUS_OK)
07/05/18 11:39:53 Of 19 nodes total:
07/05/18 11:39:53  Done     Pre   Queued    Post   Ready   Un-Ready   Failed
07/05/18 11:39:53   ===     ===      ===     ===     ===        ===      ===
07/05/18 11:39:53    14       0        0       1       0          4        0
07/05/18 11:39:53 0 job proc(s) currently held
07/05/18 11:39:53 Initializing user log writer for /home/qh/wranglingWF/submit/qh/pegasus/wrangling/run0005/./wrangling-0.dag.nodes.log, (791.0.0)
07/05/18 11:39:58 Currently monitoring 1 Condor log file(s)
07/05/18 11:39:58 Event: ULOG_POST_SCRIPT_TERMINATED for Condor Node union6_ID0000011 (791.0.0)
07/05/18 11:39:58 POST Script of Node union6_ID0000011 completed successfully.
07/05/18 11:39:58 DAG status: 0 (DAG_STATUS_OK)
07/05/18 11:39:58 Of 19 nodes total:
07/05/18 11:39:58  Done     Pre   Queued    Post   Ready   Un-Ready   Failed
07/05/18 11:39:58   ===     ===      ===     ===     ===        ===      ===
07/05/18 11:39:58    15       0        0       0       2          2        0
07/05/18 11:39:58 0 job proc(s) currently held
07/05/18 11:40:03 Submitting Condor Node stage_out_local_local_6_0 job(s)...
07/05/18 11:40:03 Adding a DAGMan workflow log /home/qh/wranglingWF/submit/qh/pegasus/wrangling/run0005/./wrangling-0.dag.nodes.log
07/05/18 11:40:03 Masking the events recorded in the DAGMAN workflow log
07/05/18 11:40:03 Mask for workflow log is 0,1,2,4,5,7,9,10,11,12,13,16,17,24,27
07/05/18 11:40:03 submitting: /usr/bin/condor_submit -a dag_node_name' '=' 'stage_out_local_local_6_0 -a +DAGManJobId' '=' '776 -a DAGManJobId' '=' '776 -a submit_event_notes' '=' 'DAG' 'Node:' 'stage_out_local_local_6_0 -a dagman_log' '=' '/home/qh/wranglingWF/submit/qh/pegasus/wrangling/run0005/./wrangling-0.dag.nodes.log -a +DAGManNodesMask' '=' '"0,1,2,4,5,7,9,10,11,12,13,16,17,24,27" -a +DAGNodeRetry' '=' '0 -a DAG_STATUS' '=' '0 -a FAILED_COUNT' '=' '0 -a +DAGParentNodeNames' '=' '"union6_ID0000011" -a +KeepClaimIdle' '=' '20 -a notification' '=' 'never 00/00/stage_out_local_local_6_0.sub
07/05/18 11:40:03 From submit: Submitting job(s).
07/05/18 11:40:03 From submit: 1 job(s) submitted to cluster 792.
07/05/18 11:40:03 	assigned Condor ID (792.0.0)
07/05/18 11:40:03 Submitting Condor Node mutate_ID0000012 job(s)...
07/05/18 11:40:03 Adding a DAGMan workflow log /home/qh/wranglingWF/submit/qh/pegasus/wrangling/run0005/./wrangling-0.dag.nodes.log
07/05/18 11:40:03 Masking the events recorded in the DAGMAN workflow log
07/05/18 11:40:03 Mask for workflow log is 0,1,2,4,5,7,9,10,11,12,13,16,17,24,27
07/05/18 11:40:03 submitting: /usr/bin/condor_submit -a dag_node_name' '=' 'mutate_ID0000012 -a +DAGManJobId' '=' '776 -a DAGManJobId' '=' '776 -a submit_event_notes' '=' 'DAG' 'Node:' 'mutate_ID0000012 -a dagman_log' '=' '/home/qh/wranglingWF/submit/qh/pegasus/wrangling/run0005/./wrangling-0.dag.nodes.log -a +DAGManNodesMask' '=' '"0,1,2,4,5,7,9,10,11,12,13,16,17,24,27" -a +DAGNodeRetry' '=' '0 -a DAG_STATUS' '=' '0 -a FAILED_COUNT' '=' '0 -a +DAGParentNodeNames' '=' '"union6_ID0000011" -a +KeepClaimIdle' '=' '20 -a notification' '=' 'never 00/00/mutate_ID0000012.sub
07/05/18 11:40:04 From submit: Submitting job(s).
07/05/18 11:40:04 From submit: 1 job(s) submitted to cluster 793.
07/05/18 11:40:04 	assigned Condor ID (793.0.0)
07/05/18 11:40:04 Just submitted 2 jobs this cycle...
07/05/18 11:40:04 Currently monitoring 1 Condor log file(s)
07/05/18 11:40:04 Reassigning the id of job stage_out_local_local_6_0 from (792.0.0) to (792.0.0)
07/05/18 11:40:04 Event: ULOG_SUBMIT for Condor Node stage_out_local_local_6_0 (792.0.0)
07/05/18 11:40:04 Number of idle job procs: 1
07/05/18 11:40:04 Reassigning the id of job mutate_ID0000012 from (793.0.0) to (793.0.0)
07/05/18 11:40:04 Event: ULOG_SUBMIT for Condor Node mutate_ID0000012 (793.0.0)
07/05/18 11:40:04 Number of idle job procs: 2
07/05/18 11:40:04 DAG status: 0 (DAG_STATUS_OK)
07/05/18 11:40:04 Of 19 nodes total:
07/05/18 11:40:04  Done     Pre   Queued    Post   Ready   Un-Ready   Failed
07/05/18 11:40:04   ===     ===      ===     ===     ===        ===      ===
07/05/18 11:40:04    15       0        2       0       0          2        0
07/05/18 11:40:04 0 job proc(s) currently held
07/05/18 11:40:09 Currently monitoring 1 Condor log file(s)
07/05/18 11:40:09 Event: ULOG_EXECUTE for Condor Node stage_out_local_local_6_0 (792.0.0)
07/05/18 11:40:09 Number of idle job procs: 1
07/05/18 11:40:09 Event: ULOG_EXECUTE for Condor Node mutate_ID0000012 (793.0.0)
07/05/18 11:40:09 Number of idle job procs: 0
07/05/18 11:40:09 Event: ULOG_JOB_TERMINATED for Condor Node mutate_ID0000012 (793.0.0)
07/05/18 11:40:09 Number of idle job procs: 0
07/05/18 11:40:09 Node mutate_ID0000012 job proc (793.0.0) completed successfully.
07/05/18 11:40:09 Node mutate_ID0000012 job completed
07/05/18 11:40:09 Running POST script of Node mutate_ID0000012...
07/05/18 11:40:09 Warning: mysin has length 0 (ignore if produced by DAGMan; see gittrac #4987, #5031)
07/05/18 11:40:09 Event: ULOG_JOB_TERMINATED for Condor Node stage_out_local_local_6_0 (792.0.0)
07/05/18 11:40:09 Number of idle job procs: 0
07/05/18 11:40:09 Node stage_out_local_local_6_0 job proc (792.0.0) completed successfully.
07/05/18 11:40:09 Node stage_out_local_local_6_0 job completed
07/05/18 11:40:09 Running POST script of Node stage_out_local_local_6_0...
07/05/18 11:40:09 Warning: mysin has length 0 (ignore if produced by DAGMan; see gittrac #4987, #5031)
07/05/18 11:40:09 DAG status: 0 (DAG_STATUS_OK)
07/05/18 11:40:09 Of 19 nodes total:
07/05/18 11:40:09  Done     Pre   Queued    Post   Ready   Un-Ready   Failed
07/05/18 11:40:09   ===     ===      ===     ===     ===        ===      ===
07/05/18 11:40:09    15       0        0       2       0          2        0
07/05/18 11:40:09 0 job proc(s) currently held
07/05/18 11:40:09 Initializing user log writer for /home/qh/wranglingWF/submit/qh/pegasus/wrangling/run0005/./wrangling-0.dag.nodes.log, (793.0.0)
07/05/18 11:40:09 Initializing user log writer for /home/qh/wranglingWF/submit/qh/pegasus/wrangling/run0005/./wrangling-0.dag.nodes.log, (792.0.0)
07/05/18 11:40:14 Currently monitoring 1 Condor log file(s)
07/05/18 11:40:14 Event: ULOG_POST_SCRIPT_TERMINATED for Condor Node mutate_ID0000012 (793.0.0)
07/05/18 11:40:14 POST Script of Node mutate_ID0000012 completed successfully.
07/05/18 11:40:14 Event: ULOG_POST_SCRIPT_TERMINATED for Condor Node stage_out_local_local_6_0 (792.0.0)
07/05/18 11:40:14 POST Script of Node stage_out_local_local_6_0 completed successfully.
07/05/18 11:40:14 DAG status: 0 (DAG_STATUS_OK)
07/05/18 11:40:14 Of 19 nodes total:
07/05/18 11:40:14  Done     Pre   Queued    Post   Ready   Un-Ready   Failed
07/05/18 11:40:14   ===     ===      ===     ===     ===        ===      ===
07/05/18 11:40:14    17       0        0       0       1          1        0
07/05/18 11:40:14 0 job proc(s) currently held
07/05/18 11:40:19 Submitting Condor Node stage_out_local_local_7_0 job(s)...
07/05/18 11:40:19 Adding a DAGMan workflow log /home/qh/wranglingWF/submit/qh/pegasus/wrangling/run0005/./wrangling-0.dag.nodes.log
07/05/18 11:40:19 Masking the events recorded in the DAGMAN workflow log
07/05/18 11:40:19 Mask for workflow log is 0,1,2,4,5,7,9,10,11,12,13,16,17,24,27
07/05/18 11:40:19 submitting: /usr/bin/condor_submit -a dag_node_name' '=' 'stage_out_local_local_7_0 -a +DAGManJobId' '=' '776 -a DAGManJobId' '=' '776 -a submit_event_notes' '=' 'DAG' 'Node:' 'stage_out_local_local_7_0 -a dagman_log' '=' '/home/qh/wranglingWF/submit/qh/pegasus/wrangling/run0005/./wrangling-0.dag.nodes.log -a +DAGManNodesMask' '=' '"0,1,2,4,5,7,9,10,11,12,13,16,17,24,27" -a +DAGNodeRetry' '=' '0 -a DAG_STATUS' '=' '0 -a FAILED_COUNT' '=' '0 -a +DAGParentNodeNames' '=' '"mutate_ID0000012" -a +KeepClaimIdle' '=' '20 -a notification' '=' 'never 00/00/stage_out_local_local_7_0.sub
07/05/18 11:40:19 From submit: Submitting job(s).
07/05/18 11:40:19 From submit: 1 job(s) submitted to cluster 794.
07/05/18 11:40:19 	assigned Condor ID (794.0.0)
07/05/18 11:40:19 Just submitted 1 job this cycle...
07/05/18 11:40:19 Currently monitoring 1 Condor log file(s)
07/05/18 11:40:19 Reassigning the id of job stage_out_local_local_7_0 from (794.0.0) to (794.0.0)
07/05/18 11:40:19 Event: ULOG_SUBMIT for Condor Node stage_out_local_local_7_0 (794.0.0)
07/05/18 11:40:19 Number of idle job procs: 1
07/05/18 11:40:19 DAG status: 0 (DAG_STATUS_OK)
07/05/18 11:40:19 Of 19 nodes total:
07/05/18 11:40:19  Done     Pre   Queued    Post   Ready   Un-Ready   Failed
07/05/18 11:40:19   ===     ===      ===     ===     ===        ===      ===
07/05/18 11:40:19    17       0        1       0       0          1        0
07/05/18 11:40:19 0 job proc(s) currently held
07/05/18 11:40:24 Currently monitoring 1 Condor log file(s)
07/05/18 11:40:24 Event: ULOG_EXECUTE for Condor Node stage_out_local_local_7_0 (794.0.0)
07/05/18 11:40:24 Number of idle job procs: 0
07/05/18 11:40:24 Event: ULOG_JOB_TERMINATED for Condor Node stage_out_local_local_7_0 (794.0.0)
07/05/18 11:40:24 Number of idle job procs: 0
07/05/18 11:40:24 Node stage_out_local_local_7_0 job proc (794.0.0) completed successfully.
07/05/18 11:40:24 Node stage_out_local_local_7_0 job completed
07/05/18 11:40:24 Running POST script of Node stage_out_local_local_7_0...
07/05/18 11:40:24 Warning: mysin has length 0 (ignore if produced by DAGMan; see gittrac #4987, #5031)
07/05/18 11:40:24 DAG status: 0 (DAG_STATUS_OK)
07/05/18 11:40:24 Of 19 nodes total:
07/05/18 11:40:24  Done     Pre   Queued    Post   Ready   Un-Ready   Failed
07/05/18 11:40:24   ===     ===      ===     ===     ===        ===      ===
07/05/18 11:40:24    17       0        0       1       0          1        0
07/05/18 11:40:24 0 job proc(s) currently held
07/05/18 11:40:24 Initializing user log writer for /home/qh/wranglingWF/submit/qh/pegasus/wrangling/run0005/./wrangling-0.dag.nodes.log, (794.0.0)
07/05/18 11:40:29 Currently monitoring 1 Condor log file(s)
07/05/18 11:40:29 Event: ULOG_POST_SCRIPT_TERMINATED for Condor Node stage_out_local_local_7_0 (794.0.0)
07/05/18 11:40:29 POST Script of Node stage_out_local_local_7_0 completed successfully.
07/05/18 11:40:29 DAG status: 0 (DAG_STATUS_OK)
07/05/18 11:40:29 Of 19 nodes total:
07/05/18 11:40:29  Done     Pre   Queued    Post   Ready   Un-Ready   Failed
07/05/18 11:40:29   ===     ===      ===     ===     ===        ===      ===
07/05/18 11:40:29    18       0        0       0       1          0        0
07/05/18 11:40:29 0 job proc(s) currently held
07/05/18 11:40:34 Submitting Condor Node cleanup_wrangling_0_local job(s)...
07/05/18 11:40:34 Adding a DAGMan workflow log /home/qh/wranglingWF/submit/qh/pegasus/wrangling/run0005/./wrangling-0.dag.nodes.log
07/05/18 11:40:34 Masking the events recorded in the DAGMAN workflow log
07/05/18 11:40:34 Mask for workflow log is 0,1,2,4,5,7,9,10,11,12,13,16,17,24,27
07/05/18 11:40:34 submitting: /usr/bin/condor_submit -a dag_node_name' '=' 'cleanup_wrangling_0_local -a +DAGManJobId' '=' '776 -a DAGManJobId' '=' '776 -a submit_event_notes' '=' 'DAG' 'Node:' 'cleanup_wrangling_0_local -a dagman_log' '=' '/home/qh/wranglingWF/submit/qh/pegasus/wrangling/run0005/./wrangling-0.dag.nodes.log -a +DAGManNodesMask' '=' '"0,1,2,4,5,7,9,10,11,12,13,16,17,24,27" -a +DAGNodeRetry' '=' '0 -a DAG_STATUS' '=' '0 -a FAILED_COUNT' '=' '0 -a +DAGParentNodeNames' '=' '"stage_out_local_local_0_0,stage_out_local_local_6_0,stage_out_local_local_7_0" -a notification' '=' 'never 00/00/cleanup_wrangling_0_local.sub
07/05/18 11:40:34 From submit: Submitting job(s).
07/05/18 11:40:34 From submit: 1 job(s) submitted to cluster 795.
07/05/18 11:40:34 	assigned Condor ID (795.0.0)
07/05/18 11:40:34 Just submitted 1 job this cycle...
07/05/18 11:40:34 Currently monitoring 1 Condor log file(s)
07/05/18 11:40:34 Reassigning the id of job cleanup_wrangling_0_local from (795.0.0) to (795.0.0)
07/05/18 11:40:34 Event: ULOG_SUBMIT for Condor Node cleanup_wrangling_0_local (795.0.0)
07/05/18 11:40:34 Number of idle job procs: 1
07/05/18 11:40:34 DAG status: 0 (DAG_STATUS_OK)
07/05/18 11:40:34 Of 19 nodes total:
07/05/18 11:40:34  Done     Pre   Queued    Post   Ready   Un-Ready   Failed
07/05/18 11:40:34   ===     ===      ===     ===     ===        ===      ===
07/05/18 11:40:34    18       0        1       0       0          0        0
07/05/18 11:40:34 0 job proc(s) currently held
07/05/18 11:40:39 Currently monitoring 1 Condor log file(s)
07/05/18 11:40:39 Event: ULOG_EXECUTE for Condor Node cleanup_wrangling_0_local (795.0.0)
07/05/18 11:40:39 Number of idle job procs: 0
07/05/18 11:40:39 Event: ULOG_JOB_TERMINATED for Condor Node cleanup_wrangling_0_local (795.0.0)
07/05/18 11:40:39 Number of idle job procs: 0
07/05/18 11:40:39 Node cleanup_wrangling_0_local job proc (795.0.0) completed successfully.
07/05/18 11:40:39 Node cleanup_wrangling_0_local job completed
07/05/18 11:40:39 DAG status: 0 (DAG_STATUS_OK)
07/05/18 11:40:39 Of 19 nodes total:
07/05/18 11:40:39  Done     Pre   Queued    Post   Ready   Un-Ready   Failed
07/05/18 11:40:39   ===     ===      ===     ===     ===        ===      ===
07/05/18 11:40:39    19       0        0       0       0          0        0
07/05/18 11:40:39 0 job proc(s) currently held
07/05/18 11:40:39 All jobs Completed!
07/05/18 11:40:39 Note: 0 total job deferrals because of -MaxJobs limit (0)
07/05/18 11:40:39 Note: 0 total job deferrals because of -MaxIdle limit (1000)
07/05/18 11:40:39 Note: 0 total job deferrals because of node category throttles
07/05/18 11:40:39 Note: 0 total PRE script deferrals because of -MaxPre limit (20) or DEFER
07/05/18 11:40:39 Note: 0 total POST script deferrals because of -MaxPost limit (20) or DEFER
07/05/18 11:40:39 DAG status: 0 (DAG_STATUS_OK)
07/05/18 11:40:39 Of 19 nodes total:
07/05/18 11:40:39  Done     Pre   Queued    Post   Ready   Un-Ready   Failed
07/05/18 11:40:39   ===     ===      ===     ===     ===        ===      ===
07/05/18 11:40:39    19       0        0       0       0          0        0
07/05/18 11:40:39 0 job proc(s) currently held
07/05/18 11:40:39 Wrote metrics file wrangling-0.dag.metrics.
07/05/18 11:40:39 Reporting metrics to Pegasus metrics server(s); output is in wrangling-0.dag.metrics.out.
07/05/18 11:40:39 Running command </usr/lib/condor/libexec/condor_dagman_metrics_reporter -f wrangling-0.dag.metrics -t 100>
07/05/18 11:40:39 Warning: mysin has length 0 (ignore if produced by DAGMan; see gittrac #4987, #5031)
07/05/18 11:40:39 **** condor_scheduniv_exec.776.0 (condor_DAGMAN) pid 15047 EXITING WITH STATUS 0
