07/05/18 00:46:47 ******************************************************
07/05/18 00:46:47 ** condor_scheduniv_exec.734.0 (CONDOR_DAGMAN) STARTING UP
07/05/18 00:46:47 ** /usr/bin/condor_dagman
07/05/18 00:46:47 ** SubsystemInfo: name=DAGMAN type=DAGMAN(10) class=DAEMON(1)
07/05/18 00:46:47 ** Configuration: subsystem:DAGMAN local:<NONE> class:DAEMON
07/05/18 00:46:47 ** $CondorVersion: 8.4.2 Feb 22 2016 BuildID: Debian-8.4.2~dfsg.1-1build1 Debian-8.4.2~dfsg.1-1build1 $
07/05/18 00:46:47 ** $CondorPlatform: X86_64-Ubuntu_ $
07/05/18 00:46:47 ** PID = 12641
07/05/18 00:46:47 ** Log last touched time unavailable (No such file or directory)
07/05/18 00:46:47 ******************************************************
07/05/18 00:46:47 Using config source: /etc/condor/condor_config
07/05/18 00:46:47 Using local config sources: 
07/05/18 00:46:47    /etc/condor/config.d/00debconf
07/05/18 00:46:47    /etc/condor/condor_config.local
07/05/18 00:46:47 config Macros = 69, Sorted = 69, StringBytes = 2037, TablesBytes = 2540
07/05/18 00:46:47 CLASSAD_CACHING is ENABLED
07/05/18 00:46:47 Daemon Log is logging: D_ALWAYS D_ERROR
07/05/18 00:46:47 DaemonCore: No command port requested.
07/05/18 00:46:47 DAGMAN_USE_STRICT setting: 1
07/05/18 00:46:47 DAGMAN_VERBOSITY setting: 3
07/05/18 00:46:47 DAGMAN_DEBUG_CACHE_SIZE setting: 5242880
07/05/18 00:46:47 DAGMAN_DEBUG_CACHE_ENABLE setting: False
07/05/18 00:46:47 DAGMAN_SUBMIT_DELAY setting: 0
07/05/18 00:46:47 DAGMAN_MAX_SUBMIT_ATTEMPTS setting: 6
07/05/18 00:46:47 DAGMAN_STARTUP_CYCLE_DETECT setting: False
07/05/18 00:46:47 DAGMAN_MAX_SUBMITS_PER_INTERVAL setting: 5
07/05/18 00:46:47 DAGMAN_USER_LOG_SCAN_INTERVAL setting: 5
07/05/18 00:46:47 DAGMAN_DEFAULT_PRIORITY setting: 0
07/05/18 00:46:47 DAGMAN_SUPPRESS_NOTIFICATION setting: True
07/05/18 00:46:47 allow_events (DAGMAN_ALLOW_EVENTS) setting: 114
07/05/18 00:46:47 DAGMAN_RETRY_SUBMIT_FIRST setting: True
07/05/18 00:46:47 DAGMAN_RETRY_NODE_FIRST setting: False
07/05/18 00:46:47 DAGMAN_MAX_JOBS_IDLE setting: 1000
07/05/18 00:46:47 DAGMAN_MAX_JOBS_SUBMITTED setting: 0
07/05/18 00:46:47 DAGMAN_MAX_PRE_SCRIPTS setting: 20
07/05/18 00:46:47 DAGMAN_MAX_POST_SCRIPTS setting: 20
07/05/18 00:46:47 DAGMAN_ALLOW_LOG_ERROR setting: False
07/05/18 00:46:47 DAGMAN_MUNGE_NODE_NAMES setting: True
07/05/18 00:46:47 DAGMAN_PROHIBIT_MULTI_JOBS setting: False
07/05/18 00:46:47 DAGMAN_SUBMIT_DEPTH_FIRST setting: False
07/05/18 00:46:47 DAGMAN_ALWAYS_RUN_POST setting: True
07/05/18 00:46:47 DAGMAN_ABORT_DUPLICATES setting: True
07/05/18 00:46:47 DAGMAN_ABORT_ON_SCARY_SUBMIT setting: True
07/05/18 00:46:47 DAGMAN_PENDING_REPORT_INTERVAL setting: 600
07/05/18 00:46:47 DAGMAN_AUTO_RESCUE setting: True
07/05/18 00:46:47 DAGMAN_MAX_RESCUE_NUM setting: 100
07/05/18 00:46:47 DAGMAN_WRITE_PARTIAL_RESCUE setting: True
07/05/18 00:46:47 DAGMAN_DEFAULT_NODE_LOG setting: @(DAG_DIR)/@(DAG_FILE).nodes.log
07/05/18 00:46:47 DAGMAN_GENERATE_SUBDAG_SUBMITS setting: True
07/05/18 00:46:47 DAGMAN_MAX_JOB_HOLDS setting: 100
07/05/18 00:46:47 DAGMAN_HOLD_CLAIM_TIME setting: 20
07/05/18 00:46:47 ALL_DEBUG setting: 
07/05/18 00:46:47 DAGMAN_DEBUG setting: 
07/05/18 00:46:47 DAGMAN_SUPPRESS_JOB_LOGS setting: False
07/05/18 00:46:47 argv[0] == "condor_scheduniv_exec.734.0"
07/05/18 00:46:47 argv[1] == "-Lockfile"
07/05/18 00:46:47 argv[2] == "wrangling-0.dag.lock"
07/05/18 00:46:47 argv[3] == "-AutoRescue"
07/05/18 00:46:47 argv[4] == "1"
07/05/18 00:46:47 argv[5] == "-DoRescueFrom"
07/05/18 00:46:47 argv[6] == "0"
07/05/18 00:46:47 argv[7] == "-Dag"
07/05/18 00:46:47 argv[8] == "wrangling-0.dag"
07/05/18 00:46:47 argv[9] == "-MaxPost"
07/05/18 00:46:47 argv[10] == "20"
07/05/18 00:46:47 argv[11] == "-Suppress_notification"
07/05/18 00:46:47 argv[12] == "-CsdVersion"
07/05/18 00:46:47 argv[13] == "$CondorVersion: 8.4.2 Feb 22 2016 BuildID: Debian-8.4.2~dfsg.1-1build1 Debian-8.4.2~dfsg.1-1build1 $"
07/05/18 00:46:47 argv[14] == "-Dagman"
07/05/18 00:46:47 argv[15] == "/usr/bin/condor_dagman"
07/05/18 00:46:47 Warning: failed to get attribute DAGNodeName
07/05/18 00:46:47 Default node log file is: </home/qh/wranglingWF2/submit/qh/pegasus/wrangling/run0002/./wrangling-0.dag.nodes.log>
07/05/18 00:46:47 DAG Lockfile will be written to wrangling-0.dag.lock
07/05/18 00:46:47 DAG Input file is wrangling-0.dag
07/05/18 00:46:47 Parsing 1 dagfiles
07/05/18 00:46:47 Parsing wrangling-0.dag ...
07/05/18 00:46:47 Warning: category registration has no throttle value set
07/05/18 00:46:47 Warning: category stagein has no assigned nodes, so the throttle setting (10) will have no effect
07/05/18 00:46:47 Warning: category cleanup has no assigned nodes, so the throttle setting (4) will have no effect
07/05/18 00:46:47 Dag contains 15 total jobs
07/05/18 00:46:47 Sleeping for 3 seconds to ensure ProcessId uniqueness
07/05/18 00:46:50 Bootstrapping...
07/05/18 00:46:50 Number of pre-completed nodes: 0
07/05/18 00:46:50 MultiLogFiles: truncating log file /home/qh/wranglingWF2/submit/qh/pegasus/wrangling/run0002/./wrangling-0.dag.nodes.log
07/05/18 00:46:50 DAG status: 0 (DAG_STATUS_OK)
07/05/18 00:46:50 Of 15 nodes total:
07/05/18 00:46:50  Done     Pre   Queued    Post   Ready   Un-Ready   Failed
07/05/18 00:46:50   ===     ===      ===     ===     ===        ===      ===
07/05/18 00:46:50     0       0        0       0       1         14        0
07/05/18 00:46:50 0 job proc(s) currently held
07/05/18 00:46:50 Registering condor_event_timer...
07/05/18 00:46:51 Submitting Condor Node create_dir_wrangling_0_local job(s)...
07/05/18 00:46:51 Adding a DAGMan workflow log /home/qh/wranglingWF2/submit/qh/pegasus/wrangling/run0002/./wrangling-0.dag.nodes.log
07/05/18 00:46:51 Masking the events recorded in the DAGMAN workflow log
07/05/18 00:46:51 Mask for workflow log is 0,1,2,4,5,7,9,10,11,12,13,16,17,24,27
07/05/18 00:46:51 submitting: /usr/bin/condor_submit -a dag_node_name' '=' 'create_dir_wrangling_0_local -a +DAGManJobId' '=' '734 -a DAGManJobId' '=' '734 -a submit_event_notes' '=' 'DAG' 'Node:' 'create_dir_wrangling_0_local -a dagman_log' '=' '/home/qh/wranglingWF2/submit/qh/pegasus/wrangling/run0002/./wrangling-0.dag.nodes.log -a +DAGManNodesMask' '=' '"0,1,2,4,5,7,9,10,11,12,13,16,17,24,27" -a +DAGNodeRetry' '=' '0 -a DAG_STATUS' '=' '0 -a FAILED_COUNT' '=' '0 -a +DAGParentNodeNames' '=' '"" -a +KeepClaimIdle' '=' '20 -a notification' '=' 'never 00/00/create_dir_wrangling_0_local.sub
07/05/18 00:46:51 From submit: Submitting job(s).
07/05/18 00:46:51 From submit: 1 job(s) submitted to cluster 735.
07/05/18 00:46:51 	assigned Condor ID (735.0.0)
07/05/18 00:46:51 Just submitted 1 job this cycle...
07/05/18 00:46:51 Currently monitoring 1 Condor log file(s)
07/05/18 00:46:51 Reassigning the id of job create_dir_wrangling_0_local from (735.0.0) to (735.0.0)
07/05/18 00:46:51 Event: ULOG_SUBMIT for Condor Node create_dir_wrangling_0_local (735.0.0)
07/05/18 00:46:51 Number of idle job procs: 1
07/05/18 00:46:51 DAG status: 0 (DAG_STATUS_OK)
07/05/18 00:46:51 Of 15 nodes total:
07/05/18 00:46:51  Done     Pre   Queued    Post   Ready   Un-Ready   Failed
07/05/18 00:46:51   ===     ===      ===     ===     ===        ===      ===
07/05/18 00:46:51     0       0        1       0       0         14        0
07/05/18 00:46:51 0 job proc(s) currently held
07/05/18 00:46:56 Currently monitoring 1 Condor log file(s)
07/05/18 00:46:56 Event: ULOG_EXECUTE for Condor Node create_dir_wrangling_0_local (735.0.0)
07/05/18 00:46:56 Number of idle job procs: 0
07/05/18 00:46:56 Event: ULOG_JOB_TERMINATED for Condor Node create_dir_wrangling_0_local (735.0.0)
07/05/18 00:46:56 Number of idle job procs: 0
07/05/18 00:46:56 Node create_dir_wrangling_0_local job proc (735.0.0) completed successfully.
07/05/18 00:46:56 Node create_dir_wrangling_0_local job completed
07/05/18 00:46:56 Running POST script of Node create_dir_wrangling_0_local...
07/05/18 00:46:56 Warning: mysin has length 0 (ignore if produced by DAGMan; see gittrac #4987, #5031)
07/05/18 00:46:56 DAG status: 0 (DAG_STATUS_OK)
07/05/18 00:46:56 Of 15 nodes total:
07/05/18 00:46:56  Done     Pre   Queued    Post   Ready   Un-Ready   Failed
07/05/18 00:46:56   ===     ===      ===     ===     ===        ===      ===
07/05/18 00:46:56     0       0        0       1       0         14        0
07/05/18 00:46:56 0 job proc(s) currently held
07/05/18 00:46:56 Initializing user log writer for /home/qh/wranglingWF2/submit/qh/pegasus/wrangling/run0002/./wrangling-0.dag.nodes.log, (735.0.0)
07/05/18 00:47:01 Currently monitoring 1 Condor log file(s)
07/05/18 00:47:01 Event: ULOG_POST_SCRIPT_TERMINATED for Condor Node create_dir_wrangling_0_local (735.0.0)
07/05/18 00:47:01 POST Script of Node create_dir_wrangling_0_local completed successfully.
07/05/18 00:47:01 DAG status: 0 (DAG_STATUS_OK)
07/05/18 00:47:01 Of 15 nodes total:
07/05/18 00:47:01  Done     Pre   Queued    Post   Ready   Un-Ready   Failed
07/05/18 00:47:01   ===     ===      ===     ===     ===        ===      ===
07/05/18 00:47:01     1       0        0       0       1         13        0
07/05/18 00:47:01 0 job proc(s) currently held
07/05/18 00:47:06 Submitting Condor Node svn_ID0000000 job(s)...
07/05/18 00:47:06 Adding a DAGMan workflow log /home/qh/wranglingWF2/submit/qh/pegasus/wrangling/run0002/./wrangling-0.dag.nodes.log
07/05/18 00:47:06 Masking the events recorded in the DAGMAN workflow log
07/05/18 00:47:06 Mask for workflow log is 0,1,2,4,5,7,9,10,11,12,13,16,17,24,27
07/05/18 00:47:06 submitting: /usr/bin/condor_submit -a dag_node_name' '=' 'svn_ID0000000 -a +DAGManJobId' '=' '734 -a DAGManJobId' '=' '734 -a submit_event_notes' '=' 'DAG' 'Node:' 'svn_ID0000000 -a dagman_log' '=' '/home/qh/wranglingWF2/submit/qh/pegasus/wrangling/run0002/./wrangling-0.dag.nodes.log -a +DAGManNodesMask' '=' '"0,1,2,4,5,7,9,10,11,12,13,16,17,24,27" -a +DAGNodeRetry' '=' '0 -a DAG_STATUS' '=' '0 -a FAILED_COUNT' '=' '0 -a +DAGParentNodeNames' '=' '"create_dir_wrangling_0_local" -a +KeepClaimIdle' '=' '20 -a notification' '=' 'never 00/00/svn_ID0000000.sub
07/05/18 00:47:07 From submit: Submitting job(s).
07/05/18 00:47:07 From submit: 1 job(s) submitted to cluster 736.
07/05/18 00:47:07 	assigned Condor ID (736.0.0)
07/05/18 00:47:07 Just submitted 1 job this cycle...
07/05/18 00:47:07 Currently monitoring 1 Condor log file(s)
07/05/18 00:47:07 Reassigning the id of job svn_ID0000000 from (736.0.0) to (736.0.0)
07/05/18 00:47:07 Event: ULOG_SUBMIT for Condor Node svn_ID0000000 (736.0.0)
07/05/18 00:47:07 Number of idle job procs: 1
07/05/18 00:47:07 DAG status: 0 (DAG_STATUS_OK)
07/05/18 00:47:07 Of 15 nodes total:
07/05/18 00:47:07  Done     Pre   Queued    Post   Ready   Un-Ready   Failed
07/05/18 00:47:07   ===     ===      ===     ===     ===        ===      ===
07/05/18 00:47:07     1       0        1       0       0         13        0
07/05/18 00:47:07 0 job proc(s) currently held
07/05/18 00:47:12 Currently monitoring 1 Condor log file(s)
07/05/18 00:47:12 Event: ULOG_EXECUTE for Condor Node svn_ID0000000 (736.0.0)
07/05/18 00:47:12 Number of idle job procs: 0
07/05/18 00:47:12 Event: ULOG_JOB_TERMINATED for Condor Node svn_ID0000000 (736.0.0)
07/05/18 00:47:12 Number of idle job procs: 0
07/05/18 00:47:12 Node svn_ID0000000 job proc (736.0.0) completed successfully.
07/05/18 00:47:12 Node svn_ID0000000 job completed
07/05/18 00:47:12 Running POST script of Node svn_ID0000000...
07/05/18 00:47:12 Warning: mysin has length 0 (ignore if produced by DAGMan; see gittrac #4987, #5031)
07/05/18 00:47:12 DAG status: 0 (DAG_STATUS_OK)
07/05/18 00:47:12 Of 15 nodes total:
07/05/18 00:47:12  Done     Pre   Queued    Post   Ready   Un-Ready   Failed
07/05/18 00:47:12   ===     ===      ===     ===     ===        ===      ===
07/05/18 00:47:12     1       0        0       1       0         13        0
07/05/18 00:47:12 0 job proc(s) currently held
07/05/18 00:47:12 Initializing user log writer for /home/qh/wranglingWF2/submit/qh/pegasus/wrangling/run0002/./wrangling-0.dag.nodes.log, (736.0.0)
07/05/18 00:47:17 Currently monitoring 1 Condor log file(s)
07/05/18 00:47:17 Event: ULOG_POST_SCRIPT_TERMINATED for Condor Node svn_ID0000000 (736.0.0)
07/05/18 00:47:17 POST Script of Node svn_ID0000000 completed successfully.
07/05/18 00:47:17 DAG status: 0 (DAG_STATUS_OK)
07/05/18 00:47:17 Of 15 nodes total:
07/05/18 00:47:17  Done     Pre   Queued    Post   Ready   Un-Ready   Failed
07/05/18 00:47:17   ===     ===      ===     ===     ===        ===      ===
07/05/18 00:47:17     2       0        0       0       2         11        0
07/05/18 00:47:17 0 job proc(s) currently held
07/05/18 00:47:22 Submitting Condor Node deselect_ID0000001 job(s)...
07/05/18 00:47:22 Adding a DAGMan workflow log /home/qh/wranglingWF2/submit/qh/pegasus/wrangling/run0002/./wrangling-0.dag.nodes.log
07/05/18 00:47:22 Masking the events recorded in the DAGMAN workflow log
07/05/18 00:47:22 Mask for workflow log is 0,1,2,4,5,7,9,10,11,12,13,16,17,24,27
07/05/18 00:47:22 submitting: /usr/bin/condor_submit -a dag_node_name' '=' 'deselect_ID0000001 -a +DAGManJobId' '=' '734 -a DAGManJobId' '=' '734 -a submit_event_notes' '=' 'DAG' 'Node:' 'deselect_ID0000001 -a dagman_log' '=' '/home/qh/wranglingWF2/submit/qh/pegasus/wrangling/run0002/./wrangling-0.dag.nodes.log -a +DAGManNodesMask' '=' '"0,1,2,4,5,7,9,10,11,12,13,16,17,24,27" -a +DAGNodeRetry' '=' '0 -a DAG_STATUS' '=' '0 -a FAILED_COUNT' '=' '0 -a +DAGParentNodeNames' '=' '"svn_ID0000000" -a +KeepClaimIdle' '=' '20 -a notification' '=' 'never 00/00/deselect_ID0000001.sub
07/05/18 00:47:22 From submit: Submitting job(s).
07/05/18 00:47:22 From submit: 1 job(s) submitted to cluster 737.
07/05/18 00:47:22 	assigned Condor ID (737.0.0)
07/05/18 00:47:22 Submitting Condor Node stage_out_local_local_0_0 job(s)...
07/05/18 00:47:22 Adding a DAGMan workflow log /home/qh/wranglingWF2/submit/qh/pegasus/wrangling/run0002/./wrangling-0.dag.nodes.log
07/05/18 00:47:22 Masking the events recorded in the DAGMAN workflow log
07/05/18 00:47:22 Mask for workflow log is 0,1,2,4,5,7,9,10,11,12,13,16,17,24,27
07/05/18 00:47:22 submitting: /usr/bin/condor_submit -a dag_node_name' '=' 'stage_out_local_local_0_0 -a +DAGManJobId' '=' '734 -a DAGManJobId' '=' '734 -a submit_event_notes' '=' 'DAG' 'Node:' 'stage_out_local_local_0_0 -a dagman_log' '=' '/home/qh/wranglingWF2/submit/qh/pegasus/wrangling/run0002/./wrangling-0.dag.nodes.log -a +DAGManNodesMask' '=' '"0,1,2,4,5,7,9,10,11,12,13,16,17,24,27" -a +DAGNodeRetry' '=' '0 -a DAG_STATUS' '=' '0 -a FAILED_COUNT' '=' '0 -a +DAGParentNodeNames' '=' '"svn_ID0000000" -a +KeepClaimIdle' '=' '20 -a notification' '=' 'never 00/00/stage_out_local_local_0_0.sub
07/05/18 00:47:22 From submit: Submitting job(s).
07/05/18 00:47:22 From submit: 1 job(s) submitted to cluster 738.
07/05/18 00:47:22 	assigned Condor ID (738.0.0)
07/05/18 00:47:22 Just submitted 2 jobs this cycle...
07/05/18 00:47:22 Currently monitoring 1 Condor log file(s)
07/05/18 00:47:22 Reassigning the id of job deselect_ID0000001 from (737.0.0) to (737.0.0)
07/05/18 00:47:22 Event: ULOG_SUBMIT for Condor Node deselect_ID0000001 (737.0.0)
07/05/18 00:47:22 Number of idle job procs: 1
07/05/18 00:47:22 Reassigning the id of job stage_out_local_local_0_0 from (738.0.0) to (738.0.0)
07/05/18 00:47:22 Event: ULOG_SUBMIT for Condor Node stage_out_local_local_0_0 (738.0.0)
07/05/18 00:47:22 Number of idle job procs: 2
07/05/18 00:47:22 DAG status: 0 (DAG_STATUS_OK)
07/05/18 00:47:22 Of 15 nodes total:
07/05/18 00:47:22  Done     Pre   Queued    Post   Ready   Un-Ready   Failed
07/05/18 00:47:22   ===     ===      ===     ===     ===        ===      ===
07/05/18 00:47:22     2       0        2       0       0         11        0
07/05/18 00:47:22 0 job proc(s) currently held
07/05/18 00:47:27 Currently monitoring 1 Condor log file(s)
07/05/18 00:47:27 Event: ULOG_EXECUTE for Condor Node stage_out_local_local_0_0 (738.0.0)
07/05/18 00:47:27 Number of idle job procs: 1
07/05/18 00:47:27 Event: ULOG_EXECUTE for Condor Node deselect_ID0000001 (737.0.0)
07/05/18 00:47:27 Number of idle job procs: 0
07/05/18 00:47:27 Event: ULOG_JOB_TERMINATED for Condor Node deselect_ID0000001 (737.0.0)
07/05/18 00:47:27 Number of idle job procs: 0
07/05/18 00:47:27 Node deselect_ID0000001 job proc (737.0.0) completed successfully.
07/05/18 00:47:27 Node deselect_ID0000001 job completed
07/05/18 00:47:27 Running POST script of Node deselect_ID0000001...
07/05/18 00:47:27 Warning: mysin has length 0 (ignore if produced by DAGMan; see gittrac #4987, #5031)
07/05/18 00:47:27 Event: ULOG_JOB_TERMINATED for Condor Node stage_out_local_local_0_0 (738.0.0)
07/05/18 00:47:27 Number of idle job procs: 0
07/05/18 00:47:27 Node stage_out_local_local_0_0 job proc (738.0.0) completed successfully.
07/05/18 00:47:27 Node stage_out_local_local_0_0 job completed
07/05/18 00:47:27 Running POST script of Node stage_out_local_local_0_0...
07/05/18 00:47:27 Warning: mysin has length 0 (ignore if produced by DAGMan; see gittrac #4987, #5031)
07/05/18 00:47:27 DAG status: 0 (DAG_STATUS_OK)
07/05/18 00:47:27 Of 15 nodes total:
07/05/18 00:47:27  Done     Pre   Queued    Post   Ready   Un-Ready   Failed
07/05/18 00:47:27   ===     ===      ===     ===     ===        ===      ===
07/05/18 00:47:27     2       0        0       2       0         11        0
07/05/18 00:47:27 0 job proc(s) currently held
07/05/18 00:47:27 Initializing user log writer for /home/qh/wranglingWF2/submit/qh/pegasus/wrangling/run0002/./wrangling-0.dag.nodes.log, (737.0.0)
07/05/18 00:47:27 Initializing user log writer for /home/qh/wranglingWF2/submit/qh/pegasus/wrangling/run0002/./wrangling-0.dag.nodes.log, (738.0.0)
07/05/18 00:47:32 Currently monitoring 1 Condor log file(s)
07/05/18 00:47:32 Event: ULOG_POST_SCRIPT_TERMINATED for Condor Node deselect_ID0000001 (737.0.0)
07/05/18 00:47:32 POST Script of Node deselect_ID0000001 completed successfully.
07/05/18 00:47:32 Event: ULOG_POST_SCRIPT_TERMINATED for Condor Node stage_out_local_local_0_0 (738.0.0)
07/05/18 00:47:32 POST Script of Node stage_out_local_local_0_0 completed successfully.
07/05/18 00:47:32 DAG status: 0 (DAG_STATUS_OK)
07/05/18 00:47:32 Of 15 nodes total:
07/05/18 00:47:32  Done     Pre   Queued    Post   Ready   Un-Ready   Failed
07/05/18 00:47:32   ===     ===      ===     ===     ===        ===      ===
07/05/18 00:47:32     4       0        0       0       2          9        0
07/05/18 00:47:32 0 job proc(s) currently held
07/05/18 00:47:37 Submitting Condor Node filterin_ID0000002 job(s)...
07/05/18 00:47:37 Adding a DAGMan workflow log /home/qh/wranglingWF2/submit/qh/pegasus/wrangling/run0002/./wrangling-0.dag.nodes.log
07/05/18 00:47:37 Masking the events recorded in the DAGMAN workflow log
07/05/18 00:47:37 Mask for workflow log is 0,1,2,4,5,7,9,10,11,12,13,16,17,24,27
07/05/18 00:47:37 submitting: /usr/bin/condor_submit -a dag_node_name' '=' 'filterin_ID0000002 -a +DAGManJobId' '=' '734 -a DAGManJobId' '=' '734 -a submit_event_notes' '=' 'DAG' 'Node:' 'filterin_ID0000002 -a dagman_log' '=' '/home/qh/wranglingWF2/submit/qh/pegasus/wrangling/run0002/./wrangling-0.dag.nodes.log -a +DAGManNodesMask' '=' '"0,1,2,4,5,7,9,10,11,12,13,16,17,24,27" -a +DAGNodeRetry' '=' '0 -a DAG_STATUS' '=' '0 -a FAILED_COUNT' '=' '0 -a +DAGParentNodeNames' '=' '"deselect_ID0000001" -a +KeepClaimIdle' '=' '20 -a notification' '=' 'never 00/00/filterin_ID0000002.sub
07/05/18 00:47:37 From submit: Submitting job(s).
07/05/18 00:47:37 From submit: 1 job(s) submitted to cluster 739.
07/05/18 00:47:37 	assigned Condor ID (739.0.0)
07/05/18 00:47:37 Submitting Condor Node register_local_0_0 job(s)...
07/05/18 00:47:37 Adding a DAGMan workflow log /home/qh/wranglingWF2/submit/qh/pegasus/wrangling/run0002/./wrangling-0.dag.nodes.log
07/05/18 00:47:37 Masking the events recorded in the DAGMAN workflow log
07/05/18 00:47:37 Mask for workflow log is 0,1,2,4,5,7,9,10,11,12,13,16,17,24,27
07/05/18 00:47:37 submitting: /usr/bin/condor_submit -a dag_node_name' '=' 'register_local_0_0 -a +DAGManJobId' '=' '734 -a DAGManJobId' '=' '734 -a submit_event_notes' '=' 'DAG' 'Node:' 'register_local_0_0 -a dagman_log' '=' '/home/qh/wranglingWF2/submit/qh/pegasus/wrangling/run0002/./wrangling-0.dag.nodes.log -a +DAGManNodesMask' '=' '"0,1,2,4,5,7,9,10,11,12,13,16,17,24,27" -a +DAGNodeRetry' '=' '0 -a DAG_STATUS' '=' '0 -a FAILED_COUNT' '=' '0 -a +DAGParentNodeNames' '=' '"stage_out_local_local_0_0" -a notification' '=' 'never 00/00/register_local_0_0.sub
07/05/18 00:47:37 From submit: Submitting job(s).
07/05/18 00:47:37 From submit: 1 job(s) submitted to cluster 740.
07/05/18 00:47:37 	assigned Condor ID (740.0.0)
07/05/18 00:47:37 Just submitted 2 jobs this cycle...
07/05/18 00:47:37 Currently monitoring 1 Condor log file(s)
07/05/18 00:47:37 Reassigning the id of job filterin_ID0000002 from (739.0.0) to (739.0.0)
07/05/18 00:47:37 Event: ULOG_SUBMIT for Condor Node filterin_ID0000002 (739.0.0)
07/05/18 00:47:37 Number of idle job procs: 1
07/05/18 00:47:37 Reassigning the id of job register_local_0_0 from (740.0.0) to (740.0.0)
07/05/18 00:47:37 Event: ULOG_SUBMIT for Condor Node register_local_0_0 (740.0.0)
07/05/18 00:47:37 Number of idle job procs: 2
07/05/18 00:47:37 DAG status: 0 (DAG_STATUS_OK)
07/05/18 00:47:37 Of 15 nodes total:
07/05/18 00:47:37  Done     Pre   Queued    Post   Ready   Un-Ready   Failed
07/05/18 00:47:37   ===     ===      ===     ===     ===        ===      ===
07/05/18 00:47:37     4       0        2       0       0          9        0
07/05/18 00:47:37 0 job proc(s) currently held
07/05/18 00:47:42 Currently monitoring 1 Condor log file(s)
07/05/18 00:47:42 Event: ULOG_EXECUTE for Condor Node register_local_0_0 (740.0.0)
07/05/18 00:47:42 Number of idle job procs: 1
07/05/18 00:47:42 Event: ULOG_EXECUTE for Condor Node filterin_ID0000002 (739.0.0)
07/05/18 00:47:42 Number of idle job procs: 0
07/05/18 00:47:42 Event: ULOG_JOB_TERMINATED for Condor Node register_local_0_0 (740.0.0)
07/05/18 00:47:42 Number of idle job procs: 0
07/05/18 00:47:42 Node register_local_0_0 job proc (740.0.0) completed successfully.
07/05/18 00:47:42 Node register_local_0_0 job completed
07/05/18 00:47:42 Running POST script of Node register_local_0_0...
07/05/18 00:47:42 Warning: mysin has length 0 (ignore if produced by DAGMan; see gittrac #4987, #5031)
07/05/18 00:47:42 Event: ULOG_JOB_TERMINATED for Condor Node filterin_ID0000002 (739.0.0)
07/05/18 00:47:42 Number of idle job procs: 0
07/05/18 00:47:42 Node filterin_ID0000002 job proc (739.0.0) completed successfully.
07/05/18 00:47:42 Node filterin_ID0000002 job completed
07/05/18 00:47:42 Running POST script of Node filterin_ID0000002...
07/05/18 00:47:42 Warning: mysin has length 0 (ignore if produced by DAGMan; see gittrac #4987, #5031)
07/05/18 00:47:42 DAG status: 0 (DAG_STATUS_OK)
07/05/18 00:47:42 Of 15 nodes total:
07/05/18 00:47:42  Done     Pre   Queued    Post   Ready   Un-Ready   Failed
07/05/18 00:47:42   ===     ===      ===     ===     ===        ===      ===
07/05/18 00:47:42     4       0        0       2       0          9        0
07/05/18 00:47:42 0 job proc(s) currently held
07/05/18 00:47:42 Initializing user log writer for /home/qh/wranglingWF2/submit/qh/pegasus/wrangling/run0002/./wrangling-0.dag.nodes.log, (740.0.0)
07/05/18 00:47:42 Initializing user log writer for /home/qh/wranglingWF2/submit/qh/pegasus/wrangling/run0002/./wrangling-0.dag.nodes.log, (739.0.0)
07/05/18 00:47:47 Currently monitoring 1 Condor log file(s)
07/05/18 00:47:47 Event: ULOG_POST_SCRIPT_TERMINATED for Condor Node register_local_0_0 (740.0.0)
07/05/18 00:47:47 POST Script of Node register_local_0_0 completed successfully.
07/05/18 00:47:47 Event: ULOG_POST_SCRIPT_TERMINATED for Condor Node filterin_ID0000002 (739.0.0)
07/05/18 00:47:47 POST Script of Node filterin_ID0000002 completed successfully.
07/05/18 00:47:47 DAG status: 0 (DAG_STATUS_OK)
07/05/18 00:47:47 Of 15 nodes total:
07/05/18 00:47:47  Done     Pre   Queued    Post   Ready   Un-Ready   Failed
07/05/18 00:47:47   ===     ===      ===     ===     ===        ===      ===
07/05/18 00:47:47     6       0        0       0       1          8        0
07/05/18 00:47:47 0 job proc(s) currently held
07/05/18 00:47:52 Submitting Condor Node separate2_ID0000003 job(s)...
07/05/18 00:47:52 Adding a DAGMan workflow log /home/qh/wranglingWF2/submit/qh/pegasus/wrangling/run0002/./wrangling-0.dag.nodes.log
07/05/18 00:47:52 Masking the events recorded in the DAGMAN workflow log
07/05/18 00:47:52 Mask for workflow log is 0,1,2,4,5,7,9,10,11,12,13,16,17,24,27
07/05/18 00:47:52 submitting: /usr/bin/condor_submit -a dag_node_name' '=' 'separate2_ID0000003 -a +DAGManJobId' '=' '734 -a DAGManJobId' '=' '734 -a submit_event_notes' '=' 'DAG' 'Node:' 'separate2_ID0000003 -a dagman_log' '=' '/home/qh/wranglingWF2/submit/qh/pegasus/wrangling/run0002/./wrangling-0.dag.nodes.log -a +DAGManNodesMask' '=' '"0,1,2,4,5,7,9,10,11,12,13,16,17,24,27" -a +DAGNodeRetry' '=' '0 -a DAG_STATUS' '=' '0 -a FAILED_COUNT' '=' '0 -a +DAGParentNodeNames' '=' '"filterin_ID0000002" -a +KeepClaimIdle' '=' '20 -a notification' '=' 'never 00/00/separate2_ID0000003.sub
07/05/18 00:47:52 From submit: Submitting job(s).
07/05/18 00:47:52 From submit: 1 job(s) submitted to cluster 741.
07/05/18 00:47:52 	assigned Condor ID (741.0.0)
07/05/18 00:47:52 Just submitted 1 job this cycle...
07/05/18 00:47:52 Currently monitoring 1 Condor log file(s)
07/05/18 00:47:52 Reassigning the id of job separate2_ID0000003 from (741.0.0) to (741.0.0)
07/05/18 00:47:52 Event: ULOG_SUBMIT for Condor Node separate2_ID0000003 (741.0.0)
07/05/18 00:47:52 Number of idle job procs: 1
07/05/18 00:47:52 DAG status: 0 (DAG_STATUS_OK)
07/05/18 00:47:52 Of 15 nodes total:
07/05/18 00:47:52  Done     Pre   Queued    Post   Ready   Un-Ready   Failed
07/05/18 00:47:52   ===     ===      ===     ===     ===        ===      ===
07/05/18 00:47:52     6       0        1       0       0          8        0
07/05/18 00:47:52 0 job proc(s) currently held
07/05/18 00:47:57 Currently monitoring 1 Condor log file(s)
07/05/18 00:47:57 Event: ULOG_EXECUTE for Condor Node separate2_ID0000003 (741.0.0)
07/05/18 00:47:57 Number of idle job procs: 0
07/05/18 00:47:57 Event: ULOG_JOB_TERMINATED for Condor Node separate2_ID0000003 (741.0.0)
07/05/18 00:47:57 Number of idle job procs: 0
07/05/18 00:47:57 Node separate2_ID0000003 job proc (741.0.0) completed successfully.
07/05/18 00:47:57 Node separate2_ID0000003 job completed
07/05/18 00:47:57 Running POST script of Node separate2_ID0000003...
07/05/18 00:47:57 Warning: mysin has length 0 (ignore if produced by DAGMan; see gittrac #4987, #5031)
07/05/18 00:47:57 DAG status: 0 (DAG_STATUS_OK)
07/05/18 00:47:57 Of 15 nodes total:
07/05/18 00:47:57  Done     Pre   Queued    Post   Ready   Un-Ready   Failed
07/05/18 00:47:57   ===     ===      ===     ===     ===        ===      ===
07/05/18 00:47:57     6       0        0       1       0          8        0
07/05/18 00:47:57 0 job proc(s) currently held
07/05/18 00:47:58 Initializing user log writer for /home/qh/wranglingWF2/submit/qh/pegasus/wrangling/run0002/./wrangling-0.dag.nodes.log, (741.0.0)
07/05/18 00:48:02 Currently monitoring 1 Condor log file(s)
07/05/18 00:48:02 Event: ULOG_POST_SCRIPT_TERMINATED for Condor Node separate2_ID0000003 (741.0.0)
07/05/18 00:48:02 POST Script of Node separate2_ID0000003 completed successfully.
07/05/18 00:48:02 DAG status: 0 (DAG_STATUS_OK)
07/05/18 00:48:02 Of 15 nodes total:
07/05/18 00:48:02  Done     Pre   Queued    Post   Ready   Un-Ready   Failed
07/05/18 00:48:02   ===     ===      ===     ===     ===        ===      ===
07/05/18 00:48:02     7       0        0       0       1          7        0
07/05/18 00:48:02 0 job proc(s) currently held
07/05/18 00:48:07 Submitting Condor Node separate3_ID0000004 job(s)...
07/05/18 00:48:07 Adding a DAGMan workflow log /home/qh/wranglingWF2/submit/qh/pegasus/wrangling/run0002/./wrangling-0.dag.nodes.log
07/05/18 00:48:07 Masking the events recorded in the DAGMAN workflow log
07/05/18 00:48:07 Mask for workflow log is 0,1,2,4,5,7,9,10,11,12,13,16,17,24,27
07/05/18 00:48:07 submitting: /usr/bin/condor_submit -a dag_node_name' '=' 'separate3_ID0000004 -a +DAGManJobId' '=' '734 -a DAGManJobId' '=' '734 -a submit_event_notes' '=' 'DAG' 'Node:' 'separate3_ID0000004 -a dagman_log' '=' '/home/qh/wranglingWF2/submit/qh/pegasus/wrangling/run0002/./wrangling-0.dag.nodes.log -a +DAGManNodesMask' '=' '"0,1,2,4,5,7,9,10,11,12,13,16,17,24,27" -a +DAGNodeRetry' '=' '0 -a DAG_STATUS' '=' '0 -a FAILED_COUNT' '=' '0 -a +DAGParentNodeNames' '=' '"separate2_ID0000003" -a +KeepClaimIdle' '=' '20 -a notification' '=' 'never 00/00/separate3_ID0000004.sub
07/05/18 00:48:07 From submit: Submitting job(s).
07/05/18 00:48:07 From submit: 1 job(s) submitted to cluster 742.
07/05/18 00:48:07 	assigned Condor ID (742.0.0)
07/05/18 00:48:07 Just submitted 1 job this cycle...
07/05/18 00:48:07 Currently monitoring 1 Condor log file(s)
07/05/18 00:48:07 Reassigning the id of job separate3_ID0000004 from (742.0.0) to (742.0.0)
07/05/18 00:48:07 Event: ULOG_SUBMIT for Condor Node separate3_ID0000004 (742.0.0)
07/05/18 00:48:07 Number of idle job procs: 1
07/05/18 00:48:07 DAG status: 0 (DAG_STATUS_OK)
07/05/18 00:48:07 Of 15 nodes total:
07/05/18 00:48:07  Done     Pre   Queued    Post   Ready   Un-Ready   Failed
07/05/18 00:48:07   ===     ===      ===     ===     ===        ===      ===
07/05/18 00:48:07     7       0        1       0       0          7        0
07/05/18 00:48:07 0 job proc(s) currently held
07/05/18 00:48:12 Currently monitoring 1 Condor log file(s)
07/05/18 00:48:12 Event: ULOG_EXECUTE for Condor Node separate3_ID0000004 (742.0.0)
07/05/18 00:48:12 Number of idle job procs: 0
07/05/18 00:48:12 Event: ULOG_JOB_TERMINATED for Condor Node separate3_ID0000004 (742.0.0)
07/05/18 00:48:12 Number of idle job procs: 0
07/05/18 00:48:12 Node separate3_ID0000004 job proc (742.0.0) completed successfully.
07/05/18 00:48:12 Node separate3_ID0000004 job completed
07/05/18 00:48:12 Running POST script of Node separate3_ID0000004...
07/05/18 00:48:12 Warning: mysin has length 0 (ignore if produced by DAGMan; see gittrac #4987, #5031)
07/05/18 00:48:12 DAG status: 0 (DAG_STATUS_OK)
07/05/18 00:48:12 Of 15 nodes total:
07/05/18 00:48:12  Done     Pre   Queued    Post   Ready   Un-Ready   Failed
07/05/18 00:48:12   ===     ===      ===     ===     ===        ===      ===
07/05/18 00:48:12     7       0        0       1       0          7        0
07/05/18 00:48:12 0 job proc(s) currently held
07/05/18 00:48:12 Initializing user log writer for /home/qh/wranglingWF2/submit/qh/pegasus/wrangling/run0002/./wrangling-0.dag.nodes.log, (742.0.0)
07/05/18 00:48:17 Currently monitoring 1 Condor log file(s)
07/05/18 00:48:17 Event: ULOG_POST_SCRIPT_TERMINATED for Condor Node separate3_ID0000004 (742.0.0)
07/05/18 00:48:17 POST Script of Node separate3_ID0000004 completed successfully.
07/05/18 00:48:17 DAG status: 0 (DAG_STATUS_OK)
07/05/18 00:48:17 Of 15 nodes total:
07/05/18 00:48:17  Done     Pre   Queued    Post   Ready   Un-Ready   Failed
07/05/18 00:48:17   ===     ===      ===     ===     ===        ===      ===
07/05/18 00:48:17     8       0        0       0       1          6        0
07/05/18 00:48:17 0 job proc(s) currently held
07/05/18 00:48:22 Submitting Condor Node defilter_ID0000005 job(s)...
07/05/18 00:48:22 Adding a DAGMan workflow log /home/qh/wranglingWF2/submit/qh/pegasus/wrangling/run0002/./wrangling-0.dag.nodes.log
07/05/18 00:48:22 Masking the events recorded in the DAGMAN workflow log
07/05/18 00:48:22 Mask for workflow log is 0,1,2,4,5,7,9,10,11,12,13,16,17,24,27
07/05/18 00:48:22 submitting: /usr/bin/condor_submit -a dag_node_name' '=' 'defilter_ID0000005 -a +DAGManJobId' '=' '734 -a DAGManJobId' '=' '734 -a submit_event_notes' '=' 'DAG' 'Node:' 'defilter_ID0000005 -a dagman_log' '=' '/home/qh/wranglingWF2/submit/qh/pegasus/wrangling/run0002/./wrangling-0.dag.nodes.log -a +DAGManNodesMask' '=' '"0,1,2,4,5,7,9,10,11,12,13,16,17,24,27" -a +DAGNodeRetry' '=' '0 -a DAG_STATUS' '=' '0 -a FAILED_COUNT' '=' '0 -a +DAGParentNodeNames' '=' '"separate3_ID0000004" -a +KeepClaimIdle' '=' '20 -a notification' '=' 'never 00/00/defilter_ID0000005.sub
07/05/18 00:48:22 From submit: Submitting job(s).
07/05/18 00:48:22 From submit: 1 job(s) submitted to cluster 743.
07/05/18 00:48:22 	assigned Condor ID (743.0.0)
07/05/18 00:48:22 Just submitted 1 job this cycle...
07/05/18 00:48:22 Currently monitoring 1 Condor log file(s)
07/05/18 00:48:22 Reassigning the id of job defilter_ID0000005 from (743.0.0) to (743.0.0)
07/05/18 00:48:22 Event: ULOG_SUBMIT for Condor Node defilter_ID0000005 (743.0.0)
07/05/18 00:48:22 Number of idle job procs: 1
07/05/18 00:48:22 DAG status: 0 (DAG_STATUS_OK)
07/05/18 00:48:22 Of 15 nodes total:
07/05/18 00:48:22  Done     Pre   Queued    Post   Ready   Un-Ready   Failed
07/05/18 00:48:22   ===     ===      ===     ===     ===        ===      ===
07/05/18 00:48:22     8       0        1       0       0          6        0
07/05/18 00:48:22 0 job proc(s) currently held
07/05/18 00:48:27 Currently monitoring 1 Condor log file(s)
07/05/18 00:48:27 Event: ULOG_EXECUTE for Condor Node defilter_ID0000005 (743.0.0)
07/05/18 00:48:27 Number of idle job procs: 0
07/05/18 00:48:27 Event: ULOG_JOB_TERMINATED for Condor Node defilter_ID0000005 (743.0.0)
07/05/18 00:48:27 Number of idle job procs: 0
07/05/18 00:48:27 Node defilter_ID0000005 job proc (743.0.0) completed successfully.
07/05/18 00:48:27 Node defilter_ID0000005 job completed
07/05/18 00:48:27 Running POST script of Node defilter_ID0000005...
07/05/18 00:48:27 Warning: mysin has length 0 (ignore if produced by DAGMan; see gittrac #4987, #5031)
07/05/18 00:48:27 DAG status: 0 (DAG_STATUS_OK)
07/05/18 00:48:27 Of 15 nodes total:
07/05/18 00:48:27  Done     Pre   Queued    Post   Ready   Un-Ready   Failed
07/05/18 00:48:27   ===     ===      ===     ===     ===        ===      ===
07/05/18 00:48:27     8       0        0       1       0          6        0
07/05/18 00:48:27 0 job proc(s) currently held
07/05/18 00:48:27 Initializing user log writer for /home/qh/wranglingWF2/submit/qh/pegasus/wrangling/run0002/./wrangling-0.dag.nodes.log, (743.0.0)
07/05/18 00:48:32 Currently monitoring 1 Condor log file(s)
07/05/18 00:48:32 Event: ULOG_POST_SCRIPT_TERMINATED for Condor Node defilter_ID0000005 (743.0.0)
07/05/18 00:48:32 POST Script of Node defilter_ID0000005 completed successfully.
07/05/18 00:48:32 DAG status: 0 (DAG_STATUS_OK)
07/05/18 00:48:32 Of 15 nodes total:
07/05/18 00:48:32  Done     Pre   Queued    Post   Ready   Un-Ready   Failed
07/05/18 00:48:32   ===     ===      ===     ===     ===        ===      ===
07/05/18 00:48:32     9       0        0       0       1          5        0
07/05/18 00:48:32 0 job proc(s) currently held
07/05/18 00:48:37 Submitting Condor Node summarise_ID0000006 job(s)...
07/05/18 00:48:37 Adding a DAGMan workflow log /home/qh/wranglingWF2/submit/qh/pegasus/wrangling/run0002/./wrangling-0.dag.nodes.log
07/05/18 00:48:37 Masking the events recorded in the DAGMAN workflow log
07/05/18 00:48:37 Mask for workflow log is 0,1,2,4,5,7,9,10,11,12,13,16,17,24,27
07/05/18 00:48:37 submitting: /usr/bin/condor_submit -a dag_node_name' '=' 'summarise_ID0000006 -a +DAGManJobId' '=' '734 -a DAGManJobId' '=' '734 -a submit_event_notes' '=' 'DAG' 'Node:' 'summarise_ID0000006 -a dagman_log' '=' '/home/qh/wranglingWF2/submit/qh/pegasus/wrangling/run0002/./wrangling-0.dag.nodes.log -a +DAGManNodesMask' '=' '"0,1,2,4,5,7,9,10,11,12,13,16,17,24,27" -a +DAGNodeRetry' '=' '0 -a DAG_STATUS' '=' '0 -a FAILED_COUNT' '=' '0 -a +DAGParentNodeNames' '=' '"defilter_ID0000005" -a +KeepClaimIdle' '=' '20 -a notification' '=' 'never 00/00/summarise_ID0000006.sub
07/05/18 00:48:37 From submit: Submitting job(s).
07/05/18 00:48:37 From submit: 1 job(s) submitted to cluster 744.
07/05/18 00:48:37 	assigned Condor ID (744.0.0)
07/05/18 00:48:37 Just submitted 1 job this cycle...
07/05/18 00:48:37 Currently monitoring 1 Condor log file(s)
07/05/18 00:48:37 Reassigning the id of job summarise_ID0000006 from (744.0.0) to (744.0.0)
07/05/18 00:48:37 Event: ULOG_SUBMIT for Condor Node summarise_ID0000006 (744.0.0)
07/05/18 00:48:37 Number of idle job procs: 1
07/05/18 00:48:37 DAG status: 0 (DAG_STATUS_OK)
07/05/18 00:48:37 Of 15 nodes total:
07/05/18 00:48:37  Done     Pre   Queued    Post   Ready   Un-Ready   Failed
07/05/18 00:48:37   ===     ===      ===     ===     ===        ===      ===
07/05/18 00:48:37     9       0        1       0       0          5        0
07/05/18 00:48:37 0 job proc(s) currently held
07/05/18 00:48:42 Currently monitoring 1 Condor log file(s)
07/05/18 00:48:42 Event: ULOG_EXECUTE for Condor Node summarise_ID0000006 (744.0.0)
07/05/18 00:48:42 Number of idle job procs: 0
07/05/18 00:48:42 Event: ULOG_JOB_TERMINATED for Condor Node summarise_ID0000006 (744.0.0)
07/05/18 00:48:42 Number of idle job procs: 0
07/05/18 00:48:42 Node summarise_ID0000006 job proc (744.0.0) completed successfully.
07/05/18 00:48:42 Node summarise_ID0000006 job completed
07/05/18 00:48:42 Running POST script of Node summarise_ID0000006...
07/05/18 00:48:42 Warning: mysin has length 0 (ignore if produced by DAGMan; see gittrac #4987, #5031)
07/05/18 00:48:42 DAG status: 0 (DAG_STATUS_OK)
07/05/18 00:48:42 Of 15 nodes total:
07/05/18 00:48:42  Done     Pre   Queued    Post   Ready   Un-Ready   Failed
07/05/18 00:48:42   ===     ===      ===     ===     ===        ===      ===
07/05/18 00:48:42     9       0        0       1       0          5        0
07/05/18 00:48:42 0 job proc(s) currently held
07/05/18 00:48:43 Initializing user log writer for /home/qh/wranglingWF2/submit/qh/pegasus/wrangling/run0002/./wrangling-0.dag.nodes.log, (744.0.0)
07/05/18 00:48:47 Currently monitoring 1 Condor log file(s)
07/05/18 00:48:47 Event: ULOG_POST_SCRIPT_TERMINATED for Condor Node summarise_ID0000006 (744.0.0)
07/05/18 00:48:47 POST Script of Node summarise_ID0000006 completed successfully.
07/05/18 00:48:47 DAG status: 0 (DAG_STATUS_OK)
07/05/18 00:48:47 Of 15 nodes total:
07/05/18 00:48:47  Done     Pre   Queued    Post   Ready   Un-Ready   Failed
07/05/18 00:48:47   ===     ===      ===     ===     ===        ===      ===
07/05/18 00:48:47    10       0        0       0       1          4        0
07/05/18 00:48:47 0 job proc(s) currently held
07/05/18 00:48:52 Submitting Condor Node filteris_ID0000007 job(s)...
07/05/18 00:48:52 Adding a DAGMan workflow log /home/qh/wranglingWF2/submit/qh/pegasus/wrangling/run0002/./wrangling-0.dag.nodes.log
07/05/18 00:48:52 Masking the events recorded in the DAGMAN workflow log
07/05/18 00:48:52 Mask for workflow log is 0,1,2,4,5,7,9,10,11,12,13,16,17,24,27
07/05/18 00:48:52 submitting: /usr/bin/condor_submit -a dag_node_name' '=' 'filteris_ID0000007 -a +DAGManJobId' '=' '734 -a DAGManJobId' '=' '734 -a submit_event_notes' '=' 'DAG' 'Node:' 'filteris_ID0000007 -a dagman_log' '=' '/home/qh/wranglingWF2/submit/qh/pegasus/wrangling/run0002/./wrangling-0.dag.nodes.log -a +DAGManNodesMask' '=' '"0,1,2,4,5,7,9,10,11,12,13,16,17,24,27" -a +DAGNodeRetry' '=' '0 -a DAG_STATUS' '=' '0 -a FAILED_COUNT' '=' '0 -a +DAGParentNodeNames' '=' '"summarise_ID0000006" -a +KeepClaimIdle' '=' '20 -a notification' '=' 'never 00/00/filteris_ID0000007.sub
07/05/18 00:48:52 From submit: Submitting job(s).
07/05/18 00:48:52 From submit: 1 job(s) submitted to cluster 745.
07/05/18 00:48:52 	assigned Condor ID (745.0.0)
07/05/18 00:48:52 Just submitted 1 job this cycle...
07/05/18 00:48:52 Currently monitoring 1 Condor log file(s)
07/05/18 00:48:52 Reassigning the id of job filteris_ID0000007 from (745.0.0) to (745.0.0)
07/05/18 00:48:52 Event: ULOG_SUBMIT for Condor Node filteris_ID0000007 (745.0.0)
07/05/18 00:48:52 Number of idle job procs: 1
07/05/18 00:48:52 DAG status: 0 (DAG_STATUS_OK)
07/05/18 00:48:52 Of 15 nodes total:
07/05/18 00:48:52  Done     Pre   Queued    Post   Ready   Un-Ready   Failed
07/05/18 00:48:52   ===     ===      ===     ===     ===        ===      ===
07/05/18 00:48:52    10       0        1       0       0          4        0
07/05/18 00:48:52 0 job proc(s) currently held
07/05/18 00:48:57 Currently monitoring 1 Condor log file(s)
07/05/18 00:48:57 Event: ULOG_EXECUTE for Condor Node filteris_ID0000007 (745.0.0)
07/05/18 00:48:57 Number of idle job procs: 0
07/05/18 00:48:57 Event: ULOG_JOB_TERMINATED for Condor Node filteris_ID0000007 (745.0.0)
07/05/18 00:48:57 Number of idle job procs: 0
07/05/18 00:48:57 Node filteris_ID0000007 job proc (745.0.0) completed successfully.
07/05/18 00:48:57 Node filteris_ID0000007 job completed
07/05/18 00:48:57 Running POST script of Node filteris_ID0000007...
07/05/18 00:48:57 Warning: mysin has length 0 (ignore if produced by DAGMan; see gittrac #4987, #5031)
07/05/18 00:48:57 DAG status: 0 (DAG_STATUS_OK)
07/05/18 00:48:57 Of 15 nodes total:
07/05/18 00:48:57  Done     Pre   Queued    Post   Ready   Un-Ready   Failed
07/05/18 00:48:57   ===     ===      ===     ===     ===        ===      ===
07/05/18 00:48:57    10       0        0       1       0          4        0
07/05/18 00:48:57 0 job proc(s) currently held
07/05/18 00:48:57 Initializing user log writer for /home/qh/wranglingWF2/submit/qh/pegasus/wrangling/run0002/./wrangling-0.dag.nodes.log, (745.0.0)
07/05/18 00:49:02 Currently monitoring 1 Condor log file(s)
07/05/18 00:49:02 Event: ULOG_POST_SCRIPT_TERMINATED for Condor Node filteris_ID0000007 (745.0.0)
07/05/18 00:49:02 POST Script of Node filteris_ID0000007 completed successfully.
07/05/18 00:49:02 DAG status: 0 (DAG_STATUS_OK)
07/05/18 00:49:02 Of 15 nodes total:
07/05/18 00:49:02  Done     Pre   Queued    Post   Ready   Un-Ready   Failed
07/05/18 00:49:02   ===     ===      ===     ===     ===        ===      ===
07/05/18 00:49:02    11       0        0       0       1          3        0
07/05/18 00:49:02 0 job proc(s) currently held
07/05/18 00:49:07 Submitting Condor Node summarise2_ID0000008 job(s)...
07/05/18 00:49:07 Adding a DAGMan workflow log /home/qh/wranglingWF2/submit/qh/pegasus/wrangling/run0002/./wrangling-0.dag.nodes.log
07/05/18 00:49:07 Masking the events recorded in the DAGMAN workflow log
07/05/18 00:49:07 Mask for workflow log is 0,1,2,4,5,7,9,10,11,12,13,16,17,24,27
07/05/18 00:49:07 submitting: /usr/bin/condor_submit -a dag_node_name' '=' 'summarise2_ID0000008 -a +DAGManJobId' '=' '734 -a DAGManJobId' '=' '734 -a submit_event_notes' '=' 'DAG' 'Node:' 'summarise2_ID0000008 -a dagman_log' '=' '/home/qh/wranglingWF2/submit/qh/pegasus/wrangling/run0002/./wrangling-0.dag.nodes.log -a +DAGManNodesMask' '=' '"0,1,2,4,5,7,9,10,11,12,13,16,17,24,27" -a +DAGNodeRetry' '=' '0 -a DAG_STATUS' '=' '0 -a FAILED_COUNT' '=' '0 -a +DAGParentNodeNames' '=' '"filteris_ID0000007" -a +KeepClaimIdle' '=' '20 -a notification' '=' 'never 00/00/summarise2_ID0000008.sub
07/05/18 00:49:07 From submit: Submitting job(s).
07/05/18 00:49:07 From submit: 1 job(s) submitted to cluster 746.
07/05/18 00:49:07 	assigned Condor ID (746.0.0)
07/05/18 00:49:07 Just submitted 1 job this cycle...
07/05/18 00:49:07 Currently monitoring 1 Condor log file(s)
07/05/18 00:49:07 Reassigning the id of job summarise2_ID0000008 from (746.0.0) to (746.0.0)
07/05/18 00:49:07 Event: ULOG_SUBMIT for Condor Node summarise2_ID0000008 (746.0.0)
07/05/18 00:49:07 Number of idle job procs: 1
07/05/18 00:49:07 DAG status: 0 (DAG_STATUS_OK)
07/05/18 00:49:07 Of 15 nodes total:
07/05/18 00:49:07  Done     Pre   Queued    Post   Ready   Un-Ready   Failed
07/05/18 00:49:07   ===     ===      ===     ===     ===        ===      ===
07/05/18 00:49:07    11       0        1       0       0          3        0
07/05/18 00:49:07 0 job proc(s) currently held
07/05/18 00:49:12 Currently monitoring 1 Condor log file(s)
07/05/18 00:49:12 Event: ULOG_EXECUTE for Condor Node summarise2_ID0000008 (746.0.0)
07/05/18 00:49:12 Number of idle job procs: 0
07/05/18 00:49:12 Event: ULOG_JOB_TERMINATED for Condor Node summarise2_ID0000008 (746.0.0)
07/05/18 00:49:12 Number of idle job procs: 0
07/05/18 00:49:12 Node summarise2_ID0000008 job proc (746.0.0) completed successfully.
07/05/18 00:49:12 Node summarise2_ID0000008 job completed
07/05/18 00:49:12 Running POST script of Node summarise2_ID0000008...
07/05/18 00:49:12 Warning: mysin has length 0 (ignore if produced by DAGMan; see gittrac #4987, #5031)
07/05/18 00:49:12 DAG status: 0 (DAG_STATUS_OK)
07/05/18 00:49:12 Of 15 nodes total:
07/05/18 00:49:12  Done     Pre   Queued    Post   Ready   Un-Ready   Failed
07/05/18 00:49:12   ===     ===      ===     ===     ===        ===      ===
07/05/18 00:49:12    11       0        0       1       0          3        0
07/05/18 00:49:12 0 job proc(s) currently held
07/05/18 00:49:12 Initializing user log writer for /home/qh/wranglingWF2/submit/qh/pegasus/wrangling/run0002/./wrangling-0.dag.nodes.log, (746.0.0)
07/05/18 00:49:17 Currently monitoring 1 Condor log file(s)
07/05/18 00:49:17 Event: ULOG_POST_SCRIPT_TERMINATED for Condor Node summarise2_ID0000008 (746.0.0)
07/05/18 00:49:17 POST Script of Node summarise2_ID0000008 completed successfully.
07/05/18 00:49:17 DAG status: 0 (DAG_STATUS_OK)
07/05/18 00:49:17 Of 15 nodes total:
07/05/18 00:49:17  Done     Pre   Queued    Post   Ready   Un-Ready   Failed
07/05/18 00:49:17   ===     ===      ===     ===     ===        ===      ===
07/05/18 00:49:17    12       0        0       0       1          2        0
07/05/18 00:49:17 0 job proc(s) currently held
07/05/18 00:49:22 Submitting Condor Node line_ID0000009 job(s)...
07/05/18 00:49:22 Adding a DAGMan workflow log /home/qh/wranglingWF2/submit/qh/pegasus/wrangling/run0002/./wrangling-0.dag.nodes.log
07/05/18 00:49:22 Masking the events recorded in the DAGMAN workflow log
07/05/18 00:49:22 Mask for workflow log is 0,1,2,4,5,7,9,10,11,12,13,16,17,24,27
07/05/18 00:49:22 submitting: /usr/bin/condor_submit -a dag_node_name' '=' 'line_ID0000009 -a +DAGManJobId' '=' '734 -a DAGManJobId' '=' '734 -a submit_event_notes' '=' 'DAG' 'Node:' 'line_ID0000009 -a dagman_log' '=' '/home/qh/wranglingWF2/submit/qh/pegasus/wrangling/run0002/./wrangling-0.dag.nodes.log -a +DAGManNodesMask' '=' '"0,1,2,4,5,7,9,10,11,12,13,16,17,24,27" -a +DAGNodeRetry' '=' '0 -a DAG_STATUS' '=' '0 -a FAILED_COUNT' '=' '0 -a +DAGParentNodeNames' '=' '"summarise2_ID0000008" -a +KeepClaimIdle' '=' '20 -a notification' '=' 'never 00/00/line_ID0000009.sub
07/05/18 00:49:22 From submit: Submitting job(s).
07/05/18 00:49:22 From submit: 1 job(s) submitted to cluster 747.
07/05/18 00:49:22 	assigned Condor ID (747.0.0)
07/05/18 00:49:22 Just submitted 1 job this cycle...
07/05/18 00:49:22 Currently monitoring 1 Condor log file(s)
07/05/18 00:49:22 Reassigning the id of job line_ID0000009 from (747.0.0) to (747.0.0)
07/05/18 00:49:22 Event: ULOG_SUBMIT for Condor Node line_ID0000009 (747.0.0)
07/05/18 00:49:22 Number of idle job procs: 1
07/05/18 00:49:22 DAG status: 0 (DAG_STATUS_OK)
07/05/18 00:49:22 Of 15 nodes total:
07/05/18 00:49:22  Done     Pre   Queued    Post   Ready   Un-Ready   Failed
07/05/18 00:49:22   ===     ===      ===     ===     ===        ===      ===
07/05/18 00:49:22    12       0        1       0       0          2        0
07/05/18 00:49:22 0 job proc(s) currently held
07/05/18 00:49:27 Currently monitoring 1 Condor log file(s)
07/05/18 00:49:27 Event: ULOG_EXECUTE for Condor Node line_ID0000009 (747.0.0)
07/05/18 00:49:27 Number of idle job procs: 0
07/05/18 00:49:27 Event: ULOG_JOB_TERMINATED for Condor Node line_ID0000009 (747.0.0)
07/05/18 00:49:27 Number of idle job procs: 0
07/05/18 00:49:27 Node line_ID0000009 job proc (747.0.0) completed successfully.
07/05/18 00:49:27 Node line_ID0000009 job completed
07/05/18 00:49:27 Running POST script of Node line_ID0000009...
07/05/18 00:49:27 Warning: mysin has length 0 (ignore if produced by DAGMan; see gittrac #4987, #5031)
07/05/18 00:49:27 DAG status: 0 (DAG_STATUS_OK)
07/05/18 00:49:27 Of 15 nodes total:
07/05/18 00:49:27  Done     Pre   Queued    Post   Ready   Un-Ready   Failed
07/05/18 00:49:27   ===     ===      ===     ===     ===        ===      ===
07/05/18 00:49:27    12       0        0       1       0          2        0
07/05/18 00:49:27 0 job proc(s) currently held
07/05/18 00:49:27 Initializing user log writer for /home/qh/wranglingWF2/submit/qh/pegasus/wrangling/run0002/./wrangling-0.dag.nodes.log, (747.0.0)
07/05/18 00:49:32 Currently monitoring 1 Condor log file(s)
07/05/18 00:49:32 Event: ULOG_POST_SCRIPT_TERMINATED for Condor Node line_ID0000009 (747.0.0)
07/05/18 00:49:32 POST Script of Node line_ID0000009 completed successfully.
07/05/18 00:49:32 DAG status: 0 (DAG_STATUS_OK)
07/05/18 00:49:32 Of 15 nodes total:
07/05/18 00:49:32  Done     Pre   Queued    Post   Ready   Un-Ready   Failed
07/05/18 00:49:32   ===     ===      ===     ===     ===        ===      ===
07/05/18 00:49:32    13       0        0       0       1          1        0
07/05/18 00:49:32 0 job proc(s) currently held
07/05/18 00:49:37 Submitting Condor Node stage_out_local_local_9_0 job(s)...
07/05/18 00:49:37 Adding a DAGMan workflow log /home/qh/wranglingWF2/submit/qh/pegasus/wrangling/run0002/./wrangling-0.dag.nodes.log
07/05/18 00:49:37 Masking the events recorded in the DAGMAN workflow log
07/05/18 00:49:37 Mask for workflow log is 0,1,2,4,5,7,9,10,11,12,13,16,17,24,27
07/05/18 00:49:37 submitting: /usr/bin/condor_submit -a dag_node_name' '=' 'stage_out_local_local_9_0 -a +DAGManJobId' '=' '734 -a DAGManJobId' '=' '734 -a submit_event_notes' '=' 'DAG' 'Node:' 'stage_out_local_local_9_0 -a dagman_log' '=' '/home/qh/wranglingWF2/submit/qh/pegasus/wrangling/run0002/./wrangling-0.dag.nodes.log -a +DAGManNodesMask' '=' '"0,1,2,4,5,7,9,10,11,12,13,16,17,24,27" -a +DAGNodeRetry' '=' '0 -a DAG_STATUS' '=' '0 -a FAILED_COUNT' '=' '0 -a +DAGParentNodeNames' '=' '"line_ID0000009" -a +KeepClaimIdle' '=' '20 -a notification' '=' 'never 00/00/stage_out_local_local_9_0.sub
07/05/18 00:49:37 From submit: Submitting job(s).
07/05/18 00:49:37 From submit: 1 job(s) submitted to cluster 748.
07/05/18 00:49:37 	assigned Condor ID (748.0.0)
07/05/18 00:49:37 Just submitted 1 job this cycle...
07/05/18 00:49:37 Currently monitoring 1 Condor log file(s)
07/05/18 00:49:37 Reassigning the id of job stage_out_local_local_9_0 from (748.0.0) to (748.0.0)
07/05/18 00:49:37 Event: ULOG_SUBMIT for Condor Node stage_out_local_local_9_0 (748.0.0)
07/05/18 00:49:37 Number of idle job procs: 1
07/05/18 00:49:37 DAG status: 0 (DAG_STATUS_OK)
07/05/18 00:49:37 Of 15 nodes total:
07/05/18 00:49:37  Done     Pre   Queued    Post   Ready   Un-Ready   Failed
07/05/18 00:49:37   ===     ===      ===     ===     ===        ===      ===
07/05/18 00:49:37    13       0        1       0       0          1        0
07/05/18 00:49:37 0 job proc(s) currently held
07/05/18 00:49:42 Currently monitoring 1 Condor log file(s)
07/05/18 00:49:42 Event: ULOG_EXECUTE for Condor Node stage_out_local_local_9_0 (748.0.0)
07/05/18 00:49:42 Number of idle job procs: 0
07/05/18 00:49:42 Event: ULOG_JOB_TERMINATED for Condor Node stage_out_local_local_9_0 (748.0.0)
07/05/18 00:49:42 Number of idle job procs: 0
07/05/18 00:49:42 Node stage_out_local_local_9_0 job proc (748.0.0) completed successfully.
07/05/18 00:49:42 Node stage_out_local_local_9_0 job completed
07/05/18 00:49:42 Running POST script of Node stage_out_local_local_9_0...
07/05/18 00:49:42 Warning: mysin has length 0 (ignore if produced by DAGMan; see gittrac #4987, #5031)
07/05/18 00:49:42 DAG status: 0 (DAG_STATUS_OK)
07/05/18 00:49:42 Of 15 nodes total:
07/05/18 00:49:42  Done     Pre   Queued    Post   Ready   Un-Ready   Failed
07/05/18 00:49:42   ===     ===      ===     ===     ===        ===      ===
07/05/18 00:49:42    13       0        0       1       0          1        0
07/05/18 00:49:42 0 job proc(s) currently held
07/05/18 00:49:42 Initializing user log writer for /home/qh/wranglingWF2/submit/qh/pegasus/wrangling/run0002/./wrangling-0.dag.nodes.log, (748.0.0)
07/05/18 00:49:47 Currently monitoring 1 Condor log file(s)
07/05/18 00:49:47 Event: ULOG_POST_SCRIPT_TERMINATED for Condor Node stage_out_local_local_9_0 (748.0.0)
07/05/18 00:49:47 POST Script of Node stage_out_local_local_9_0 completed successfully.
07/05/18 00:49:47 DAG status: 0 (DAG_STATUS_OK)
07/05/18 00:49:47 Of 15 nodes total:
07/05/18 00:49:47  Done     Pre   Queued    Post   Ready   Un-Ready   Failed
07/05/18 00:49:47   ===     ===      ===     ===     ===        ===      ===
07/05/18 00:49:47    14       0        0       0       1          0        0
07/05/18 00:49:47 0 job proc(s) currently held
07/05/18 00:49:53 Submitting Condor Node cleanup_wrangling_0_local job(s)...
07/05/18 00:49:53 Adding a DAGMan workflow log /home/qh/wranglingWF2/submit/qh/pegasus/wrangling/run0002/./wrangling-0.dag.nodes.log
07/05/18 00:49:53 Masking the events recorded in the DAGMAN workflow log
07/05/18 00:49:53 Mask for workflow log is 0,1,2,4,5,7,9,10,11,12,13,16,17,24,27
07/05/18 00:49:53 submitting: /usr/bin/condor_submit -a dag_node_name' '=' 'cleanup_wrangling_0_local -a +DAGManJobId' '=' '734 -a DAGManJobId' '=' '734 -a submit_event_notes' '=' 'DAG' 'Node:' 'cleanup_wrangling_0_local -a dagman_log' '=' '/home/qh/wranglingWF2/submit/qh/pegasus/wrangling/run0002/./wrangling-0.dag.nodes.log -a +DAGManNodesMask' '=' '"0,1,2,4,5,7,9,10,11,12,13,16,17,24,27" -a +DAGNodeRetry' '=' '0 -a DAG_STATUS' '=' '0 -a FAILED_COUNT' '=' '0 -a +DAGParentNodeNames' '=' '"stage_out_local_local_0_0,stage_out_local_local_9_0" -a notification' '=' 'never 00/00/cleanup_wrangling_0_local.sub
07/05/18 00:49:53 From submit: Submitting job(s).
07/05/18 00:49:53 From submit: 1 job(s) submitted to cluster 749.
07/05/18 00:49:53 	assigned Condor ID (749.0.0)
07/05/18 00:49:53 Just submitted 1 job this cycle...
07/05/18 00:49:53 Currently monitoring 1 Condor log file(s)
07/05/18 00:49:53 Reassigning the id of job cleanup_wrangling_0_local from (749.0.0) to (749.0.0)
07/05/18 00:49:53 Event: ULOG_SUBMIT for Condor Node cleanup_wrangling_0_local (749.0.0)
07/05/18 00:49:53 Number of idle job procs: 1
07/05/18 00:49:53 DAG status: 0 (DAG_STATUS_OK)
07/05/18 00:49:53 Of 15 nodes total:
07/05/18 00:49:53  Done     Pre   Queued    Post   Ready   Un-Ready   Failed
07/05/18 00:49:53   ===     ===      ===     ===     ===        ===      ===
07/05/18 00:49:53    14       0        1       0       0          0        0
07/05/18 00:49:53 0 job proc(s) currently held
07/05/18 00:49:58 Currently monitoring 1 Condor log file(s)
07/05/18 00:49:58 Event: ULOG_EXECUTE for Condor Node cleanup_wrangling_0_local (749.0.0)
07/05/18 00:49:58 Number of idle job procs: 0
07/05/18 00:49:58 Event: ULOG_JOB_TERMINATED for Condor Node cleanup_wrangling_0_local (749.0.0)
07/05/18 00:49:58 Number of idle job procs: 0
07/05/18 00:49:58 Node cleanup_wrangling_0_local job proc (749.0.0) completed successfully.
07/05/18 00:49:58 Node cleanup_wrangling_0_local job completed
07/05/18 00:49:58 DAG status: 0 (DAG_STATUS_OK)
07/05/18 00:49:58 Of 15 nodes total:
07/05/18 00:49:58  Done     Pre   Queued    Post   Ready   Un-Ready   Failed
07/05/18 00:49:58   ===     ===      ===     ===     ===        ===      ===
07/05/18 00:49:58    15       0        0       0       0          0        0
07/05/18 00:49:58 0 job proc(s) currently held
07/05/18 00:49:58 All jobs Completed!
07/05/18 00:49:58 Note: 0 total job deferrals because of -MaxJobs limit (0)
07/05/18 00:49:58 Note: 0 total job deferrals because of -MaxIdle limit (1000)
07/05/18 00:49:58 Note: 0 total job deferrals because of node category throttles
07/05/18 00:49:58 Note: 0 total PRE script deferrals because of -MaxPre limit (20) or DEFER
07/05/18 00:49:58 Note: 0 total POST script deferrals because of -MaxPost limit (20) or DEFER
07/05/18 00:49:58 DAG status: 0 (DAG_STATUS_OK)
07/05/18 00:49:58 Of 15 nodes total:
07/05/18 00:49:58  Done     Pre   Queued    Post   Ready   Un-Ready   Failed
07/05/18 00:49:58   ===     ===      ===     ===     ===        ===      ===
07/05/18 00:49:58    15       0        0       0       0          0        0
07/05/18 00:49:58 0 job proc(s) currently held
07/05/18 00:49:58 Wrote metrics file wrangling-0.dag.metrics.
07/05/18 00:49:58 Reporting metrics to Pegasus metrics server(s); output is in wrangling-0.dag.metrics.out.
07/05/18 00:49:58 Running command </usr/lib/condor/libexec/condor_dagman_metrics_reporter -f wrangling-0.dag.metrics -t 100>
07/05/18 00:49:58 Warning: mysin has length 0 (ignore if produced by DAGMan; see gittrac #4987, #5031)
07/05/18 00:49:58 **** condor_scheduniv_exec.734.0 (condor_DAGMAN) pid 12641 EXITING WITH STATUS 0
